[0.225s] DEBUG:colcon:Command line arguments: ['/usr/bin/colcon', 'build']
[0.225s] DEBUG:colcon:Parsed command line arguments: Namespace(log_base=None, log_level=None, verb_name='build', build_base='build', install_base='install', merge_install=False, symlink_install=False, test_result_base=None, continue_on_error=False, executor='parallel', parallel_workers=12, event_handlers=None, ignore_user_meta=False, metas=['./colcon.meta'], base_paths=['.'], packages_ignore=None, packages_ignore_regex=None, paths=None, packages_up_to=None, packages_up_to_regex=None, packages_above=None, packages_above_and_dependencies=None, packages_above_depth=None, packages_select_by_dep=None, packages_skip_by_dep=None, packages_skip_up_to=None, packages_select_build_failed=False, packages_skip_build_finished=False, packages_select_test_failures=False, packages_skip_test_passed=False, packages_select=None, packages_skip=None, packages_select_regex=None, packages_skip_regex=None, packages_start=None, packages_end=None, allow_overriding=[], cmake_args=None, cmake_target=None, cmake_target_skip_unavailable=False, cmake_clean_cache=False, cmake_clean_first=False, cmake_force_configure=False, ament_cmake_args=None, catkin_cmake_args=None, catkin_skip_building_tests=False, mixin_files=None, mixin=None, verb_parser=<colcon_mixin.mixin.mixin_argument.MixinArgumentDecorator object at 0x7e95b0142080>, verb_extension=<colcon_core.verb.build.BuildVerb object at 0x7e95b01419f0>, main=<bound method BuildVerb.main of <colcon_core.verb.build.BuildVerb object at 0x7e95b01419f0>>, mixin_verb=('build',))
[0.358s] Level 1:colcon.colcon_core.package_discovery:discover_packages(colcon_meta) check parameters
[0.358s] Level 1:colcon.colcon_core.package_discovery:discover_packages(recursive) check parameters
[0.358s] Level 1:colcon.colcon_core.package_discovery:discover_packages(ignore) check parameters
[0.358s] Level 1:colcon.colcon_core.package_discovery:discover_packages(path) check parameters
[0.358s] Level 1:colcon.colcon_core.package_discovery:discover_packages(colcon_meta) discover
[0.358s] Level 1:colcon.colcon_core.package_discovery:discover_packages(recursive) discover
[0.358s] INFO:colcon.colcon_core.package_discovery:Crawling recursively for packages in '/home/inlab22/Documents/automated_planogram_compliance/simulations/ws_sensor_combined'
[0.358s] Level 1:colcon.colcon_core.package_identification:_identify(.) by extensions ['ignore', 'ignore_ament_install']
[0.359s] Level 1:colcon.colcon_core.package_identification:_identify(.) by extension 'ignore'
[0.359s] Level 1:colcon.colcon_core.package_identification:_identify(.) by extension 'ignore_ament_install'
[0.359s] Level 1:colcon.colcon_core.package_identification:_identify(.) by extensions ['colcon_pkg']
[0.359s] Level 1:colcon.colcon_core.package_identification:_identify(.) by extension 'colcon_pkg'
[0.359s] Level 1:colcon.colcon_core.package_identification:_identify(.) by extensions ['colcon_meta']
[0.359s] Level 1:colcon.colcon_core.package_identification:_identify(.) by extension 'colcon_meta'
[0.359s] Level 1:colcon.colcon_core.package_identification:_identify(.) by extensions ['ros']
[0.359s] Level 1:colcon.colcon_core.package_identification:_identify(.) by extension 'ros'
[0.368s] Level 1:colcon.colcon_core.package_identification:_identify(.) by extensions ['cmake', 'python']
[0.368s] Level 1:colcon.colcon_core.package_identification:_identify(.) by extension 'cmake'
[0.368s] Level 1:colcon.colcon_core.package_identification:_identify(.) by extension 'python'
[0.368s] Level 1:colcon.colcon_core.package_identification:_identify(.) by extensions ['python_setup_py']
[0.368s] Level 1:colcon.colcon_core.package_identification:_identify(.) by extension 'python_setup_py'
[0.368s] Level 1:colcon.colcon_core.package_identification:_identify(build) by extensions ['ignore', 'ignore_ament_install']
[0.368s] Level 1:colcon.colcon_core.package_identification:_identify(build) by extension 'ignore'
[0.368s] Level 1:colcon.colcon_core.package_identification:_identify(build) ignored
[0.368s] Level 1:colcon.colcon_core.package_identification:_identify(install) by extensions ['ignore', 'ignore_ament_install']
[0.368s] Level 1:colcon.colcon_core.package_identification:_identify(install) by extension 'ignore'
[0.368s] Level 1:colcon.colcon_core.package_identification:_identify(install) ignored
[0.368s] Level 1:colcon.colcon_core.package_identification:_identify(log) by extensions ['ignore', 'ignore_ament_install']
[0.368s] Level 1:colcon.colcon_core.package_identification:_identify(log) by extension 'ignore'
[0.368s] Level 1:colcon.colcon_core.package_identification:_identify(log) ignored
[0.368s] Level 1:colcon.colcon_core.package_identification:_identify(src) by extensions ['ignore', 'ignore_ament_install']
[0.369s] Level 1:colcon.colcon_core.package_identification:_identify(src) by extension 'ignore'
[0.369s] Level 1:colcon.colcon_core.package_identification:_identify(src) by extension 'ignore_ament_install'
[0.369s] Level 1:colcon.colcon_core.package_identification:_identify(src) by extensions ['colcon_pkg']
[0.369s] Level 1:colcon.colcon_core.package_identification:_identify(src) by extension 'colcon_pkg'
[0.369s] Level 1:colcon.colcon_core.package_identification:_identify(src) by extensions ['colcon_meta']
[0.369s] Level 1:colcon.colcon_core.package_identification:_identify(src) by extension 'colcon_meta'
[0.369s] Level 1:colcon.colcon_core.package_identification:_identify(src) by extensions ['ros']
[0.369s] Level 1:colcon.colcon_core.package_identification:_identify(src) by extension 'ros'
[0.369s] Level 1:colcon.colcon_core.package_identification:_identify(src) by extensions ['cmake', 'python']
[0.369s] Level 1:colcon.colcon_core.package_identification:_identify(src) by extension 'cmake'
[0.369s] Level 1:colcon.colcon_core.package_identification:_identify(src) by extension 'python'
[0.369s] Level 1:colcon.colcon_core.package_identification:_identify(src) by extensions ['python_setup_py']
[0.369s] Level 1:colcon.colcon_core.package_identification:_identify(src) by extension 'python_setup_py'
[0.369s] Level 1:colcon.colcon_core.package_identification:_identify(src/px4_msgs) by extensions ['ignore', 'ignore_ament_install']
[0.369s] Level 1:colcon.colcon_core.package_identification:_identify(src/px4_msgs) by extension 'ignore'
[0.369s] Level 1:colcon.colcon_core.package_identification:_identify(src/px4_msgs) by extension 'ignore_ament_install'
[0.369s] Level 1:colcon.colcon_core.package_identification:_identify(src/px4_msgs) by extensions ['colcon_pkg']
[0.369s] Level 1:colcon.colcon_core.package_identification:_identify(src/px4_msgs) by extension 'colcon_pkg'
[0.369s] Level 1:colcon.colcon_core.package_identification:_identify(src/px4_msgs) by extensions ['colcon_meta']
[0.369s] Level 1:colcon.colcon_core.package_identification:_identify(src/px4_msgs) by extension 'colcon_meta'
[0.369s] Level 1:colcon.colcon_core.package_identification:_identify(src/px4_msgs) by extensions ['ros']
[0.369s] Level 1:colcon.colcon_core.package_identification:_identify(src/px4_msgs) by extension 'ros'
[0.371s] DEBUG:colcon.colcon_core.package_identification:Package 'src/px4_msgs' with type 'ros.ament_cmake' and name 'px4_msgs'
[0.371s] Level 1:colcon.colcon_core.package_identification:_identify(src/px4_ros_com) by extensions ['ignore', 'ignore_ament_install']
[0.371s] Level 1:colcon.colcon_core.package_identification:_identify(src/px4_ros_com) by extension 'ignore'
[0.372s] Level 1:colcon.colcon_core.package_identification:_identify(src/px4_ros_com) by extension 'ignore_ament_install'
[0.372s] Level 1:colcon.colcon_core.package_identification:_identify(src/px4_ros_com) by extensions ['colcon_pkg']
[0.372s] Level 1:colcon.colcon_core.package_identification:_identify(src/px4_ros_com) by extension 'colcon_pkg'
[0.372s] Level 1:colcon.colcon_core.package_identification:_identify(src/px4_ros_com) by extensions ['colcon_meta']
[0.372s] Level 1:colcon.colcon_core.package_identification:_identify(src/px4_ros_com) by extension 'colcon_meta'
[0.372s] Level 1:colcon.colcon_core.package_identification:_identify(src/px4_ros_com) by extensions ['ros']
[0.372s] Level 1:colcon.colcon_core.package_identification:_identify(src/px4_ros_com) by extension 'ros'
[0.373s] DEBUG:colcon.colcon_core.package_identification:Package 'src/px4_ros_com' with type 'ros.ament_cmake' and name 'px4_ros_com'
[0.373s] Level 1:colcon.colcon_core.package_discovery:discover_packages(recursive) using defaults
[0.373s] Level 1:colcon.colcon_core.package_discovery:discover_packages(ignore) discover
[0.373s] Level 1:colcon.colcon_core.package_discovery:discover_packages(ignore) using defaults
[0.373s] Level 1:colcon.colcon_core.package_discovery:discover_packages(path) discover
[0.373s] Level 1:colcon.colcon_core.package_discovery:discover_packages(path) using defaults
[0.388s] Level 1:colcon.colcon_core.package_discovery:discover_packages(prefix_path) check parameters
[0.388s] Level 1:colcon.colcon_core.package_discovery:discover_packages(prefix_path) discover
[0.390s] DEBUG:colcon.colcon_installed_package_information.package_discovery:Found 284 installed packages in /opt/ros/humble
[0.399s] Level 1:colcon.colcon_core.package_discovery:discover_packages(prefix_path) using defaults
[0.429s] Level 5:colcon.colcon_core.verb:set package 'px4_msgs' build argument 'cmake_args' from command line to 'None'
[0.430s] Level 5:colcon.colcon_core.verb:set package 'px4_msgs' build argument 'cmake_target' from command line to 'None'
[0.430s] Level 5:colcon.colcon_core.verb:set package 'px4_msgs' build argument 'cmake_target_skip_unavailable' from command line to 'False'
[0.430s] Level 5:colcon.colcon_core.verb:set package 'px4_msgs' build argument 'cmake_clean_cache' from command line to 'False'
[0.430s] Level 5:colcon.colcon_core.verb:set package 'px4_msgs' build argument 'cmake_clean_first' from command line to 'False'
[0.430s] Level 5:colcon.colcon_core.verb:set package 'px4_msgs' build argument 'cmake_force_configure' from command line to 'False'
[0.430s] Level 5:colcon.colcon_core.verb:set package 'px4_msgs' build argument 'ament_cmake_args' from command line to 'None'
[0.430s] Level 5:colcon.colcon_core.verb:set package 'px4_msgs' build argument 'catkin_cmake_args' from command line to 'None'
[0.430s] Level 5:colcon.colcon_core.verb:set package 'px4_msgs' build argument 'catkin_skip_building_tests' from command line to 'False'
[0.430s] DEBUG:colcon.colcon_core.verb:Building package 'px4_msgs' with the following arguments: {'ament_cmake_args': None, 'build_base': '/home/inlab22/Documents/automated_planogram_compliance/simulations/ws_sensor_combined/build/px4_msgs', 'catkin_cmake_args': None, 'catkin_skip_building_tests': False, 'cmake_args': None, 'cmake_clean_cache': False, 'cmake_clean_first': False, 'cmake_force_configure': False, 'cmake_target': None, 'cmake_target_skip_unavailable': False, 'install_base': '/home/inlab22/Documents/automated_planogram_compliance/simulations/ws_sensor_combined/install/px4_msgs', 'merge_install': False, 'path': '/home/inlab22/Documents/automated_planogram_compliance/simulations/ws_sensor_combined/src/px4_msgs', 'symlink_install': False, 'test_result_base': None}
[0.430s] Level 5:colcon.colcon_core.verb:set package 'px4_ros_com' build argument 'cmake_args' from command line to 'None'
[0.430s] Level 5:colcon.colcon_core.verb:set package 'px4_ros_com' build argument 'cmake_target' from command line to 'None'
[0.430s] Level 5:colcon.colcon_core.verb:set package 'px4_ros_com' build argument 'cmake_target_skip_unavailable' from command line to 'False'
[0.430s] Level 5:colcon.colcon_core.verb:set package 'px4_ros_com' build argument 'cmake_clean_cache' from command line to 'False'
[0.430s] Level 5:colcon.colcon_core.verb:set package 'px4_ros_com' build argument 'cmake_clean_first' from command line to 'False'
[0.430s] Level 5:colcon.colcon_core.verb:set package 'px4_ros_com' build argument 'cmake_force_configure' from command line to 'False'
[0.430s] Level 5:colcon.colcon_core.verb:set package 'px4_ros_com' build argument 'ament_cmake_args' from command line to 'None'
[0.430s] Level 5:colcon.colcon_core.verb:set package 'px4_ros_com' build argument 'catkin_cmake_args' from command line to 'None'
[0.430s] Level 5:colcon.colcon_core.verb:set package 'px4_ros_com' build argument 'catkin_skip_building_tests' from command line to 'False'
[0.430s] DEBUG:colcon.colcon_core.verb:Building package 'px4_ros_com' with the following arguments: {'ament_cmake_args': None, 'build_base': '/home/inlab22/Documents/automated_planogram_compliance/simulations/ws_sensor_combined/build/px4_ros_com', 'catkin_cmake_args': None, 'catkin_skip_building_tests': False, 'cmake_args': None, 'cmake_clean_cache': False, 'cmake_clean_first': False, 'cmake_force_configure': False, 'cmake_target': None, 'cmake_target_skip_unavailable': False, 'install_base': '/home/inlab22/Documents/automated_planogram_compliance/simulations/ws_sensor_combined/install/px4_ros_com', 'merge_install': False, 'path': '/home/inlab22/Documents/automated_planogram_compliance/simulations/ws_sensor_combined/src/px4_ros_com', 'symlink_install': False, 'test_result_base': None}
[0.430s] INFO:colcon.colcon_core.executor:Executing jobs using 'parallel' executor
[0.431s] DEBUG:colcon.colcon_parallel_executor.executor.parallel:run_until_complete
[0.432s] INFO:colcon.colcon_ros.task.ament_cmake.build:Building ROS package in '/home/inlab22/Documents/automated_planogram_compliance/simulations/ws_sensor_combined/src/px4_msgs' with build type 'ament_cmake'
[0.432s] INFO:colcon.colcon_cmake.task.cmake.build:Building CMake package in '/home/inlab22/Documents/automated_planogram_compliance/simulations/ws_sensor_combined/src/px4_msgs'
[0.433s] INFO:colcon.colcon_core.plugin_system:Skipping extension 'colcon_core.shell.bat': Not used on non-Windows systems
[0.433s] INFO:colcon.colcon_core.shell:Skip shell extension 'powershell' for command environment: Not usable outside of PowerShell
[0.434s] DEBUG:colcon.colcon_core.shell:Skip shell extension 'dsv' for command environment
[0.441s] DEBUG:colcon.colcon_core.event_handler.log_command:Invoking command in '/home/inlab22/Documents/automated_planogram_compliance/simulations/ws_sensor_combined/build/px4_msgs': CMAKE_PREFIX_PATH=/opt/ros/humble PS1=(.venv) \[\e]0;\u@\h: \w\a\]${debian_chroot:+($debian_chroot)}\[\033[01;32m\]\u@\h\[\033[00m\]:\[\033[01;34m\]\w\[\033[00m\]\$ VIRTUAL_ENV_PROMPT=(.venv) /usr/bin/cmake --build /home/inlab22/Documents/automated_planogram_compliance/simulations/ws_sensor_combined/build/px4_msgs -- -j12 -l12
[180.866s] DEBUG:colcon.colcon_core.event_handler.log_command:Invoked command in '/home/inlab22/Documents/automated_planogram_compliance/simulations/ws_sensor_combined/build/px4_msgs' returned '0': CMAKE_PREFIX_PATH=/opt/ros/humble PS1=(.venv) \[\e]0;\u@\h: \w\a\]${debian_chroot:+($debian_chroot)}\[\033[01;32m\]\u@\h\[\033[00m\]:\[\033[01;34m\]\w\[\033[00m\]\$ VIRTUAL_ENV_PROMPT=(.venv) /usr/bin/cmake --build /home/inlab22/Documents/automated_planogram_compliance/simulations/ws_sensor_combined/build/px4_msgs -- -j12 -l12
[184.707s] DEBUG:colcon.colcon_core.event_handler.log_command:Invoking command in '/home/inlab22/Documents/automated_planogram_compliance/simulations/ws_sensor_combined/build/px4_msgs': CMAKE_PREFIX_PATH=/opt/ros/humble PS1=(.venv) \[\e]0;\u@\h: \w\a\]${debian_chroot:+($debian_chroot)}\[\033[01;32m\]\u@\h\[\033[00m\]:\[\033[01;34m\]\w\[\033[00m\]\$ VIRTUAL_ENV_PROMPT=(.venv) /usr/bin/cmake --install /home/inlab22/Documents/automated_planogram_compliance/simulations/ws_sensor_combined/build/px4_msgs
[185.731s] Level 1:colcon.colcon_core.environment:create_environment_scripts_only(px4_msgs)
[185.731s] DEBUG:colcon.colcon_core.event_handler.log_command:Invoked command in '/home/inlab22/Documents/automated_planogram_compliance/simulations/ws_sensor_combined/build/px4_msgs' returned '0': CMAKE_PREFIX_PATH=/opt/ros/humble PS1=(.venv) \[\e]0;\u@\h: \w\a\]${debian_chroot:+($debian_chroot)}\[\033[01;32m\]\u@\h\[\033[00m\]:\[\033[01;34m\]\w\[\033[00m\]\$ VIRTUAL_ENV_PROMPT=(.venv) /usr/bin/cmake --install /home/inlab22/Documents/automated_planogram_compliance/simulations/ws_sensor_combined/build/px4_msgs
[185.734s] Level 1:colcon.colcon_core.environment:checking '/home/inlab22/Documents/automated_planogram_compliance/simulations/ws_sensor_combined/install/px4_msgs' for CMake module files
[185.734s] Level 1:colcon.colcon_core.environment:checking '/home/inlab22/Documents/automated_planogram_compliance/simulations/ws_sensor_combined/install/px4_msgs' for CMake config files
[185.738s] Level 1:colcon.colcon_core.shell:create_environment_hook('px4_msgs', 'cmake_prefix_path')
[185.739s] INFO:colcon.colcon_core.shell:Creating environment hook '/home/inlab22/Documents/automated_planogram_compliance/simulations/ws_sensor_combined/install/px4_msgs/share/px4_msgs/hook/cmake_prefix_path.ps1'
[185.739s] INFO:colcon.colcon_core.shell:Creating environment descriptor '/home/inlab22/Documents/automated_planogram_compliance/simulations/ws_sensor_combined/install/px4_msgs/share/px4_msgs/hook/cmake_prefix_path.dsv'
[185.739s] INFO:colcon.colcon_core.shell:Creating environment hook '/home/inlab22/Documents/automated_planogram_compliance/simulations/ws_sensor_combined/install/px4_msgs/share/px4_msgs/hook/cmake_prefix_path.sh'
[185.740s] Level 1:colcon.colcon_core.environment:checking '/home/inlab22/Documents/automated_planogram_compliance/simulations/ws_sensor_combined/install/px4_msgs/lib'
[185.740s] Level 1:colcon.colcon_core.shell:create_environment_hook('px4_msgs', 'ld_library_path_lib')
[185.740s] INFO:colcon.colcon_core.shell:Creating environment hook '/home/inlab22/Documents/automated_planogram_compliance/simulations/ws_sensor_combined/install/px4_msgs/share/px4_msgs/hook/ld_library_path_lib.ps1'
[185.740s] INFO:colcon.colcon_core.shell:Creating environment descriptor '/home/inlab22/Documents/automated_planogram_compliance/simulations/ws_sensor_combined/install/px4_msgs/share/px4_msgs/hook/ld_library_path_lib.dsv'
[185.741s] INFO:colcon.colcon_core.shell:Creating environment hook '/home/inlab22/Documents/automated_planogram_compliance/simulations/ws_sensor_combined/install/px4_msgs/share/px4_msgs/hook/ld_library_path_lib.sh'
[185.741s] Level 1:colcon.colcon_core.environment:checking '/home/inlab22/Documents/automated_planogram_compliance/simulations/ws_sensor_combined/install/px4_msgs/bin'
[185.741s] Level 1:colcon.colcon_core.environment:checking '/home/inlab22/Documents/automated_planogram_compliance/simulations/ws_sensor_combined/install/px4_msgs/lib/pkgconfig/px4_msgs.pc'
[185.741s] Level 1:colcon.colcon_core.environment:checking '/home/inlab22/Documents/automated_planogram_compliance/simulations/ws_sensor_combined/install/px4_msgs/lib/python3.10/site-packages'
[185.741s] Level 1:colcon.colcon_core.shell:create_environment_hook('px4_msgs', 'pythonpath')
[185.741s] INFO:colcon.colcon_core.shell:Creating environment hook '/home/inlab22/Documents/automated_planogram_compliance/simulations/ws_sensor_combined/install/px4_msgs/share/px4_msgs/hook/pythonpath.ps1'
[185.742s] INFO:colcon.colcon_core.shell:Creating environment descriptor '/home/inlab22/Documents/automated_planogram_compliance/simulations/ws_sensor_combined/install/px4_msgs/share/px4_msgs/hook/pythonpath.dsv'
[185.742s] INFO:colcon.colcon_core.shell:Creating environment hook '/home/inlab22/Documents/automated_planogram_compliance/simulations/ws_sensor_combined/install/px4_msgs/share/px4_msgs/hook/pythonpath.sh'
[185.742s] Level 1:colcon.colcon_core.environment:checking '/home/inlab22/Documents/automated_planogram_compliance/simulations/ws_sensor_combined/install/px4_msgs/bin'
[185.742s] INFO:colcon.colcon_core.shell:Creating package script '/home/inlab22/Documents/automated_planogram_compliance/simulations/ws_sensor_combined/install/px4_msgs/share/px4_msgs/package.ps1'
[185.743s] INFO:colcon.colcon_core.shell:Creating package descriptor '/home/inlab22/Documents/automated_planogram_compliance/simulations/ws_sensor_combined/install/px4_msgs/share/px4_msgs/package.dsv'
[185.743s] INFO:colcon.colcon_core.shell:Creating package script '/home/inlab22/Documents/automated_planogram_compliance/simulations/ws_sensor_combined/install/px4_msgs/share/px4_msgs/package.sh'
[185.744s] INFO:colcon.colcon_core.shell:Creating package script '/home/inlab22/Documents/automated_planogram_compliance/simulations/ws_sensor_combined/install/px4_msgs/share/px4_msgs/package.bash'
[185.745s] INFO:colcon.colcon_core.shell:Creating package script '/home/inlab22/Documents/automated_planogram_compliance/simulations/ws_sensor_combined/install/px4_msgs/share/px4_msgs/package.zsh'
[185.745s] Level 1:colcon.colcon_core.environment:create_file_with_runtime_dependencies(/home/inlab22/Documents/automated_planogram_compliance/simulations/ws_sensor_combined/install/px4_msgs/share/colcon-core/packages/px4_msgs)
[189.581s] Level 1:colcon.colcon_core.environment:create_environment_scripts_only(px4_msgs)
[189.581s] Level 1:colcon.colcon_core.environment:checking '/home/inlab22/Documents/automated_planogram_compliance/simulations/ws_sensor_combined/install/px4_msgs' for CMake module files
[189.582s] Level 1:colcon.colcon_core.environment:checking '/home/inlab22/Documents/automated_planogram_compliance/simulations/ws_sensor_combined/install/px4_msgs' for CMake config files
[189.586s] Level 1:colcon.colcon_core.shell:create_environment_hook('px4_msgs', 'cmake_prefix_path')
[189.586s] INFO:colcon.colcon_core.shell:Creating environment hook '/home/inlab22/Documents/automated_planogram_compliance/simulations/ws_sensor_combined/install/px4_msgs/share/px4_msgs/hook/cmake_prefix_path.ps1'
[189.586s] INFO:colcon.colcon_core.shell:Creating environment descriptor '/home/inlab22/Documents/automated_planogram_compliance/simulations/ws_sensor_combined/install/px4_msgs/share/px4_msgs/hook/cmake_prefix_path.dsv'
[189.586s] INFO:colcon.colcon_core.shell:Creating environment hook '/home/inlab22/Documents/automated_planogram_compliance/simulations/ws_sensor_combined/install/px4_msgs/share/px4_msgs/hook/cmake_prefix_path.sh'
[189.587s] Level 1:colcon.colcon_core.environment:checking '/home/inlab22/Documents/automated_planogram_compliance/simulations/ws_sensor_combined/install/px4_msgs/lib'
[189.587s] Level 1:colcon.colcon_core.shell:create_environment_hook('px4_msgs', 'ld_library_path_lib')
[189.587s] INFO:colcon.colcon_core.shell:Creating environment hook '/home/inlab22/Documents/automated_planogram_compliance/simulations/ws_sensor_combined/install/px4_msgs/share/px4_msgs/hook/ld_library_path_lib.ps1'
[189.587s] INFO:colcon.colcon_core.shell:Creating environment descriptor '/home/inlab22/Documents/automated_planogram_compliance/simulations/ws_sensor_combined/install/px4_msgs/share/px4_msgs/hook/ld_library_path_lib.dsv'
[189.587s] INFO:colcon.colcon_core.shell:Creating environment hook '/home/inlab22/Documents/automated_planogram_compliance/simulations/ws_sensor_combined/install/px4_msgs/share/px4_msgs/hook/ld_library_path_lib.sh'
[189.588s] Level 1:colcon.colcon_core.environment:checking '/home/inlab22/Documents/automated_planogram_compliance/simulations/ws_sensor_combined/install/px4_msgs/bin'
[189.588s] Level 1:colcon.colcon_core.environment:checking '/home/inlab22/Documents/automated_planogram_compliance/simulations/ws_sensor_combined/install/px4_msgs/lib/pkgconfig/px4_msgs.pc'
[189.588s] Level 1:colcon.colcon_core.environment:checking '/home/inlab22/Documents/automated_planogram_compliance/simulations/ws_sensor_combined/install/px4_msgs/lib/python3.10/site-packages'
[189.588s] Level 1:colcon.colcon_core.shell:create_environment_hook('px4_msgs', 'pythonpath')
[189.588s] INFO:colcon.colcon_core.shell:Creating environment hook '/home/inlab22/Documents/automated_planogram_compliance/simulations/ws_sensor_combined/install/px4_msgs/share/px4_msgs/hook/pythonpath.ps1'
[189.589s] INFO:colcon.colcon_core.shell:Creating environment descriptor '/home/inlab22/Documents/automated_planogram_compliance/simulations/ws_sensor_combined/install/px4_msgs/share/px4_msgs/hook/pythonpath.dsv'
[189.589s] INFO:colcon.colcon_core.shell:Creating environment hook '/home/inlab22/Documents/automated_planogram_compliance/simulations/ws_sensor_combined/install/px4_msgs/share/px4_msgs/hook/pythonpath.sh'
[189.590s] Level 1:colcon.colcon_core.environment:checking '/home/inlab22/Documents/automated_planogram_compliance/simulations/ws_sensor_combined/install/px4_msgs/bin'
[189.590s] INFO:colcon.colcon_core.shell:Creating package script '/home/inlab22/Documents/automated_planogram_compliance/simulations/ws_sensor_combined/install/px4_msgs/share/px4_msgs/package.ps1'
[189.590s] INFO:colcon.colcon_core.shell:Creating package descriptor '/home/inlab22/Documents/automated_planogram_compliance/simulations/ws_sensor_combined/install/px4_msgs/share/px4_msgs/package.dsv'
[189.591s] INFO:colcon.colcon_core.shell:Creating package script '/home/inlab22/Documents/automated_planogram_compliance/simulations/ws_sensor_combined/install/px4_msgs/share/px4_msgs/package.sh'
[189.591s] INFO:colcon.colcon_core.shell:Creating package script '/home/inlab22/Documents/automated_planogram_compliance/simulations/ws_sensor_combined/install/px4_msgs/share/px4_msgs/package.bash'
[189.592s] INFO:colcon.colcon_core.shell:Creating package script '/home/inlab22/Documents/automated_planogram_compliance/simulations/ws_sensor_combined/install/px4_msgs/share/px4_msgs/package.zsh'
[189.592s] Level 1:colcon.colcon_core.environment:create_file_with_runtime_dependencies(/home/inlab22/Documents/automated_planogram_compliance/simulations/ws_sensor_combined/install/px4_msgs/share/colcon-core/packages/px4_msgs)
[189.592s] INFO:colcon.colcon_ros.task.ament_cmake.build:Building ROS package in '/home/inlab22/Documents/automated_planogram_compliance/simulations/ws_sensor_combined/src/px4_ros_com' with build type 'ament_cmake'
[189.592s] INFO:colcon.colcon_cmake.task.cmake.build:Building CMake package in '/home/inlab22/Documents/automated_planogram_compliance/simulations/ws_sensor_combined/src/px4_ros_com'
[189.593s] INFO:colcon.colcon_core.shell:Skip shell extension 'powershell' for command environment: Not usable outside of PowerShell
[189.593s] DEBUG:colcon.colcon_core.shell:Skip shell extension 'dsv' for command environment
[189.600s] DEBUG:colcon.colcon_core.event_handler.log_command:Invoking command in '/home/inlab22/Documents/automated_planogram_compliance/simulations/ws_sensor_combined/build/px4_ros_com': AMENT_PREFIX_PATH=/home/inlab22/Documents/automated_planogram_compliance/simulations/ws_sensor_combined/install/px4_msgs:${AMENT_PREFIX_PATH} CMAKE_PREFIX_PATH=/home/inlab22/Documents/automated_planogram_compliance/simulations/ws_sensor_combined/install/px4_msgs:/opt/ros/humble LD_LIBRARY_PATH=/home/inlab22/Documents/automated_planogram_compliance/simulations/ws_sensor_combined/install/px4_msgs/lib:${LD_LIBRARY_PATH} PS1=(.venv) \[\e]0;\u@\h: \w\a\]${debian_chroot:+($debian_chroot)}\[\033[01;32m\]\u@\h\[\033[00m\]:\[\033[01;34m\]\w\[\033[00m\]\$ PYTHONPATH=/home/inlab22/Documents/automated_planogram_compliance/simulations/ws_sensor_combined/install/px4_msgs/lib/python3.10/site-packages:${PYTHONPATH} VIRTUAL_ENV_PROMPT=(.venv) /usr/bin/cmake /home/inlab22/Documents/automated_planogram_compliance/simulations/ws_sensor_combined/src/px4_ros_com -DCMAKE_INSTALL_PREFIX=/home/inlab22/Documents/automated_planogram_compliance/simulations/ws_sensor_combined/install/px4_ros_com
[191.269s] DEBUG:colcon.colcon_core.event_handler.log_command:Invoked command in '/home/inlab22/Documents/automated_planogram_compliance/simulations/ws_sensor_combined/build/px4_ros_com' returned '0': AMENT_PREFIX_PATH=/home/inlab22/Documents/automated_planogram_compliance/simulations/ws_sensor_combined/install/px4_msgs:${AMENT_PREFIX_PATH} CMAKE_PREFIX_PATH=/home/inlab22/Documents/automated_planogram_compliance/simulations/ws_sensor_combined/install/px4_msgs:/opt/ros/humble LD_LIBRARY_PATH=/home/inlab22/Documents/automated_planogram_compliance/simulations/ws_sensor_combined/install/px4_msgs/lib:${LD_LIBRARY_PATH} PS1=(.venv) \[\e]0;\u@\h: \w\a\]${debian_chroot:+($debian_chroot)}\[\033[01;32m\]\u@\h\[\033[00m\]:\[\033[01;34m\]\w\[\033[00m\]\$ PYTHONPATH=/home/inlab22/Documents/automated_planogram_compliance/simulations/ws_sensor_combined/install/px4_msgs/lib/python3.10/site-packages:${PYTHONPATH} VIRTUAL_ENV_PROMPT=(.venv) /usr/bin/cmake /home/inlab22/Documents/automated_planogram_compliance/simulations/ws_sensor_combined/src/px4_ros_com -DCMAKE_INSTALL_PREFIX=/home/inlab22/Documents/automated_planogram_compliance/simulations/ws_sensor_combined/install/px4_ros_com
[191.270s] DEBUG:colcon.colcon_core.event_handler.log_command:Invoking command in '/home/inlab22/Documents/automated_planogram_compliance/simulations/ws_sensor_combined/build/px4_ros_com': AMENT_PREFIX_PATH=/home/inlab22/Documents/automated_planogram_compliance/simulations/ws_sensor_combined/install/px4_msgs:${AMENT_PREFIX_PATH} CMAKE_PREFIX_PATH=/home/inlab22/Documents/automated_planogram_compliance/simulations/ws_sensor_combined/install/px4_msgs:/opt/ros/humble LD_LIBRARY_PATH=/home/inlab22/Documents/automated_planogram_compliance/simulations/ws_sensor_combined/install/px4_msgs/lib:${LD_LIBRARY_PATH} PS1=(.venv) \[\e]0;\u@\h: \w\a\]${debian_chroot:+($debian_chroot)}\[\033[01;32m\]\u@\h\[\033[00m\]:\[\033[01;34m\]\w\[\033[00m\]\$ PYTHONPATH=/home/inlab22/Documents/automated_planogram_compliance/simulations/ws_sensor_combined/install/px4_msgs/lib/python3.10/site-packages:${PYTHONPATH} VIRTUAL_ENV_PROMPT=(.venv) /usr/bin/cmake --build /home/inlab22/Documents/automated_planogram_compliance/simulations/ws_sensor_combined/build/px4_ros_com -- -j12 -l12
[202.659s] DEBUG:colcon.colcon_core.event_handler.log_command:Invoked command in '/home/inlab22/Documents/automated_planogram_compliance/simulations/ws_sensor_combined/build/px4_ros_com' returned '0': AMENT_PREFIX_PATH=/home/inlab22/Documents/automated_planogram_compliance/simulations/ws_sensor_combined/install/px4_msgs:${AMENT_PREFIX_PATH} CMAKE_PREFIX_PATH=/home/inlab22/Documents/automated_planogram_compliance/simulations/ws_sensor_combined/install/px4_msgs:/opt/ros/humble LD_LIBRARY_PATH=/home/inlab22/Documents/automated_planogram_compliance/simulations/ws_sensor_combined/install/px4_msgs/lib:${LD_LIBRARY_PATH} PS1=(.venv) \[\e]0;\u@\h: \w\a\]${debian_chroot:+($debian_chroot)}\[\033[01;32m\]\u@\h\[\033[00m\]:\[\033[01;34m\]\w\[\033[00m\]\$ PYTHONPATH=/home/inlab22/Documents/automated_planogram_compliance/simulations/ws_sensor_combined/install/px4_msgs/lib/python3.10/site-packages:${PYTHONPATH} VIRTUAL_ENV_PROMPT=(.venv) /usr/bin/cmake --build /home/inlab22/Documents/automated_planogram_compliance/simulations/ws_sensor_combined/build/px4_ros_com -- -j12 -l12
[202.696s] DEBUG:colcon.colcon_core.event_handler.log_command:Invoking command in '/home/inlab22/Documents/automated_planogram_compliance/simulations/ws_sensor_combined/build/px4_ros_com': AMENT_PREFIX_PATH=/home/inlab22/Documents/automated_planogram_compliance/simulations/ws_sensor_combined/install/px4_msgs:${AMENT_PREFIX_PATH} CMAKE_PREFIX_PATH=/home/inlab22/Documents/automated_planogram_compliance/simulations/ws_sensor_combined/install/px4_msgs:/opt/ros/humble LD_LIBRARY_PATH=/home/inlab22/Documents/automated_planogram_compliance/simulations/ws_sensor_combined/install/px4_msgs/lib:${LD_LIBRARY_PATH} PS1=(.venv) \[\e]0;\u@\h: \w\a\]${debian_chroot:+($debian_chroot)}\[\033[01;32m\]\u@\h\[\033[00m\]:\[\033[01;34m\]\w\[\033[00m\]\$ PYTHONPATH=/home/inlab22/Documents/automated_planogram_compliance/simulations/ws_sensor_combined/install/px4_msgs/lib/python3.10/site-packages:${PYTHONPATH} VIRTUAL_ENV_PROMPT=(.venv) /usr/bin/cmake --install /home/inlab22/Documents/automated_planogram_compliance/simulations/ws_sensor_combined/build/px4_ros_com
[202.752s] Level 1:colcon.colcon_core.environment:create_environment_scripts_only(px4_ros_com)
[202.752s] Level 1:colcon.colcon_core.environment:checking '/home/inlab22/Documents/automated_planogram_compliance/simulations/ws_sensor_combined/install/px4_ros_com' for CMake module files
[202.753s] DEBUG:colcon.colcon_core.event_handler.log_command:Invoked command in '/home/inlab22/Documents/automated_planogram_compliance/simulations/ws_sensor_combined/build/px4_ros_com' returned '0': AMENT_PREFIX_PATH=/home/inlab22/Documents/automated_planogram_compliance/simulations/ws_sensor_combined/install/px4_msgs:${AMENT_PREFIX_PATH} CMAKE_PREFIX_PATH=/home/inlab22/Documents/automated_planogram_compliance/simulations/ws_sensor_combined/install/px4_msgs:/opt/ros/humble LD_LIBRARY_PATH=/home/inlab22/Documents/automated_planogram_compliance/simulations/ws_sensor_combined/install/px4_msgs/lib:${LD_LIBRARY_PATH} PS1=(.venv) \[\e]0;\u@\h: \w\a\]${debian_chroot:+($debian_chroot)}\[\033[01;32m\]\u@\h\[\033[00m\]:\[\033[01;34m\]\w\[\033[00m\]\$ PYTHONPATH=/home/inlab22/Documents/automated_planogram_compliance/simulations/ws_sensor_combined/install/px4_msgs/lib/python3.10/site-packages:${PYTHONPATH} VIRTUAL_ENV_PROMPT=(.venv) /usr/bin/cmake --install /home/inlab22/Documents/automated_planogram_compliance/simulations/ws_sensor_combined/build/px4_ros_com
[202.754s] Level 1:colcon.colcon_core.environment:checking '/home/inlab22/Documents/automated_planogram_compliance/simulations/ws_sensor_combined/install/px4_ros_com' for CMake config files
[202.754s] Level 1:colcon.colcon_core.shell:create_environment_hook('px4_ros_com', 'cmake_prefix_path')
[202.754s] INFO:colcon.colcon_core.shell:Creating environment hook '/home/inlab22/Documents/automated_planogram_compliance/simulations/ws_sensor_combined/install/px4_ros_com/share/px4_ros_com/hook/cmake_prefix_path.ps1'
[202.755s] INFO:colcon.colcon_core.shell:Creating environment descriptor '/home/inlab22/Documents/automated_planogram_compliance/simulations/ws_sensor_combined/install/px4_ros_com/share/px4_ros_com/hook/cmake_prefix_path.dsv'
[202.755s] INFO:colcon.colcon_core.shell:Creating environment hook '/home/inlab22/Documents/automated_planogram_compliance/simulations/ws_sensor_combined/install/px4_ros_com/share/px4_ros_com/hook/cmake_prefix_path.sh'
[202.755s] Level 1:colcon.colcon_core.environment:checking '/home/inlab22/Documents/automated_planogram_compliance/simulations/ws_sensor_combined/install/px4_ros_com/lib'
[202.756s] Level 1:colcon.colcon_core.shell:create_environment_hook('px4_ros_com', 'ld_library_path_lib')
[202.756s] INFO:colcon.colcon_core.shell:Creating environment hook '/home/inlab22/Documents/automated_planogram_compliance/simulations/ws_sensor_combined/install/px4_ros_com/share/px4_ros_com/hook/ld_library_path_lib.ps1'
[202.756s] INFO:colcon.colcon_core.shell:Creating environment descriptor '/home/inlab22/Documents/automated_planogram_compliance/simulations/ws_sensor_combined/install/px4_ros_com/share/px4_ros_com/hook/ld_library_path_lib.dsv'
[202.756s] INFO:colcon.colcon_core.shell:Creating environment hook '/home/inlab22/Documents/automated_planogram_compliance/simulations/ws_sensor_combined/install/px4_ros_com/share/px4_ros_com/hook/ld_library_path_lib.sh'
[202.757s] Level 1:colcon.colcon_core.environment:checking '/home/inlab22/Documents/automated_planogram_compliance/simulations/ws_sensor_combined/install/px4_ros_com/bin'
[202.757s] Level 1:colcon.colcon_core.environment:checking '/home/inlab22/Documents/automated_planogram_compliance/simulations/ws_sensor_combined/install/px4_ros_com/lib/pkgconfig/px4_ros_com.pc'
[202.757s] Level 1:colcon.colcon_core.environment:checking '/home/inlab22/Documents/automated_planogram_compliance/simulations/ws_sensor_combined/install/px4_ros_com/lib/python3.10/site-packages'
[202.757s] Level 1:colcon.colcon_core.shell:create_environment_hook('px4_ros_com', 'pythonpath')
[202.757s] INFO:colcon.colcon_core.shell:Creating environment hook '/home/inlab22/Documents/automated_planogram_compliance/simulations/ws_sensor_combined/install/px4_ros_com/share/px4_ros_com/hook/pythonpath.ps1'
[202.758s] INFO:colcon.colcon_core.shell:Creating environment descriptor '/home/inlab22/Documents/automated_planogram_compliance/simulations/ws_sensor_combined/install/px4_ros_com/share/px4_ros_com/hook/pythonpath.dsv'
[202.758s] INFO:colcon.colcon_core.shell:Creating environment hook '/home/inlab22/Documents/automated_planogram_compliance/simulations/ws_sensor_combined/install/px4_ros_com/share/px4_ros_com/hook/pythonpath.sh'
[202.759s] Level 1:colcon.colcon_core.environment:checking '/home/inlab22/Documents/automated_planogram_compliance/simulations/ws_sensor_combined/install/px4_ros_com/bin'
[202.759s] INFO:colcon.colcon_core.shell:Creating package script '/home/inlab22/Documents/automated_planogram_compliance/simulations/ws_sensor_combined/install/px4_ros_com/share/px4_ros_com/package.ps1'
[202.760s] INFO:colcon.colcon_core.shell:Creating package descriptor '/home/inlab22/Documents/automated_planogram_compliance/simulations/ws_sensor_combined/install/px4_ros_com/share/px4_ros_com/package.dsv'
[202.760s] INFO:colcon.colcon_core.shell:Creating package script '/home/inlab22/Documents/automated_planogram_compliance/simulations/ws_sensor_combined/install/px4_ros_com/share/px4_ros_com/package.sh'
[202.761s] INFO:colcon.colcon_core.shell:Creating package script '/home/inlab22/Documents/automated_planogram_compliance/simulations/ws_sensor_combined/install/px4_ros_com/share/px4_ros_com/package.bash'
[202.761s] INFO:colcon.colcon_core.shell:Creating package script '/home/inlab22/Documents/automated_planogram_compliance/simulations/ws_sensor_combined/install/px4_ros_com/share/px4_ros_com/package.zsh'
[202.761s] Level 1:colcon.colcon_core.environment:create_file_with_runtime_dependencies(/home/inlab22/Documents/automated_planogram_compliance/simulations/ws_sensor_combined/install/px4_ros_com/share/colcon-core/packages/px4_ros_com)
[202.797s] Level 1:colcon.colcon_core.environment:create_environment_scripts_only(px4_ros_com)
[202.797s] Level 1:colcon.colcon_core.environment:checking '/home/inlab22/Documents/automated_planogram_compliance/simulations/ws_sensor_combined/install/px4_ros_com' for CMake module files
[202.797s] Level 1:colcon.colcon_core.environment:checking '/home/inlab22/Documents/automated_planogram_compliance/simulations/ws_sensor_combined/install/px4_ros_com' for CMake config files
[202.798s] Level 1:colcon.colcon_core.shell:create_environment_hook('px4_ros_com', 'cmake_prefix_path')
[202.798s] INFO:colcon.colcon_core.shell:Creating environment hook '/home/inlab22/Documents/automated_planogram_compliance/simulations/ws_sensor_combined/install/px4_ros_com/share/px4_ros_com/hook/cmake_prefix_path.ps1'
[202.799s] INFO:colcon.colcon_core.shell:Creating environment descriptor '/home/inlab22/Documents/automated_planogram_compliance/simulations/ws_sensor_combined/install/px4_ros_com/share/px4_ros_com/hook/cmake_prefix_path.dsv'
[202.799s] INFO:colcon.colcon_core.shell:Creating environment hook '/home/inlab22/Documents/automated_planogram_compliance/simulations/ws_sensor_combined/install/px4_ros_com/share/px4_ros_com/hook/cmake_prefix_path.sh'
[202.799s] Level 1:colcon.colcon_core.environment:checking '/home/inlab22/Documents/automated_planogram_compliance/simulations/ws_sensor_combined/install/px4_ros_com/lib'
[202.799s] Level 1:colcon.colcon_core.shell:create_environment_hook('px4_ros_com', 'ld_library_path_lib')
[202.800s] INFO:colcon.colcon_core.shell:Creating environment hook '/home/inlab22/Documents/automated_planogram_compliance/simulations/ws_sensor_combined/install/px4_ros_com/share/px4_ros_com/hook/ld_library_path_lib.ps1'
[202.800s] INFO:colcon.colcon_core.shell:Creating environment descriptor '/home/inlab22/Documents/automated_planogram_compliance/simulations/ws_sensor_combined/install/px4_ros_com/share/px4_ros_com/hook/ld_library_path_lib.dsv'
[202.800s] INFO:colcon.colcon_core.shell:Creating environment hook '/home/inlab22/Documents/automated_planogram_compliance/simulations/ws_sensor_combined/install/px4_ros_com/share/px4_ros_com/hook/ld_library_path_lib.sh'
[202.801s] Level 1:colcon.colcon_core.environment:checking '/home/inlab22/Documents/automated_planogram_compliance/simulations/ws_sensor_combined/install/px4_ros_com/bin'
[202.801s] Level 1:colcon.colcon_core.environment:checking '/home/inlab22/Documents/automated_planogram_compliance/simulations/ws_sensor_combined/install/px4_ros_com/lib/pkgconfig/px4_ros_com.pc'
[202.801s] Level 1:colcon.colcon_core.environment:checking '/home/inlab22/Documents/automated_planogram_compliance/simulations/ws_sensor_combined/install/px4_ros_com/lib/python3.10/site-packages'
[202.801s] Level 1:colcon.colcon_core.shell:create_environment_hook('px4_ros_com', 'pythonpath')
[202.801s] INFO:colcon.colcon_core.shell:Creating environment hook '/home/inlab22/Documents/automated_planogram_compliance/simulations/ws_sensor_combined/install/px4_ros_com/share/px4_ros_com/hook/pythonpath.ps1'
[202.802s] INFO:colcon.colcon_core.shell:Creating environment descriptor '/home/inlab22/Documents/automated_planogram_compliance/simulations/ws_sensor_combined/install/px4_ros_com/share/px4_ros_com/hook/pythonpath.dsv'
[202.802s] INFO:colcon.colcon_core.shell:Creating environment hook '/home/inlab22/Documents/automated_planogram_compliance/simulations/ws_sensor_combined/install/px4_ros_com/share/px4_ros_com/hook/pythonpath.sh'
[202.803s] Level 1:colcon.colcon_core.environment:checking '/home/inlab22/Documents/automated_planogram_compliance/simulations/ws_sensor_combined/install/px4_ros_com/bin'
[202.803s] INFO:colcon.colcon_core.shell:Creating package script '/home/inlab22/Documents/automated_planogram_compliance/simulations/ws_sensor_combined/install/px4_ros_com/share/px4_ros_com/package.ps1'
[202.804s] INFO:colcon.colcon_core.shell:Creating package descriptor '/home/inlab22/Documents/automated_planogram_compliance/simulations/ws_sensor_combined/install/px4_ros_com/share/px4_ros_com/package.dsv'
[202.804s] INFO:colcon.colcon_core.shell:Creating package script '/home/inlab22/Documents/automated_planogram_compliance/simulations/ws_sensor_combined/install/px4_ros_com/share/px4_ros_com/package.sh'
[202.805s] INFO:colcon.colcon_core.shell:Creating package script '/home/inlab22/Documents/automated_planogram_compliance/simulations/ws_sensor_combined/install/px4_ros_com/share/px4_ros_com/package.bash'
[202.805s] INFO:colcon.colcon_core.shell:Creating package script '/home/inlab22/Documents/automated_planogram_compliance/simulations/ws_sensor_combined/install/px4_ros_com/share/px4_ros_com/package.zsh'
[202.805s] Level 1:colcon.colcon_core.environment:create_file_with_runtime_dependencies(/home/inlab22/Documents/automated_planogram_compliance/simulations/ws_sensor_combined/install/px4_ros_com/share/colcon-core/packages/px4_ros_com)
[202.806s] DEBUG:colcon.colcon_parallel_executor.executor.parallel:closing loop
[202.806s] DEBUG:colcon.colcon_parallel_executor.executor.parallel:loop closed
[202.806s] DEBUG:colcon.colcon_parallel_executor.executor.parallel:run_until_complete finished with '0'
[202.806s] DEBUG:colcon.colcon_core.event_reactor:joining thread
[202.811s] INFO:colcon.colcon_core.plugin_system:Skipping extension 'colcon_notification.desktop_notification.terminal_notifier': Not used on non-Darwin systems
[202.811s] INFO:colcon.colcon_core.plugin_system:Skipping extension 'colcon_notification.desktop_notification.win32': Not used on non-Windows systems
[202.811s] INFO:colcon.colcon_notification.desktop_notification:Sending desktop notification using 'notify2'
[202.821s] DEBUG:colcon.colcon_core.event_reactor:joined thread
[202.821s] INFO:colcon.colcon_core.shell:Creating prefix script '/home/inlab22/Documents/automated_planogram_compliance/simulations/ws_sensor_combined/install/local_setup.ps1'
[202.822s] INFO:colcon.colcon_core.shell:Creating prefix util module '/home/inlab22/Documents/automated_planogram_compliance/simulations/ws_sensor_combined/install/_local_setup_util_ps1.py'
[202.823s] INFO:colcon.colcon_core.shell:Creating prefix chain script '/home/inlab22/Documents/automated_planogram_compliance/simulations/ws_sensor_combined/install/setup.ps1'
[202.824s] INFO:colcon.colcon_core.shell:Creating prefix script '/home/inlab22/Documents/automated_planogram_compliance/simulations/ws_sensor_combined/install/local_setup.sh'
[202.824s] INFO:colcon.colcon_core.shell:Creating prefix util module '/home/inlab22/Documents/automated_planogram_compliance/simulations/ws_sensor_combined/install/_local_setup_util_sh.py'
[202.825s] INFO:colcon.colcon_core.shell:Creating prefix chain script '/home/inlab22/Documents/automated_planogram_compliance/simulations/ws_sensor_combined/install/setup.sh'
[202.825s] INFO:colcon.colcon_core.shell:Creating prefix script '/home/inlab22/Documents/automated_planogram_compliance/simulations/ws_sensor_combined/install/local_setup.bash'
[202.826s] INFO:colcon.colcon_core.shell:Creating prefix chain script '/home/inlab22/Documents/automated_planogram_compliance/simulations/ws_sensor_combined/install/setup.bash'
[202.826s] INFO:colcon.colcon_core.shell:Creating prefix script '/home/inlab22/Documents/automated_planogram_compliance/simulations/ws_sensor_combined/install/local_setup.zsh'
[202.827s] INFO:colcon.colcon_core.shell:Creating prefix chain script '/home/inlab22/Documents/automated_planogram_compliance/simulations/ws_sensor_combined/install/setup.zsh'
