[0.702s] Invoking command in '/home/user/Documents/automated_planogram_compliance/simulations/ros2_px4_offboard_example_ws/src/ROS2_PX4_Offboard_Example/px4_offboard': AMENT_PREFIX_PATH=/home/user/ros2_px4_offboard_example_ws/install/px4_msgs:${AMENT_PREFIX_PATH} CMAKE_PREFIX_PATH=/home/user/Documents/automated_planogram_compliance/simulations/ros2_px4_offboard_example_ws/install/px4_msgs:${CMAKE_PREFIX_PATH} LD_LIBRARY_PATH=/home/user/ros2_px4_offboard_example_ws/install/px4_msgs/lib:/home/user/Documents/automated_planogram_compliance/simulations/ros2_px4_offboard_example_ws/install/px4_msgs/lib:${LD_LIBRARY_PATH} PYTHONPATH=/home/user/Documents/automated_planogram_compliance/simulations/ros2_px4_offboard_example_ws/build/px4_offboard/prefix_override:/home/user/Documents/automated_planogram_compliance/simulations/ros2_px4_offboard_example_ws/install/px4_offboard/lib/python3.10/site-packages:/home/user/ros2_px4_offboard_example_ws/install/px4_msgs/local/lib/python3.10/dist-packages:${PYTHONPATH} /usr/bin/python3 -W ignore:setup.py install is deprecated setup.py egg_info --egg-base ../../../build/px4_offboard build --build-base /home/user/Documents/automated_planogram_compliance/simulations/ros2_px4_offboard_example_ws/build/px4_offboard/build install --record /home/user/Documents/automated_planogram_compliance/simulations/ros2_px4_offboard_example_ws/build/px4_offboard/install.log --single-version-externally-managed install_data
[0.925s] running egg_info
[0.939s] writing ../../../build/px4_offboard/px4_offboard.egg-info/PKG-INFO
[0.940s] writing dependency_links to ../../../build/px4_offboard/px4_offboard.egg-info/dependency_links.txt
[0.941s] writing entry points to ../../../build/px4_offboard/px4_offboard.egg-info/entry_points.txt
[0.941s] writing requirements to ../../../build/px4_offboard/px4_offboard.egg-info/requires.txt
[0.942s] writing top-level names to ../../../build/px4_offboard/px4_offboard.egg-info/top_level.txt
[0.972s] reading manifest file '../../../build/px4_offboard/px4_offboard.egg-info/SOURCES.txt'
[0.972s] adding license file 'LICENSE'
[0.972s] writing manifest file '../../../build/px4_offboard/px4_offboard.egg-info/SOURCES.txt'
[0.973s] running build
[0.973s] running build_py
[0.973s] running install
[0.978s] running install_lib
[0.994s] running install_data
[0.994s] running install_egg_info
[1.013s] removing '/home/user/Documents/automated_planogram_compliance/simulations/ros2_px4_offboard_example_ws/install/px4_offboard/lib/python3.10/site-packages/px4_offboard-0.0.0-py3.10.egg-info' (and everything under it)
[1.014s] Copying ../../../build/px4_offboard/px4_offboard.egg-info to /home/user/Documents/automated_planogram_compliance/simulations/ros2_px4_offboard_example_ws/install/px4_offboard/lib/python3.10/site-packages/px4_offboard-0.0.0-py3.10.egg-info
[1.014s] running install_scripts
[1.142s] Installing control script to /home/user/Documents/automated_planogram_compliance/simulations/ros2_px4_offboard_example_ws/install/px4_offboard/lib/px4_offboard
[1.142s] Installing offboard_control script to /home/user/Documents/automated_planogram_compliance/simulations/ros2_px4_offboard_example_ws/install/px4_offboard/lib/px4_offboard
[1.142s] Installing processes script to /home/user/Documents/automated_planogram_compliance/simulations/ros2_px4_offboard_example_ws/install/px4_offboard/lib/px4_offboard
[1.142s] Installing velocity_control script to /home/user/Documents/automated_planogram_compliance/simulations/ros2_px4_offboard_example_ws/install/px4_offboard/lib/px4_offboard
[1.142s] Installing visualizer script to /home/user/Documents/automated_planogram_compliance/simulations/ros2_px4_offboard_example_ws/install/px4_offboard/lib/px4_offboard
[1.142s] writing list of installed files to '/home/user/Documents/automated_planogram_compliance/simulations/ros2_px4_offboard_example_ws/build/px4_offboard/install.log'
[1.160s] Invoked command in '/home/user/Documents/automated_planogram_compliance/simulations/ros2_px4_offboard_example_ws/src/ROS2_PX4_Offboard_Example/px4_offboard' returned '0': AMENT_PREFIX_PATH=/home/user/ros2_px4_offboard_example_ws/install/px4_msgs:${AMENT_PREFIX_PATH} CMAKE_PREFIX_PATH=/home/user/Documents/automated_planogram_compliance/simulations/ros2_px4_offboard_example_ws/install/px4_msgs:${CMAKE_PREFIX_PATH} LD_LIBRARY_PATH=/home/user/ros2_px4_offboard_example_ws/install/px4_msgs/lib:/home/user/Documents/automated_planogram_compliance/simulations/ros2_px4_offboard_example_ws/install/px4_msgs/lib:${LD_LIBRARY_PATH} PYTHONPATH=/home/user/Documents/automated_planogram_compliance/simulations/ros2_px4_offboard_example_ws/build/px4_offboard/prefix_override:/home/user/Documents/automated_planogram_compliance/simulations/ros2_px4_offboard_example_ws/install/px4_offboard/lib/python3.10/site-packages:/home/user/ros2_px4_offboard_example_ws/install/px4_msgs/local/lib/python3.10/dist-packages:${PYTHONPATH} /usr/bin/python3 -W ignore:setup.py install is deprecated setup.py egg_info --egg-base ../../../build/px4_offboard build --build-base /home/user/Documents/automated_planogram_compliance/simulations/ros2_px4_offboard_example_ws/build/px4_offboard/build install --record /home/user/Documents/automated_planogram_compliance/simulations/ros2_px4_offboard_example_ws/build/px4_offboard/install.log --single-version-externally-managed install_data
