[1.494s] DEBUG:colcon:Command line arguments: ['/usr/bin/colcon', 'build']
[1.494s] DEBUG:colcon:Parsed command line arguments: Namespace(log_base=None, log_level=None, verb_name='build', build_base='build', install_base='install', merge_install=False, symlink_install=False, test_result_base=None, continue_on_error=False, executor='parallel', parallel_workers=12, event_handlers=None, ignore_user_meta=False, metas=['./colcon.meta'], base_paths=['.'], packages_ignore=None, packages_ignore_regex=None, paths=None, packages_up_to=None, packages_up_to_regex=None, packages_above=None, packages_above_and_dependencies=None, packages_above_depth=None, packages_select_by_dep=None, packages_skip_by_dep=None, packages_skip_up_to=None, packages_select_build_failed=False, packages_skip_build_finished=False, packages_select_test_failures=False, packages_skip_test_passed=False, packages_select=None, packages_skip=None, packages_select_regex=None, packages_skip_regex=None, packages_start=None, packages_end=None, allow_overriding=[], cmake_args=None, cmake_target=None, cmake_target_skip_unavailable=False, cmake_clean_cache=False, cmake_clean_first=False, cmake_force_configure=False, ament_cmake_args=None, catkin_cmake_args=None, catkin_skip_building_tests=False, mixin_files=None, mixin=None, verb_parser=<colcon_mixin.mixin.mixin_argument.MixinArgumentDecorator object at 0x723855794a00>, verb_extension=<colcon_core.verb.build.BuildVerb object at 0x723855899090>, main=<bound method BuildVerb.main of <colcon_core.verb.build.BuildVerb object at 0x723855899090>>, mixin_verb=('build',))
[3.791s] Level 1:colcon.colcon_core.package_discovery:discover_packages(colcon_meta) check parameters
[3.791s] Level 1:colcon.colcon_core.package_discovery:discover_packages(recursive) check parameters
[3.791s] Level 1:colcon.colcon_core.package_discovery:discover_packages(ignore) check parameters
[3.791s] Level 1:colcon.colcon_core.package_discovery:discover_packages(path) check parameters
[3.791s] Level 1:colcon.colcon_core.package_discovery:discover_packages(colcon_meta) discover
[3.791s] Level 1:colcon.colcon_core.package_discovery:discover_packages(recursive) discover
[3.791s] INFO:colcon.colcon_core.package_discovery:Crawling recursively for packages in '/home/inlab22/Documents/automated_planogram_compliance-2/simulations/my_drone_simulation'
[3.791s] Level 1:colcon.colcon_core.package_identification:_identify(.) by extensions ['ignore', 'ignore_ament_install']
[3.792s] Level 1:colcon.colcon_core.package_identification:_identify(.) by extension 'ignore'
[3.792s] Level 1:colcon.colcon_core.package_identification:_identify(.) by extension 'ignore_ament_install'
[3.792s] Level 1:colcon.colcon_core.package_identification:_identify(.) by extensions ['colcon_pkg']
[3.792s] Level 1:colcon.colcon_core.package_identification:_identify(.) by extension 'colcon_pkg'
[3.792s] Level 1:colcon.colcon_core.package_identification:_identify(.) by extensions ['colcon_meta']
[3.792s] Level 1:colcon.colcon_core.package_identification:_identify(.) by extension 'colcon_meta'
[3.792s] Level 1:colcon.colcon_core.package_identification:_identify(.) by extensions ['ros']
[3.792s] Level 1:colcon.colcon_core.package_identification:_identify(.) by extension 'ros'
[3.874s] DEBUG:colcon.colcon_core.package_identification:Package '.' with type 'ros.ament_python' and name 'my_drone_simulation'
[3.874s] Level 1:colcon.colcon_core.package_discovery:discover_packages(recursive) using defaults
[3.874s] Level 1:colcon.colcon_core.package_discovery:discover_packages(ignore) discover
[3.874s] Level 1:colcon.colcon_core.package_discovery:discover_packages(ignore) using defaults
[3.874s] Level 1:colcon.colcon_core.package_discovery:discover_packages(path) discover
[3.874s] Level 1:colcon.colcon_core.package_discovery:discover_packages(path) using defaults
[4.014s] Level 1:colcon.colcon_core.package_discovery:discover_packages(prefix_path) check parameters
[4.014s] Level 1:colcon.colcon_core.package_discovery:discover_packages(prefix_path) discover
[4.025s] Level 1:colcon.colcon_core.package_discovery:discover_packages(prefix_path) using defaults
[4.036s] Level 5:colcon.colcon_core.verb:set package 'my_drone_simulation' build argument 'cmake_args' from command line to 'None'
[4.037s] Level 5:colcon.colcon_core.verb:set package 'my_drone_simulation' build argument 'cmake_target' from command line to 'None'
[4.037s] Level 5:colcon.colcon_core.verb:set package 'my_drone_simulation' build argument 'cmake_target_skip_unavailable' from command line to 'False'
[4.037s] Level 5:colcon.colcon_core.verb:set package 'my_drone_simulation' build argument 'cmake_clean_cache' from command line to 'False'
[4.037s] Level 5:colcon.colcon_core.verb:set package 'my_drone_simulation' build argument 'cmake_clean_first' from command line to 'False'
[4.037s] Level 5:colcon.colcon_core.verb:set package 'my_drone_simulation' build argument 'cmake_force_configure' from command line to 'False'
[4.037s] Level 5:colcon.colcon_core.verb:set package 'my_drone_simulation' build argument 'ament_cmake_args' from command line to 'None'
[4.037s] Level 5:colcon.colcon_core.verb:set package 'my_drone_simulation' build argument 'catkin_cmake_args' from command line to 'None'
[4.037s] Level 5:colcon.colcon_core.verb:set package 'my_drone_simulation' build argument 'catkin_skip_building_tests' from command line to 'False'
[4.037s] DEBUG:colcon.colcon_core.verb:Building package 'my_drone_simulation' with the following arguments: {'ament_cmake_args': None, 'build_base': '/home/inlab22/Documents/automated_planogram_compliance-2/simulations/my_drone_simulation/build/my_drone_simulation', 'catkin_cmake_args': None, 'catkin_skip_building_tests': False, 'cmake_args': None, 'cmake_clean_cache': False, 'cmake_clean_first': False, 'cmake_force_configure': False, 'cmake_target': None, 'cmake_target_skip_unavailable': False, 'install_base': '/home/inlab22/Documents/automated_planogram_compliance-2/simulations/my_drone_simulation/install/my_drone_simulation', 'merge_install': False, 'path': '/home/inlab22/Documents/automated_planogram_compliance-2/simulations/my_drone_simulation', 'symlink_install': False, 'test_result_base': None}
[4.037s] INFO:colcon.colcon_core.executor:Executing jobs using 'parallel' executor
[4.038s] DEBUG:colcon.colcon_parallel_executor.executor.parallel:run_until_complete
[4.038s] INFO:colcon.colcon_ros.task.ament_python.build:Building ROS package in '/home/inlab22/Documents/automated_planogram_compliance-2/simulations/my_drone_simulation' with build type 'ament_python'
[4.038s] Level 1:colcon.colcon_core.shell:create_environment_hook('my_drone_simulation', 'ament_prefix_path')
[4.048s] INFO:colcon.colcon_core.plugin_system:Skipping extension 'colcon_core.shell.bat': Not used on non-Windows systems
[4.049s] INFO:colcon.colcon_core.shell:Creating environment hook '/home/inlab22/Documents/automated_planogram_compliance-2/simulations/my_drone_simulation/install/my_drone_simulation/share/my_drone_simulation/hook/ament_prefix_path.ps1'
[4.077s] INFO:colcon.colcon_core.shell:Creating environment descriptor '/home/inlab22/Documents/automated_planogram_compliance-2/simulations/my_drone_simulation/install/my_drone_simulation/share/my_drone_simulation/hook/ament_prefix_path.dsv'
[4.077s] INFO:colcon.colcon_core.shell:Creating environment hook '/home/inlab22/Documents/automated_planogram_compliance-2/simulations/my_drone_simulation/install/my_drone_simulation/share/my_drone_simulation/hook/ament_prefix_path.sh'
[4.078s] INFO:colcon.colcon_core.shell:Skip shell extension 'powershell' for command environment: Not usable outside of PowerShell
[4.078s] DEBUG:colcon.colcon_core.shell:Skip shell extension 'dsv' for command environment
[4.287s] INFO:colcon.colcon_core.task.python.build:Building Python package in '/home/inlab22/Documents/automated_planogram_compliance-2/simulations/my_drone_simulation'
[4.287s] INFO:colcon.colcon_core.shell:Skip shell extension 'powershell' for command environment: Not usable outside of PowerShell
[4.288s] DEBUG:colcon.colcon_core.shell:Skip shell extension 'dsv' for command environment
[4.815s] DEBUG:colcon.colcon_core.event_handler.log_command:Invoking command in '/home/inlab22/Documents/automated_planogram_compliance-2/simulations/my_drone_simulation': PS1=(.venv) \[\e]0;\u@\h: \w\a\]${debian_chroot:+($debian_chroot)}\[\033[01;32m\]\u@\h\[\033[00m\]:\[\033[01;34m\]\w\[\033[00m\]\$ PYTHONPATH=/home/inlab22/Documents/automated_planogram_compliance-2/simulations/my_drone_simulation/build/my_drone_simulation/prefix_override:/usr/lib/python3/dist-packages/colcon_core/task/python/colcon_distutils_commands:/home/inlab22/Documents/automated_planogram_compliance-2/simulations/my_drone_simulation/install/my_drone_simulation/lib/python3.10/site-packages: VIRTUAL_ENV_PROMPT=(.venv) /usr/bin/python3 -W ignore:setup.py install is deprecated setup.py egg_info --egg-base build/my_drone_simulation build --build-base /home/inlab22/Documents/automated_planogram_compliance-2/simulations/my_drone_simulation/build/my_drone_simulation/build install --record /home/inlab22/Documents/automated_planogram_compliance-2/simulations/my_drone_simulation/build/my_drone_simulation/install.log --single-version-externally-managed install_data
[5.158s] DEBUG:colcon.colcon_core.event_handler.log_command:Invoked command in '/home/inlab22/Documents/automated_planogram_compliance-2/simulations/my_drone_simulation' returned '0': PS1=(.venv) \[\e]0;\u@\h: \w\a\]${debian_chroot:+($debian_chroot)}\[\033[01;32m\]\u@\h\[\033[00m\]:\[\033[01;34m\]\w\[\033[00m\]\$ PYTHONPATH=/home/inlab22/Documents/automated_planogram_compliance-2/simulations/my_drone_simulation/build/my_drone_simulation/prefix_override:/usr/lib/python3/dist-packages/colcon_core/task/python/colcon_distutils_commands:/home/inlab22/Documents/automated_planogram_compliance-2/simulations/my_drone_simulation/install/my_drone_simulation/lib/python3.10/site-packages: VIRTUAL_ENV_PROMPT=(.venv) /usr/bin/python3 -W ignore:setup.py install is deprecated setup.py egg_info --egg-base build/my_drone_simulation build --build-base /home/inlab22/Documents/automated_planogram_compliance-2/simulations/my_drone_simulation/build/my_drone_simulation/build install --record /home/inlab22/Documents/automated_planogram_compliance-2/simulations/my_drone_simulation/build/my_drone_simulation/install.log --single-version-externally-managed install_data
[5.230s] Level 1:colcon.colcon_core.environment:checking '/home/inlab22/Documents/automated_planogram_compliance-2/simulations/my_drone_simulation/install/my_drone_simulation' for CMake module files
[5.230s] Level 1:colcon.colcon_core.environment:checking '/home/inlab22/Documents/automated_planogram_compliance-2/simulations/my_drone_simulation/install/my_drone_simulation' for CMake config files
[5.231s] Level 1:colcon.colcon_core.environment:checking '/home/inlab22/Documents/automated_planogram_compliance-2/simulations/my_drone_simulation/install/my_drone_simulation/lib'
[5.231s] Level 1:colcon.colcon_core.environment:checking '/home/inlab22/Documents/automated_planogram_compliance-2/simulations/my_drone_simulation/install/my_drone_simulation/bin'
[5.232s] Level 1:colcon.colcon_core.environment:checking '/home/inlab22/Documents/automated_planogram_compliance-2/simulations/my_drone_simulation/install/my_drone_simulation/lib/pkgconfig/my_drone_simulation.pc'
[5.232s] Level 1:colcon.colcon_core.environment:checking '/home/inlab22/Documents/automated_planogram_compliance-2/simulations/my_drone_simulation/install/my_drone_simulation/lib/python3.10/site-packages'
[5.232s] Level 1:colcon.colcon_core.shell:create_environment_hook('my_drone_simulation', 'pythonpath')
[5.232s] INFO:colcon.colcon_core.shell:Creating environment hook '/home/inlab22/Documents/automated_planogram_compliance-2/simulations/my_drone_simulation/install/my_drone_simulation/share/my_drone_simulation/hook/pythonpath.ps1'
[5.232s] INFO:colcon.colcon_core.shell:Creating environment descriptor '/home/inlab22/Documents/automated_planogram_compliance-2/simulations/my_drone_simulation/install/my_drone_simulation/share/my_drone_simulation/hook/pythonpath.dsv'
[5.233s] INFO:colcon.colcon_core.shell:Creating environment hook '/home/inlab22/Documents/automated_planogram_compliance-2/simulations/my_drone_simulation/install/my_drone_simulation/share/my_drone_simulation/hook/pythonpath.sh'
[5.233s] Level 1:colcon.colcon_core.environment:checking '/home/inlab22/Documents/automated_planogram_compliance-2/simulations/my_drone_simulation/install/my_drone_simulation/bin'
[5.233s] Level 1:colcon.colcon_core.environment:create_environment_scripts_only(my_drone_simulation)
[5.233s] INFO:colcon.colcon_core.shell:Creating package script '/home/inlab22/Documents/automated_planogram_compliance-2/simulations/my_drone_simulation/install/my_drone_simulation/share/my_drone_simulation/package.ps1'
[5.234s] INFO:colcon.colcon_core.shell:Creating package descriptor '/home/inlab22/Documents/automated_planogram_compliance-2/simulations/my_drone_simulation/install/my_drone_simulation/share/my_drone_simulation/package.dsv'
[5.235s] INFO:colcon.colcon_core.shell:Creating package script '/home/inlab22/Documents/automated_planogram_compliance-2/simulations/my_drone_simulation/install/my_drone_simulation/share/my_drone_simulation/package.sh'
[5.235s] INFO:colcon.colcon_core.shell:Creating package script '/home/inlab22/Documents/automated_planogram_compliance-2/simulations/my_drone_simulation/install/my_drone_simulation/share/my_drone_simulation/package.bash'
[5.246s] INFO:colcon.colcon_core.shell:Creating package script '/home/inlab22/Documents/automated_planogram_compliance-2/simulations/my_drone_simulation/install/my_drone_simulation/share/my_drone_simulation/package.zsh'
[5.257s] Level 1:colcon.colcon_core.environment:create_file_with_runtime_dependencies(/home/inlab22/Documents/automated_planogram_compliance-2/simulations/my_drone_simulation/install/my_drone_simulation/share/colcon-core/packages/my_drone_simulation)
[5.257s] DEBUG:colcon.colcon_parallel_executor.executor.parallel:closing loop
[5.258s] DEBUG:colcon.colcon_parallel_executor.executor.parallel:loop closed
[5.258s] DEBUG:colcon.colcon_parallel_executor.executor.parallel:run_until_complete finished with '0'
[5.258s] DEBUG:colcon.colcon_core.event_reactor:joining thread
[5.329s] INFO:colcon.colcon_core.plugin_system:Skipping extension 'colcon_notification.desktop_notification.terminal_notifier': Not used on non-Darwin systems
[5.329s] INFO:colcon.colcon_core.plugin_system:Skipping extension 'colcon_notification.desktop_notification.win32': Not used on non-Windows systems
[5.330s] INFO:colcon.colcon_notification.desktop_notification:Sending desktop notification using 'notify2'
[5.391s] DEBUG:colcon.colcon_core.event_reactor:joined thread
[5.391s] INFO:colcon.colcon_core.shell:Creating prefix script '/home/inlab22/Documents/automated_planogram_compliance-2/simulations/my_drone_simulation/install/local_setup.ps1'
[5.392s] INFO:colcon.colcon_core.shell:Creating prefix util module '/home/inlab22/Documents/automated_planogram_compliance-2/simulations/my_drone_simulation/install/_local_setup_util_ps1.py'
[5.393s] INFO:colcon.colcon_core.shell:Creating prefix chain script '/home/inlab22/Documents/automated_planogram_compliance-2/simulations/my_drone_simulation/install/setup.ps1'
[5.394s] INFO:colcon.colcon_core.shell:Creating prefix script '/home/inlab22/Documents/automated_planogram_compliance-2/simulations/my_drone_simulation/install/local_setup.sh'
[5.395s] INFO:colcon.colcon_core.shell:Creating prefix util module '/home/inlab22/Documents/automated_planogram_compliance-2/simulations/my_drone_simulation/install/_local_setup_util_sh.py'
[5.395s] INFO:colcon.colcon_core.shell:Creating prefix chain script '/home/inlab22/Documents/automated_planogram_compliance-2/simulations/my_drone_simulation/install/setup.sh'
[5.396s] INFO:colcon.colcon_core.shell:Creating prefix script '/home/inlab22/Documents/automated_planogram_compliance-2/simulations/my_drone_simulation/install/local_setup.bash'
[5.397s] INFO:colcon.colcon_core.shell:Creating prefix chain script '/home/inlab22/Documents/automated_planogram_compliance-2/simulations/my_drone_simulation/install/setup.bash'
[5.397s] INFO:colcon.colcon_core.shell:Creating prefix script '/home/inlab22/Documents/automated_planogram_compliance-2/simulations/my_drone_simulation/install/local_setup.zsh'
[5.398s] INFO:colcon.colcon_core.shell:Creating prefix chain script '/home/inlab22/Documents/automated_planogram_compliance-2/simulations/my_drone_simulation/install/setup.zsh'
