[0.672s] Invoking command in '/home/user/ros2_px4_offboard_example_ws/src/ROS2_PX4_Offboard_Example/px4_offboard': PYTHONPATH=/home/user/ros2_px4_offboard_example_ws/src/build/px4_offboard/prefix_override:/home/user/ros2_px4_offboard_example_ws/src/install/px4_offboard/lib/python3.10/site-packages:${PYTHONPATH} /usr/bin/python3 -W ignore:setup.py install is deprecated setup.py egg_info --egg-base ../../build/px4_offboard build --build-base /home/user/ros2_px4_offboard_example_ws/src/build/px4_offboard/build install --record /home/user/ros2_px4_offboard_example_ws/src/build/px4_offboard/install.log --single-version-externally-managed install_data
[0.888s] running egg_info
[0.902s] writing ../../build/px4_offboard/px4_offboard.egg-info/PKG-INFO
[0.903s] writing dependency_links to ../../build/px4_offboard/px4_offboard.egg-info/dependency_links.txt
[0.903s] writing entry points to ../../build/px4_offboard/px4_offboard.egg-info/entry_points.txt
[0.903s] writing requirements to ../../build/px4_offboard/px4_offboard.egg-info/requires.txt
[0.904s] writing top-level names to ../../build/px4_offboard/px4_offboard.egg-info/top_level.txt
[0.934s] reading manifest file '../../build/px4_offboard/px4_offboard.egg-info/SOURCES.txt'
[0.934s] adding license file 'LICENSE'
[0.935s] writing manifest file '../../build/px4_offboard/px4_offboard.egg-info/SOURCES.txt'
[0.935s] running build
[0.935s] running build_py
[0.935s] copying px4_offboard/velocity_control.py -> /home/user/ros2_px4_offboard_example_ws/src/build/px4_offboard/build/lib/px4_offboard
[0.935s] copying px4_offboard/control.py -> /home/user/ros2_px4_offboard_example_ws/src/build/px4_offboard/build/lib/px4_offboard
[0.936s] copying px4_offboard/processes.py -> /home/user/ros2_px4_offboard_example_ws/src/build/px4_offboard/build/lib/px4_offboard
[0.936s] copying px4_offboard/visualizer.py -> /home/user/ros2_px4_offboard_example_ws/src/build/px4_offboard/build/lib/px4_offboard
[0.936s] copying px4_offboard/__init__.py -> /home/user/ros2_px4_offboard_example_ws/src/build/px4_offboard/build/lib/px4_offboard
[0.936s] running install
[0.941s] running install_lib
[0.965s] running install_data
[0.965s] copying resource/px4_offboard -> /home/user/ros2_px4_offboard_example_ws/src/install/px4_offboard/share/ament_index/resource_index/packages
[0.965s] copying resource/visualize.rviz -> /home/user/ros2_px4_offboard_example_ws/src/install/px4_offboard/share/ament_index/resource_index/packages
[0.965s] copying package.xml -> /home/user/ros2_px4_offboard_example_ws/src/install/px4_offboard/share/px4_offboard
[0.965s] copying launch/offboard_velocity_control.launch.py -> /home/user/ros2_px4_offboard_example_ws/src/install/px4_offboard/share/px4_offboard
[0.965s] copying resource/visualize.rviz -> /home/user/ros2_px4_offboard_example_ws/src/install/px4_offboard/share/px4_offboard
[0.966s] running install_egg_info
[0.980s] removing '/home/user/ros2_px4_offboard_example_ws/src/install/px4_offboard/lib/python3.10/site-packages/px4_offboard-0.0.0-py3.10.egg-info' (and everything under it)
[0.981s] Copying ../../build/px4_offboard/px4_offboard.egg-info to /home/user/ros2_px4_offboard_example_ws/src/install/px4_offboard/lib/python3.10/site-packages/px4_offboard-0.0.0-py3.10.egg-info
[0.981s] running install_scripts
[1.107s] Installing control script to /home/user/ros2_px4_offboard_example_ws/src/install/px4_offboard/lib/px4_offboard
[1.107s] Installing offboard_control script to /home/user/ros2_px4_offboard_example_ws/src/install/px4_offboard/lib/px4_offboard
[1.107s] Installing processes script to /home/user/ros2_px4_offboard_example_ws/src/install/px4_offboard/lib/px4_offboard
[1.107s] Installing velocity_control script to /home/user/ros2_px4_offboard_example_ws/src/install/px4_offboard/lib/px4_offboard
[1.107s] Installing visualizer script to /home/user/ros2_px4_offboard_example_ws/src/install/px4_offboard/lib/px4_offboard
[1.107s] writing list of installed files to '/home/user/ros2_px4_offboard_example_ws/src/build/px4_offboard/install.log'
[1.126s] Invoked command in '/home/user/ros2_px4_offboard_example_ws/src/ROS2_PX4_Offboard_Example/px4_offboard' returned '0': PYTHONPATH=/home/user/ros2_px4_offboard_example_ws/src/build/px4_offboard/prefix_override:/home/user/ros2_px4_offboard_example_ws/src/install/px4_offboard/lib/python3.10/site-packages:${PYTHONPATH} /usr/bin/python3 -W ignore:setup.py install is deprecated setup.py egg_info --egg-base ../../build/px4_offboard build --build-base /home/user/ros2_px4_offboard_example_ws/src/build/px4_offboard/build install --record /home/user/ros2_px4_offboard_example_ws/src/build/px4_offboard/install.log --single-version-externally-managed install_data
