[0.008s] Invoking command in '/home/user/ws_offboard_control/build/px4_msgs': CMAKE_PREFIX_PATH=${CMAKE_PREFIX_PATH}:/opt/ros/humble PS1=(px4-venv) \[\e]0;\u@\h: \w\a\]${debian_chroot:+($debian_chroot)}\[\033[01;32m\]\u@\h\[\033[00m\]:\[\033[01;34m\]\w\[\033[00m\]\$ VIRTUAL_ENV_PROMPT=(px4-venv) /usr/bin/cmake /home/user/ws_offboard_control/src/px4_msgs -DCMAKE_INSTALL_PREFIX=/home/user/ws_offboard_control/install/px4_msgs
[0.018s] -- Found ament_cmake: 1.3.9 (/opt/ros/humble/share/ament_cmake/cmake)
[0.118s] -- Found builtin_interfaces: 1.2.1 (/opt/ros/humble/share/builtin_interfaces/cmake)
[0.140s] -- Found rosidl_generator_c: 3.1.5 (/opt/ros/humble/share/rosidl_generator_c/cmake)
[0.142s] -- Found rosidl_adapter: 3.1.5 (/opt/ros/humble/share/rosidl_adapter/cmake)
[0.147s] -- Found rosidl_generator_cpp: 3.1.5 (/opt/ros/humble/share/rosidl_generator_cpp/cmake)
[0.156s] -- Using all available rosidl_typesupport_c: rosidl_typesupport_fastrtps_c;rosidl_typesupport_introspection_c
[0.170s] -- Using all available rosidl_typesupport_cpp: rosidl_typesupport_fastrtps_cpp;rosidl_typesupport_introspection_cpp
[0.182s] -- Found rosidl_default_generators: 1.2.0 (/opt/ros/humble/share/rosidl_default_generators/cmake)
[1.665s] -- Found ament_cmake_cppcheck: 0.12.11 (/opt/ros/humble/share/ament_cmake_cppcheck/cmake)
[1.667s] -- Found ament_cmake_cpplint: 0.12.11 (/opt/ros/humble/share/ament_cmake_cpplint/cmake)
[1.669s] -- Found ament_cmake_uncrustify: 0.12.11 (/opt/ros/humble/share/ament_cmake_uncrustify/cmake)
[1.670s] -- Found ament_cmake_ros: 0.10.0 (/opt/ros/humble/share/ament_cmake_ros/cmake)
[1.999s] -- Using all available rosidl_typesupport_c: rosidl_typesupport_fastrtps_c;rosidl_typesupport_introspection_c
[2.126s] -- Using all available rosidl_typesupport_cpp: rosidl_typesupport_fastrtps_cpp;rosidl_typesupport_introspection_cpp
[2.146s] -- Found PythonInterp: /home/user/px4-venv/bin/python3 (found suitable version "3.10.12", minimum required is "3.6") 
[2.148s] -- Found python_cmake_module: 0.10.0 (/opt/ros/humble/share/python_cmake_module/cmake)
[2.168s] -- Found PythonLibs: /usr/lib/x86_64-linux-gnu/libpython3.10.so (found suitable version "3.10.12", minimum required is "3.5") 
[2.168s] -- Using PYTHON_EXECUTABLE: /home/user/px4-venv/bin/python3
[2.168s] -- Using PYTHON_INCLUDE_DIRS: /usr/include/python3.10
[2.168s] -- Using PYTHON_LIBRARIES: /usr/lib/x86_64-linux-gnu/libpython3.10.so
[2.185s] -- Found PythonExtra: .so  
[2.241s] -- Found ament_cmake_flake8: 0.12.11 (/opt/ros/humble/share/ament_cmake_flake8/cmake)
[2.243s] -- Found ament_cmake_pep257: 0.12.11 (/opt/ros/humble/share/ament_cmake_pep257/cmake)
[2.255s] -- Configuring done
[2.580s] -- Generating done
[2.582s] -- Build files have been written to: /home/user/ws_offboard_control/build/px4_msgs
[2.595s] Invoked command in '/home/user/ws_offboard_control/build/px4_msgs' returned '0': CMAKE_PREFIX_PATH=${CMAKE_PREFIX_PATH}:/opt/ros/humble PS1=(px4-venv) \[\e]0;\u@\h: \w\a\]${debian_chroot:+($debian_chroot)}\[\033[01;32m\]\u@\h\[\033[00m\]:\[\033[01;34m\]\w\[\033[00m\]\$ VIRTUAL_ENV_PROMPT=(px4-venv) /usr/bin/cmake /home/user/ws_offboard_control/src/px4_msgs -DCMAKE_INSTALL_PREFIX=/home/user/ws_offboard_control/install/px4_msgs
[2.597s] Invoking command in '/home/user/ws_offboard_control/build/px4_msgs': CMAKE_PREFIX_PATH=${CMAKE_PREFIX_PATH}:/opt/ros/humble PS1=(px4-venv) \[\e]0;\u@\h: \w\a\]${debian_chroot:+($debian_chroot)}\[\033[01;32m\]\u@\h\[\033[00m\]:\[\033[01;34m\]\w\[\033[00m\]\$ VIRTUAL_ENV_PROMPT=(px4-venv) /usr/bin/cmake --build /home/user/ws_offboard_control/build/px4_msgs -- -j12 -l12
[3.180s] [  0%] [34m[1mGenerating C code for ROS interfaces[0m
[3.185s] [  0%] Built target ament_cmake_python_copy_px4_msgs
[3.196s] [  0%] [34m[1mGenerating C++ code for ROS interfaces[0m
[3.216s] Traceback (most recent call last):
[3.216s]   File "/opt/ros/humble/share/rosidl_generator_c/cmake/../../../lib/rosidl_generator_c/rosidl_generator_c", line 8, in <module>
[3.216s]     from rosidl_generator_c import generate_c
[3.217s]   File "/opt/ros/humble/local/lib/python3.10/dist-packages/rosidl_generator_c/__init__.py", line 15, in <module>
[3.217s]     from rosidl_cmake import convert_camel_case_to_lower_case_underscore
[3.217s]   File "/opt/ros/humble/local/lib/python3.10/dist-packages/rosidl_cmake/__init__.py", line 24, in <module>
[3.217s]     from rosidl_parser.parser import parse_idl_file
[3.217s]   File "/opt/ros/humble/local/lib/python3.10/dist-packages/rosidl_parser/parser.py", line 20, in <module>
[3.217s]     from lark import Lark
[3.217s] ModuleNotFoundError: No module named 'lark'
[3.221s] gmake[2]: *** [CMakeFiles/px4_msgs__rosidl_generator_c.dir/build.make:304: rosidl_generator_c/px4_msgs/msg/action_request.h] Error 1
[3.222s] gmake[1]: *** [CMakeFiles/Makefile2:212: CMakeFiles/px4_msgs__rosidl_generator_c.dir/all] Error 2
[3.222s] gmake[1]: *** Waiting for unfinished jobs....
[3.233s] Traceback (most recent call last):
[3.234s]   File "/opt/ros/humble/share/rosidl_generator_cpp/cmake/../../../lib/rosidl_generator_cpp/rosidl_generator_cpp", line 8, in <module>
[3.234s]     from rosidl_generator_cpp import generate_cpp
[3.234s]   File "/opt/ros/humble/local/lib/python3.10/dist-packages/rosidl_generator_cpp/__init__.py", line 17, in <module>
[3.234s]     from rosidl_cmake import generate_files
[3.234s]   File "/opt/ros/humble/local/lib/python3.10/dist-packages/rosidl_cmake/__init__.py", line 24, in <module>
[3.234s]     from rosidl_parser.parser import parse_idl_file
[3.234s]   File "/opt/ros/humble/local/lib/python3.10/dist-packages/rosidl_parser/parser.py", line 20, in <module>
[3.234s]     from lark import Lark
[3.234s] ModuleNotFoundError: No module named 'lark'
[3.238s] gmake[2]: *** [CMakeFiles/px4_msgs__cpp.dir/build.make:1168: rosidl_generator_cpp/px4_msgs/msg/action_request.hpp] Error 1
[3.238s] gmake[1]: *** [CMakeFiles/Makefile2:265: CMakeFiles/px4_msgs__cpp.dir/all] Error 2
[3.348s] running egg_info
[3.349s] creating px4_msgs.egg-info
[3.349s] writing px4_msgs.egg-info/PKG-INFO
[3.349s] writing dependency_links to px4_msgs.egg-info/dependency_links.txt
[3.349s] writing top-level names to px4_msgs.egg-info/top_level.txt
[3.350s] writing manifest file 'px4_msgs.egg-info/SOURCES.txt'
[3.351s] reading manifest file 'px4_msgs.egg-info/SOURCES.txt'
[3.352s] writing manifest file 'px4_msgs.egg-info/SOURCES.txt'
[3.372s] [  0%] Built target ament_cmake_python_build_px4_msgs_egg
[3.373s] gmake: *** [Makefile:146: all] Error 2
[3.376s] Invoked command in '/home/user/ws_offboard_control/build/px4_msgs' returned '2': CMAKE_PREFIX_PATH=${CMAKE_PREFIX_PATH}:/opt/ros/humble PS1=(px4-venv) \[\e]0;\u@\h: \w\a\]${debian_chroot:+($debian_chroot)}\[\033[01;32m\]\u@\h\[\033[00m\]:\[\033[01;34m\]\w\[\033[00m\]\$ VIRTUAL_ENV_PROMPT=(px4-venv) /usr/bin/cmake --build /home/user/ws_offboard_control/build/px4_msgs -- -j12 -l12
