[0.736s] DEBUG:colcon:Command line arguments: ['/usr/bin/colcon', 'build']
[0.736s] DEBUG:colcon:Parsed command line arguments: Namespace(log_base=None, log_level=None, verb_name='build', build_base='build', install_base='install', merge_install=False, symlink_install=False, test_result_base=None, continue_on_error=False, executor='parallel', parallel_workers=12, event_handlers=None, ignore_user_meta=False, metas=['./colcon.meta'], base_paths=['.'], packages_ignore=None, packages_ignore_regex=None, paths=None, packages_up_to=None, packages_up_to_regex=None, packages_above=None, packages_above_and_dependencies=None, packages_above_depth=None, packages_select_by_dep=None, packages_skip_by_dep=None, packages_skip_up_to=None, packages_select_build_failed=False, packages_skip_build_finished=False, packages_select_test_failures=False, packages_skip_test_passed=False, packages_select=None, packages_skip=None, packages_select_regex=None, packages_skip_regex=None, packages_start=None, packages_end=None, allow_overriding=[], cmake_args=None, cmake_target=None, cmake_target_skip_unavailable=False, cmake_clean_cache=False, cmake_clean_first=False, cmake_force_configure=False, ament_cmake_args=None, catkin_cmake_args=None, catkin_skip_building_tests=False, mixin_files=None, mixin=None, verb_parser=<colcon_mixin.mixin.mixin_argument.MixinArgumentDecorator object at 0x786ca9f3aa70>, verb_extension=<colcon_core.verb.build.BuildVerb object at 0x786ca9f3a200>, main=<bound method BuildVerb.main of <colcon_core.verb.build.BuildVerb object at 0x786ca9f3a200>>, mixin_verb=('build',))
[0.882s] Level 1:colcon.colcon_core.package_discovery:discover_packages(colcon_meta) check parameters
[0.882s] Level 1:colcon.colcon_core.package_discovery:discover_packages(recursive) check parameters
[0.882s] Level 1:colcon.colcon_core.package_discovery:discover_packages(ignore) check parameters
[0.882s] Level 1:colcon.colcon_core.package_discovery:discover_packages(path) check parameters
[0.882s] Level 1:colcon.colcon_core.package_discovery:discover_packages(colcon_meta) discover
[0.882s] Level 1:colcon.colcon_core.package_discovery:discover_packages(recursive) discover
[0.882s] INFO:colcon.colcon_core.package_discovery:Crawling recursively for packages in '/home/user/Documents/automated_planogram_compliance/simulations/ros2_px4_offboard_example_ws'
[0.882s] Level 1:colcon.colcon_core.package_identification:_identify(.) by extensions ['ignore', 'ignore_ament_install']
[0.882s] Level 1:colcon.colcon_core.package_identification:_identify(.) by extension 'ignore'
[0.882s] Level 1:colcon.colcon_core.package_identification:_identify(.) by extension 'ignore_ament_install'
[0.882s] Level 1:colcon.colcon_core.package_identification:_identify(.) by extensions ['colcon_pkg']
[0.883s] Level 1:colcon.colcon_core.package_identification:_identify(.) by extension 'colcon_pkg'
[0.883s] Level 1:colcon.colcon_core.package_identification:_identify(.) by extensions ['colcon_meta']
[0.883s] Level 1:colcon.colcon_core.package_identification:_identify(.) by extension 'colcon_meta'
[0.883s] Level 1:colcon.colcon_core.package_identification:_identify(.) by extensions ['ros']
[0.883s] Level 1:colcon.colcon_core.package_identification:_identify(.) by extension 'ros'
[1.005s] Level 1:colcon.colcon_core.package_identification:_identify(.) by extensions ['cmake', 'python']
[1.005s] Level 1:colcon.colcon_core.package_identification:_identify(.) by extension 'cmake'
[1.005s] Level 1:colcon.colcon_core.package_identification:_identify(.) by extension 'python'
[1.005s] Level 1:colcon.colcon_core.package_identification:_identify(.) by extensions ['python_setup_py']
[1.005s] Level 1:colcon.colcon_core.package_identification:_identify(.) by extension 'python_setup_py'
[1.005s] Level 1:colcon.colcon_core.package_identification:_identify(build) by extensions ['ignore', 'ignore_ament_install']
[1.005s] Level 1:colcon.colcon_core.package_identification:_identify(build) by extension 'ignore'
[1.005s] Level 1:colcon.colcon_core.package_identification:_identify(build) ignored
[1.006s] Level 1:colcon.colcon_core.package_identification:_identify(install) by extensions ['ignore', 'ignore_ament_install']
[1.006s] Level 1:colcon.colcon_core.package_identification:_identify(install) by extension 'ignore'
[1.006s] Level 1:colcon.colcon_core.package_identification:_identify(install) ignored
[1.006s] Level 1:colcon.colcon_core.package_identification:_identify(log) by extensions ['ignore', 'ignore_ament_install']
[1.006s] Level 1:colcon.colcon_core.package_identification:_identify(log) by extension 'ignore'
[1.006s] Level 1:colcon.colcon_core.package_identification:_identify(log) ignored
[1.006s] Level 1:colcon.colcon_core.package_identification:_identify(src) by extensions ['ignore', 'ignore_ament_install']
[1.006s] Level 1:colcon.colcon_core.package_identification:_identify(src) by extension 'ignore'
[1.006s] Level 1:colcon.colcon_core.package_identification:_identify(src) by extension 'ignore_ament_install'
[1.007s] Level 1:colcon.colcon_core.package_identification:_identify(src) by extensions ['colcon_pkg']
[1.007s] Level 1:colcon.colcon_core.package_identification:_identify(src) by extension 'colcon_pkg'
[1.007s] Level 1:colcon.colcon_core.package_identification:_identify(src) by extensions ['colcon_meta']
[1.007s] Level 1:colcon.colcon_core.package_identification:_identify(src) by extension 'colcon_meta'
[1.007s] Level 1:colcon.colcon_core.package_identification:_identify(src) by extensions ['ros']
[1.007s] Level 1:colcon.colcon_core.package_identification:_identify(src) by extension 'ros'
[1.007s] Level 1:colcon.colcon_core.package_identification:_identify(src) by extensions ['cmake', 'python']
[1.007s] Level 1:colcon.colcon_core.package_identification:_identify(src) by extension 'cmake'
[1.007s] Level 1:colcon.colcon_core.package_identification:_identify(src) by extension 'python'
[1.007s] Level 1:colcon.colcon_core.package_identification:_identify(src) by extensions ['python_setup_py']
[1.007s] Level 1:colcon.colcon_core.package_identification:_identify(src) by extension 'python_setup_py'
[1.007s] Level 1:colcon.colcon_core.package_identification:_identify(src/ROS2_PX4_Offboard_Example) by extensions ['ignore', 'ignore_ament_install']
[1.007s] Level 1:colcon.colcon_core.package_identification:_identify(src/ROS2_PX4_Offboard_Example) by extension 'ignore'
[1.008s] Level 1:colcon.colcon_core.package_identification:_identify(src/ROS2_PX4_Offboard_Example) by extension 'ignore_ament_install'
[1.008s] Level 1:colcon.colcon_core.package_identification:_identify(src/ROS2_PX4_Offboard_Example) by extensions ['colcon_pkg']
[1.008s] Level 1:colcon.colcon_core.package_identification:_identify(src/ROS2_PX4_Offboard_Example) by extension 'colcon_pkg'
[1.008s] Level 1:colcon.colcon_core.package_identification:_identify(src/ROS2_PX4_Offboard_Example) by extensions ['colcon_meta']
[1.008s] Level 1:colcon.colcon_core.package_identification:_identify(src/ROS2_PX4_Offboard_Example) by extension 'colcon_meta'
[1.008s] Level 1:colcon.colcon_core.package_identification:_identify(src/ROS2_PX4_Offboard_Example) by extensions ['ros']
[1.008s] Level 1:colcon.colcon_core.package_identification:_identify(src/ROS2_PX4_Offboard_Example) by extension 'ros'
[1.008s] Level 1:colcon.colcon_core.package_identification:_identify(src/ROS2_PX4_Offboard_Example) by extensions ['cmake', 'python']
[1.008s] Level 1:colcon.colcon_core.package_identification:_identify(src/ROS2_PX4_Offboard_Example) by extension 'cmake'
[1.008s] Level 1:colcon.colcon_core.package_identification:_identify(src/ROS2_PX4_Offboard_Example) by extension 'python'
[1.008s] Level 1:colcon.colcon_core.package_identification:_identify(src/ROS2_PX4_Offboard_Example) by extensions ['python_setup_py']
[1.008s] Level 1:colcon.colcon_core.package_identification:_identify(src/ROS2_PX4_Offboard_Example) by extension 'python_setup_py'
[1.009s] Level 1:colcon.colcon_core.package_identification:_identify(src/ROS2_PX4_Offboard_Example/px4_offboard) by extensions ['ignore', 'ignore_ament_install']
[1.009s] Level 1:colcon.colcon_core.package_identification:_identify(src/ROS2_PX4_Offboard_Example/px4_offboard) by extension 'ignore'
[1.009s] Level 1:colcon.colcon_core.package_identification:_identify(src/ROS2_PX4_Offboard_Example/px4_offboard) by extension 'ignore_ament_install'
[1.009s] Level 1:colcon.colcon_core.package_identification:_identify(src/ROS2_PX4_Offboard_Example/px4_offboard) by extensions ['colcon_pkg']
[1.009s] Level 1:colcon.colcon_core.package_identification:_identify(src/ROS2_PX4_Offboard_Example/px4_offboard) by extension 'colcon_pkg'
[1.009s] Level 1:colcon.colcon_core.package_identification:_identify(src/ROS2_PX4_Offboard_Example/px4_offboard) by extensions ['colcon_meta']
[1.009s] Level 1:colcon.colcon_core.package_identification:_identify(src/ROS2_PX4_Offboard_Example/px4_offboard) by extension 'colcon_meta'
[1.009s] Level 1:colcon.colcon_core.package_identification:_identify(src/ROS2_PX4_Offboard_Example/px4_offboard) by extensions ['ros']
[1.009s] Level 1:colcon.colcon_core.package_identification:_identify(src/ROS2_PX4_Offboard_Example/px4_offboard) by extension 'ros'
[1.040s] DEBUG:colcon.colcon_core.package_identification:Package 'src/ROS2_PX4_Offboard_Example/px4_offboard' with type 'ros.ament_python' and name 'px4_offboard'
[1.040s] Level 1:colcon.colcon_core.package_identification:_identify(src/build) by extensions ['ignore', 'ignore_ament_install']
[1.040s] Level 1:colcon.colcon_core.package_identification:_identify(src/build) by extension 'ignore'
[1.041s] Level 1:colcon.colcon_core.package_identification:_identify(src/build) ignored
[1.041s] Level 1:colcon.colcon_core.package_identification:_identify(src/install) by extensions ['ignore', 'ignore_ament_install']
[1.041s] Level 1:colcon.colcon_core.package_identification:_identify(src/install) by extension 'ignore'
[1.042s] Level 1:colcon.colcon_core.package_identification:_identify(src/install) ignored
[1.042s] Level 1:colcon.colcon_core.package_identification:_identify(src/log) by extensions ['ignore', 'ignore_ament_install']
[1.042s] Level 1:colcon.colcon_core.package_identification:_identify(src/log) by extension 'ignore'
[1.043s] Level 1:colcon.colcon_core.package_identification:_identify(src/log) ignored
[1.043s] Level 1:colcon.colcon_core.package_identification:_identify(src/px4_msgs) by extensions ['ignore', 'ignore_ament_install']
[1.043s] Level 1:colcon.colcon_core.package_identification:_identify(src/px4_msgs) by extension 'ignore'
[1.044s] Level 1:colcon.colcon_core.package_identification:_identify(src/px4_msgs) by extension 'ignore_ament_install'
[1.044s] Level 1:colcon.colcon_core.package_identification:_identify(src/px4_msgs) by extensions ['colcon_pkg']
[1.044s] Level 1:colcon.colcon_core.package_identification:_identify(src/px4_msgs) by extension 'colcon_pkg'
[1.044s] Level 1:colcon.colcon_core.package_identification:_identify(src/px4_msgs) by extensions ['colcon_meta']
[1.044s] Level 1:colcon.colcon_core.package_identification:_identify(src/px4_msgs) by extension 'colcon_meta'
[1.045s] Level 1:colcon.colcon_core.package_identification:_identify(src/px4_msgs) by extensions ['ros']
[1.045s] Level 1:colcon.colcon_core.package_identification:_identify(src/px4_msgs) by extension 'ros'
[1.073s] DEBUG:colcon.colcon_core.package_identification:Package 'src/px4_msgs' with type 'ros.ament_cmake' and name 'px4_msgs'
[1.073s] Level 1:colcon.colcon_core.package_discovery:discover_packages(recursive) using defaults
[1.074s] Level 1:colcon.colcon_core.package_discovery:discover_packages(ignore) discover
[1.074s] Level 1:colcon.colcon_core.package_discovery:discover_packages(ignore) using defaults
[1.074s] Level 1:colcon.colcon_core.package_discovery:discover_packages(path) discover
[1.074s] Level 1:colcon.colcon_core.package_discovery:discover_packages(path) using defaults
[1.265s] Level 1:colcon.colcon_core.package_discovery:discover_packages(prefix_path) check parameters
[1.265s] Level 1:colcon.colcon_core.package_discovery:discover_packages(prefix_path) discover
[1.317s] DEBUG:colcon.colcon_installed_package_information.package_discovery:Found 1 installed packages in /home/user/ros2_ws/install
[1.389s] DEBUG:colcon.colcon_installed_package_information.package_discovery:Found 283 installed packages in /opt/ros/humble
[1.395s] Level 1:colcon.colcon_core.package_discovery:discover_packages(prefix_path) using defaults
[3.931s] Level 5:colcon.colcon_core.verb:set package 'px4_msgs' build argument 'cmake_args' from command line to 'None'
[3.931s] Level 5:colcon.colcon_core.verb:set package 'px4_msgs' build argument 'cmake_target' from command line to 'None'
[3.931s] Level 5:colcon.colcon_core.verb:set package 'px4_msgs' build argument 'cmake_target_skip_unavailable' from command line to 'False'
[3.931s] Level 5:colcon.colcon_core.verb:set package 'px4_msgs' build argument 'cmake_clean_cache' from command line to 'False'
[3.931s] Level 5:colcon.colcon_core.verb:set package 'px4_msgs' build argument 'cmake_clean_first' from command line to 'False'
[3.931s] Level 5:colcon.colcon_core.verb:set package 'px4_msgs' build argument 'cmake_force_configure' from command line to 'False'
[3.931s] Level 5:colcon.colcon_core.verb:set package 'px4_msgs' build argument 'ament_cmake_args' from command line to 'None'
[3.931s] Level 5:colcon.colcon_core.verb:set package 'px4_msgs' build argument 'catkin_cmake_args' from command line to 'None'
[3.931s] Level 5:colcon.colcon_core.verb:set package 'px4_msgs' build argument 'catkin_skip_building_tests' from command line to 'False'
[3.932s] DEBUG:colcon.colcon_core.verb:Building package 'px4_msgs' with the following arguments: {'ament_cmake_args': None, 'build_base': '/home/user/Documents/automated_planogram_compliance/simulations/ros2_px4_offboard_example_ws/build/px4_msgs', 'catkin_cmake_args': None, 'catkin_skip_building_tests': False, 'cmake_args': None, 'cmake_clean_cache': False, 'cmake_clean_first': False, 'cmake_force_configure': False, 'cmake_target': None, 'cmake_target_skip_unavailable': False, 'install_base': '/home/user/Documents/automated_planogram_compliance/simulations/ros2_px4_offboard_example_ws/install/px4_msgs', 'merge_install': False, 'path': '/home/user/Documents/automated_planogram_compliance/simulations/ros2_px4_offboard_example_ws/src/px4_msgs', 'symlink_install': False, 'test_result_base': None}
[3.932s] Level 5:colcon.colcon_core.verb:set package 'px4_offboard' build argument 'cmake_args' from command line to 'None'
[3.932s] Level 5:colcon.colcon_core.verb:set package 'px4_offboard' build argument 'cmake_target' from command line to 'None'
[3.932s] Level 5:colcon.colcon_core.verb:set package 'px4_offboard' build argument 'cmake_target_skip_unavailable' from command line to 'False'
[3.932s] Level 5:colcon.colcon_core.verb:set package 'px4_offboard' build argument 'cmake_clean_cache' from command line to 'False'
[3.932s] Level 5:colcon.colcon_core.verb:set package 'px4_offboard' build argument 'cmake_clean_first' from command line to 'False'
[3.932s] Level 5:colcon.colcon_core.verb:set package 'px4_offboard' build argument 'cmake_force_configure' from command line to 'False'
[3.932s] Level 5:colcon.colcon_core.verb:set package 'px4_offboard' build argument 'ament_cmake_args' from command line to 'None'
[3.932s] Level 5:colcon.colcon_core.verb:set package 'px4_offboard' build argument 'catkin_cmake_args' from command line to 'None'
[3.932s] Level 5:colcon.colcon_core.verb:set package 'px4_offboard' build argument 'catkin_skip_building_tests' from command line to 'False'
[3.932s] DEBUG:colcon.colcon_core.verb:Building package 'px4_offboard' with the following arguments: {'ament_cmake_args': None, 'build_base': '/home/user/Documents/automated_planogram_compliance/simulations/ros2_px4_offboard_example_ws/build/px4_offboard', 'catkin_cmake_args': None, 'catkin_skip_building_tests': False, 'cmake_args': None, 'cmake_clean_cache': False, 'cmake_clean_first': False, 'cmake_force_configure': False, 'cmake_target': None, 'cmake_target_skip_unavailable': False, 'install_base': '/home/user/Documents/automated_planogram_compliance/simulations/ros2_px4_offboard_example_ws/install/px4_offboard', 'merge_install': False, 'path': '/home/user/Documents/automated_planogram_compliance/simulations/ros2_px4_offboard_example_ws/src/ROS2_PX4_Offboard_Example/px4_offboard', 'symlink_install': False, 'test_result_base': None}
[3.932s] INFO:colcon.colcon_core.executor:Executing jobs using 'parallel' executor
[3.933s] DEBUG:colcon.colcon_parallel_executor.executor.parallel:run_until_complete
[3.933s] INFO:colcon.colcon_ros.task.ament_cmake.build:Building ROS package in '/home/user/Documents/automated_planogram_compliance/simulations/ros2_px4_offboard_example_ws/src/px4_msgs' with build type 'ament_cmake'
[3.934s] INFO:colcon.colcon_cmake.task.cmake.build:Building CMake package in '/home/user/Documents/automated_planogram_compliance/simulations/ros2_px4_offboard_example_ws/src/px4_msgs'
[3.986s] INFO:colcon.colcon_core.plugin_system:Skipping extension 'colcon_core.shell.bat': Not used on non-Windows systems
[3.987s] INFO:colcon.colcon_core.shell:Skip shell extension 'powershell' for command environment: Not usable outside of PowerShell
[3.987s] DEBUG:colcon.colcon_core.shell:Skip shell extension 'dsv' for command environment
[4.070s] DEBUG:colcon.colcon_core.event_handler.log_command:Invoking command in '/home/user/Documents/automated_planogram_compliance/simulations/ros2_px4_offboard_example_ws/build/px4_msgs': CMAKE_PREFIX_PATH=${CMAKE_PREFIX_PATH}:/opt/ros/humble /usr/bin/cmake --build /home/user/Documents/automated_planogram_compliance/simulations/ros2_px4_offboard_example_ws/build/px4_msgs -- -j12 -l12
[9.897s] DEBUG:colcon.colcon_core.event_handler.log_command:Invoked command in '/home/user/Documents/automated_planogram_compliance/simulations/ros2_px4_offboard_example_ws/build/px4_msgs' returned '0': CMAKE_PREFIX_PATH=${CMAKE_PREFIX_PATH}:/opt/ros/humble /usr/bin/cmake --build /home/user/Documents/automated_planogram_compliance/simulations/ros2_px4_offboard_example_ws/build/px4_msgs -- -j12 -l12
[13.921s] DEBUG:colcon.colcon_core.event_handler.log_command:Invoking command in '/home/user/Documents/automated_planogram_compliance/simulations/ros2_px4_offboard_example_ws/build/px4_msgs': CMAKE_PREFIX_PATH=${CMAKE_PREFIX_PATH}:/opt/ros/humble /usr/bin/cmake --install /home/user/Documents/automated_planogram_compliance/simulations/ros2_px4_offboard_example_ws/build/px4_msgs
[14.568s] Level 1:colcon.colcon_core.environment:create_environment_scripts_only(px4_msgs)
[14.569s] DEBUG:colcon.colcon_core.event_handler.log_command:Invoked command in '/home/user/Documents/automated_planogram_compliance/simulations/ros2_px4_offboard_example_ws/build/px4_msgs' returned '0': CMAKE_PREFIX_PATH=${CMAKE_PREFIX_PATH}:/opt/ros/humble /usr/bin/cmake --install /home/user/Documents/automated_planogram_compliance/simulations/ros2_px4_offboard_example_ws/build/px4_msgs
[14.655s] Level 1:colcon.colcon_core.environment:checking '/home/user/Documents/automated_planogram_compliance/simulations/ros2_px4_offboard_example_ws/install/px4_msgs' for CMake module files
[14.656s] Level 1:colcon.colcon_core.environment:checking '/home/user/Documents/automated_planogram_compliance/simulations/ros2_px4_offboard_example_ws/install/px4_msgs' for CMake config files
[14.660s] Level 1:colcon.colcon_core.shell:create_environment_hook('px4_msgs', 'cmake_prefix_path')
[14.660s] INFO:colcon.colcon_core.shell:Creating environment hook '/home/user/Documents/automated_planogram_compliance/simulations/ros2_px4_offboard_example_ws/install/px4_msgs/share/px4_msgs/hook/cmake_prefix_path.ps1'
[14.660s] INFO:colcon.colcon_core.shell:Creating environment descriptor '/home/user/Documents/automated_planogram_compliance/simulations/ros2_px4_offboard_example_ws/install/px4_msgs/share/px4_msgs/hook/cmake_prefix_path.dsv'
[14.661s] INFO:colcon.colcon_core.shell:Creating environment hook '/home/user/Documents/automated_planogram_compliance/simulations/ros2_px4_offboard_example_ws/install/px4_msgs/share/px4_msgs/hook/cmake_prefix_path.sh'
[14.661s] Level 1:colcon.colcon_core.environment:checking '/home/user/Documents/automated_planogram_compliance/simulations/ros2_px4_offboard_example_ws/install/px4_msgs/lib'
[14.661s] Level 1:colcon.colcon_core.shell:create_environment_hook('px4_msgs', 'ld_library_path_lib')
[14.662s] INFO:colcon.colcon_core.shell:Creating environment hook '/home/user/Documents/automated_planogram_compliance/simulations/ros2_px4_offboard_example_ws/install/px4_msgs/share/px4_msgs/hook/ld_library_path_lib.ps1'
[14.662s] INFO:colcon.colcon_core.shell:Creating environment descriptor '/home/user/Documents/automated_planogram_compliance/simulations/ros2_px4_offboard_example_ws/install/px4_msgs/share/px4_msgs/hook/ld_library_path_lib.dsv'
[14.662s] INFO:colcon.colcon_core.shell:Creating environment hook '/home/user/Documents/automated_planogram_compliance/simulations/ros2_px4_offboard_example_ws/install/px4_msgs/share/px4_msgs/hook/ld_library_path_lib.sh'
[14.662s] Level 1:colcon.colcon_core.environment:checking '/home/user/Documents/automated_planogram_compliance/simulations/ros2_px4_offboard_example_ws/install/px4_msgs/bin'
[14.662s] Level 1:colcon.colcon_core.environment:checking '/home/user/Documents/automated_planogram_compliance/simulations/ros2_px4_offboard_example_ws/install/px4_msgs/lib/pkgconfig/px4_msgs.pc'
[14.663s] Level 1:colcon.colcon_core.environment:checking '/home/user/Documents/automated_planogram_compliance/simulations/ros2_px4_offboard_example_ws/install/px4_msgs/lib/python3.10/site-packages'
[14.663s] Level 1:colcon.colcon_core.environment:checking '/home/user/Documents/automated_planogram_compliance/simulations/ros2_px4_offboard_example_ws/install/px4_msgs/bin'
[14.663s] INFO:colcon.colcon_core.shell:Creating package script '/home/user/Documents/automated_planogram_compliance/simulations/ros2_px4_offboard_example_ws/install/px4_msgs/share/px4_msgs/package.ps1'
[14.664s] INFO:colcon.colcon_core.shell:Creating package descriptor '/home/user/Documents/automated_planogram_compliance/simulations/ros2_px4_offboard_example_ws/install/px4_msgs/share/px4_msgs/package.dsv'
[14.664s] INFO:colcon.colcon_core.shell:Creating package script '/home/user/Documents/automated_planogram_compliance/simulations/ros2_px4_offboard_example_ws/install/px4_msgs/share/px4_msgs/package.sh'
[14.665s] INFO:colcon.colcon_core.shell:Creating package script '/home/user/Documents/automated_planogram_compliance/simulations/ros2_px4_offboard_example_ws/install/px4_msgs/share/px4_msgs/package.bash'
[14.665s] INFO:colcon.colcon_core.shell:Creating package script '/home/user/Documents/automated_planogram_compliance/simulations/ros2_px4_offboard_example_ws/install/px4_msgs/share/px4_msgs/package.zsh'
[14.666s] Level 1:colcon.colcon_core.environment:create_file_with_runtime_dependencies(/home/user/Documents/automated_planogram_compliance/simulations/ros2_px4_offboard_example_ws/install/px4_msgs/share/colcon-core/packages/px4_msgs)
[18.521s] Level 1:colcon.colcon_core.environment:create_environment_scripts_only(px4_msgs)
[18.522s] Level 1:colcon.colcon_core.environment:checking '/home/user/Documents/automated_planogram_compliance/simulations/ros2_px4_offboard_example_ws/install/px4_msgs' for CMake module files
[18.522s] Level 1:colcon.colcon_core.environment:checking '/home/user/Documents/automated_planogram_compliance/simulations/ros2_px4_offboard_example_ws/install/px4_msgs' for CMake config files
[18.526s] Level 1:colcon.colcon_core.shell:create_environment_hook('px4_msgs', 'cmake_prefix_path')
[18.526s] INFO:colcon.colcon_core.shell:Creating environment hook '/home/user/Documents/automated_planogram_compliance/simulations/ros2_px4_offboard_example_ws/install/px4_msgs/share/px4_msgs/hook/cmake_prefix_path.ps1'
[18.526s] INFO:colcon.colcon_core.shell:Creating environment descriptor '/home/user/Documents/automated_planogram_compliance/simulations/ros2_px4_offboard_example_ws/install/px4_msgs/share/px4_msgs/hook/cmake_prefix_path.dsv'
[18.527s] INFO:colcon.colcon_core.shell:Creating environment hook '/home/user/Documents/automated_planogram_compliance/simulations/ros2_px4_offboard_example_ws/install/px4_msgs/share/px4_msgs/hook/cmake_prefix_path.sh'
[18.527s] Level 1:colcon.colcon_core.environment:checking '/home/user/Documents/automated_planogram_compliance/simulations/ros2_px4_offboard_example_ws/install/px4_msgs/lib'
[18.527s] Level 1:colcon.colcon_core.shell:create_environment_hook('px4_msgs', 'ld_library_path_lib')
[18.527s] INFO:colcon.colcon_core.shell:Creating environment hook '/home/user/Documents/automated_planogram_compliance/simulations/ros2_px4_offboard_example_ws/install/px4_msgs/share/px4_msgs/hook/ld_library_path_lib.ps1'
[18.528s] INFO:colcon.colcon_core.shell:Creating environment descriptor '/home/user/Documents/automated_planogram_compliance/simulations/ros2_px4_offboard_example_ws/install/px4_msgs/share/px4_msgs/hook/ld_library_path_lib.dsv'
[18.528s] INFO:colcon.colcon_core.shell:Creating environment hook '/home/user/Documents/automated_planogram_compliance/simulations/ros2_px4_offboard_example_ws/install/px4_msgs/share/px4_msgs/hook/ld_library_path_lib.sh'
[18.528s] Level 1:colcon.colcon_core.environment:checking '/home/user/Documents/automated_planogram_compliance/simulations/ros2_px4_offboard_example_ws/install/px4_msgs/bin'
[18.528s] Level 1:colcon.colcon_core.environment:checking '/home/user/Documents/automated_planogram_compliance/simulations/ros2_px4_offboard_example_ws/install/px4_msgs/lib/pkgconfig/px4_msgs.pc'
[18.528s] Level 1:colcon.colcon_core.environment:checking '/home/user/Documents/automated_planogram_compliance/simulations/ros2_px4_offboard_example_ws/install/px4_msgs/lib/python3.10/site-packages'
[18.529s] Level 1:colcon.colcon_core.environment:checking '/home/user/Documents/automated_planogram_compliance/simulations/ros2_px4_offboard_example_ws/install/px4_msgs/bin'
[18.529s] INFO:colcon.colcon_core.shell:Creating package script '/home/user/Documents/automated_planogram_compliance/simulations/ros2_px4_offboard_example_ws/install/px4_msgs/share/px4_msgs/package.ps1'
[18.529s] INFO:colcon.colcon_core.shell:Creating package descriptor '/home/user/Documents/automated_planogram_compliance/simulations/ros2_px4_offboard_example_ws/install/px4_msgs/share/px4_msgs/package.dsv'
[18.530s] INFO:colcon.colcon_core.shell:Creating package script '/home/user/Documents/automated_planogram_compliance/simulations/ros2_px4_offboard_example_ws/install/px4_msgs/share/px4_msgs/package.sh'
[18.530s] INFO:colcon.colcon_core.shell:Creating package script '/home/user/Documents/automated_planogram_compliance/simulations/ros2_px4_offboard_example_ws/install/px4_msgs/share/px4_msgs/package.bash'
[18.530s] INFO:colcon.colcon_core.shell:Creating package script '/home/user/Documents/automated_planogram_compliance/simulations/ros2_px4_offboard_example_ws/install/px4_msgs/share/px4_msgs/package.zsh'
[18.531s] Level 1:colcon.colcon_core.environment:create_file_with_runtime_dependencies(/home/user/Documents/automated_planogram_compliance/simulations/ros2_px4_offboard_example_ws/install/px4_msgs/share/colcon-core/packages/px4_msgs)
[18.531s] INFO:colcon.colcon_ros.task.ament_python.build:Building ROS package in '/home/user/Documents/automated_planogram_compliance/simulations/ros2_px4_offboard_example_ws/src/ROS2_PX4_Offboard_Example/px4_offboard' with build type 'ament_python'
[18.531s] Level 1:colcon.colcon_core.shell:create_environment_hook('px4_offboard', 'ament_prefix_path')
[18.531s] INFO:colcon.colcon_core.shell:Creating environment hook '/home/user/Documents/automated_planogram_compliance/simulations/ros2_px4_offboard_example_ws/install/px4_offboard/share/px4_offboard/hook/ament_prefix_path.ps1'
[18.548s] INFO:colcon.colcon_core.shell:Creating environment descriptor '/home/user/Documents/automated_planogram_compliance/simulations/ros2_px4_offboard_example_ws/install/px4_offboard/share/px4_offboard/hook/ament_prefix_path.dsv'
[18.549s] INFO:colcon.colcon_core.shell:Creating environment hook '/home/user/Documents/automated_planogram_compliance/simulations/ros2_px4_offboard_example_ws/install/px4_offboard/share/px4_offboard/hook/ament_prefix_path.sh'
[18.549s] INFO:colcon.colcon_core.shell:Skip shell extension 'powershell' for command environment: Not usable outside of PowerShell
[18.549s] DEBUG:colcon.colcon_core.shell:Skip shell extension 'dsv' for command environment
[18.920s] INFO:colcon.colcon_core.task.python.build:Building Python package in '/home/user/Documents/automated_planogram_compliance/simulations/ros2_px4_offboard_example_ws/src/ROS2_PX4_Offboard_Example/px4_offboard'
[18.921s] INFO:colcon.colcon_core.shell:Skip shell extension 'powershell' for command environment: Not usable outside of PowerShell
[18.921s] DEBUG:colcon.colcon_core.shell:Skip shell extension 'dsv' for command environment
[24.564s] DEBUG:colcon.colcon_core.event_handler.log_command:Invoking command in '/home/user/Documents/automated_planogram_compliance/simulations/ros2_px4_offboard_example_ws/src/ROS2_PX4_Offboard_Example/px4_offboard': AMENT_PREFIX_PATH=/home/user/ros2_px4_offboard_example_ws/install/px4_msgs:${AMENT_PREFIX_PATH} CMAKE_PREFIX_PATH=/home/user/Documents/automated_planogram_compliance/simulations/ros2_px4_offboard_example_ws/install/px4_msgs:${CMAKE_PREFIX_PATH} LD_LIBRARY_PATH=/home/user/ros2_px4_offboard_example_ws/install/px4_msgs/lib:/home/user/Documents/automated_planogram_compliance/simulations/ros2_px4_offboard_example_ws/install/px4_msgs/lib:${LD_LIBRARY_PATH} PYTHONPATH=/home/user/Documents/automated_planogram_compliance/simulations/ros2_px4_offboard_example_ws/build/px4_offboard/prefix_override:/home/user/Documents/automated_planogram_compliance/simulations/ros2_px4_offboard_example_ws/install/px4_offboard/lib/python3.10/site-packages:/home/user/ros2_px4_offboard_example_ws/install/px4_msgs/local/lib/python3.10/dist-packages:${PYTHONPATH} /usr/bin/python3 -W ignore:setup.py install is deprecated setup.py egg_info --egg-base ../../../build/px4_offboard build --build-base /home/user/Documents/automated_planogram_compliance/simulations/ros2_px4_offboard_example_ws/build/px4_offboard/build install --record /home/user/Documents/automated_planogram_compliance/simulations/ros2_px4_offboard_example_ws/build/px4_offboard/install.log --single-version-externally-managed install_data
[25.059s] Level 1:colcon.colcon_core.environment:checking '/home/user/Documents/automated_planogram_compliance/simulations/ros2_px4_offboard_example_ws/install/px4_offboard' for CMake module files
[25.060s] DEBUG:colcon.colcon_core.event_handler.log_command:Invoked command in '/home/user/Documents/automated_planogram_compliance/simulations/ros2_px4_offboard_example_ws/src/ROS2_PX4_Offboard_Example/px4_offboard' returned '0': AMENT_PREFIX_PATH=/home/user/ros2_px4_offboard_example_ws/install/px4_msgs:${AMENT_PREFIX_PATH} CMAKE_PREFIX_PATH=/home/user/Documents/automated_planogram_compliance/simulations/ros2_px4_offboard_example_ws/install/px4_msgs:${CMAKE_PREFIX_PATH} LD_LIBRARY_PATH=/home/user/ros2_px4_offboard_example_ws/install/px4_msgs/lib:/home/user/Documents/automated_planogram_compliance/simulations/ros2_px4_offboard_example_ws/install/px4_msgs/lib:${LD_LIBRARY_PATH} PYTHONPATH=/home/user/Documents/automated_planogram_compliance/simulations/ros2_px4_offboard_example_ws/build/px4_offboard/prefix_override:/home/user/Documents/automated_planogram_compliance/simulations/ros2_px4_offboard_example_ws/install/px4_offboard/lib/python3.10/site-packages:/home/user/ros2_px4_offboard_example_ws/install/px4_msgs/local/lib/python3.10/dist-packages:${PYTHONPATH} /usr/bin/python3 -W ignore:setup.py install is deprecated setup.py egg_info --egg-base ../../../build/px4_offboard build --build-base /home/user/Documents/automated_planogram_compliance/simulations/ros2_px4_offboard_example_ws/build/px4_offboard/build install --record /home/user/Documents/automated_planogram_compliance/simulations/ros2_px4_offboard_example_ws/build/px4_offboard/install.log --single-version-externally-managed install_data
[25.060s] Level 1:colcon.colcon_core.environment:checking '/home/user/Documents/automated_planogram_compliance/simulations/ros2_px4_offboard_example_ws/install/px4_offboard' for CMake config files
[25.061s] Level 1:colcon.colcon_core.environment:checking '/home/user/Documents/automated_planogram_compliance/simulations/ros2_px4_offboard_example_ws/install/px4_offboard/lib'
[25.061s] Level 1:colcon.colcon_core.environment:checking '/home/user/Documents/automated_planogram_compliance/simulations/ros2_px4_offboard_example_ws/install/px4_offboard/bin'
[25.061s] Level 1:colcon.colcon_core.environment:checking '/home/user/Documents/automated_planogram_compliance/simulations/ros2_px4_offboard_example_ws/install/px4_offboard/lib/pkgconfig/px4_offboard.pc'
[25.061s] Level 1:colcon.colcon_core.environment:checking '/home/user/Documents/automated_planogram_compliance/simulations/ros2_px4_offboard_example_ws/install/px4_offboard/lib/python3.10/site-packages'
[25.061s] Level 1:colcon.colcon_core.shell:create_environment_hook('px4_offboard', 'pythonpath')
[25.061s] INFO:colcon.colcon_core.shell:Creating environment hook '/home/user/Documents/automated_planogram_compliance/simulations/ros2_px4_offboard_example_ws/install/px4_offboard/share/px4_offboard/hook/pythonpath.ps1'
[25.062s] INFO:colcon.colcon_core.shell:Creating environment descriptor '/home/user/Documents/automated_planogram_compliance/simulations/ros2_px4_offboard_example_ws/install/px4_offboard/share/px4_offboard/hook/pythonpath.dsv'
[25.062s] INFO:colcon.colcon_core.shell:Creating environment hook '/home/user/Documents/automated_planogram_compliance/simulations/ros2_px4_offboard_example_ws/install/px4_offboard/share/px4_offboard/hook/pythonpath.sh'
[25.062s] Level 1:colcon.colcon_core.environment:checking '/home/user/Documents/automated_planogram_compliance/simulations/ros2_px4_offboard_example_ws/install/px4_offboard/bin'
[25.062s] Level 1:colcon.colcon_core.environment:create_environment_scripts_only(px4_offboard)
[25.062s] INFO:colcon.colcon_core.shell:Creating package script '/home/user/Documents/automated_planogram_compliance/simulations/ros2_px4_offboard_example_ws/install/px4_offboard/share/px4_offboard/package.ps1'
[25.063s] INFO:colcon.colcon_core.shell:Creating package descriptor '/home/user/Documents/automated_planogram_compliance/simulations/ros2_px4_offboard_example_ws/install/px4_offboard/share/px4_offboard/package.dsv'
[25.063s] INFO:colcon.colcon_core.shell:Creating package script '/home/user/Documents/automated_planogram_compliance/simulations/ros2_px4_offboard_example_ws/install/px4_offboard/share/px4_offboard/package.sh'
[25.063s] INFO:colcon.colcon_core.shell:Creating package script '/home/user/Documents/automated_planogram_compliance/simulations/ros2_px4_offboard_example_ws/install/px4_offboard/share/px4_offboard/package.bash'
[25.064s] INFO:colcon.colcon_core.shell:Creating package script '/home/user/Documents/automated_planogram_compliance/simulations/ros2_px4_offboard_example_ws/install/px4_offboard/share/px4_offboard/package.zsh'
[25.064s] Level 1:colcon.colcon_core.environment:create_file_with_runtime_dependencies(/home/user/Documents/automated_planogram_compliance/simulations/ros2_px4_offboard_example_ws/install/px4_offboard/share/colcon-core/packages/px4_offboard)
[25.064s] DEBUG:colcon.colcon_parallel_executor.executor.parallel:closing loop
[25.064s] DEBUG:colcon.colcon_parallel_executor.executor.parallel:loop closed
[25.064s] DEBUG:colcon.colcon_parallel_executor.executor.parallel:run_until_complete finished with '0'
[25.065s] DEBUG:colcon.colcon_core.event_reactor:joining thread
[25.104s] INFO:colcon.colcon_core.plugin_system:Skipping extension 'colcon_notification.desktop_notification.terminal_notifier': Not used on non-Darwin systems
[25.104s] INFO:colcon.colcon_core.plugin_system:Skipping extension 'colcon_notification.desktop_notification.win32': Not used on non-Windows systems
[25.104s] INFO:colcon.colcon_notification.desktop_notification:Sending desktop notification using 'notify2'
[25.116s] DEBUG:colcon.colcon_core.event_reactor:joined thread
[25.117s] INFO:colcon.colcon_core.shell:Creating prefix script '/home/user/Documents/automated_planogram_compliance/simulations/ros2_px4_offboard_example_ws/install/local_setup.ps1'
[25.167s] INFO:colcon.colcon_core.shell:Creating prefix util module '/home/user/Documents/automated_planogram_compliance/simulations/ros2_px4_offboard_example_ws/install/_local_setup_util_ps1.py'
[25.168s] INFO:colcon.colcon_core.shell:Creating prefix chain script '/home/user/Documents/automated_planogram_compliance/simulations/ros2_px4_offboard_example_ws/install/setup.ps1'
[25.169s] INFO:colcon.colcon_core.shell:Creating prefix script '/home/user/Documents/automated_planogram_compliance/simulations/ros2_px4_offboard_example_ws/install/local_setup.sh'
[25.179s] INFO:colcon.colcon_core.shell:Creating prefix util module '/home/user/Documents/automated_planogram_compliance/simulations/ros2_px4_offboard_example_ws/install/_local_setup_util_sh.py'
[25.179s] INFO:colcon.colcon_core.shell:Creating prefix chain script '/home/user/Documents/automated_planogram_compliance/simulations/ros2_px4_offboard_example_ws/install/setup.sh'
[25.180s] INFO:colcon.colcon_core.shell:Creating prefix script '/home/user/Documents/automated_planogram_compliance/simulations/ros2_px4_offboard_example_ws/install/local_setup.bash'
[25.192s] INFO:colcon.colcon_core.shell:Creating prefix chain script '/home/user/Documents/automated_planogram_compliance/simulations/ros2_px4_offboard_example_ws/install/setup.bash'
[25.193s] INFO:colcon.colcon_core.shell:Creating prefix script '/home/user/Documents/automated_planogram_compliance/simulations/ros2_px4_offboard_example_ws/install/local_setup.zsh'
[25.205s] INFO:colcon.colcon_core.shell:Creating prefix chain script '/home/user/Documents/automated_planogram_compliance/simulations/ros2_px4_offboard_example_ws/install/setup.zsh'
