[0.091s] DEBUG:colcon:Command line arguments: ['/usr/bin/colcon', 'build']
[0.091s] DEBUG:colcon:Parsed command line arguments: Namespace(log_base=None, log_level=None, verb_name='build', build_base='build', install_base='install', merge_install=False, symlink_install=False, test_result_base=None, continue_on_error=False, executor='parallel', parallel_workers=12, event_handlers=None, ignore_user_meta=False, metas=['./colcon.meta'], base_paths=['.'], packages_ignore=None, packages_ignore_regex=None, paths=None, packages_up_to=None, packages_up_to_regex=None, packages_above=None, packages_above_and_dependencies=None, packages_above_depth=None, packages_select_by_dep=None, packages_skip_by_dep=None, packages_skip_up_to=None, packages_select_build_failed=False, packages_skip_build_finished=False, packages_select_test_failures=False, packages_skip_test_passed=False, packages_select=None, packages_skip=None, packages_select_regex=None, packages_skip_regex=None, packages_start=None, packages_end=None, allow_overriding=[], cmake_args=None, cmake_target=None, cmake_target_skip_unavailable=False, cmake_clean_cache=False, cmake_clean_first=False, cmake_force_configure=False, ament_cmake_args=None, catkin_cmake_args=None, catkin_skip_building_tests=False, mixin_files=None, mixin=None, verb_parser=<colcon_mixin.mixin.mixin_argument.MixinArgumentDecorator object at 0x747fdb03a710>, verb_extension=<colcon_core.verb.build.BuildVerb object at 0x747fdb039ea0>, main=<bound method BuildVerb.main of <colcon_core.verb.build.BuildVerb object at 0x747fdb039ea0>>, mixin_verb=('build',))
[0.124s] Level 1:colcon.colcon_core.package_discovery:discover_packages(colcon_meta) check parameters
[0.124s] Level 1:colcon.colcon_core.package_discovery:discover_packages(recursive) check parameters
[0.124s] Level 1:colcon.colcon_core.package_discovery:discover_packages(ignore) check parameters
[0.124s] Level 1:colcon.colcon_core.package_discovery:discover_packages(path) check parameters
[0.124s] Level 1:colcon.colcon_core.package_discovery:discover_packages(colcon_meta) discover
[0.124s] Level 1:colcon.colcon_core.package_discovery:discover_packages(recursive) discover
[0.124s] INFO:colcon.colcon_core.package_discovery:Crawling recursively for packages in '/home/user/ros2_px4_offboard_example_ws/src'
[0.124s] Level 1:colcon.colcon_core.package_identification:_identify(.) by extensions ['ignore', 'ignore_ament_install']
[0.124s] Level 1:colcon.colcon_core.package_identification:_identify(.) by extension 'ignore'
[0.124s] Level 1:colcon.colcon_core.package_identification:_identify(.) by extension 'ignore_ament_install'
[0.124s] Level 1:colcon.colcon_core.package_identification:_identify(.) by extensions ['colcon_pkg']
[0.124s] Level 1:colcon.colcon_core.package_identification:_identify(.) by extension 'colcon_pkg'
[0.124s] Level 1:colcon.colcon_core.package_identification:_identify(.) by extensions ['colcon_meta']
[0.124s] Level 1:colcon.colcon_core.package_identification:_identify(.) by extension 'colcon_meta'
[0.124s] Level 1:colcon.colcon_core.package_identification:_identify(.) by extensions ['ros']
[0.124s] Level 1:colcon.colcon_core.package_identification:_identify(.) by extension 'ros'
[0.137s] Level 1:colcon.colcon_core.package_identification:_identify(.) by extensions ['cmake', 'python']
[0.137s] Level 1:colcon.colcon_core.package_identification:_identify(.) by extension 'cmake'
[0.137s] Level 1:colcon.colcon_core.package_identification:_identify(.) by extension 'python'
[0.137s] Level 1:colcon.colcon_core.package_identification:_identify(.) by extensions ['python_setup_py']
[0.137s] Level 1:colcon.colcon_core.package_identification:_identify(.) by extension 'python_setup_py'
[0.137s] Level 1:colcon.colcon_core.package_identification:_identify(ROS2_PX4_Offboard_Example) by extensions ['ignore', 'ignore_ament_install']
[0.137s] Level 1:colcon.colcon_core.package_identification:_identify(ROS2_PX4_Offboard_Example) by extension 'ignore'
[0.137s] Level 1:colcon.colcon_core.package_identification:_identify(ROS2_PX4_Offboard_Example) by extension 'ignore_ament_install'
[0.137s] Level 1:colcon.colcon_core.package_identification:_identify(ROS2_PX4_Offboard_Example) by extensions ['colcon_pkg']
[0.138s] Level 1:colcon.colcon_core.package_identification:_identify(ROS2_PX4_Offboard_Example) by extension 'colcon_pkg'
[0.138s] Level 1:colcon.colcon_core.package_identification:_identify(ROS2_PX4_Offboard_Example) by extensions ['colcon_meta']
[0.138s] Level 1:colcon.colcon_core.package_identification:_identify(ROS2_PX4_Offboard_Example) by extension 'colcon_meta'
[0.138s] Level 1:colcon.colcon_core.package_identification:_identify(ROS2_PX4_Offboard_Example) by extensions ['ros']
[0.138s] Level 1:colcon.colcon_core.package_identification:_identify(ROS2_PX4_Offboard_Example) by extension 'ros'
[0.138s] Level 1:colcon.colcon_core.package_identification:_identify(ROS2_PX4_Offboard_Example) by extensions ['cmake', 'python']
[0.138s] Level 1:colcon.colcon_core.package_identification:_identify(ROS2_PX4_Offboard_Example) by extension 'cmake'
[0.138s] Level 1:colcon.colcon_core.package_identification:_identify(ROS2_PX4_Offboard_Example) by extension 'python'
[0.138s] Level 1:colcon.colcon_core.package_identification:_identify(ROS2_PX4_Offboard_Example) by extensions ['python_setup_py']
[0.138s] Level 1:colcon.colcon_core.package_identification:_identify(ROS2_PX4_Offboard_Example) by extension 'python_setup_py'
[0.138s] Level 1:colcon.colcon_core.package_identification:_identify(ROS2_PX4_Offboard_Example/px4_offboard) by extensions ['ignore', 'ignore_ament_install']
[0.138s] Level 1:colcon.colcon_core.package_identification:_identify(ROS2_PX4_Offboard_Example/px4_offboard) by extension 'ignore'
[0.138s] Level 1:colcon.colcon_core.package_identification:_identify(ROS2_PX4_Offboard_Example/px4_offboard) by extension 'ignore_ament_install'
[0.138s] Level 1:colcon.colcon_core.package_identification:_identify(ROS2_PX4_Offboard_Example/px4_offboard) by extensions ['colcon_pkg']
[0.138s] Level 1:colcon.colcon_core.package_identification:_identify(ROS2_PX4_Offboard_Example/px4_offboard) by extension 'colcon_pkg'
[0.138s] Level 1:colcon.colcon_core.package_identification:_identify(ROS2_PX4_Offboard_Example/px4_offboard) by extensions ['colcon_meta']
[0.138s] Level 1:colcon.colcon_core.package_identification:_identify(ROS2_PX4_Offboard_Example/px4_offboard) by extension 'colcon_meta'
[0.138s] Level 1:colcon.colcon_core.package_identification:_identify(ROS2_PX4_Offboard_Example/px4_offboard) by extensions ['ros']
[0.138s] Level 1:colcon.colcon_core.package_identification:_identify(ROS2_PX4_Offboard_Example/px4_offboard) by extension 'ros'
[0.140s] DEBUG:colcon.colcon_core.package_identification:Package 'ROS2_PX4_Offboard_Example/px4_offboard' with type 'ros.ament_python' and name 'px4_offboard'
[0.140s] Level 1:colcon.colcon_core.package_identification:_identify(build) by extensions ['ignore', 'ignore_ament_install']
[0.140s] Level 1:colcon.colcon_core.package_identification:_identify(build) by extension 'ignore'
[0.141s] Level 1:colcon.colcon_core.package_identification:_identify(build) ignored
[0.141s] Level 1:colcon.colcon_core.package_identification:_identify(install) by extensions ['ignore', 'ignore_ament_install']
[0.141s] Level 1:colcon.colcon_core.package_identification:_identify(install) by extension 'ignore'
[0.141s] Level 1:colcon.colcon_core.package_identification:_identify(install) ignored
[0.141s] Level 1:colcon.colcon_core.package_identification:_identify(log) by extensions ['ignore', 'ignore_ament_install']
[0.141s] Level 1:colcon.colcon_core.package_identification:_identify(log) by extension 'ignore'
[0.141s] Level 1:colcon.colcon_core.package_identification:_identify(log) ignored
[0.141s] Level 1:colcon.colcon_core.package_identification:_identify(px4_msgs) by extensions ['ignore', 'ignore_ament_install']
[0.141s] Level 1:colcon.colcon_core.package_identification:_identify(px4_msgs) by extension 'ignore'
[0.141s] Level 1:colcon.colcon_core.package_identification:_identify(px4_msgs) by extension 'ignore_ament_install'
[0.141s] Level 1:colcon.colcon_core.package_identification:_identify(px4_msgs) by extensions ['colcon_pkg']
[0.141s] Level 1:colcon.colcon_core.package_identification:_identify(px4_msgs) by extension 'colcon_pkg'
[0.141s] Level 1:colcon.colcon_core.package_identification:_identify(px4_msgs) by extensions ['colcon_meta']
[0.141s] Level 1:colcon.colcon_core.package_identification:_identify(px4_msgs) by extension 'colcon_meta'
[0.141s] Level 1:colcon.colcon_core.package_identification:_identify(px4_msgs) by extensions ['ros']
[0.141s] Level 1:colcon.colcon_core.package_identification:_identify(px4_msgs) by extension 'ros'
[0.142s] DEBUG:colcon.colcon_core.package_identification:Package 'px4_msgs' with type 'ros.ament_cmake' and name 'px4_msgs'
[0.142s] Level 1:colcon.colcon_core.package_discovery:discover_packages(recursive) using defaults
[0.142s] Level 1:colcon.colcon_core.package_discovery:discover_packages(ignore) discover
[0.142s] Level 1:colcon.colcon_core.package_discovery:discover_packages(ignore) using defaults
[0.142s] Level 1:colcon.colcon_core.package_discovery:discover_packages(path) discover
[0.142s] Level 1:colcon.colcon_core.package_discovery:discover_packages(path) using defaults
[0.158s] Level 1:colcon.colcon_core.package_discovery:discover_packages(prefix_path) check parameters
[0.158s] Level 1:colcon.colcon_core.package_discovery:discover_packages(prefix_path) discover
[0.159s] DEBUG:colcon.colcon_installed_package_information.package_discovery:Found 2 installed packages in /home/user/ros2_px4_offboard_example_ws/src/install
[0.160s] DEBUG:colcon.colcon_installed_package_information.package_discovery:Found 1 installed packages in /home/user/ros2_ws/install
[0.161s] DEBUG:colcon.colcon_installed_package_information.package_discovery:Found 283 installed packages in /opt/ros/humble
[0.162s] Level 1:colcon.colcon_core.package_discovery:discover_packages(prefix_path) using defaults
[0.194s] Level 5:colcon.colcon_core.verb:set package 'px4_msgs' build argument 'cmake_args' from command line to 'None'
[0.194s] Level 5:colcon.colcon_core.verb:set package 'px4_msgs' build argument 'cmake_target' from command line to 'None'
[0.194s] Level 5:colcon.colcon_core.verb:set package 'px4_msgs' build argument 'cmake_target_skip_unavailable' from command line to 'False'
[0.194s] Level 5:colcon.colcon_core.verb:set package 'px4_msgs' build argument 'cmake_clean_cache' from command line to 'False'
[0.194s] Level 5:colcon.colcon_core.verb:set package 'px4_msgs' build argument 'cmake_clean_first' from command line to 'False'
[0.194s] Level 5:colcon.colcon_core.verb:set package 'px4_msgs' build argument 'cmake_force_configure' from command line to 'False'
[0.195s] Level 5:colcon.colcon_core.verb:set package 'px4_msgs' build argument 'ament_cmake_args' from command line to 'None'
[0.195s] Level 5:colcon.colcon_core.verb:set package 'px4_msgs' build argument 'catkin_cmake_args' from command line to 'None'
[0.195s] Level 5:colcon.colcon_core.verb:set package 'px4_msgs' build argument 'catkin_skip_building_tests' from command line to 'False'
[0.195s] DEBUG:colcon.colcon_core.verb:Building package 'px4_msgs' with the following arguments: {'ament_cmake_args': None, 'build_base': '/home/user/ros2_px4_offboard_example_ws/src/build/px4_msgs', 'catkin_cmake_args': None, 'catkin_skip_building_tests': False, 'cmake_args': None, 'cmake_clean_cache': False, 'cmake_clean_first': False, 'cmake_force_configure': False, 'cmake_target': None, 'cmake_target_skip_unavailable': False, 'install_base': '/home/user/ros2_px4_offboard_example_ws/src/install/px4_msgs', 'merge_install': False, 'path': '/home/user/ros2_px4_offboard_example_ws/src/px4_msgs', 'symlink_install': False, 'test_result_base': None}
[0.195s] Level 5:colcon.colcon_core.verb:set package 'px4_offboard' build argument 'cmake_args' from command line to 'None'
[0.195s] Level 5:colcon.colcon_core.verb:set package 'px4_offboard' build argument 'cmake_target' from command line to 'None'
[0.195s] Level 5:colcon.colcon_core.verb:set package 'px4_offboard' build argument 'cmake_target_skip_unavailable' from command line to 'False'
[0.195s] Level 5:colcon.colcon_core.verb:set package 'px4_offboard' build argument 'cmake_clean_cache' from command line to 'False'
[0.195s] Level 5:colcon.colcon_core.verb:set package 'px4_offboard' build argument 'cmake_clean_first' from command line to 'False'
[0.195s] Level 5:colcon.colcon_core.verb:set package 'px4_offboard' build argument 'cmake_force_configure' from command line to 'False'
[0.195s] Level 5:colcon.colcon_core.verb:set package 'px4_offboard' build argument 'ament_cmake_args' from command line to 'None'
[0.195s] Level 5:colcon.colcon_core.verb:set package 'px4_offboard' build argument 'catkin_cmake_args' from command line to 'None'
[0.195s] Level 5:colcon.colcon_core.verb:set package 'px4_offboard' build argument 'catkin_skip_building_tests' from command line to 'False'
[0.195s] DEBUG:colcon.colcon_core.verb:Building package 'px4_offboard' with the following arguments: {'ament_cmake_args': None, 'build_base': '/home/user/ros2_px4_offboard_example_ws/src/build/px4_offboard', 'catkin_cmake_args': None, 'catkin_skip_building_tests': False, 'cmake_args': None, 'cmake_clean_cache': False, 'cmake_clean_first': False, 'cmake_force_configure': False, 'cmake_target': None, 'cmake_target_skip_unavailable': False, 'install_base': '/home/user/ros2_px4_offboard_example_ws/src/install/px4_offboard', 'merge_install': False, 'path': '/home/user/ros2_px4_offboard_example_ws/src/ROS2_PX4_Offboard_Example/px4_offboard', 'symlink_install': False, 'test_result_base': None}
[0.195s] INFO:colcon.colcon_core.executor:Executing jobs using 'parallel' executor
[0.196s] DEBUG:colcon.colcon_parallel_executor.executor.parallel:run_until_complete
[0.196s] INFO:colcon.colcon_ros.task.ament_cmake.build:Building ROS package in '/home/user/ros2_px4_offboard_example_ws/src/px4_msgs' with build type 'ament_cmake'
[0.196s] INFO:colcon.colcon_cmake.task.cmake.build:Building CMake package in '/home/user/ros2_px4_offboard_example_ws/src/px4_msgs'
[0.198s] INFO:colcon.colcon_core.plugin_system:Skipping extension 'colcon_core.shell.bat': Not used on non-Windows systems
[0.198s] INFO:colcon.colcon_core.shell:Skip shell extension 'powershell' for command environment: Not usable outside of PowerShell
[0.198s] DEBUG:colcon.colcon_core.shell:Skip shell extension 'dsv' for command environment
[0.206s] DEBUG:colcon.colcon_core.event_handler.log_command:Invoking command in '/home/user/ros2_px4_offboard_example_ws/src/build/px4_msgs': CMAKE_PREFIX_PATH=${CMAKE_PREFIX_PATH}:/home/user/ros2_px4_offboard_example_ws/src/install/px4_offboard:/opt/ros/humble /usr/bin/cmake --build /home/user/ros2_px4_offboard_example_ws/src/build/px4_msgs -- -j12 -l12
[1.581s] DEBUG:colcon.colcon_core.event_handler.log_command:Invoked command in '/home/user/ros2_px4_offboard_example_ws/src/build/px4_msgs' returned '0': CMAKE_PREFIX_PATH=${CMAKE_PREFIX_PATH}:/home/user/ros2_px4_offboard_example_ws/src/install/px4_offboard:/opt/ros/humble /usr/bin/cmake --build /home/user/ros2_px4_offboard_example_ws/src/build/px4_msgs -- -j12 -l12
[8.254s] DEBUG:colcon.colcon_core.event_handler.log_command:Invoking command in '/home/user/ros2_px4_offboard_example_ws/src/build/px4_msgs': CMAKE_PREFIX_PATH=${CMAKE_PREFIX_PATH}:/home/user/ros2_px4_offboard_example_ws/src/install/px4_offboard:/opt/ros/humble /usr/bin/cmake --install /home/user/ros2_px4_offboard_example_ws/src/build/px4_msgs
[8.570s] Level 1:colcon.colcon_core.environment:create_environment_scripts_only(px4_msgs)
[8.577s] Level 1:colcon.colcon_core.environment:checking '/home/user/ros2_px4_offboard_example_ws/src/install/px4_msgs' for CMake module files
[8.579s] Level 1:colcon.colcon_core.environment:checking '/home/user/ros2_px4_offboard_example_ws/src/install/px4_msgs' for CMake config files
[8.594s] DEBUG:colcon.colcon_core.event_handler.log_command:Invoked command in '/home/user/ros2_px4_offboard_example_ws/src/build/px4_msgs' returned '0': CMAKE_PREFIX_PATH=${CMAKE_PREFIX_PATH}:/home/user/ros2_px4_offboard_example_ws/src/install/px4_offboard:/opt/ros/humble /usr/bin/cmake --install /home/user/ros2_px4_offboard_example_ws/src/build/px4_msgs
[8.596s] Level 1:colcon.colcon_core.shell:create_environment_hook('px4_msgs', 'cmake_prefix_path')
[8.596s] INFO:colcon.colcon_core.shell:Creating environment hook '/home/user/ros2_px4_offboard_example_ws/src/install/px4_msgs/share/px4_msgs/hook/cmake_prefix_path.ps1'
[8.597s] INFO:colcon.colcon_core.shell:Creating environment descriptor '/home/user/ros2_px4_offboard_example_ws/src/install/px4_msgs/share/px4_msgs/hook/cmake_prefix_path.dsv'
[8.598s] INFO:colcon.colcon_core.shell:Creating environment hook '/home/user/ros2_px4_offboard_example_ws/src/install/px4_msgs/share/px4_msgs/hook/cmake_prefix_path.sh'
[8.599s] Level 1:colcon.colcon_core.environment:checking '/home/user/ros2_px4_offboard_example_ws/src/install/px4_msgs/lib'
[8.599s] Level 1:colcon.colcon_core.shell:create_environment_hook('px4_msgs', 'ld_library_path_lib')
[8.599s] INFO:colcon.colcon_core.shell:Creating environment hook '/home/user/ros2_px4_offboard_example_ws/src/install/px4_msgs/share/px4_msgs/hook/ld_library_path_lib.ps1'
[8.599s] INFO:colcon.colcon_core.shell:Creating environment descriptor '/home/user/ros2_px4_offboard_example_ws/src/install/px4_msgs/share/px4_msgs/hook/ld_library_path_lib.dsv'
[8.600s] INFO:colcon.colcon_core.shell:Creating environment hook '/home/user/ros2_px4_offboard_example_ws/src/install/px4_msgs/share/px4_msgs/hook/ld_library_path_lib.sh'
[8.600s] Level 1:colcon.colcon_core.environment:checking '/home/user/ros2_px4_offboard_example_ws/src/install/px4_msgs/bin'
[8.600s] Level 1:colcon.colcon_core.environment:checking '/home/user/ros2_px4_offboard_example_ws/src/install/px4_msgs/lib/pkgconfig/px4_msgs.pc'
[8.600s] Level 1:colcon.colcon_core.environment:checking '/home/user/ros2_px4_offboard_example_ws/src/install/px4_msgs/lib/python3.10/site-packages'
[8.601s] Level 1:colcon.colcon_core.environment:checking '/home/user/ros2_px4_offboard_example_ws/src/install/px4_msgs/bin'
[8.601s] INFO:colcon.colcon_core.shell:Creating package script '/home/user/ros2_px4_offboard_example_ws/src/install/px4_msgs/share/px4_msgs/package.ps1'
[8.602s] INFO:colcon.colcon_core.shell:Creating package descriptor '/home/user/ros2_px4_offboard_example_ws/src/install/px4_msgs/share/px4_msgs/package.dsv'
[8.603s] INFO:colcon.colcon_core.shell:Creating package script '/home/user/ros2_px4_offboard_example_ws/src/install/px4_msgs/share/px4_msgs/package.sh'
[8.603s] INFO:colcon.colcon_core.shell:Creating package script '/home/user/ros2_px4_offboard_example_ws/src/install/px4_msgs/share/px4_msgs/package.bash'
[8.604s] INFO:colcon.colcon_core.shell:Creating package script '/home/user/ros2_px4_offboard_example_ws/src/install/px4_msgs/share/px4_msgs/package.zsh'
[8.605s] Level 1:colcon.colcon_core.environment:create_file_with_runtime_dependencies(/home/user/ros2_px4_offboard_example_ws/src/install/px4_msgs/share/colcon-core/packages/px4_msgs)
[16.412s] Level 1:colcon.colcon_core.environment:create_environment_scripts_only(px4_msgs)
[16.413s] Level 1:colcon.colcon_core.environment:checking '/home/user/ros2_px4_offboard_example_ws/src/install/px4_msgs' for CMake module files
[16.414s] Level 1:colcon.colcon_core.environment:checking '/home/user/ros2_px4_offboard_example_ws/src/install/px4_msgs' for CMake config files
[16.424s] Level 1:colcon.colcon_core.shell:create_environment_hook('px4_msgs', 'cmake_prefix_path')
[16.424s] INFO:colcon.colcon_core.shell:Creating environment hook '/home/user/ros2_px4_offboard_example_ws/src/install/px4_msgs/share/px4_msgs/hook/cmake_prefix_path.ps1'
[16.425s] INFO:colcon.colcon_core.shell:Creating environment descriptor '/home/user/ros2_px4_offboard_example_ws/src/install/px4_msgs/share/px4_msgs/hook/cmake_prefix_path.dsv'
[16.426s] INFO:colcon.colcon_core.shell:Creating environment hook '/home/user/ros2_px4_offboard_example_ws/src/install/px4_msgs/share/px4_msgs/hook/cmake_prefix_path.sh'
[16.427s] Level 1:colcon.colcon_core.environment:checking '/home/user/ros2_px4_offboard_example_ws/src/install/px4_msgs/lib'
[16.427s] Level 1:colcon.colcon_core.shell:create_environment_hook('px4_msgs', 'ld_library_path_lib')
[16.427s] INFO:colcon.colcon_core.shell:Creating environment hook '/home/user/ros2_px4_offboard_example_ws/src/install/px4_msgs/share/px4_msgs/hook/ld_library_path_lib.ps1'
[16.428s] INFO:colcon.colcon_core.shell:Creating environment descriptor '/home/user/ros2_px4_offboard_example_ws/src/install/px4_msgs/share/px4_msgs/hook/ld_library_path_lib.dsv'
[16.429s] INFO:colcon.colcon_core.shell:Creating environment hook '/home/user/ros2_px4_offboard_example_ws/src/install/px4_msgs/share/px4_msgs/hook/ld_library_path_lib.sh'
[16.429s] Level 1:colcon.colcon_core.environment:checking '/home/user/ros2_px4_offboard_example_ws/src/install/px4_msgs/bin'
[16.429s] Level 1:colcon.colcon_core.environment:checking '/home/user/ros2_px4_offboard_example_ws/src/install/px4_msgs/lib/pkgconfig/px4_msgs.pc'
[16.430s] Level 1:colcon.colcon_core.environment:checking '/home/user/ros2_px4_offboard_example_ws/src/install/px4_msgs/lib/python3.10/site-packages'
[16.430s] Level 1:colcon.colcon_core.environment:checking '/home/user/ros2_px4_offboard_example_ws/src/install/px4_msgs/bin'
[16.431s] INFO:colcon.colcon_core.shell:Creating package script '/home/user/ros2_px4_offboard_example_ws/src/install/px4_msgs/share/px4_msgs/package.ps1'
[16.432s] INFO:colcon.colcon_core.shell:Creating package descriptor '/home/user/ros2_px4_offboard_example_ws/src/install/px4_msgs/share/px4_msgs/package.dsv'
[16.433s] INFO:colcon.colcon_core.shell:Creating package script '/home/user/ros2_px4_offboard_example_ws/src/install/px4_msgs/share/px4_msgs/package.sh'
[16.433s] INFO:colcon.colcon_core.shell:Creating package script '/home/user/ros2_px4_offboard_example_ws/src/install/px4_msgs/share/px4_msgs/package.bash'
[16.434s] INFO:colcon.colcon_core.shell:Creating package script '/home/user/ros2_px4_offboard_example_ws/src/install/px4_msgs/share/px4_msgs/package.zsh'
[16.435s] Level 1:colcon.colcon_core.environment:create_file_with_runtime_dependencies(/home/user/ros2_px4_offboard_example_ws/src/install/px4_msgs/share/colcon-core/packages/px4_msgs)
[16.435s] INFO:colcon.colcon_ros.task.ament_python.build:Building ROS package in '/home/user/ros2_px4_offboard_example_ws/src/ROS2_PX4_Offboard_Example/px4_offboard' with build type 'ament_python'
[16.436s] Level 1:colcon.colcon_core.shell:create_environment_hook('px4_offboard', 'ament_prefix_path')
[16.436s] INFO:colcon.colcon_core.shell:Creating environment hook '/home/user/ros2_px4_offboard_example_ws/src/install/px4_offboard/share/px4_offboard/hook/ament_prefix_path.ps1'
[16.437s] INFO:colcon.colcon_core.shell:Creating environment descriptor '/home/user/ros2_px4_offboard_example_ws/src/install/px4_offboard/share/px4_offboard/hook/ament_prefix_path.dsv'
[16.437s] INFO:colcon.colcon_core.shell:Creating environment hook '/home/user/ros2_px4_offboard_example_ws/src/install/px4_offboard/share/px4_offboard/hook/ament_prefix_path.sh'
[16.438s] INFO:colcon.colcon_core.shell:Skip shell extension 'powershell' for command environment: Not usable outside of PowerShell
[16.438s] DEBUG:colcon.colcon_core.shell:Skip shell extension 'dsv' for command environment
[16.636s] INFO:colcon.colcon_core.task.python.build:Building Python package in '/home/user/ros2_px4_offboard_example_ws/src/ROS2_PX4_Offboard_Example/px4_offboard'
[16.636s] INFO:colcon.colcon_core.shell:Skip shell extension 'powershell' for command environment: Not usable outside of PowerShell
[16.636s] DEBUG:colcon.colcon_core.shell:Skip shell extension 'dsv' for command environment
[17.110s] DEBUG:colcon.colcon_core.event_handler.log_command:Invoking command in '/home/user/ros2_px4_offboard_example_ws/src/ROS2_PX4_Offboard_Example/px4_offboard': PYTHONPATH=/home/user/ros2_px4_offboard_example_ws/src/build/px4_offboard/prefix_override:/home/user/ros2_px4_offboard_example_ws/src/install/px4_offboard/lib/python3.10/site-packages:${PYTHONPATH} /usr/bin/python3 -W ignore:setup.py install is deprecated setup.py egg_info --egg-base ../../build/px4_offboard build --build-base /home/user/ros2_px4_offboard_example_ws/src/build/px4_offboard/build install --record /home/user/ros2_px4_offboard_example_ws/src/build/px4_offboard/install.log --single-version-externally-managed install_data
[17.563s] Level 1:colcon.colcon_core.environment:checking '/home/user/ros2_px4_offboard_example_ws/src/install/px4_offboard' for CMake module files
[17.564s] DEBUG:colcon.colcon_core.event_handler.log_command:Invoked command in '/home/user/ros2_px4_offboard_example_ws/src/ROS2_PX4_Offboard_Example/px4_offboard' returned '0': PYTHONPATH=/home/user/ros2_px4_offboard_example_ws/src/build/px4_offboard/prefix_override:/home/user/ros2_px4_offboard_example_ws/src/install/px4_offboard/lib/python3.10/site-packages:${PYTHONPATH} /usr/bin/python3 -W ignore:setup.py install is deprecated setup.py egg_info --egg-base ../../build/px4_offboard build --build-base /home/user/ros2_px4_offboard_example_ws/src/build/px4_offboard/build install --record /home/user/ros2_px4_offboard_example_ws/src/build/px4_offboard/install.log --single-version-externally-managed install_data
[17.564s] Level 1:colcon.colcon_core.environment:checking '/home/user/ros2_px4_offboard_example_ws/src/install/px4_offboard' for CMake config files
[17.565s] Level 1:colcon.colcon_core.environment:checking '/home/user/ros2_px4_offboard_example_ws/src/install/px4_offboard/lib'
[17.565s] Level 1:colcon.colcon_core.environment:checking '/home/user/ros2_px4_offboard_example_ws/src/install/px4_offboard/bin'
[17.565s] Level 1:colcon.colcon_core.environment:checking '/home/user/ros2_px4_offboard_example_ws/src/install/px4_offboard/lib/pkgconfig/px4_offboard.pc'
[17.565s] Level 1:colcon.colcon_core.environment:checking '/home/user/ros2_px4_offboard_example_ws/src/install/px4_offboard/lib/python3.10/site-packages'
[17.565s] Level 1:colcon.colcon_core.shell:create_environment_hook('px4_offboard', 'pythonpath')
[17.565s] INFO:colcon.colcon_core.shell:Creating environment hook '/home/user/ros2_px4_offboard_example_ws/src/install/px4_offboard/share/px4_offboard/hook/pythonpath.ps1'
[17.565s] INFO:colcon.colcon_core.shell:Creating environment descriptor '/home/user/ros2_px4_offboard_example_ws/src/install/px4_offboard/share/px4_offboard/hook/pythonpath.dsv'
[17.566s] INFO:colcon.colcon_core.shell:Creating environment hook '/home/user/ros2_px4_offboard_example_ws/src/install/px4_offboard/share/px4_offboard/hook/pythonpath.sh'
[17.566s] Level 1:colcon.colcon_core.environment:checking '/home/user/ros2_px4_offboard_example_ws/src/install/px4_offboard/bin'
[17.566s] Level 1:colcon.colcon_core.environment:create_environment_scripts_only(px4_offboard)
[17.566s] INFO:colcon.colcon_core.shell:Creating package script '/home/user/ros2_px4_offboard_example_ws/src/install/px4_offboard/share/px4_offboard/package.ps1'
[17.567s] INFO:colcon.colcon_core.shell:Creating package descriptor '/home/user/ros2_px4_offboard_example_ws/src/install/px4_offboard/share/px4_offboard/package.dsv'
[17.567s] INFO:colcon.colcon_core.shell:Creating package script '/home/user/ros2_px4_offboard_example_ws/src/install/px4_offboard/share/px4_offboard/package.sh'
[17.567s] INFO:colcon.colcon_core.shell:Creating package script '/home/user/ros2_px4_offboard_example_ws/src/install/px4_offboard/share/px4_offboard/package.bash'
[17.568s] INFO:colcon.colcon_core.shell:Creating package script '/home/user/ros2_px4_offboard_example_ws/src/install/px4_offboard/share/px4_offboard/package.zsh'
[17.568s] Level 1:colcon.colcon_core.environment:create_file_with_runtime_dependencies(/home/user/ros2_px4_offboard_example_ws/src/install/px4_offboard/share/colcon-core/packages/px4_offboard)
[17.568s] DEBUG:colcon.colcon_parallel_executor.executor.parallel:closing loop
[17.568s] DEBUG:colcon.colcon_parallel_executor.executor.parallel:loop closed
[17.568s] DEBUG:colcon.colcon_parallel_executor.executor.parallel:run_until_complete finished with '0'
[17.568s] DEBUG:colcon.colcon_core.event_reactor:joining thread
[17.572s] INFO:colcon.colcon_core.plugin_system:Skipping extension 'colcon_notification.desktop_notification.terminal_notifier': Not used on non-Darwin systems
[17.573s] INFO:colcon.colcon_core.plugin_system:Skipping extension 'colcon_notification.desktop_notification.win32': Not used on non-Windows systems
[17.573s] INFO:colcon.colcon_notification.desktop_notification:Sending desktop notification using 'notify2'
[17.581s] DEBUG:colcon.colcon_core.event_reactor:joined thread
[17.581s] INFO:colcon.colcon_core.shell:Creating prefix script '/home/user/ros2_px4_offboard_example_ws/src/install/local_setup.ps1'
[17.582s] INFO:colcon.colcon_core.shell:Creating prefix util module '/home/user/ros2_px4_offboard_example_ws/src/install/_local_setup_util_ps1.py'
[17.591s] INFO:colcon.colcon_core.shell:Creating prefix chain script '/home/user/ros2_px4_offboard_example_ws/src/install/setup.ps1'
[17.592s] INFO:colcon.colcon_core.shell:Creating prefix script '/home/user/ros2_px4_offboard_example_ws/src/install/local_setup.sh'
[17.592s] INFO:colcon.colcon_core.shell:Creating prefix util module '/home/user/ros2_px4_offboard_example_ws/src/install/_local_setup_util_sh.py'
[17.592s] INFO:colcon.colcon_core.shell:Creating prefix chain script '/home/user/ros2_px4_offboard_example_ws/src/install/setup.sh'
[17.593s] INFO:colcon.colcon_core.shell:Creating prefix script '/home/user/ros2_px4_offboard_example_ws/src/install/local_setup.bash'
[17.593s] INFO:colcon.colcon_core.shell:Creating prefix chain script '/home/user/ros2_px4_offboard_example_ws/src/install/setup.bash'
[17.594s] INFO:colcon.colcon_core.shell:Creating prefix script '/home/user/ros2_px4_offboard_example_ws/src/install/local_setup.zsh'
[17.595s] INFO:colcon.colcon_core.shell:Creating prefix chain script '/home/user/ros2_px4_offboard_example_ws/src/install/setup.zsh'
