[0.345s] DEBUG:colcon:Command line arguments: ['/usr/bin/colcon', 'build']
[0.345s] DEBUG:colcon:Parsed command line arguments: Namespace(log_base=None, log_level=None, verb_name='build', build_base='build', install_base='install', merge_install=False, symlink_install=False, test_result_base=None, continue_on_error=False, executor='parallel', parallel_workers=12, event_handlers=None, ignore_user_meta=False, metas=['./colcon.meta'], base_paths=['.'], packages_ignore=None, packages_ignore_regex=None, paths=None, packages_up_to=None, packages_up_to_regex=None, packages_above=None, packages_above_and_dependencies=None, packages_above_depth=None, packages_select_by_dep=None, packages_skip_by_dep=None, packages_skip_up_to=None, packages_select_build_failed=False, packages_skip_build_finished=False, packages_select_test_failures=False, packages_skip_test_passed=False, packages_select=None, packages_skip=None, packages_select_regex=None, packages_skip_regex=None, packages_start=None, packages_end=None, allow_overriding=[], cmake_args=None, cmake_target=None, cmake_target_skip_unavailable=False, cmake_clean_cache=False, cmake_clean_first=False, cmake_force_configure=False, ament_cmake_args=None, catkin_cmake_args=None, catkin_skip_building_tests=False, mixin_files=None, mixin=None, verb_parser=<colcon_mixin.mixin.mixin_argument.MixinArgumentDecorator object at 0x7bb17833a200>, verb_extension=<colcon_core.verb.build.BuildVerb object at 0x7bb178339990>, main=<bound method BuildVerb.main of <colcon_core.verb.build.BuildVerb object at 0x7bb178339990>>, mixin_verb=('build',))
[0.442s] Level 1:colcon.colcon_core.package_discovery:discover_packages(colcon_meta) check parameters
[0.442s] Level 1:colcon.colcon_core.package_discovery:discover_packages(recursive) check parameters
[0.442s] Level 1:colcon.colcon_core.package_discovery:discover_packages(ignore) check parameters
[0.442s] Level 1:colcon.colcon_core.package_discovery:discover_packages(path) check parameters
[0.442s] Level 1:colcon.colcon_core.package_discovery:discover_packages(colcon_meta) discover
[0.442s] Level 1:colcon.colcon_core.package_discovery:discover_packages(recursive) discover
[0.442s] INFO:colcon.colcon_core.package_discovery:Crawling recursively for packages in '/home/user/ros2_px4_offboard_example_ws'
[0.442s] Level 1:colcon.colcon_core.package_identification:_identify(.) by extensions ['ignore', 'ignore_ament_install']
[0.443s] Level 1:colcon.colcon_core.package_identification:_identify(.) by extension 'ignore'
[0.443s] Level 1:colcon.colcon_core.package_identification:_identify(.) by extension 'ignore_ament_install'
[0.443s] Level 1:colcon.colcon_core.package_identification:_identify(.) by extensions ['colcon_pkg']
[0.443s] Level 1:colcon.colcon_core.package_identification:_identify(.) by extension 'colcon_pkg'
[0.443s] Level 1:colcon.colcon_core.package_identification:_identify(.) by extensions ['colcon_meta']
[0.443s] Level 1:colcon.colcon_core.package_identification:_identify(.) by extension 'colcon_meta'
[0.443s] Level 1:colcon.colcon_core.package_identification:_identify(.) by extensions ['ros']
[0.443s] Level 1:colcon.colcon_core.package_identification:_identify(.) by extension 'ros'
[0.456s] Level 1:colcon.colcon_core.package_identification:_identify(.) by extensions ['cmake', 'python']
[0.456s] Level 1:colcon.colcon_core.package_identification:_identify(.) by extension 'cmake'
[0.456s] Level 1:colcon.colcon_core.package_identification:_identify(.) by extension 'python'
[0.456s] Level 1:colcon.colcon_core.package_identification:_identify(.) by extensions ['python_setup_py']
[0.456s] Level 1:colcon.colcon_core.package_identification:_identify(.) by extension 'python_setup_py'
[0.456s] Level 1:colcon.colcon_core.package_identification:_identify(build) by extensions ['ignore', 'ignore_ament_install']
[0.456s] Level 1:colcon.colcon_core.package_identification:_identify(build) by extension 'ignore'
[0.456s] Level 1:colcon.colcon_core.package_identification:_identify(build) ignored
[0.456s] Level 1:colcon.colcon_core.package_identification:_identify(install) by extensions ['ignore', 'ignore_ament_install']
[0.456s] Level 1:colcon.colcon_core.package_identification:_identify(install) by extension 'ignore'
[0.456s] Level 1:colcon.colcon_core.package_identification:_identify(install) ignored
[0.456s] Level 1:colcon.colcon_core.package_identification:_identify(log) by extensions ['ignore', 'ignore_ament_install']
[0.456s] Level 1:colcon.colcon_core.package_identification:_identify(log) by extension 'ignore'
[0.456s] Level 1:colcon.colcon_core.package_identification:_identify(log) ignored
[0.457s] Level 1:colcon.colcon_core.package_identification:_identify(src) by extensions ['ignore', 'ignore_ament_install']
[0.457s] Level 1:colcon.colcon_core.package_identification:_identify(src) by extension 'ignore'
[0.457s] Level 1:colcon.colcon_core.package_identification:_identify(src) by extension 'ignore_ament_install'
[0.457s] Level 1:colcon.colcon_core.package_identification:_identify(src) by extensions ['colcon_pkg']
[0.457s] Level 1:colcon.colcon_core.package_identification:_identify(src) by extension 'colcon_pkg'
[0.457s] Level 1:colcon.colcon_core.package_identification:_identify(src) by extensions ['colcon_meta']
[0.457s] Level 1:colcon.colcon_core.package_identification:_identify(src) by extension 'colcon_meta'
[0.457s] Level 1:colcon.colcon_core.package_identification:_identify(src) by extensions ['ros']
[0.457s] Level 1:colcon.colcon_core.package_identification:_identify(src) by extension 'ros'
[0.457s] Level 1:colcon.colcon_core.package_identification:_identify(src) by extensions ['cmake', 'python']
[0.457s] Level 1:colcon.colcon_core.package_identification:_identify(src) by extension 'cmake'
[0.457s] Level 1:colcon.colcon_core.package_identification:_identify(src) by extension 'python'
[0.457s] Level 1:colcon.colcon_core.package_identification:_identify(src) by extensions ['python_setup_py']
[0.457s] Level 1:colcon.colcon_core.package_identification:_identify(src) by extension 'python_setup_py'
[0.457s] Level 1:colcon.colcon_core.package_identification:_identify(src/ROS2_PX4_Offboard_Example) by extensions ['ignore', 'ignore_ament_install']
[0.457s] Level 1:colcon.colcon_core.package_identification:_identify(src/ROS2_PX4_Offboard_Example) by extension 'ignore'
[0.457s] Level 1:colcon.colcon_core.package_identification:_identify(src/ROS2_PX4_Offboard_Example) by extension 'ignore_ament_install'
[0.457s] Level 1:colcon.colcon_core.package_identification:_identify(src/ROS2_PX4_Offboard_Example) by extensions ['colcon_pkg']
[0.457s] Level 1:colcon.colcon_core.package_identification:_identify(src/ROS2_PX4_Offboard_Example) by extension 'colcon_pkg'
[0.457s] Level 1:colcon.colcon_core.package_identification:_identify(src/ROS2_PX4_Offboard_Example) by extensions ['colcon_meta']
[0.457s] Level 1:colcon.colcon_core.package_identification:_identify(src/ROS2_PX4_Offboard_Example) by extension 'colcon_meta'
[0.458s] Level 1:colcon.colcon_core.package_identification:_identify(src/ROS2_PX4_Offboard_Example) by extensions ['ros']
[0.458s] Level 1:colcon.colcon_core.package_identification:_identify(src/ROS2_PX4_Offboard_Example) by extension 'ros'
[0.458s] Level 1:colcon.colcon_core.package_identification:_identify(src/ROS2_PX4_Offboard_Example) by extensions ['cmake', 'python']
[0.458s] Level 1:colcon.colcon_core.package_identification:_identify(src/ROS2_PX4_Offboard_Example) by extension 'cmake'
[0.458s] Level 1:colcon.colcon_core.package_identification:_identify(src/ROS2_PX4_Offboard_Example) by extension 'python'
[0.458s] Level 1:colcon.colcon_core.package_identification:_identify(src/ROS2_PX4_Offboard_Example) by extensions ['python_setup_py']
[0.458s] Level 1:colcon.colcon_core.package_identification:_identify(src/ROS2_PX4_Offboard_Example) by extension 'python_setup_py'
[0.458s] Level 1:colcon.colcon_core.package_identification:_identify(src/ROS2_PX4_Offboard_Example/px4_offboard) by extensions ['ignore', 'ignore_ament_install']
[0.458s] Level 1:colcon.colcon_core.package_identification:_identify(src/ROS2_PX4_Offboard_Example/px4_offboard) by extension 'ignore'
[0.458s] Level 1:colcon.colcon_core.package_identification:_identify(src/ROS2_PX4_Offboard_Example/px4_offboard) by extension 'ignore_ament_install'
[0.458s] Level 1:colcon.colcon_core.package_identification:_identify(src/ROS2_PX4_Offboard_Example/px4_offboard) by extensions ['colcon_pkg']
[0.458s] Level 1:colcon.colcon_core.package_identification:_identify(src/ROS2_PX4_Offboard_Example/px4_offboard) by extension 'colcon_pkg'
[0.458s] Level 1:colcon.colcon_core.package_identification:_identify(src/ROS2_PX4_Offboard_Example/px4_offboard) by extensions ['colcon_meta']
[0.458s] Level 1:colcon.colcon_core.package_identification:_identify(src/ROS2_PX4_Offboard_Example/px4_offboard) by extension 'colcon_meta'
[0.458s] Level 1:colcon.colcon_core.package_identification:_identify(src/ROS2_PX4_Offboard_Example/px4_offboard) by extensions ['ros']
[0.458s] Level 1:colcon.colcon_core.package_identification:_identify(src/ROS2_PX4_Offboard_Example/px4_offboard) by extension 'ros'
[0.473s] DEBUG:colcon.colcon_core.package_identification:Package 'src/ROS2_PX4_Offboard_Example/px4_offboard' with type 'ros.ament_python' and name 'px4_offboard'
[0.473s] Level 1:colcon.colcon_core.package_identification:_identify(src/build) by extensions ['ignore', 'ignore_ament_install']
[0.473s] Level 1:colcon.colcon_core.package_identification:_identify(src/build) by extension 'ignore'
[0.473s] Level 1:colcon.colcon_core.package_identification:_identify(src/build) ignored
[0.473s] Level 1:colcon.colcon_core.package_identification:_identify(src/install) by extensions ['ignore', 'ignore_ament_install']
[0.474s] Level 1:colcon.colcon_core.package_identification:_identify(src/install) by extension 'ignore'
[0.474s] Level 1:colcon.colcon_core.package_identification:_identify(src/install) ignored
[0.474s] Level 1:colcon.colcon_core.package_identification:_identify(src/log) by extensions ['ignore', 'ignore_ament_install']
[0.474s] Level 1:colcon.colcon_core.package_identification:_identify(src/log) by extension 'ignore'
[0.474s] Level 1:colcon.colcon_core.package_identification:_identify(src/log) ignored
[0.474s] Level 1:colcon.colcon_core.package_identification:_identify(src/px4_msgs) by extensions ['ignore', 'ignore_ament_install']
[0.474s] Level 1:colcon.colcon_core.package_identification:_identify(src/px4_msgs) by extension 'ignore'
[0.474s] Level 1:colcon.colcon_core.package_identification:_identify(src/px4_msgs) by extension 'ignore_ament_install'
[0.474s] Level 1:colcon.colcon_core.package_identification:_identify(src/px4_msgs) by extensions ['colcon_pkg']
[0.474s] Level 1:colcon.colcon_core.package_identification:_identify(src/px4_msgs) by extension 'colcon_pkg'
[0.474s] Level 1:colcon.colcon_core.package_identification:_identify(src/px4_msgs) by extensions ['colcon_meta']
[0.474s] Level 1:colcon.colcon_core.package_identification:_identify(src/px4_msgs) by extension 'colcon_meta'
[0.474s] Level 1:colcon.colcon_core.package_identification:_identify(src/px4_msgs) by extensions ['ros']
[0.474s] Level 1:colcon.colcon_core.package_identification:_identify(src/px4_msgs) by extension 'ros'
[0.483s] DEBUG:colcon.colcon_core.package_identification:Package 'src/px4_msgs' with type 'ros.ament_cmake' and name 'px4_msgs'
[0.483s] Level 1:colcon.colcon_core.package_discovery:discover_packages(recursive) using defaults
[0.483s] Level 1:colcon.colcon_core.package_discovery:discover_packages(ignore) discover
[0.483s] Level 1:colcon.colcon_core.package_discovery:discover_packages(ignore) using defaults
[0.483s] Level 1:colcon.colcon_core.package_discovery:discover_packages(path) discover
[0.483s] Level 1:colcon.colcon_core.package_discovery:discover_packages(path) using defaults
[0.530s] Level 1:colcon.colcon_core.package_discovery:discover_packages(prefix_path) check parameters
[0.530s] Level 1:colcon.colcon_core.package_discovery:discover_packages(prefix_path) discover
[0.533s] DEBUG:colcon.colcon_installed_package_information.package_discovery:Found 1 installed packages in /home/user/ros2_ws/install
[0.534s] DEBUG:colcon.colcon_installed_package_information.package_discovery:Found 275 installed packages in /opt/ros/humble
[0.535s] Level 1:colcon.colcon_core.package_discovery:discover_packages(prefix_path) using defaults
[0.576s] Level 5:colcon.colcon_core.verb:set package 'px4_msgs' build argument 'cmake_args' from command line to 'None'
[0.576s] Level 5:colcon.colcon_core.verb:set package 'px4_msgs' build argument 'cmake_target' from command line to 'None'
[0.576s] Level 5:colcon.colcon_core.verb:set package 'px4_msgs' build argument 'cmake_target_skip_unavailable' from command line to 'False'
[0.576s] Level 5:colcon.colcon_core.verb:set package 'px4_msgs' build argument 'cmake_clean_cache' from command line to 'False'
[0.576s] Level 5:colcon.colcon_core.verb:set package 'px4_msgs' build argument 'cmake_clean_first' from command line to 'False'
[0.576s] Level 5:colcon.colcon_core.verb:set package 'px4_msgs' build argument 'cmake_force_configure' from command line to 'False'
[0.576s] Level 5:colcon.colcon_core.verb:set package 'px4_msgs' build argument 'ament_cmake_args' from command line to 'None'
[0.576s] Level 5:colcon.colcon_core.verb:set package 'px4_msgs' build argument 'catkin_cmake_args' from command line to 'None'
[0.576s] Level 5:colcon.colcon_core.verb:set package 'px4_msgs' build argument 'catkin_skip_building_tests' from command line to 'False'
[0.576s] DEBUG:colcon.colcon_core.verb:Building package 'px4_msgs' with the following arguments: {'ament_cmake_args': None, 'build_base': '/home/user/ros2_px4_offboard_example_ws/build/px4_msgs', 'catkin_cmake_args': None, 'catkin_skip_building_tests': False, 'cmake_args': None, 'cmake_clean_cache': False, 'cmake_clean_first': False, 'cmake_force_configure': False, 'cmake_target': None, 'cmake_target_skip_unavailable': False, 'install_base': '/home/user/ros2_px4_offboard_example_ws/install/px4_msgs', 'merge_install': False, 'path': '/home/user/ros2_px4_offboard_example_ws/src/px4_msgs', 'symlink_install': False, 'test_result_base': None}
[0.576s] Level 5:colcon.colcon_core.verb:set package 'px4_offboard' build argument 'cmake_args' from command line to 'None'
[0.576s] Level 5:colcon.colcon_core.verb:set package 'px4_offboard' build argument 'cmake_target' from command line to 'None'
[0.576s] Level 5:colcon.colcon_core.verb:set package 'px4_offboard' build argument 'cmake_target_skip_unavailable' from command line to 'False'
[0.576s] Level 5:colcon.colcon_core.verb:set package 'px4_offboard' build argument 'cmake_clean_cache' from command line to 'False'
[0.576s] Level 5:colcon.colcon_core.verb:set package 'px4_offboard' build argument 'cmake_clean_first' from command line to 'False'
[0.576s] Level 5:colcon.colcon_core.verb:set package 'px4_offboard' build argument 'cmake_force_configure' from command line to 'False'
[0.576s] Level 5:colcon.colcon_core.verb:set package 'px4_offboard' build argument 'ament_cmake_args' from command line to 'None'
[0.576s] Level 5:colcon.colcon_core.verb:set package 'px4_offboard' build argument 'catkin_cmake_args' from command line to 'None'
[0.577s] Level 5:colcon.colcon_core.verb:set package 'px4_offboard' build argument 'catkin_skip_building_tests' from command line to 'False'
[0.577s] DEBUG:colcon.colcon_core.verb:Building package 'px4_offboard' with the following arguments: {'ament_cmake_args': None, 'build_base': '/home/user/ros2_px4_offboard_example_ws/build/px4_offboard', 'catkin_cmake_args': None, 'catkin_skip_building_tests': False, 'cmake_args': None, 'cmake_clean_cache': False, 'cmake_clean_first': False, 'cmake_force_configure': False, 'cmake_target': None, 'cmake_target_skip_unavailable': False, 'install_base': '/home/user/ros2_px4_offboard_example_ws/install/px4_offboard', 'merge_install': False, 'path': '/home/user/ros2_px4_offboard_example_ws/src/ROS2_PX4_Offboard_Example/px4_offboard', 'symlink_install': False, 'test_result_base': None}
[0.577s] INFO:colcon.colcon_core.executor:Executing jobs using 'parallel' executor
[0.578s] DEBUG:colcon.colcon_parallel_executor.executor.parallel:run_until_complete
[0.578s] INFO:colcon.colcon_ros.task.ament_cmake.build:Building ROS package in '/home/user/ros2_px4_offboard_example_ws/src/px4_msgs' with build type 'ament_cmake'
[0.578s] INFO:colcon.colcon_cmake.task.cmake.build:Building CMake package in '/home/user/ros2_px4_offboard_example_ws/src/px4_msgs'
[0.594s] INFO:colcon.colcon_core.plugin_system:Skipping extension 'colcon_core.shell.bat': Not used on non-Windows systems
[0.595s] INFO:colcon.colcon_core.shell:Skip shell extension 'powershell' for command environment: Not usable outside of PowerShell
[0.595s] DEBUG:colcon.colcon_core.shell:Skip shell extension 'dsv' for command environment
[0.611s] DEBUG:colcon.colcon_core.event_handler.log_command:Invoking command in '/home/user/ros2_px4_offboard_example_ws/build/px4_msgs': CMAKE_PREFIX_PATH=${CMAKE_PREFIX_PATH}:/opt/ros/humble /usr/bin/cmake /home/user/ros2_px4_offboard_example_ws/src/px4_msgs -DCMAKE_INSTALL_PREFIX=/home/user/ros2_px4_offboard_example_ws/install/px4_msgs
[4.513s] DEBUG:colcon.colcon_core.event_handler.log_command:Invoked command in '/home/user/ros2_px4_offboard_example_ws/build/px4_msgs' returned '0': CMAKE_PREFIX_PATH=${CMAKE_PREFIX_PATH}:/opt/ros/humble /usr/bin/cmake /home/user/ros2_px4_offboard_example_ws/src/px4_msgs -DCMAKE_INSTALL_PREFIX=/home/user/ros2_px4_offboard_example_ws/install/px4_msgs
[4.514s] DEBUG:colcon.colcon_core.event_handler.log_command:Invoking command in '/home/user/ros2_px4_offboard_example_ws/build/px4_msgs': CMAKE_PREFIX_PATH=${CMAKE_PREFIX_PATH}:/opt/ros/humble /usr/bin/cmake --build /home/user/ros2_px4_offboard_example_ws/build/px4_msgs -- -j12 -l12
[178.177s] DEBUG:colcon.colcon_core.event_handler.log_command:Invoked command in '/home/user/ros2_px4_offboard_example_ws/build/px4_msgs' returned '0': CMAKE_PREFIX_PATH=${CMAKE_PREFIX_PATH}:/opt/ros/humble /usr/bin/cmake --build /home/user/ros2_px4_offboard_example_ws/build/px4_msgs -- -j12 -l12
[186.677s] DEBUG:colcon.colcon_core.event_handler.log_command:Invoking command in '/home/user/ros2_px4_offboard_example_ws/build/px4_msgs': CMAKE_PREFIX_PATH=${CMAKE_PREFIX_PATH}:/opt/ros/humble /usr/bin/cmake --install /home/user/ros2_px4_offboard_example_ws/build/px4_msgs
[187.684s] Level 1:colcon.colcon_core.environment:create_environment_scripts_only(px4_msgs)
[187.685s] DEBUG:colcon.colcon_core.event_handler.log_command:Invoked command in '/home/user/ros2_px4_offboard_example_ws/build/px4_msgs' returned '0': CMAKE_PREFIX_PATH=${CMAKE_PREFIX_PATH}:/opt/ros/humble /usr/bin/cmake --install /home/user/ros2_px4_offboard_example_ws/build/px4_msgs
[187.687s] Level 1:colcon.colcon_core.environment:checking '/home/user/ros2_px4_offboard_example_ws/install/px4_msgs' for CMake module files
[187.687s] Level 1:colcon.colcon_core.environment:checking '/home/user/ros2_px4_offboard_example_ws/install/px4_msgs' for CMake config files
[187.691s] Level 1:colcon.colcon_core.shell:create_environment_hook('px4_msgs', 'cmake_prefix_path')
[187.691s] INFO:colcon.colcon_core.shell:Creating environment hook '/home/user/ros2_px4_offboard_example_ws/install/px4_msgs/share/px4_msgs/hook/cmake_prefix_path.ps1'
[187.692s] INFO:colcon.colcon_core.shell:Creating environment descriptor '/home/user/ros2_px4_offboard_example_ws/install/px4_msgs/share/px4_msgs/hook/cmake_prefix_path.dsv'
[187.692s] INFO:colcon.colcon_core.shell:Creating environment hook '/home/user/ros2_px4_offboard_example_ws/install/px4_msgs/share/px4_msgs/hook/cmake_prefix_path.sh'
[187.693s] Level 1:colcon.colcon_core.environment:checking '/home/user/ros2_px4_offboard_example_ws/install/px4_msgs/lib'
[187.693s] Level 1:colcon.colcon_core.shell:create_environment_hook('px4_msgs', 'ld_library_path_lib')
[187.693s] INFO:colcon.colcon_core.shell:Creating environment hook '/home/user/ros2_px4_offboard_example_ws/install/px4_msgs/share/px4_msgs/hook/ld_library_path_lib.ps1'
[187.693s] INFO:colcon.colcon_core.shell:Creating environment descriptor '/home/user/ros2_px4_offboard_example_ws/install/px4_msgs/share/px4_msgs/hook/ld_library_path_lib.dsv'
[187.694s] INFO:colcon.colcon_core.shell:Creating environment hook '/home/user/ros2_px4_offboard_example_ws/install/px4_msgs/share/px4_msgs/hook/ld_library_path_lib.sh'
[187.694s] Level 1:colcon.colcon_core.environment:checking '/home/user/ros2_px4_offboard_example_ws/install/px4_msgs/bin'
[187.694s] Level 1:colcon.colcon_core.environment:checking '/home/user/ros2_px4_offboard_example_ws/install/px4_msgs/lib/pkgconfig/px4_msgs.pc'
[187.694s] Level 1:colcon.colcon_core.environment:checking '/home/user/ros2_px4_offboard_example_ws/install/px4_msgs/lib/python3.10/site-packages'
[187.694s] Level 1:colcon.colcon_core.environment:checking '/home/user/ros2_px4_offboard_example_ws/install/px4_msgs/bin'
[187.694s] INFO:colcon.colcon_core.shell:Creating package script '/home/user/ros2_px4_offboard_example_ws/install/px4_msgs/share/px4_msgs/package.ps1'
[187.695s] INFO:colcon.colcon_core.shell:Creating package descriptor '/home/user/ros2_px4_offboard_example_ws/install/px4_msgs/share/px4_msgs/package.dsv'
[187.695s] INFO:colcon.colcon_core.shell:Creating package script '/home/user/ros2_px4_offboard_example_ws/install/px4_msgs/share/px4_msgs/package.sh'
[187.696s] INFO:colcon.colcon_core.shell:Creating package script '/home/user/ros2_px4_offboard_example_ws/install/px4_msgs/share/px4_msgs/package.bash'
[187.697s] INFO:colcon.colcon_core.shell:Creating package script '/home/user/ros2_px4_offboard_example_ws/install/px4_msgs/share/px4_msgs/package.zsh'
[187.697s] Level 1:colcon.colcon_core.environment:create_file_with_runtime_dependencies(/home/user/ros2_px4_offboard_example_ws/install/px4_msgs/share/colcon-core/packages/px4_msgs)
[195.518s] Level 1:colcon.colcon_core.environment:create_environment_scripts_only(px4_msgs)
[195.519s] Level 1:colcon.colcon_core.environment:checking '/home/user/ros2_px4_offboard_example_ws/install/px4_msgs' for CMake module files
[195.521s] Level 1:colcon.colcon_core.environment:checking '/home/user/ros2_px4_offboard_example_ws/install/px4_msgs' for CMake config files
[195.534s] Level 1:colcon.colcon_core.shell:create_environment_hook('px4_msgs', 'cmake_prefix_path')
[195.535s] INFO:colcon.colcon_core.shell:Creating environment hook '/home/user/ros2_px4_offboard_example_ws/install/px4_msgs/share/px4_msgs/hook/cmake_prefix_path.ps1'
[195.536s] INFO:colcon.colcon_core.shell:Creating environment descriptor '/home/user/ros2_px4_offboard_example_ws/install/px4_msgs/share/px4_msgs/hook/cmake_prefix_path.dsv'
[195.536s] INFO:colcon.colcon_core.shell:Creating environment hook '/home/user/ros2_px4_offboard_example_ws/install/px4_msgs/share/px4_msgs/hook/cmake_prefix_path.sh'
[195.537s] Level 1:colcon.colcon_core.environment:checking '/home/user/ros2_px4_offboard_example_ws/install/px4_msgs/lib'
[195.537s] Level 1:colcon.colcon_core.shell:create_environment_hook('px4_msgs', 'ld_library_path_lib')
[195.537s] INFO:colcon.colcon_core.shell:Creating environment hook '/home/user/ros2_px4_offboard_example_ws/install/px4_msgs/share/px4_msgs/hook/ld_library_path_lib.ps1'
[195.538s] INFO:colcon.colcon_core.shell:Creating environment descriptor '/home/user/ros2_px4_offboard_example_ws/install/px4_msgs/share/px4_msgs/hook/ld_library_path_lib.dsv'
[195.539s] INFO:colcon.colcon_core.shell:Creating environment hook '/home/user/ros2_px4_offboard_example_ws/install/px4_msgs/share/px4_msgs/hook/ld_library_path_lib.sh'
[195.539s] Level 1:colcon.colcon_core.environment:checking '/home/user/ros2_px4_offboard_example_ws/install/px4_msgs/bin'
[195.539s] Level 1:colcon.colcon_core.environment:checking '/home/user/ros2_px4_offboard_example_ws/install/px4_msgs/lib/pkgconfig/px4_msgs.pc'
[195.540s] Level 1:colcon.colcon_core.environment:checking '/home/user/ros2_px4_offboard_example_ws/install/px4_msgs/lib/python3.10/site-packages'
[195.540s] Level 1:colcon.colcon_core.environment:checking '/home/user/ros2_px4_offboard_example_ws/install/px4_msgs/bin'
[195.541s] INFO:colcon.colcon_core.shell:Creating package script '/home/user/ros2_px4_offboard_example_ws/install/px4_msgs/share/px4_msgs/package.ps1'
[195.541s] INFO:colcon.colcon_core.shell:Creating package descriptor '/home/user/ros2_px4_offboard_example_ws/install/px4_msgs/share/px4_msgs/package.dsv'
[195.542s] INFO:colcon.colcon_core.shell:Creating package script '/home/user/ros2_px4_offboard_example_ws/install/px4_msgs/share/px4_msgs/package.sh'
[195.543s] INFO:colcon.colcon_core.shell:Creating package script '/home/user/ros2_px4_offboard_example_ws/install/px4_msgs/share/px4_msgs/package.bash'
[195.543s] INFO:colcon.colcon_core.shell:Creating package script '/home/user/ros2_px4_offboard_example_ws/install/px4_msgs/share/px4_msgs/package.zsh'
[195.544s] Level 1:colcon.colcon_core.environment:create_file_with_runtime_dependencies(/home/user/ros2_px4_offboard_example_ws/install/px4_msgs/share/colcon-core/packages/px4_msgs)
[195.544s] INFO:colcon.colcon_ros.task.ament_python.build:Building ROS package in '/home/user/ros2_px4_offboard_example_ws/src/ROS2_PX4_Offboard_Example/px4_offboard' with build type 'ament_python'
[195.544s] Level 1:colcon.colcon_core.shell:create_environment_hook('px4_offboard', 'ament_prefix_path')
[195.545s] INFO:colcon.colcon_core.shell:Creating environment hook '/home/user/ros2_px4_offboard_example_ws/install/px4_offboard/share/px4_offboard/hook/ament_prefix_path.ps1'
[195.546s] INFO:colcon.colcon_core.shell:Creating environment descriptor '/home/user/ros2_px4_offboard_example_ws/install/px4_offboard/share/px4_offboard/hook/ament_prefix_path.dsv'
[195.546s] INFO:colcon.colcon_core.shell:Creating environment hook '/home/user/ros2_px4_offboard_example_ws/install/px4_offboard/share/px4_offboard/hook/ament_prefix_path.sh'
[195.547s] INFO:colcon.colcon_core.shell:Skip shell extension 'powershell' for command environment: Not usable outside of PowerShell
[195.547s] DEBUG:colcon.colcon_core.shell:Skip shell extension 'dsv' for command environment
[195.781s] INFO:colcon.colcon_core.task.python.build:Building Python package in '/home/user/ros2_px4_offboard_example_ws/src/ROS2_PX4_Offboard_Example/px4_offboard'
[195.781s] INFO:colcon.colcon_core.shell:Skip shell extension 'powershell' for command environment: Not usable outside of PowerShell
[195.781s] DEBUG:colcon.colcon_core.shell:Skip shell extension 'dsv' for command environment
[197.118s] DEBUG:colcon.colcon_core.event_handler.log_command:Invoking command in '/home/user/ros2_px4_offboard_example_ws/src/ROS2_PX4_Offboard_Example/px4_offboard': AMENT_PREFIX_PATH=/home/user/ros2_px4_offboard_example_ws/install/px4_msgs:${AMENT_PREFIX_PATH} CMAKE_PREFIX_PATH=/home/user/ros2_px4_offboard_example_ws/install/px4_msgs:${CMAKE_PREFIX_PATH} LD_LIBRARY_PATH=/home/user/ros2_px4_offboard_example_ws/install/px4_msgs/lib:${LD_LIBRARY_PATH} PYTHONPATH=/home/user/ros2_px4_offboard_example_ws/build/px4_offboard/prefix_override:/home/user/ros2_px4_offboard_example_ws/install/px4_offboard/lib/python3.10/site-packages:/home/user/ros2_px4_offboard_example_ws/install/px4_msgs/local/lib/python3.10/dist-packages:${PYTHONPATH} /usr/bin/python3 -W ignore:setup.py install is deprecated setup.py egg_info --egg-base ../../../build/px4_offboard build --build-base /home/user/ros2_px4_offboard_example_ws/build/px4_offboard/build install --record /home/user/ros2_px4_offboard_example_ws/build/px4_offboard/install.log --single-version-externally-managed install_data
[197.585s] Level 1:colcon.colcon_core.environment:checking '/home/user/ros2_px4_offboard_example_ws/install/px4_offboard' for CMake module files
[197.585s] DEBUG:colcon.colcon_core.event_handler.log_command:Invoked command in '/home/user/ros2_px4_offboard_example_ws/src/ROS2_PX4_Offboard_Example/px4_offboard' returned '0': AMENT_PREFIX_PATH=/home/user/ros2_px4_offboard_example_ws/install/px4_msgs:${AMENT_PREFIX_PATH} CMAKE_PREFIX_PATH=/home/user/ros2_px4_offboard_example_ws/install/px4_msgs:${CMAKE_PREFIX_PATH} LD_LIBRARY_PATH=/home/user/ros2_px4_offboard_example_ws/install/px4_msgs/lib:${LD_LIBRARY_PATH} PYTHONPATH=/home/user/ros2_px4_offboard_example_ws/build/px4_offboard/prefix_override:/home/user/ros2_px4_offboard_example_ws/install/px4_offboard/lib/python3.10/site-packages:/home/user/ros2_px4_offboard_example_ws/install/px4_msgs/local/lib/python3.10/dist-packages:${PYTHONPATH} /usr/bin/python3 -W ignore:setup.py install is deprecated setup.py egg_info --egg-base ../../../build/px4_offboard build --build-base /home/user/ros2_px4_offboard_example_ws/build/px4_offboard/build install --record /home/user/ros2_px4_offboard_example_ws/build/px4_offboard/install.log --single-version-externally-managed install_data
[197.586s] Level 1:colcon.colcon_core.environment:checking '/home/user/ros2_px4_offboard_example_ws/install/px4_offboard' for CMake config files
[197.586s] Level 1:colcon.colcon_core.environment:checking '/home/user/ros2_px4_offboard_example_ws/install/px4_offboard/lib'
[197.586s] Level 1:colcon.colcon_core.environment:checking '/home/user/ros2_px4_offboard_example_ws/install/px4_offboard/bin'
[197.586s] Level 1:colcon.colcon_core.environment:checking '/home/user/ros2_px4_offboard_example_ws/install/px4_offboard/lib/pkgconfig/px4_offboard.pc'
[197.587s] Level 1:colcon.colcon_core.environment:checking '/home/user/ros2_px4_offboard_example_ws/install/px4_offboard/lib/python3.10/site-packages'
[197.587s] Level 1:colcon.colcon_core.shell:create_environment_hook('px4_offboard', 'pythonpath')
[197.587s] INFO:colcon.colcon_core.shell:Creating environment hook '/home/user/ros2_px4_offboard_example_ws/install/px4_offboard/share/px4_offboard/hook/pythonpath.ps1'
[197.587s] INFO:colcon.colcon_core.shell:Creating environment descriptor '/home/user/ros2_px4_offboard_example_ws/install/px4_offboard/share/px4_offboard/hook/pythonpath.dsv'
[197.587s] INFO:colcon.colcon_core.shell:Creating environment hook '/home/user/ros2_px4_offboard_example_ws/install/px4_offboard/share/px4_offboard/hook/pythonpath.sh'
[197.588s] Level 1:colcon.colcon_core.environment:checking '/home/user/ros2_px4_offboard_example_ws/install/px4_offboard/bin'
[197.588s] Level 1:colcon.colcon_core.environment:create_environment_scripts_only(px4_offboard)
[197.588s] INFO:colcon.colcon_core.shell:Creating package script '/home/user/ros2_px4_offboard_example_ws/install/px4_offboard/share/px4_offboard/package.ps1'
[197.588s] INFO:colcon.colcon_core.shell:Creating package descriptor '/home/user/ros2_px4_offboard_example_ws/install/px4_offboard/share/px4_offboard/package.dsv'
[197.589s] INFO:colcon.colcon_core.shell:Creating package script '/home/user/ros2_px4_offboard_example_ws/install/px4_offboard/share/px4_offboard/package.sh'
[197.589s] INFO:colcon.colcon_core.shell:Creating package script '/home/user/ros2_px4_offboard_example_ws/install/px4_offboard/share/px4_offboard/package.bash'
[197.589s] INFO:colcon.colcon_core.shell:Creating package script '/home/user/ros2_px4_offboard_example_ws/install/px4_offboard/share/px4_offboard/package.zsh'
[197.589s] Level 1:colcon.colcon_core.environment:create_file_with_runtime_dependencies(/home/user/ros2_px4_offboard_example_ws/install/px4_offboard/share/colcon-core/packages/px4_offboard)
[197.590s] DEBUG:colcon.colcon_parallel_executor.executor.parallel:closing loop
[197.590s] DEBUG:colcon.colcon_parallel_executor.executor.parallel:loop closed
[197.590s] DEBUG:colcon.colcon_parallel_executor.executor.parallel:run_until_complete finished with '0'
[197.590s] DEBUG:colcon.colcon_core.event_reactor:joining thread
[197.594s] INFO:colcon.colcon_core.plugin_system:Skipping extension 'colcon_notification.desktop_notification.terminal_notifier': Not used on non-Darwin systems
[197.594s] INFO:colcon.colcon_core.plugin_system:Skipping extension 'colcon_notification.desktop_notification.win32': Not used on non-Windows systems
[197.594s] INFO:colcon.colcon_notification.desktop_notification:Sending desktop notification using 'notify2'
[197.608s] DEBUG:colcon.colcon_core.event_reactor:joined thread
[197.608s] INFO:colcon.colcon_core.shell:Creating prefix script '/home/user/ros2_px4_offboard_example_ws/install/local_setup.ps1'
[197.609s] INFO:colcon.colcon_core.shell:Creating prefix util module '/home/user/ros2_px4_offboard_example_ws/install/_local_setup_util_ps1.py'
[197.610s] INFO:colcon.colcon_core.shell:Creating prefix chain script '/home/user/ros2_px4_offboard_example_ws/install/setup.ps1'
[197.611s] INFO:colcon.colcon_core.shell:Creating prefix script '/home/user/ros2_px4_offboard_example_ws/install/local_setup.sh'
[197.611s] INFO:colcon.colcon_core.shell:Creating prefix util module '/home/user/ros2_px4_offboard_example_ws/install/_local_setup_util_sh.py'
[197.611s] INFO:colcon.colcon_core.shell:Creating prefix chain script '/home/user/ros2_px4_offboard_example_ws/install/setup.sh'
[197.612s] INFO:colcon.colcon_core.shell:Creating prefix script '/home/user/ros2_px4_offboard_example_ws/install/local_setup.bash'
[197.612s] INFO:colcon.colcon_core.shell:Creating prefix chain script '/home/user/ros2_px4_offboard_example_ws/install/setup.bash'
[197.613s] INFO:colcon.colcon_core.shell:Creating prefix script '/home/user/ros2_px4_offboard_example_ws/install/local_setup.zsh'
[197.614s] INFO:colcon.colcon_core.shell:Creating prefix chain script '/home/user/ros2_px4_offboard_example_ws/install/setup.zsh'
