/home/inlab22/Documents/automated_planogram_compliance/simulations/install/udacidrone/lib/python3.10/site-packages/udacidrone/frame_utils.py
/home/inlab22/Documents/automated_planogram_compliance/simulations/install/udacidrone/lib/python3.10/site-packages/udacidrone/__init__.py
/home/inlab22/Documents/automated_planogram_compliance/simulations/install/udacidrone/lib/python3.10/site-packages/udacidrone/drone.py
/home/inlab22/Documents/automated_planogram_compliance/simulations/install/udacidrone/lib/python3.10/site-packages/udacidrone/logging/logger.py
/home/inlab22/Documents/automated_planogram_compliance/simulations/install/udacidrone/lib/python3.10/site-packages/udacidrone/logging/__init__.py
/home/inlab22/Documents/automated_planogram_compliance/simulations/install/udacidrone/lib/python3.10/site-packages/udacidrone/messaging/message_ids.py
/home/inlab22/Documents/automated_planogram_compliance/simulations/install/udacidrone/lib/python3.10/site-packages/udacidrone/messaging/__init__.py
/home/inlab22/Documents/automated_planogram_compliance/simulations/install/udacidrone/lib/python3.10/site-packages/udacidrone/connection/mavlink_utils.py
/home/inlab22/Documents/automated_planogram_compliance/simulations/install/udacidrone/lib/python3.10/site-packages/udacidrone/connection/connection.py
/home/inlab22/Documents/automated_planogram_compliance/simulations/install/udacidrone/lib/python3.10/site-packages/udacidrone/connection/websocket_connection.py
/home/inlab22/Documents/automated_planogram_compliance/simulations/install/udacidrone/lib/python3.10/site-packages/udacidrone/connection/__init__.py
/home/inlab22/Documents/automated_planogram_compliance/simulations/install/udacidrone/lib/python3.10/site-packages/udacidrone/connection/mavlink_connection.py
/home/inlab22/Documents/automated_planogram_compliance/simulations/install/udacidrone/lib/python3.10/site-packages/udacidrone/connection/crazyflie_connection.py
/home/inlab22/Documents/automated_planogram_compliance/simulations/install/udacidrone/lib/python3.10/site-packages/udacidrone/connection/message_types.py
/home/inlab22/Documents/automated_planogram_compliance/simulations/install/udacidrone/lib/python3.10/site-packages/udacidrone/__pycache__/frame_utils.cpython-310.pyc
/home/inlab22/Documents/automated_planogram_compliance/simulations/install/udacidrone/lib/python3.10/site-packages/udacidrone/__pycache__/__init__.cpython-310.pyc
/home/inlab22/Documents/automated_planogram_compliance/simulations/install/udacidrone/lib/python3.10/site-packages/udacidrone/__pycache__/drone.cpython-310.pyc
/home/inlab22/Documents/automated_planogram_compliance/simulations/install/udacidrone/lib/python3.10/site-packages/udacidrone/logging/__pycache__/logger.cpython-310.pyc
/home/inlab22/Documents/automated_planogram_compliance/simulations/install/udacidrone/lib/python3.10/site-packages/udacidrone/logging/__pycache__/__init__.cpython-310.pyc
/home/inlab22/Documents/automated_planogram_compliance/simulations/install/udacidrone/lib/python3.10/site-packages/udacidrone/messaging/__pycache__/message_ids.cpython-310.pyc
/home/inlab22/Documents/automated_planogram_compliance/simulations/install/udacidrone/lib/python3.10/site-packages/udacidrone/messaging/__pycache__/__init__.cpython-310.pyc
/home/inlab22/Documents/automated_planogram_compliance/simulations/install/udacidrone/lib/python3.10/site-packages/udacidrone/connection/__pycache__/mavlink_utils.cpython-310.pyc
/home/inlab22/Documents/automated_planogram_compliance/simulations/install/udacidrone/lib/python3.10/site-packages/udacidrone/connection/__pycache__/connection.cpython-310.pyc
/home/inlab22/Documents/automated_planogram_compliance/simulations/install/udacidrone/lib/python3.10/site-packages/udacidrone/connection/__pycache__/websocket_connection.cpython-310.pyc
/home/inlab22/Documents/automated_planogram_compliance/simulations/install/udacidrone/lib/python3.10/site-packages/udacidrone/connection/__pycache__/__init__.cpython-310.pyc
/home/inlab22/Documents/automated_planogram_compliance/simulations/install/udacidrone/lib/python3.10/site-packages/udacidrone/connection/__pycache__/mavlink_connection.cpython-310.pyc
/home/inlab22/Documents/automated_planogram_compliance/simulations/install/udacidrone/lib/python3.10/site-packages/udacidrone/connection/__pycache__/crazyflie_connection.cpython-310.pyc
/home/inlab22/Documents/automated_planogram_compliance/simulations/install/udacidrone/lib/python3.10/site-packages/udacidrone/connection/__pycache__/message_types.cpython-310.pyc
/home/inlab22/Documents/automated_planogram_compliance/simulations/install/udacidrone/lib/python3.10/site-packages/udacidrone-0.3.5-py3.10.egg-info/top_level.txt
/home/inlab22/Documents/automated_planogram_compliance/simulations/install/udacidrone/lib/python3.10/site-packages/udacidrone-0.3.5-py3.10.egg-info/requires.txt
/home/inlab22/Documents/automated_planogram_compliance/simulations/install/udacidrone/lib/python3.10/site-packages/udacidrone-0.3.5-py3.10.egg-info/PKG-INFO
/home/inlab22/Documents/automated_planogram_compliance/simulations/install/udacidrone/lib/python3.10/site-packages/udacidrone-0.3.5-py3.10.egg-info/SOURCES.txt
/home/inlab22/Documents/automated_planogram_compliance/simulations/install/udacidrone/lib/python3.10/site-packages/udacidrone-0.3.5-py3.10.egg-info/dependency_links.txt
