[0.055s] Invoking command in '/home/user/ros2_ws/build/my_robot_description': CMAKE_PREFIX_PATH=/opt/ros/humble /usr/bin/cmake /home/user/ros2_ws/src/my_robot_description -DAMENT_CMAKE_SYMLINK_INSTALL=1 -DCMAKE_INSTALL_PREFIX=/home/user/ros2_ws/install/my_robot_description
[0.593s] -- The C compiler identification is GNU 11.4.0
[1.080s] -- The CXX compiler identification is GNU 11.4.0
[1.255s] -- Detecting C compiler ABI info
[1.479s] -- Detecting C compiler ABI info - done
[1.485s] -- Check for working C compiler: /usr/bin/cc - skipped
[1.486s] -- Detecting C compile features
[1.497s] -- Detecting C compile features - done
[1.503s] -- Detecting CXX compiler ABI info
[1.642s] -- Detecting CXX compiler ABI info - done
[1.648s] -- Check for working CXX compiler: /usr/bin/c++ - skipped
[1.648s] -- Detecting CXX compile features
[1.648s] -- Detecting CXX compile features - done
[1.703s] -- Found ament_cmake: 1.3.9 (/opt/ros/humble/share/ament_cmake/cmake)
[1.991s] -- Found Python3: /usr/bin/python3 (found version "3.10.12") found components: Interpreter 
[2.103s] -- Override CMake install command with custom implementation using symlinks instead of copying resources
[2.319s] -- Found ament_lint_auto: 0.12.11 (/opt/ros/humble/share/ament_lint_auto/cmake)
[2.502s] -- Added test 'lint_cmake' to check CMake code style
[2.503s] -- Added test 'xmllint' to check XML markup files
[2.506s] -- Configuring done
[2.511s] -- Generating done
[2.513s] -- Build files have been written to: /home/user/ros2_ws/build/my_robot_description
[2.519s] Invoked command in '/home/user/ros2_ws/build/my_robot_description' returned '0': CMAKE_PREFIX_PATH=/opt/ros/humble /usr/bin/cmake /home/user/ros2_ws/src/my_robot_description -DAMENT_CMAKE_SYMLINK_INSTALL=1 -DCMAKE_INSTALL_PREFIX=/home/user/ros2_ws/install/my_robot_description
[2.522s] Invoking command in '/home/user/ros2_ws/build/my_robot_description': CMAKE_PREFIX_PATH=/opt/ros/humble /usr/bin/cmake --build /home/user/ros2_ws/build/my_robot_description -- -j12 -l12
[2.555s] Invoked command in '/home/user/ros2_ws/build/my_robot_description' returned '0': CMAKE_PREFIX_PATH=/opt/ros/humble /usr/bin/cmake --build /home/user/ros2_ws/build/my_robot_description -- -j12 -l12
[2.580s] Invoking command in '/home/user/ros2_ws/build/my_robot_description': CMAKE_PREFIX_PATH=/opt/ros/humble /usr/bin/cmake --install /home/user/ros2_ws/build/my_robot_description
[2.587s] -- Install configuration: ""
[2.588s] -- Execute custom install script
[2.588s] -- Symlinking: /home/user/ros2_ws/install/my_robot_description/share/my_robot_description//urdf/my_robot.urdf
[2.596s] [31mCMake Error at ament_cmake_symlink_install/ament_cmake_symlink_install.cmake:100 (message):
[2.596s]   ament_cmake_symlink_install_directory() can't find
[2.596s]   '/home/user/ros2_ws/src/my_robot_description/launch'
[2.597s] Call Stack (most recent call first):
[2.597s]   ament_cmake_symlink_install/ament_cmake_symlink_install.cmake:314 (ament_cmake_symlink_install_directory)
[2.597s]   cmake_install.cmake:46 (include)
[2.597s] 
[2.597s] [0m
[2.598s] Invoked command in '/home/user/ros2_ws/build/my_robot_description' returned '1': CMAKE_PREFIX_PATH=/opt/ros/humble /usr/bin/cmake --install /home/user/ros2_ws/build/my_robot_description
