[0.008s] Invoking command in '/home/user/ws_offboard_control/build/px4_msgs': CMAKE_PREFIX_PATH=${CMAKE_PREFIX_PATH}:/opt/ros/humble PS1=(px4-venv) \[\e]0;\u@\h: \w\a\]${debian_chroot:+($debian_chroot)}\[\033[01;32m\]\u@\h\[\033[00m\]:\[\033[01;34m\]\w\[\033[00m\]\$ VIRTUAL_ENV_PROMPT=(px4-venv) /usr/bin/cmake /home/user/ws_offboard_control/src/px4_msgs -DCMAKE_INSTALL_PREFIX=/home/user/ws_offboard_control/install/px4_msgs
[0.018s] -- Found ament_cmake: 1.3.9 (/opt/ros/humble/share/ament_cmake/cmake)
[0.114s] -- Found builtin_interfaces: 1.2.1 (/opt/ros/humble/share/builtin_interfaces/cmake)
[0.135s] -- Found rosidl_generator_c: 3.1.5 (/opt/ros/humble/share/rosidl_generator_c/cmake)
[0.137s] -- Found rosidl_adapter: 3.1.5 (/opt/ros/humble/share/rosidl_adapter/cmake)
[0.142s] -- Found rosidl_generator_cpp: 3.1.5 (/opt/ros/humble/share/rosidl_generator_cpp/cmake)
[0.152s] -- Using all available rosidl_typesupport_c: rosidl_typesupport_fastrtps_c;rosidl_typesupport_introspection_c
[0.165s] -- Using all available rosidl_typesupport_cpp: rosidl_typesupport_fastrtps_cpp;rosidl_typesupport_introspection_cpp
[0.178s] -- Found rosidl_default_generators: 1.2.0 (/opt/ros/humble/share/rosidl_default_generators/cmake)
[0.284s] [31mCMake Error at /opt/ros/humble/share/rosidl_adapter/cmake/rosidl_adapt_interfaces.cmake:59 (message):
[0.284s]   execute_process(/home/user/px4-venv/bin/python3 -m rosidl_adapter
[0.284s]   --package-name px4_msgs --arguments-file
[0.284s]   /home/user/ws_offboard_control/build/px4_msgs/rosidl_adapter__arguments__px4_msgs.json
[0.284s]   --output-dir
[0.285s]   /home/user/ws_offboard_control/build/px4_msgs/rosidl_adapter/px4_msgs
[0.285s]   --output-file
[0.285s]   /home/user/ws_offboard_control/build/px4_msgs/rosidl_adapter/px4_msgs.idls)
[0.285s]   returned error code 1:
[0.285s] 
[0.285s]   Traceback (most recent call last):
[0.285s] 
[0.285s]     File "/usr/lib/python3.10/runpy.py", line 196, in _run_module_as_main
[0.285s]       return _run_code(code, main_globals, None,
[0.285s]     File "/usr/lib/python3.10/runpy.py", line 86, in _run_code
[0.285s]       exec(code, run_globals)
[0.285s]     File "/opt/ros/humble/local/lib/python3.10/dist-packages/rosidl_adapter/__main__.py", line 19, in <module>
[0.285s]       sys.exit(main())
[0.285s]     File "/opt/ros/humble/local/lib/python3.10/dist-packages/rosidl_adapter/main.py", line 53, in main
[0.285s]       abs_idl_file = convert_to_idl(
[0.285s]     File "/opt/ros/humble/local/lib/python3.10/dist-packages/rosidl_adapter/__init__.py", line 18, in convert_to_idl
[0.285s]       from rosidl_adapter.msg import convert_msg_to_idl
[0.285s]     File "/opt/ros/humble/local/lib/python3.10/dist-packages/rosidl_adapter/msg/__init__.py", line 16, in <module>
[0.285s]       from rosidl_adapter.resource import expand_template
[0.285s]     File "/opt/ros/humble/local/lib/python3.10/dist-packages/rosidl_adapter/resource/__init__.py", line 19, in <module>
[0.286s]       import em
[0.286s] 
[0.286s]   ModuleNotFoundError: No module named 'em'
[0.286s] 
[0.286s] Call Stack (most recent call first):
[0.286s]   /opt/ros/humble/share/rosidl_cmake/cmake/rosidl_generate_interfaces.cmake:130 (rosidl_adapt_interfaces)
[0.286s]   CMakeLists.txt:28 (rosidl_generate_interfaces)
[0.286s] 
[0.286s] [0m
[0.286s] -- Configuring incomplete, errors occurred!
[0.286s] See also "/home/user/ws_offboard_control/build/px4_msgs/CMakeFiles/CMakeOutput.log".
[0.289s] Invoked command in '/home/user/ws_offboard_control/build/px4_msgs' returned '1': CMAKE_PREFIX_PATH=${CMAKE_PREFIX_PATH}:/opt/ros/humble PS1=(px4-venv) \[\e]0;\u@\h: \w\a\]${debian_chroot:+($debian_chroot)}\[\033[01;32m\]\u@\h\[\033[00m\]:\[\033[01;34m\]\w\[\033[00m\]\$ VIRTUAL_ENV_PROMPT=(px4-venv) /usr/bin/cmake /home/user/ws_offboard_control/src/px4_msgs -DCMAKE_INSTALL_PREFIX=/home/user/ws_offboard_control/install/px4_msgs
