[1.378s] DEBUG:colcon:Command line arguments: ['/usr/bin/colcon', 'build']
[1.379s] DEBUG:colcon:Parsed command line arguments: Namespace(log_base=None, log_level=None, verb_name='build', build_base='build', install_base='install', merge_install=False, symlink_install=False, test_result_base=None, continue_on_error=False, executor='parallel', parallel_workers=12, event_handlers=None, ignore_user_meta=False, metas=['./colcon.meta'], base_paths=['.'], packages_ignore=None, packages_ignore_regex=None, paths=None, packages_up_to=None, packages_up_to_regex=None, packages_above=None, packages_above_and_dependencies=None, packages_above_depth=None, packages_select_by_dep=None, packages_skip_by_dep=None, packages_skip_up_to=None, packages_select_build_failed=False, packages_skip_build_finished=False, packages_select_test_failures=False, packages_skip_test_passed=False, packages_select=None, packages_skip=None, packages_select_regex=None, packages_skip_regex=None, packages_start=None, packages_end=None, allow_overriding=[], cmake_args=None, cmake_target=None, cmake_target_skip_unavailable=False, cmake_clean_cache=False, cmake_clean_first=False, cmake_force_configure=False, ament_cmake_args=None, catkin_cmake_args=None, catkin_skip_building_tests=False, mixin_files=None, mixin=None, verb_parser=<colcon_mixin.mixin.mixin_argument.MixinArgumentDecorator object at 0x793d0fd36200>, verb_extension=<colcon_core.verb.build.BuildVerb object at 0x793d0fd35990>, main=<bound method BuildVerb.main of <colcon_core.verb.build.BuildVerb object at 0x793d0fd35990>>, mixin_verb=('build',))
[1.745s] Level 1:colcon.colcon_core.package_discovery:discover_packages(colcon_meta) check parameters
[1.746s] Level 1:colcon.colcon_core.package_discovery:discover_packages(recursive) check parameters
[1.746s] Level 1:colcon.colcon_core.package_discovery:discover_packages(ignore) check parameters
[1.747s] Level 1:colcon.colcon_core.package_discovery:discover_packages(path) check parameters
[1.747s] Level 1:colcon.colcon_core.package_discovery:discover_packages(colcon_meta) discover
[1.747s] Level 1:colcon.colcon_core.package_discovery:discover_packages(recursive) discover
[1.748s] INFO:colcon.colcon_core.package_discovery:Crawling recursively for packages in '/home/user/ws_sensor_combined'
[1.748s] Level 1:colcon.colcon_core.package_identification:_identify(.) by extensions ['ignore', 'ignore_ament_install']
[1.749s] Level 1:colcon.colcon_core.package_identification:_identify(.) by extension 'ignore'
[1.749s] Level 1:colcon.colcon_core.package_identification:_identify(.) by extension 'ignore_ament_install'
[1.750s] Level 1:colcon.colcon_core.package_identification:_identify(.) by extensions ['colcon_pkg']
[1.750s] Level 1:colcon.colcon_core.package_identification:_identify(.) by extension 'colcon_pkg'
[1.750s] Level 1:colcon.colcon_core.package_identification:_identify(.) by extensions ['colcon_meta']
[1.750s] Level 1:colcon.colcon_core.package_identification:_identify(.) by extension 'colcon_meta'
[1.751s] Level 1:colcon.colcon_core.package_identification:_identify(.) by extensions ['ros']
[1.751s] Level 1:colcon.colcon_core.package_identification:_identify(.) by extension 'ros'
[1.860s] Level 1:colcon.colcon_core.package_identification:_identify(.) by extensions ['cmake', 'python']
[1.860s] Level 1:colcon.colcon_core.package_identification:_identify(.) by extension 'cmake'
[1.860s] Level 1:colcon.colcon_core.package_identification:_identify(.) by extension 'python'
[1.860s] Level 1:colcon.colcon_core.package_identification:_identify(.) by extensions ['python_setup_py']
[1.861s] Level 1:colcon.colcon_core.package_identification:_identify(.) by extension 'python_setup_py'
[1.861s] Level 1:colcon.colcon_core.package_identification:_identify(build) by extensions ['ignore', 'ignore_ament_install']
[1.861s] Level 1:colcon.colcon_core.package_identification:_identify(build) by extension 'ignore'
[1.861s] Level 1:colcon.colcon_core.package_identification:_identify(build) ignored
[1.861s] Level 1:colcon.colcon_core.package_identification:_identify(install) by extensions ['ignore', 'ignore_ament_install']
[1.862s] Level 1:colcon.colcon_core.package_identification:_identify(install) by extension 'ignore'
[1.862s] Level 1:colcon.colcon_core.package_identification:_identify(install) ignored
[1.862s] Level 1:colcon.colcon_core.package_identification:_identify(log) by extensions ['ignore', 'ignore_ament_install']
[1.862s] Level 1:colcon.colcon_core.package_identification:_identify(log) by extension 'ignore'
[1.862s] Level 1:colcon.colcon_core.package_identification:_identify(log) ignored
[1.862s] Level 1:colcon.colcon_core.package_identification:_identify(src) by extensions ['ignore', 'ignore_ament_install']
[1.862s] Level 1:colcon.colcon_core.package_identification:_identify(src) by extension 'ignore'
[1.863s] Level 1:colcon.colcon_core.package_identification:_identify(src) by extension 'ignore_ament_install'
[1.863s] Level 1:colcon.colcon_core.package_identification:_identify(src) by extensions ['colcon_pkg']
[1.863s] Level 1:colcon.colcon_core.package_identification:_identify(src) by extension 'colcon_pkg'
[1.863s] Level 1:colcon.colcon_core.package_identification:_identify(src) by extensions ['colcon_meta']
[1.863s] Level 1:colcon.colcon_core.package_identification:_identify(src) by extension 'colcon_meta'
[1.863s] Level 1:colcon.colcon_core.package_identification:_identify(src) by extensions ['ros']
[1.863s] Level 1:colcon.colcon_core.package_identification:_identify(src) by extension 'ros'
[1.863s] Level 1:colcon.colcon_core.package_identification:_identify(src) by extensions ['cmake', 'python']
[1.863s] Level 1:colcon.colcon_core.package_identification:_identify(src) by extension 'cmake'
[1.863s] Level 1:colcon.colcon_core.package_identification:_identify(src) by extension 'python'
[1.864s] Level 1:colcon.colcon_core.package_identification:_identify(src) by extensions ['python_setup_py']
[1.864s] Level 1:colcon.colcon_core.package_identification:_identify(src) by extension 'python_setup_py'
[1.864s] Level 1:colcon.colcon_core.package_identification:_identify(src/px4_msgs) by extensions ['ignore', 'ignore_ament_install']
[1.864s] Level 1:colcon.colcon_core.package_identification:_identify(src/px4_msgs) by extension 'ignore'
[1.864s] Level 1:colcon.colcon_core.package_identification:_identify(src/px4_msgs) by extension 'ignore_ament_install'
[1.865s] Level 1:colcon.colcon_core.package_identification:_identify(src/px4_msgs) by extensions ['colcon_pkg']
[1.865s] Level 1:colcon.colcon_core.package_identification:_identify(src/px4_msgs) by extension 'colcon_pkg'
[1.865s] Level 1:colcon.colcon_core.package_identification:_identify(src/px4_msgs) by extensions ['colcon_meta']
[1.865s] Level 1:colcon.colcon_core.package_identification:_identify(src/px4_msgs) by extension 'colcon_meta'
[1.865s] Level 1:colcon.colcon_core.package_identification:_identify(src/px4_msgs) by extensions ['ros']
[1.865s] Level 1:colcon.colcon_core.package_identification:_identify(src/px4_msgs) by extension 'ros'
[1.880s] DEBUG:colcon.colcon_core.package_identification:Package 'src/px4_msgs' with type 'ros.ament_cmake' and name 'px4_msgs'
[1.881s] Level 1:colcon.colcon_core.package_identification:_identify(src/px4_ros_com) by extensions ['ignore', 'ignore_ament_install']
[1.881s] Level 1:colcon.colcon_core.package_identification:_identify(src/px4_ros_com) by extension 'ignore'
[1.881s] Level 1:colcon.colcon_core.package_identification:_identify(src/px4_ros_com) by extension 'ignore_ament_install'
[1.881s] Level 1:colcon.colcon_core.package_identification:_identify(src/px4_ros_com) by extensions ['colcon_pkg']
[1.881s] Level 1:colcon.colcon_core.package_identification:_identify(src/px4_ros_com) by extension 'colcon_pkg'
[1.881s] Level 1:colcon.colcon_core.package_identification:_identify(src/px4_ros_com) by extensions ['colcon_meta']
[1.881s] Level 1:colcon.colcon_core.package_identification:_identify(src/px4_ros_com) by extension 'colcon_meta'
[1.881s] Level 1:colcon.colcon_core.package_identification:_identify(src/px4_ros_com) by extensions ['ros']
[1.881s] Level 1:colcon.colcon_core.package_identification:_identify(src/px4_ros_com) by extension 'ros'
[1.883s] DEBUG:colcon.colcon_core.package_identification:Package 'src/px4_ros_com' with type 'ros.ament_cmake' and name 'px4_ros_com'
[1.883s] Level 1:colcon.colcon_core.package_discovery:discover_packages(recursive) using defaults
[1.883s] Level 1:colcon.colcon_core.package_discovery:discover_packages(ignore) discover
[1.883s] Level 1:colcon.colcon_core.package_discovery:discover_packages(ignore) using defaults
[1.884s] Level 1:colcon.colcon_core.package_discovery:discover_packages(path) discover
[1.884s] Level 1:colcon.colcon_core.package_discovery:discover_packages(path) using defaults
[2.016s] Level 1:colcon.colcon_core.package_discovery:discover_packages(prefix_path) check parameters
[2.016s] Level 1:colcon.colcon_core.package_discovery:discover_packages(prefix_path) discover
[2.044s] DEBUG:colcon.colcon_installed_package_information.package_discovery:Found 1 installed packages in /home/user/ros2_ws/install
[2.047s] DEBUG:colcon.colcon_installed_package_information.package_discovery:Found 275 installed packages in /opt/ros/humble
[2.051s] Level 1:colcon.colcon_core.package_discovery:discover_packages(prefix_path) using defaults
[2.126s] Level 5:colcon.colcon_core.verb:set package 'px4_msgs' build argument 'cmake_args' from command line to 'None'
[2.127s] Level 5:colcon.colcon_core.verb:set package 'px4_msgs' build argument 'cmake_target' from command line to 'None'
[2.127s] Level 5:colcon.colcon_core.verb:set package 'px4_msgs' build argument 'cmake_target_skip_unavailable' from command line to 'False'
[2.127s] Level 5:colcon.colcon_core.verb:set package 'px4_msgs' build argument 'cmake_clean_cache' from command line to 'False'
[2.127s] Level 5:colcon.colcon_core.verb:set package 'px4_msgs' build argument 'cmake_clean_first' from command line to 'False'
[2.127s] Level 5:colcon.colcon_core.verb:set package 'px4_msgs' build argument 'cmake_force_configure' from command line to 'False'
[2.127s] Level 5:colcon.colcon_core.verb:set package 'px4_msgs' build argument 'ament_cmake_args' from command line to 'None'
[2.127s] Level 5:colcon.colcon_core.verb:set package 'px4_msgs' build argument 'catkin_cmake_args' from command line to 'None'
[2.127s] Level 5:colcon.colcon_core.verb:set package 'px4_msgs' build argument 'catkin_skip_building_tests' from command line to 'False'
[2.127s] DEBUG:colcon.colcon_core.verb:Building package 'px4_msgs' with the following arguments: {'ament_cmake_args': None, 'build_base': '/home/user/ws_sensor_combined/build/px4_msgs', 'catkin_cmake_args': None, 'catkin_skip_building_tests': False, 'cmake_args': None, 'cmake_clean_cache': False, 'cmake_clean_first': False, 'cmake_force_configure': False, 'cmake_target': None, 'cmake_target_skip_unavailable': False, 'install_base': '/home/user/ws_sensor_combined/install/px4_msgs', 'merge_install': False, 'path': '/home/user/ws_sensor_combined/src/px4_msgs', 'symlink_install': False, 'test_result_base': None}
[2.128s] Level 5:colcon.colcon_core.verb:set package 'px4_ros_com' build argument 'cmake_args' from command line to 'None'
[2.129s] Level 5:colcon.colcon_core.verb:set package 'px4_ros_com' build argument 'cmake_target' from command line to 'None'
[2.129s] Level 5:colcon.colcon_core.verb:set package 'px4_ros_com' build argument 'cmake_target_skip_unavailable' from command line to 'False'
[2.129s] Level 5:colcon.colcon_core.verb:set package 'px4_ros_com' build argument 'cmake_clean_cache' from command line to 'False'
[2.129s] Level 5:colcon.colcon_core.verb:set package 'px4_ros_com' build argument 'cmake_clean_first' from command line to 'False'
[2.129s] Level 5:colcon.colcon_core.verb:set package 'px4_ros_com' build argument 'cmake_force_configure' from command line to 'False'
[2.129s] Level 5:colcon.colcon_core.verb:set package 'px4_ros_com' build argument 'ament_cmake_args' from command line to 'None'
[2.129s] Level 5:colcon.colcon_core.verb:set package 'px4_ros_com' build argument 'catkin_cmake_args' from command line to 'None'
[2.129s] Level 5:colcon.colcon_core.verb:set package 'px4_ros_com' build argument 'catkin_skip_building_tests' from command line to 'False'
[2.129s] DEBUG:colcon.colcon_core.verb:Building package 'px4_ros_com' with the following arguments: {'ament_cmake_args': None, 'build_base': '/home/user/ws_sensor_combined/build/px4_ros_com', 'catkin_cmake_args': None, 'catkin_skip_building_tests': False, 'cmake_args': None, 'cmake_clean_cache': False, 'cmake_clean_first': False, 'cmake_force_configure': False, 'cmake_target': None, 'cmake_target_skip_unavailable': False, 'install_base': '/home/user/ws_sensor_combined/install/px4_ros_com', 'merge_install': False, 'path': '/home/user/ws_sensor_combined/src/px4_ros_com', 'symlink_install': False, 'test_result_base': None}
[2.129s] INFO:colcon.colcon_core.executor:Executing jobs using 'parallel' executor
[2.132s] DEBUG:colcon.colcon_parallel_executor.executor.parallel:run_until_complete
[2.133s] INFO:colcon.colcon_ros.task.ament_cmake.build:Building ROS package in '/home/user/ws_sensor_combined/src/px4_msgs' with build type 'ament_cmake'
[2.133s] INFO:colcon.colcon_cmake.task.cmake.build:Building CMake package in '/home/user/ws_sensor_combined/src/px4_msgs'
[2.181s] INFO:colcon.colcon_core.plugin_system:Skipping extension 'colcon_core.shell.bat': Not used on non-Windows systems
[2.181s] INFO:colcon.colcon_core.shell:Skip shell extension 'powershell' for command environment: Not usable outside of PowerShell
[2.181s] DEBUG:colcon.colcon_core.shell:Skip shell extension 'dsv' for command environment
[2.200s] DEBUG:colcon.colcon_core.event_handler.log_command:Invoking command in '/home/user/ws_sensor_combined/build/px4_msgs': CMAKE_PREFIX_PATH=${CMAKE_PREFIX_PATH}:/opt/ros/humble /usr/bin/cmake /home/user/ws_sensor_combined/src/px4_msgs -DCMAKE_INSTALL_PREFIX=/home/user/ws_sensor_combined/install/px4_msgs
[9.404s] DEBUG:colcon.colcon_core.event_handler.log_command:Invoked command in '/home/user/ws_sensor_combined/build/px4_msgs' returned '0': CMAKE_PREFIX_PATH=${CMAKE_PREFIX_PATH}:/opt/ros/humble /usr/bin/cmake /home/user/ws_sensor_combined/src/px4_msgs -DCMAKE_INSTALL_PREFIX=/home/user/ws_sensor_combined/install/px4_msgs
[9.405s] DEBUG:colcon.colcon_core.event_handler.log_command:Invoking command in '/home/user/ws_sensor_combined/build/px4_msgs': CMAKE_PREFIX_PATH=${CMAKE_PREFIX_PATH}:/opt/ros/humble /usr/bin/cmake --build /home/user/ws_sensor_combined/build/px4_msgs -- -j12 -l12
[374.315s] DEBUG:colcon.colcon_core.event_handler.log_command:Invoked command in '/home/user/ws_sensor_combined/build/px4_msgs' returned '0': CMAKE_PREFIX_PATH=${CMAKE_PREFIX_PATH}:/opt/ros/humble /usr/bin/cmake --build /home/user/ws_sensor_combined/build/px4_msgs -- -j12 -l12
[379.350s] DEBUG:colcon.colcon_core.event_handler.log_command:Invoking command in '/home/user/ws_sensor_combined/build/px4_msgs': CMAKE_PREFIX_PATH=${CMAKE_PREFIX_PATH}:/opt/ros/humble /usr/bin/cmake --install /home/user/ws_sensor_combined/build/px4_msgs
[381.170s] Level 1:colcon.colcon_core.environment:create_environment_scripts_only(px4_msgs)
[381.171s] DEBUG:colcon.colcon_core.event_handler.log_command:Invoked command in '/home/user/ws_sensor_combined/build/px4_msgs' returned '0': CMAKE_PREFIX_PATH=${CMAKE_PREFIX_PATH}:/opt/ros/humble /usr/bin/cmake --install /home/user/ws_sensor_combined/build/px4_msgs
[381.214s] Level 1:colcon.colcon_core.environment:checking '/home/user/ws_sensor_combined/install/px4_msgs' for CMake module files
[381.215s] Level 1:colcon.colcon_core.environment:checking '/home/user/ws_sensor_combined/install/px4_msgs' for CMake config files
[381.222s] Level 1:colcon.colcon_core.shell:create_environment_hook('px4_msgs', 'cmake_prefix_path')
[381.222s] INFO:colcon.colcon_core.shell:Creating environment hook '/home/user/ws_sensor_combined/install/px4_msgs/share/px4_msgs/hook/cmake_prefix_path.ps1'
[381.235s] INFO:colcon.colcon_core.shell:Creating environment descriptor '/home/user/ws_sensor_combined/install/px4_msgs/share/px4_msgs/hook/cmake_prefix_path.dsv'
[381.250s] INFO:colcon.colcon_core.shell:Creating environment hook '/home/user/ws_sensor_combined/install/px4_msgs/share/px4_msgs/hook/cmake_prefix_path.sh'
[381.252s] Level 1:colcon.colcon_core.environment:checking '/home/user/ws_sensor_combined/install/px4_msgs/lib'
[381.252s] Level 1:colcon.colcon_core.shell:create_environment_hook('px4_msgs', 'ld_library_path_lib')
[381.253s] INFO:colcon.colcon_core.shell:Creating environment hook '/home/user/ws_sensor_combined/install/px4_msgs/share/px4_msgs/hook/ld_library_path_lib.ps1'
[381.253s] INFO:colcon.colcon_core.shell:Creating environment descriptor '/home/user/ws_sensor_combined/install/px4_msgs/share/px4_msgs/hook/ld_library_path_lib.dsv'
[381.254s] INFO:colcon.colcon_core.shell:Creating environment hook '/home/user/ws_sensor_combined/install/px4_msgs/share/px4_msgs/hook/ld_library_path_lib.sh'
[381.255s] Level 1:colcon.colcon_core.environment:checking '/home/user/ws_sensor_combined/install/px4_msgs/bin'
[381.255s] Level 1:colcon.colcon_core.environment:checking '/home/user/ws_sensor_combined/install/px4_msgs/lib/pkgconfig/px4_msgs.pc'
[381.255s] Level 1:colcon.colcon_core.environment:checking '/home/user/ws_sensor_combined/install/px4_msgs/lib/python3.10/site-packages'
[381.255s] Level 1:colcon.colcon_core.environment:checking '/home/user/ws_sensor_combined/install/px4_msgs/bin'
[381.256s] INFO:colcon.colcon_core.shell:Creating package script '/home/user/ws_sensor_combined/install/px4_msgs/share/px4_msgs/package.ps1'
[381.258s] INFO:colcon.colcon_core.shell:Creating package descriptor '/home/user/ws_sensor_combined/install/px4_msgs/share/px4_msgs/package.dsv'
[381.258s] INFO:colcon.colcon_core.shell:Creating package script '/home/user/ws_sensor_combined/install/px4_msgs/share/px4_msgs/package.sh'
[381.260s] INFO:colcon.colcon_core.shell:Creating package script '/home/user/ws_sensor_combined/install/px4_msgs/share/px4_msgs/package.bash'
[381.272s] INFO:colcon.colcon_core.shell:Creating package script '/home/user/ws_sensor_combined/install/px4_msgs/share/px4_msgs/package.zsh'
[381.285s] Level 1:colcon.colcon_core.environment:create_file_with_runtime_dependencies(/home/user/ws_sensor_combined/install/px4_msgs/share/colcon-core/packages/px4_msgs)
[388.011s] Level 1:colcon.colcon_core.environment:create_environment_scripts_only(px4_msgs)
[388.011s] Level 1:colcon.colcon_core.environment:checking '/home/user/ws_sensor_combined/install/px4_msgs' for CMake module files
[388.012s] Level 1:colcon.colcon_core.environment:checking '/home/user/ws_sensor_combined/install/px4_msgs' for CMake config files
[388.019s] Level 1:colcon.colcon_core.shell:create_environment_hook('px4_msgs', 'cmake_prefix_path')
[388.020s] INFO:colcon.colcon_core.shell:Creating environment hook '/home/user/ws_sensor_combined/install/px4_msgs/share/px4_msgs/hook/cmake_prefix_path.ps1'
[388.022s] INFO:colcon.colcon_core.shell:Creating environment descriptor '/home/user/ws_sensor_combined/install/px4_msgs/share/px4_msgs/hook/cmake_prefix_path.dsv'
[388.023s] INFO:colcon.colcon_core.shell:Creating environment hook '/home/user/ws_sensor_combined/install/px4_msgs/share/px4_msgs/hook/cmake_prefix_path.sh'
[388.026s] Level 1:colcon.colcon_core.environment:checking '/home/user/ws_sensor_combined/install/px4_msgs/lib'
[388.026s] Level 1:colcon.colcon_core.shell:create_environment_hook('px4_msgs', 'ld_library_path_lib')
[388.027s] INFO:colcon.colcon_core.shell:Creating environment hook '/home/user/ws_sensor_combined/install/px4_msgs/share/px4_msgs/hook/ld_library_path_lib.ps1'
[388.028s] INFO:colcon.colcon_core.shell:Creating environment descriptor '/home/user/ws_sensor_combined/install/px4_msgs/share/px4_msgs/hook/ld_library_path_lib.dsv'
[388.030s] INFO:colcon.colcon_core.shell:Creating environment hook '/home/user/ws_sensor_combined/install/px4_msgs/share/px4_msgs/hook/ld_library_path_lib.sh'
[388.032s] Level 1:colcon.colcon_core.environment:checking '/home/user/ws_sensor_combined/install/px4_msgs/bin'
[388.033s] Level 1:colcon.colcon_core.environment:checking '/home/user/ws_sensor_combined/install/px4_msgs/lib/pkgconfig/px4_msgs.pc'
[388.034s] Level 1:colcon.colcon_core.environment:checking '/home/user/ws_sensor_combined/install/px4_msgs/lib/python3.10/site-packages'
[388.035s] Level 1:colcon.colcon_core.environment:checking '/home/user/ws_sensor_combined/install/px4_msgs/bin'
[388.035s] INFO:colcon.colcon_core.shell:Creating package script '/home/user/ws_sensor_combined/install/px4_msgs/share/px4_msgs/package.ps1'
[388.037s] INFO:colcon.colcon_core.shell:Creating package descriptor '/home/user/ws_sensor_combined/install/px4_msgs/share/px4_msgs/package.dsv'
[388.038s] INFO:colcon.colcon_core.shell:Creating package script '/home/user/ws_sensor_combined/install/px4_msgs/share/px4_msgs/package.sh'
[388.038s] INFO:colcon.colcon_core.shell:Creating package script '/home/user/ws_sensor_combined/install/px4_msgs/share/px4_msgs/package.bash'
[388.038s] INFO:colcon.colcon_core.shell:Creating package script '/home/user/ws_sensor_combined/install/px4_msgs/share/px4_msgs/package.zsh'
[388.039s] Level 1:colcon.colcon_core.environment:create_file_with_runtime_dependencies(/home/user/ws_sensor_combined/install/px4_msgs/share/colcon-core/packages/px4_msgs)
[388.039s] INFO:colcon.colcon_ros.task.ament_cmake.build:Building ROS package in '/home/user/ws_sensor_combined/src/px4_ros_com' with build type 'ament_cmake'
[388.039s] INFO:colcon.colcon_cmake.task.cmake.build:Building CMake package in '/home/user/ws_sensor_combined/src/px4_ros_com'
[388.040s] INFO:colcon.colcon_core.shell:Skip shell extension 'powershell' for command environment: Not usable outside of PowerShell
[388.041s] DEBUG:colcon.colcon_core.shell:Skip shell extension 'dsv' for command environment
[388.050s] DEBUG:colcon.colcon_core.event_handler.log_command:Invoking command in '/home/user/ws_sensor_combined/build/px4_ros_com': AMENT_PREFIX_PATH=/home/user/ws_sensor_combined/install/px4_msgs:${AMENT_PREFIX_PATH} CMAKE_PREFIX_PATH=/home/user/ws_sensor_combined/install/px4_msgs:/home/user/ros2_ws/install/my_robot_description:/opt/ros/humble LD_LIBRARY_PATH=/home/user/ws_sensor_combined/install/px4_msgs/lib:${LD_LIBRARY_PATH} PYTHONPATH=/home/user/ws_sensor_combined/install/px4_msgs/local/lib/python3.10/dist-packages:${PYTHONPATH} /usr/bin/cmake /home/user/ws_sensor_combined/src/px4_ros_com -DCMAKE_INSTALL_PREFIX=/home/user/ws_sensor_combined/install/px4_ros_com
[391.611s] DEBUG:colcon.colcon_core.event_handler.log_command:Invoked command in '/home/user/ws_sensor_combined/build/px4_ros_com' returned '0': AMENT_PREFIX_PATH=/home/user/ws_sensor_combined/install/px4_msgs:${AMENT_PREFIX_PATH} CMAKE_PREFIX_PATH=/home/user/ws_sensor_combined/install/px4_msgs:/home/user/ros2_ws/install/my_robot_description:/opt/ros/humble LD_LIBRARY_PATH=/home/user/ws_sensor_combined/install/px4_msgs/lib:${LD_LIBRARY_PATH} PYTHONPATH=/home/user/ws_sensor_combined/install/px4_msgs/local/lib/python3.10/dist-packages:${PYTHONPATH} /usr/bin/cmake /home/user/ws_sensor_combined/src/px4_ros_com -DCMAKE_INSTALL_PREFIX=/home/user/ws_sensor_combined/install/px4_ros_com
[391.612s] DEBUG:colcon.colcon_core.event_handler.log_command:Invoking command in '/home/user/ws_sensor_combined/build/px4_ros_com': AMENT_PREFIX_PATH=/home/user/ws_sensor_combined/install/px4_msgs:${AMENT_PREFIX_PATH} CMAKE_PREFIX_PATH=/home/user/ws_sensor_combined/install/px4_msgs:/home/user/ros2_ws/install/my_robot_description:/opt/ros/humble LD_LIBRARY_PATH=/home/user/ws_sensor_combined/install/px4_msgs/lib:${LD_LIBRARY_PATH} PYTHONPATH=/home/user/ws_sensor_combined/install/px4_msgs/local/lib/python3.10/dist-packages:${PYTHONPATH} /usr/bin/cmake --build /home/user/ws_sensor_combined/build/px4_ros_com -- -j12 -l12
[416.939s] DEBUG:colcon.colcon_core.event_handler.log_command:Invoked command in '/home/user/ws_sensor_combined/build/px4_ros_com' returned '0': AMENT_PREFIX_PATH=/home/user/ws_sensor_combined/install/px4_msgs:${AMENT_PREFIX_PATH} CMAKE_PREFIX_PATH=/home/user/ws_sensor_combined/install/px4_msgs:/home/user/ros2_ws/install/my_robot_description:/opt/ros/humble LD_LIBRARY_PATH=/home/user/ws_sensor_combined/install/px4_msgs/lib:${LD_LIBRARY_PATH} PYTHONPATH=/home/user/ws_sensor_combined/install/px4_msgs/local/lib/python3.10/dist-packages:${PYTHONPATH} /usr/bin/cmake --build /home/user/ws_sensor_combined/build/px4_ros_com -- -j12 -l12
[417.013s] DEBUG:colcon.colcon_core.event_handler.log_command:Invoking command in '/home/user/ws_sensor_combined/build/px4_ros_com': AMENT_PREFIX_PATH=/home/user/ws_sensor_combined/install/px4_msgs:${AMENT_PREFIX_PATH} CMAKE_PREFIX_PATH=/home/user/ws_sensor_combined/install/px4_msgs:/home/user/ros2_ws/install/my_robot_description:/opt/ros/humble LD_LIBRARY_PATH=/home/user/ws_sensor_combined/install/px4_msgs/lib:${LD_LIBRARY_PATH} PYTHONPATH=/home/user/ws_sensor_combined/install/px4_msgs/local/lib/python3.10/dist-packages:${PYTHONPATH} /usr/bin/cmake --install /home/user/ws_sensor_combined/build/px4_ros_com
[417.215s] Level 1:colcon.colcon_core.environment:create_environment_scripts_only(px4_ros_com)
[417.216s] Level 1:colcon.colcon_core.environment:checking '/home/user/ws_sensor_combined/install/px4_ros_com' for CMake module files
[417.216s] DEBUG:colcon.colcon_core.event_handler.log_command:Invoked command in '/home/user/ws_sensor_combined/build/px4_ros_com' returned '0': AMENT_PREFIX_PATH=/home/user/ws_sensor_combined/install/px4_msgs:${AMENT_PREFIX_PATH} CMAKE_PREFIX_PATH=/home/user/ws_sensor_combined/install/px4_msgs:/home/user/ros2_ws/install/my_robot_description:/opt/ros/humble LD_LIBRARY_PATH=/home/user/ws_sensor_combined/install/px4_msgs/lib:${LD_LIBRARY_PATH} PYTHONPATH=/home/user/ws_sensor_combined/install/px4_msgs/local/lib/python3.10/dist-packages:${PYTHONPATH} /usr/bin/cmake --install /home/user/ws_sensor_combined/build/px4_ros_com
[417.217s] Level 1:colcon.colcon_core.environment:checking '/home/user/ws_sensor_combined/install/px4_ros_com' for CMake config files
[417.217s] Level 1:colcon.colcon_core.shell:create_environment_hook('px4_ros_com', 'cmake_prefix_path')
[417.217s] INFO:colcon.colcon_core.shell:Creating environment hook '/home/user/ws_sensor_combined/install/px4_ros_com/share/px4_ros_com/hook/cmake_prefix_path.ps1'
[417.218s] INFO:colcon.colcon_core.shell:Creating environment descriptor '/home/user/ws_sensor_combined/install/px4_ros_com/share/px4_ros_com/hook/cmake_prefix_path.dsv'
[417.218s] INFO:colcon.colcon_core.shell:Creating environment hook '/home/user/ws_sensor_combined/install/px4_ros_com/share/px4_ros_com/hook/cmake_prefix_path.sh'
[417.219s] Level 1:colcon.colcon_core.environment:checking '/home/user/ws_sensor_combined/install/px4_ros_com/lib'
[417.219s] Level 1:colcon.colcon_core.shell:create_environment_hook('px4_ros_com', 'ld_library_path_lib')
[417.219s] INFO:colcon.colcon_core.shell:Creating environment hook '/home/user/ws_sensor_combined/install/px4_ros_com/share/px4_ros_com/hook/ld_library_path_lib.ps1'
[417.219s] INFO:colcon.colcon_core.shell:Creating environment descriptor '/home/user/ws_sensor_combined/install/px4_ros_com/share/px4_ros_com/hook/ld_library_path_lib.dsv'
[417.219s] INFO:colcon.colcon_core.shell:Creating environment hook '/home/user/ws_sensor_combined/install/px4_ros_com/share/px4_ros_com/hook/ld_library_path_lib.sh'
[417.220s] Level 1:colcon.colcon_core.environment:checking '/home/user/ws_sensor_combined/install/px4_ros_com/bin'
[417.220s] Level 1:colcon.colcon_core.environment:checking '/home/user/ws_sensor_combined/install/px4_ros_com/lib/pkgconfig/px4_ros_com.pc'
[417.220s] Level 1:colcon.colcon_core.environment:checking '/home/user/ws_sensor_combined/install/px4_ros_com/lib/python3.10/site-packages'
[417.220s] Level 1:colcon.colcon_core.environment:checking '/home/user/ws_sensor_combined/install/px4_ros_com/bin'
[417.220s] INFO:colcon.colcon_core.shell:Creating package script '/home/user/ws_sensor_combined/install/px4_ros_com/share/px4_ros_com/package.ps1'
[417.221s] INFO:colcon.colcon_core.shell:Creating package descriptor '/home/user/ws_sensor_combined/install/px4_ros_com/share/px4_ros_com/package.dsv'
[417.222s] INFO:colcon.colcon_core.shell:Creating package script '/home/user/ws_sensor_combined/install/px4_ros_com/share/px4_ros_com/package.sh'
[417.223s] INFO:colcon.colcon_core.shell:Creating package script '/home/user/ws_sensor_combined/install/px4_ros_com/share/px4_ros_com/package.bash'
[417.223s] INFO:colcon.colcon_core.shell:Creating package script '/home/user/ws_sensor_combined/install/px4_ros_com/share/px4_ros_com/package.zsh'
[417.224s] Level 1:colcon.colcon_core.environment:create_file_with_runtime_dependencies(/home/user/ws_sensor_combined/install/px4_ros_com/share/colcon-core/packages/px4_ros_com)
[417.277s] Level 1:colcon.colcon_core.environment:create_environment_scripts_only(px4_ros_com)
[417.278s] Level 1:colcon.colcon_core.environment:checking '/home/user/ws_sensor_combined/install/px4_ros_com' for CMake module files
[417.279s] Level 1:colcon.colcon_core.environment:checking '/home/user/ws_sensor_combined/install/px4_ros_com' for CMake config files
[417.279s] Level 1:colcon.colcon_core.shell:create_environment_hook('px4_ros_com', 'cmake_prefix_path')
[417.280s] INFO:colcon.colcon_core.shell:Creating environment hook '/home/user/ws_sensor_combined/install/px4_ros_com/share/px4_ros_com/hook/cmake_prefix_path.ps1'
[417.280s] INFO:colcon.colcon_core.shell:Creating environment descriptor '/home/user/ws_sensor_combined/install/px4_ros_com/share/px4_ros_com/hook/cmake_prefix_path.dsv'
[417.281s] INFO:colcon.colcon_core.shell:Creating environment hook '/home/user/ws_sensor_combined/install/px4_ros_com/share/px4_ros_com/hook/cmake_prefix_path.sh'
[417.281s] Level 1:colcon.colcon_core.environment:checking '/home/user/ws_sensor_combined/install/px4_ros_com/lib'
[417.281s] Level 1:colcon.colcon_core.shell:create_environment_hook('px4_ros_com', 'ld_library_path_lib')
[417.282s] INFO:colcon.colcon_core.shell:Creating environment hook '/home/user/ws_sensor_combined/install/px4_ros_com/share/px4_ros_com/hook/ld_library_path_lib.ps1'
[417.282s] INFO:colcon.colcon_core.shell:Creating environment descriptor '/home/user/ws_sensor_combined/install/px4_ros_com/share/px4_ros_com/hook/ld_library_path_lib.dsv'
[417.283s] INFO:colcon.colcon_core.shell:Creating environment hook '/home/user/ws_sensor_combined/install/px4_ros_com/share/px4_ros_com/hook/ld_library_path_lib.sh'
[417.283s] Level 1:colcon.colcon_core.environment:checking '/home/user/ws_sensor_combined/install/px4_ros_com/bin'
[417.283s] Level 1:colcon.colcon_core.environment:checking '/home/user/ws_sensor_combined/install/px4_ros_com/lib/pkgconfig/px4_ros_com.pc'
[417.283s] Level 1:colcon.colcon_core.environment:checking '/home/user/ws_sensor_combined/install/px4_ros_com/lib/python3.10/site-packages'
[417.284s] Level 1:colcon.colcon_core.environment:checking '/home/user/ws_sensor_combined/install/px4_ros_com/bin'
[417.285s] INFO:colcon.colcon_core.shell:Creating package script '/home/user/ws_sensor_combined/install/px4_ros_com/share/px4_ros_com/package.ps1'
[417.285s] INFO:colcon.colcon_core.shell:Creating package descriptor '/home/user/ws_sensor_combined/install/px4_ros_com/share/px4_ros_com/package.dsv'
[417.286s] INFO:colcon.colcon_core.shell:Creating package script '/home/user/ws_sensor_combined/install/px4_ros_com/share/px4_ros_com/package.sh'
[417.286s] INFO:colcon.colcon_core.shell:Creating package script '/home/user/ws_sensor_combined/install/px4_ros_com/share/px4_ros_com/package.bash'
[417.287s] INFO:colcon.colcon_core.shell:Creating package script '/home/user/ws_sensor_combined/install/px4_ros_com/share/px4_ros_com/package.zsh'
[417.287s] Level 1:colcon.colcon_core.environment:create_file_with_runtime_dependencies(/home/user/ws_sensor_combined/install/px4_ros_com/share/colcon-core/packages/px4_ros_com)
[417.288s] DEBUG:colcon.colcon_parallel_executor.executor.parallel:closing loop
[417.288s] DEBUG:colcon.colcon_parallel_executor.executor.parallel:loop closed
[417.288s] DEBUG:colcon.colcon_parallel_executor.executor.parallel:run_until_complete finished with '0'
[417.289s] DEBUG:colcon.colcon_core.event_reactor:joining thread
[417.371s] INFO:colcon.colcon_core.plugin_system:Skipping extension 'colcon_notification.desktop_notification.terminal_notifier': Not used on non-Darwin systems
[417.371s] INFO:colcon.colcon_core.plugin_system:Skipping extension 'colcon_notification.desktop_notification.win32': Not used on non-Windows systems
[417.371s] INFO:colcon.colcon_notification.desktop_notification:Sending desktop notification using 'notify2'
[417.389s] DEBUG:colcon.colcon_core.event_reactor:joined thread
[417.389s] INFO:colcon.colcon_core.shell:Creating prefix script '/home/user/ws_sensor_combined/install/local_setup.ps1'
[417.408s] INFO:colcon.colcon_core.shell:Creating prefix util module '/home/user/ws_sensor_combined/install/_local_setup_util_ps1.py'
[417.423s] INFO:colcon.colcon_core.shell:Creating prefix chain script '/home/user/ws_sensor_combined/install/setup.ps1'
[417.442s] INFO:colcon.colcon_core.shell:Creating prefix script '/home/user/ws_sensor_combined/install/local_setup.sh'
[417.467s] INFO:colcon.colcon_core.shell:Creating prefix util module '/home/user/ws_sensor_combined/install/_local_setup_util_sh.py'
[417.468s] INFO:colcon.colcon_core.shell:Creating prefix chain script '/home/user/ws_sensor_combined/install/setup.sh'
[417.476s] INFO:colcon.colcon_core.shell:Creating prefix script '/home/user/ws_sensor_combined/install/local_setup.bash'
[417.485s] INFO:colcon.colcon_core.shell:Creating prefix chain script '/home/user/ws_sensor_combined/install/setup.bash'
[417.489s] INFO:colcon.colcon_core.shell:Creating prefix script '/home/user/ws_sensor_combined/install/local_setup.zsh'
[417.491s] INFO:colcon.colcon_core.shell:Creating prefix chain script '/home/user/ws_sensor_combined/install/setup.zsh'
