[2.295s] Invoking command in '/home/user/ros2_px4_offboard_example_ws/src/ROS2_PX4_Offboard_Example/px4_offboard': PYTHONPATH=/home/user/ros2_px4_offboard_example_ws/build/px4_offboard/prefix_override:/home/user/ros2_px4_offboard_example_ws/install/px4_offboard/lib/python3.10/site-packages:${PYTHONPATH} /usr/bin/python3 -W ignore:setup.py install is deprecated setup.py egg_info --egg-base ../../../build/px4_offboard build --build-base /home/user/ros2_px4_offboard_example_ws/build/px4_offboard/build install --record /home/user/ros2_px4_offboard_example_ws/build/px4_offboard/install.log --single-version-externally-managed install_data
[2.500s] running egg_info
[2.513s] writing ../../../build/px4_offboard/px4_offboard.egg-info/PKG-INFO
[2.514s] writing dependency_links to ../../../build/px4_offboard/px4_offboard.egg-info/dependency_links.txt
[2.514s] writing entry points to ../../../build/px4_offboard/px4_offboard.egg-info/entry_points.txt
[2.514s] writing requirements to ../../../build/px4_offboard/px4_offboard.egg-info/requires.txt
[2.514s] writing top-level names to ../../../build/px4_offboard/px4_offboard.egg-info/top_level.txt
[2.542s] reading manifest file '../../../build/px4_offboard/px4_offboard.egg-info/SOURCES.txt'
[2.561s] adding license file 'LICENSE'
[2.562s] writing manifest file '../../../build/px4_offboard/px4_offboard.egg-info/SOURCES.txt'
[2.562s] running build
[2.562s] running build_py
[2.562s] copying px4_offboard/velocity_control.py -> /home/user/ros2_px4_offboard_example_ws/build/px4_offboard/build/lib/px4_offboard
[2.562s] copying px4_offboard/control.py -> /home/user/ros2_px4_offboard_example_ws/build/px4_offboard/build/lib/px4_offboard
[2.563s] copying px4_offboard/processes.py -> /home/user/ros2_px4_offboard_example_ws/build/px4_offboard/build/lib/px4_offboard
[2.563s] copying px4_offboard/visualizer.py -> /home/user/ros2_px4_offboard_example_ws/build/px4_offboard/build/lib/px4_offboard
[2.563s] copying px4_offboard/__init__.py -> /home/user/ros2_px4_offboard_example_ws/build/px4_offboard/build/lib/px4_offboard
[2.564s] running install
[2.572s] running install_lib
[2.586s] running install_data
[2.586s] copying resource/px4_offboard -> /home/user/ros2_px4_offboard_example_ws/install/px4_offboard/share/ament_index/resource_index/packages
[2.586s] copying resource/visualize.rviz -> /home/user/ros2_px4_offboard_example_ws/install/px4_offboard/share/ament_index/resource_index/packages
[2.593s] copying package.xml -> /home/user/ros2_px4_offboard_example_ws/install/px4_offboard/share/px4_offboard
[2.593s] copying launch/offboard_velocity_control.launch.py -> /home/user/ros2_px4_offboard_example_ws/install/px4_offboard/share/px4_offboard
[2.593s] copying resource/visualize.rviz -> /home/user/ros2_px4_offboard_example_ws/install/px4_offboard/share/px4_offboard
[2.594s] running install_egg_info
[2.609s] removing '/home/user/ros2_px4_offboard_example_ws/install/px4_offboard/lib/python3.10/site-packages/px4_offboard-0.0.0-py3.10.egg-info' (and everything under it)
[2.609s] Copying ../../../build/px4_offboard/px4_offboard.egg-info to /home/user/ros2_px4_offboard_example_ws/install/px4_offboard/lib/python3.10/site-packages/px4_offboard-0.0.0-py3.10.egg-info
[2.617s] running install_scripts
[2.746s] Installing control script to /home/user/ros2_px4_offboard_example_ws/install/px4_offboard/lib/px4_offboard
[2.747s] Installing offboard_control script to /home/user/ros2_px4_offboard_example_ws/install/px4_offboard/lib/px4_offboard
[2.747s] Installing processes script to /home/user/ros2_px4_offboard_example_ws/install/px4_offboard/lib/px4_offboard
[2.747s] Installing velocity_control script to /home/user/ros2_px4_offboard_example_ws/install/px4_offboard/lib/px4_offboard
[2.747s] Installing visualizer script to /home/user/ros2_px4_offboard_example_ws/install/px4_offboard/lib/px4_offboard
[2.748s] writing list of installed files to '/home/user/ros2_px4_offboard_example_ws/build/px4_offboard/install.log'
[2.767s] Invoked command in '/home/user/ros2_px4_offboard_example_ws/src/ROS2_PX4_Offboard_Example/px4_offboard' returned '0': PYTHONPATH=/home/user/ros2_px4_offboard_example_ws/build/px4_offboard/prefix_override:/home/user/ros2_px4_offboard_example_ws/install/px4_offboard/lib/python3.10/site-packages:${PYTHONPATH} /usr/bin/python3 -W ignore:setup.py install is deprecated setup.py egg_info --egg-base ../../../build/px4_offboard build --build-base /home/user/ros2_px4_offboard_example_ws/build/px4_offboard/build install --record /home/user/ros2_px4_offboard_example_ws/build/px4_offboard/install.log --single-version-externally-managed install_data
