[3.329s] Invoking command in '/home/user/ros2_px4_offboard_example_ws/src/ROS2_PX4_Offboard_Example/px4_offboard': AMENT_PREFIX_PATH=/home/user/ros2_px4_offboard_example_ws/src/install/px4_msgs:${AMENT_PREFIX_PATH} CMAKE_PREFIX_PATH=/home/user/ros2_px4_offboard_example_ws/src/install/px4_msgs:${CMAKE_PREFIX_PATH} LD_LIBRARY_PATH=/home/user/ros2_px4_offboard_example_ws/src/install/px4_msgs/lib:${LD_LIBRARY_PATH} PYTHONPATH=/home/user/ros2_px4_offboard_example_ws/src/build/px4_offboard/prefix_override:/home/user/ros2_px4_offboard_example_ws/src/install/px4_offboard/lib/python3.10/site-packages:/home/user/ros2_px4_offboard_example_ws/src/install/px4_msgs/local/lib/python3.10/dist-packages:${PYTHONPATH} /usr/bin/python3 -W ignore:setup.py install is deprecated setup.py egg_info --egg-base ../../build/px4_offboard build --build-base /home/user/ros2_px4_offboard_example_ws/src/build/px4_offboard/build install --record /home/user/ros2_px4_offboard_example_ws/src/build/px4_offboard/install.log --single-version-externally-managed install_data
[3.554s] running egg_info
[3.555s] creating ../../build/px4_offboard/px4_offboard.egg-info
[3.569s] writing ../../build/px4_offboard/px4_offboard.egg-info/PKG-INFO
[3.569s] writing dependency_links to ../../build/px4_offboard/px4_offboard.egg-info/dependency_links.txt
[3.569s] writing entry points to ../../build/px4_offboard/px4_offboard.egg-info/entry_points.txt
[3.569s] writing requirements to ../../build/px4_offboard/px4_offboard.egg-info/requires.txt
[3.570s] writing top-level names to ../../build/px4_offboard/px4_offboard.egg-info/top_level.txt
[3.570s] writing manifest file '../../build/px4_offboard/px4_offboard.egg-info/SOURCES.txt'
[3.602s] reading manifest file '../../build/px4_offboard/px4_offboard.egg-info/SOURCES.txt'
[3.602s] adding license file 'LICENSE'
[3.603s] writing manifest file '../../build/px4_offboard/px4_offboard.egg-info/SOURCES.txt'
[3.603s] running build
[3.603s] running build_py
[3.603s] creating /home/user/ros2_px4_offboard_example_ws/src/build/px4_offboard/build
[3.603s] creating /home/user/ros2_px4_offboard_example_ws/src/build/px4_offboard/build/lib
[3.603s] creating /home/user/ros2_px4_offboard_example_ws/src/build/px4_offboard/build/lib/px4_offboard
[3.604s] copying px4_offboard/velocity_control.py -> /home/user/ros2_px4_offboard_example_ws/src/build/px4_offboard/build/lib/px4_offboard
[3.604s] copying px4_offboard/control.py -> /home/user/ros2_px4_offboard_example_ws/src/build/px4_offboard/build/lib/px4_offboard
[3.604s] copying px4_offboard/processes.py -> /home/user/ros2_px4_offboard_example_ws/src/build/px4_offboard/build/lib/px4_offboard
[3.604s] copying px4_offboard/visualizer.py -> /home/user/ros2_px4_offboard_example_ws/src/build/px4_offboard/build/lib/px4_offboard
[3.604s] copying px4_offboard/__init__.py -> /home/user/ros2_px4_offboard_example_ws/src/build/px4_offboard/build/lib/px4_offboard
[3.604s] running install
[3.610s] running install_lib
[3.625s] creating /home/user/ros2_px4_offboard_example_ws/src/install/px4_offboard/lib/python3.10/site-packages/px4_offboard
[3.626s] copying /home/user/ros2_px4_offboard_example_ws/src/build/px4_offboard/build/lib/px4_offboard/velocity_control.py -> /home/user/ros2_px4_offboard_example_ws/src/install/px4_offboard/lib/python3.10/site-packages/px4_offboard
[3.626s] copying /home/user/ros2_px4_offboard_example_ws/src/build/px4_offboard/build/lib/px4_offboard/control.py -> /home/user/ros2_px4_offboard_example_ws/src/install/px4_offboard/lib/python3.10/site-packages/px4_offboard
[3.626s] copying /home/user/ros2_px4_offboard_example_ws/src/build/px4_offboard/build/lib/px4_offboard/processes.py -> /home/user/ros2_px4_offboard_example_ws/src/install/px4_offboard/lib/python3.10/site-packages/px4_offboard
[3.626s] copying /home/user/ros2_px4_offboard_example_ws/src/build/px4_offboard/build/lib/px4_offboard/visualizer.py -> /home/user/ros2_px4_offboard_example_ws/src/install/px4_offboard/lib/python3.10/site-packages/px4_offboard
[3.626s] copying /home/user/ros2_px4_offboard_example_ws/src/build/px4_offboard/build/lib/px4_offboard/__init__.py -> /home/user/ros2_px4_offboard_example_ws/src/install/px4_offboard/lib/python3.10/site-packages/px4_offboard
[3.626s] byte-compiling /home/user/ros2_px4_offboard_example_ws/src/install/px4_offboard/lib/python3.10/site-packages/px4_offboard/velocity_control.py to velocity_control.cpython-310.pyc
[3.628s] byte-compiling /home/user/ros2_px4_offboard_example_ws/src/install/px4_offboard/lib/python3.10/site-packages/px4_offboard/control.py to control.cpython-310.pyc
[3.629s] byte-compiling /home/user/ros2_px4_offboard_example_ws/src/install/px4_offboard/lib/python3.10/site-packages/px4_offboard/processes.py to processes.cpython-310.pyc
[3.629s] byte-compiling /home/user/ros2_px4_offboard_example_ws/src/install/px4_offboard/lib/python3.10/site-packages/px4_offboard/visualizer.py to visualizer.cpython-310.pyc
[3.630s] byte-compiling /home/user/ros2_px4_offboard_example_ws/src/install/px4_offboard/lib/python3.10/site-packages/px4_offboard/__init__.py to __init__.cpython-310.pyc
[3.630s] running install_data
[3.630s] creating /home/user/ros2_px4_offboard_example_ws/src/install/px4_offboard/share/ament_index
[3.630s] creating /home/user/ros2_px4_offboard_example_ws/src/install/px4_offboard/share/ament_index/resource_index
[3.630s] creating /home/user/ros2_px4_offboard_example_ws/src/install/px4_offboard/share/ament_index/resource_index/packages
[3.630s] copying resource/px4_offboard -> /home/user/ros2_px4_offboard_example_ws/src/install/px4_offboard/share/ament_index/resource_index/packages
[3.630s] copying resource/visualize.rviz -> /home/user/ros2_px4_offboard_example_ws/src/install/px4_offboard/share/ament_index/resource_index/packages
[3.663s] copying package.xml -> /home/user/ros2_px4_offboard_example_ws/src/install/px4_offboard/share/px4_offboard
[3.663s] copying launch/offboard_velocity_control.launch.py -> /home/user/ros2_px4_offboard_example_ws/src/install/px4_offboard/share/px4_offboard
[3.663s] copying resource/visualize.rviz -> /home/user/ros2_px4_offboard_example_ws/src/install/px4_offboard/share/px4_offboard
[3.663s] running install_egg_info
[3.679s] Copying ../../build/px4_offboard/px4_offboard.egg-info to /home/user/ros2_px4_offboard_example_ws/src/install/px4_offboard/lib/python3.10/site-packages/px4_offboard-0.0.0-py3.10.egg-info
[3.680s] running install_scripts
[3.810s] Installing control script to /home/user/ros2_px4_offboard_example_ws/src/install/px4_offboard/lib/px4_offboard
[3.810s] Installing offboard_control script to /home/user/ros2_px4_offboard_example_ws/src/install/px4_offboard/lib/px4_offboard
[3.810s] Installing processes script to /home/user/ros2_px4_offboard_example_ws/src/install/px4_offboard/lib/px4_offboard
[3.810s] Installing velocity_control script to /home/user/ros2_px4_offboard_example_ws/src/install/px4_offboard/lib/px4_offboard
[3.810s] Installing visualizer script to /home/user/ros2_px4_offboard_example_ws/src/install/px4_offboard/lib/px4_offboard
[3.810s] writing list of installed files to '/home/user/ros2_px4_offboard_example_ws/src/build/px4_offboard/install.log'
[3.829s] Invoked command in '/home/user/ros2_px4_offboard_example_ws/src/ROS2_PX4_Offboard_Example/px4_offboard' returned '0': AMENT_PREFIX_PATH=/home/user/ros2_px4_offboard_example_ws/src/install/px4_msgs:${AMENT_PREFIX_PATH} CMAKE_PREFIX_PATH=/home/user/ros2_px4_offboard_example_ws/src/install/px4_msgs:${CMAKE_PREFIX_PATH} LD_LIBRARY_PATH=/home/user/ros2_px4_offboard_example_ws/src/install/px4_msgs/lib:${LD_LIBRARY_PATH} PYTHONPATH=/home/user/ros2_px4_offboard_example_ws/src/build/px4_offboard/prefix_override:/home/user/ros2_px4_offboard_example_ws/src/install/px4_offboard/lib/python3.10/site-packages:/home/user/ros2_px4_offboard_example_ws/src/install/px4_msgs/local/lib/python3.10/dist-packages:${PYTHONPATH} /usr/bin/python3 -W ignore:setup.py install is deprecated setup.py egg_info --egg-base ../../build/px4_offboard build --build-base /home/user/ros2_px4_offboard_example_ws/src/build/px4_offboard/build install --record /home/user/ros2_px4_offboard_example_ws/src/build/px4_offboard/install.log --single-version-externally-managed install_data
