[0.450s] Invoking command in '/home/inlab22/Documents/automated_planogram_compliance-1/simulations/my_drone_simulation': PS1=(.venv) \[\e]0;\u@\h: \w\a\]${debian_chroot:+($debian_chroot)}\[\033[01;32m\]\u@\h\[\033[00m\]:\[\033[01;34m\]\w\[\033[00m\]\$ PYTHONPATH=/home/inlab22/Documents/automated_planogram_compliance-1/simulations/my_drone_simulation/build/my_drone_simulation/prefix_override:/usr/lib/python3/dist-packages/colcon_core/task/python/colcon_distutils_commands:/home/inlab22/Documents/automated_planogram_compliance-1/simulations/my_drone_simulation/install/my_drone_simulation/lib/python3.10/site-packages:${PYTHONPATH} VIRTUAL_ENV_PROMPT=(.venv) /usr/bin/python3 -W ignore:setup.py install is deprecated setup.py egg_info --egg-base build/my_drone_simulation build --build-base /home/inlab22/Documents/automated_planogram_compliance-1/simulations/my_drone_simulation/build/my_drone_simulation/build install --record /home/inlab22/Documents/automated_planogram_compliance-1/simulations/my_drone_simulation/build/my_drone_simulation/install.log --single-version-externally-managed install_data
[0.630s] running egg_info
[0.630s] creating build/my_drone_simulation/my_drone_simulation.egg-info
[0.630s] writing build/my_drone_simulation/my_drone_simulation.egg-info/PKG-INFO
[0.630s] writing dependency_links to build/my_drone_simulation/my_drone_simulation.egg-info/dependency_links.txt
[0.630s] writing entry points to build/my_drone_simulation/my_drone_simulation.egg-info/entry_points.txt
[0.630s] writing requirements to build/my_drone_simulation/my_drone_simulation.egg-info/requires.txt
[0.631s] writing top-level names to build/my_drone_simulation/my_drone_simulation.egg-info/top_level.txt
[0.631s] writing manifest file 'build/my_drone_simulation/my_drone_simulation.egg-info/SOURCES.txt'
[0.632s] reading manifest file 'build/my_drone_simulation/my_drone_simulation.egg-info/SOURCES.txt'
[0.632s] writing manifest file 'build/my_drone_simulation/my_drone_simulation.egg-info/SOURCES.txt'
[0.632s] running build
[0.632s] running build_py
[0.632s] creating /home/inlab22/Documents/automated_planogram_compliance-1/simulations/my_drone_simulation/build/my_drone_simulation/build
[0.633s] creating /home/inlab22/Documents/automated_planogram_compliance-1/simulations/my_drone_simulation/build/my_drone_simulation/build/lib
[0.633s] creating /home/inlab22/Documents/automated_planogram_compliance-1/simulations/my_drone_simulation/build/my_drone_simulation/build/lib/my_drone_simulation
[0.633s] copying my_drone_simulation/__init__.py -> /home/inlab22/Documents/automated_planogram_compliance-1/simulations/my_drone_simulation/build/my_drone_simulation/build/lib/my_drone_simulation
[0.633s] running install
[0.633s] running install_lib
[0.633s] creating /home/inlab22/Documents/automated_planogram_compliance-1/simulations/my_drone_simulation/install/my_drone_simulation/lib/python3.10/site-packages/my_drone_simulation
[0.633s] copying /home/inlab22/Documents/automated_planogram_compliance-1/simulations/my_drone_simulation/build/my_drone_simulation/build/lib/my_drone_simulation/__init__.py -> /home/inlab22/Documents/automated_planogram_compliance-1/simulations/my_drone_simulation/install/my_drone_simulation/lib/python3.10/site-packages/my_drone_simulation
[0.634s] byte-compiling /home/inlab22/Documents/automated_planogram_compliance-1/simulations/my_drone_simulation/install/my_drone_simulation/lib/python3.10/site-packages/my_drone_simulation/__init__.py to __init__.cpython-310.pyc
[0.634s] running install_data
[0.634s] creating /home/inlab22/Documents/automated_planogram_compliance-1/simulations/my_drone_simulation/install/my_drone_simulation/share/ament_index
[0.634s] creating /home/inlab22/Documents/automated_planogram_compliance-1/simulations/my_drone_simulation/install/my_drone_simulation/share/ament_index/resource_index
[0.634s] creating /home/inlab22/Documents/automated_planogram_compliance-1/simulations/my_drone_simulation/install/my_drone_simulation/share/ament_index/resource_index/packages
[0.634s] copying resource/my_drone_simulation -> /home/inlab22/Documents/automated_planogram_compliance-1/simulations/my_drone_simulation/install/my_drone_simulation/share/ament_index/resource_index/packages
[0.634s] copying package.xml -> /home/inlab22/Documents/automated_planogram_compliance-1/simulations/my_drone_simulation/install/my_drone_simulation/share/my_drone_simulation
[0.634s] creating /home/inlab22/Documents/automated_planogram_compliance-1/simulations/my_drone_simulation/install/my_drone_simulation/share/my_drone_simulation/launch
[0.634s] copying launch/drone_simulation_launch.py -> /home/inlab22/Documents/automated_planogram_compliance-1/simulations/my_drone_simulation/install/my_drone_simulation/share/my_drone_simulation/launch
[0.634s] running install_egg_info
[0.635s] Copying build/my_drone_simulation/my_drone_simulation.egg-info to /home/inlab22/Documents/automated_planogram_compliance-1/simulations/my_drone_simulation/install/my_drone_simulation/lib/python3.10/site-packages/my_drone_simulation-0.0.0-py3.10.egg-info
[0.636s] running install_scripts
[0.651s] writing list of installed files to '/home/inlab22/Documents/automated_planogram_compliance-1/simulations/my_drone_simulation/build/my_drone_simulation/install.log'
[0.666s] Invoked command in '/home/inlab22/Documents/automated_planogram_compliance-1/simulations/my_drone_simulation' returned '0': PS1=(.venv) \[\e]0;\u@\h: \w\a\]${debian_chroot:+($debian_chroot)}\[\033[01;32m\]\u@\h\[\033[00m\]:\[\033[01;34m\]\w\[\033[00m\]\$ PYTHONPATH=/home/inlab22/Documents/automated_planogram_compliance-1/simulations/my_drone_simulation/build/my_drone_simulation/prefix_override:/usr/lib/python3/dist-packages/colcon_core/task/python/colcon_distutils_commands:/home/inlab22/Documents/automated_planogram_compliance-1/simulations/my_drone_simulation/install/my_drone_simulation/lib/python3.10/site-packages:${PYTHONPATH} VIRTUAL_ENV_PROMPT=(.venv) /usr/bin/python3 -W ignore:setup.py install is deprecated setup.py egg_info --egg-base build/my_drone_simulation build --build-base /home/inlab22/Documents/automated_planogram_compliance-1/simulations/my_drone_simulation/build/my_drone_simulation/build install --record /home/inlab22/Documents/automated_planogram_compliance-1/simulations/my_drone_simulation/build/my_drone_simulation/install.log --single-version-externally-managed install_data
