[0.062s] Invoking command in '/home/user/ws_offboard_control/build/px4_ros_com': AMENT_PREFIX_PATH=/home/user/ws_offboard_control/install/px4_msgs:${AMENT_PREFIX_PATH} CMAKE_PREFIX_PATH=/home/user/ws_offboard_control/install/px4_msgs:/home/user/ros2_ws/install/my_robot_description:/opt/ros/humble LD_LIBRARY_PATH=/home/user/ws_offboard_control/install/px4_msgs/lib:${LD_LIBRARY_PATH} PS1=(px4-venv) \[\e]0;\u@\h: \w\a\]${debian_chroot:+($debian_chroot)}\[\033[01;32m\]\u@\h\[\033[00m\]:\[\033[01;34m\]\w\[\033[00m\]\$ PYTHONPATH=/home/user/ws_offboard_control/install/px4_msgs/lib/python3.10/site-packages:${PYTHONPATH} VIRTUAL_ENV_PROMPT=(px4-venv) /usr/bin/cmake /home/user/ws_offboard_control/src/px4_ros_com -DCMAKE_INSTALL_PREFIX=/home/user/ws_offboard_control/install/px4_ros_com
[0.243s] -- The C compiler identification is GNU 11.4.0
[0.388s] -- The CXX compiler identification is GNU 11.4.0
[0.416s] -- Detecting C compiler ABI info
[0.563s] -- Detecting C compiler ABI info - done
[0.571s] -- Check for working C compiler: /usr/bin/cc - skipped
[0.571s] -- Detecting C compile features
[0.583s] -- Detecting C compile features - done
[0.585s] -- Detecting CXX compiler ABI info
[0.746s] -- Detecting CXX compiler ABI info - done
[0.753s] -- Check for working CXX compiler: /usr/bin/c++ - skipped
[0.753s] -- Detecting CXX compile features
[0.754s] -- Detecting CXX compile features - done
[0.756s] -- Found ament_cmake: 1.3.9 (/opt/ros/humble/share/ament_cmake/cmake)
[0.946s] -- Found Python3: /home/user/px4-venv/bin/python3 (found version "3.10.12") found components: Interpreter 
[1.016s] -- Found builtin_interfaces: 1.2.1 (/opt/ros/humble/share/builtin_interfaces/cmake)
[1.045s] -- Found rosidl_generator_c: 3.1.5 (/opt/ros/humble/share/rosidl_generator_c/cmake)
[1.049s] -- Found rosidl_adapter: 3.1.5 (/opt/ros/humble/share/rosidl_adapter/cmake)
[1.056s] -- Found rosidl_generator_cpp: 3.1.5 (/opt/ros/humble/share/rosidl_generator_cpp/cmake)
[1.068s] -- Using all available rosidl_typesupport_c: rosidl_typesupport_fastrtps_c;rosidl_typesupport_introspection_c
[1.085s] -- Using all available rosidl_typesupport_cpp: rosidl_typesupport_fastrtps_cpp;rosidl_typesupport_introspection_cpp
[1.100s] -- Found eigen3_cmake_module: 0.1.1 (/opt/ros/humble/share/eigen3_cmake_module/cmake)
[1.118s] -- Found Eigen3: TRUE (found version "3.4.0") 
[1.120s] -- Found geometry_msgs: 4.2.3 (/opt/ros/humble/share/geometry_msgs/cmake)
[1.203s] -- Found px4_msgs: 2.0.1 (/home/user/ws_offboard_control/install/px4_msgs/share/px4_msgs/cmake)
[1.233s] -- Found rclcpp: 16.0.9 (/opt/ros/humble/share/rclcpp/cmake)
[1.283s] -- Found rmw_implementation_cmake: 6.1.2 (/opt/ros/humble/share/rmw_implementation_cmake/cmake)
[1.286s] -- Found rmw_fastrtps_cpp: 6.2.6 (/opt/ros/humble/share/rmw_fastrtps_cpp/cmake)
[1.397s] -- Found OpenSSL: /usr/lib/x86_64-linux-gnu/libcrypto.so (found version "3.0.2")  
[1.421s] -- Found FastRTPS: /opt/ros/humble/include  
[1.462s] -- Using RMW implementation 'rmw_fastrtps_cpp' as default
[1.483s] -- Looking for pthread.h
[1.553s] -- Looking for pthread.h - found
[1.553s] -- Performing Test CMAKE_HAVE_LIBC_PTHREAD
[1.615s] -- Performing Test CMAKE_HAVE_LIBC_PTHREAD - Success
[1.616s] -- Found Threads: TRUE  
[1.730s] -- Found sensor_msgs: 4.2.3 (/opt/ros/humble/share/sensor_msgs/cmake)
[1.805s] -- Found rclpy: 3.3.13 (/opt/ros/humble/share/rclpy/cmake)
[1.812s] -- Found ament_lint_auto: 0.12.11 (/opt/ros/humble/share/ament_lint_auto/cmake)
[1.911s] -- Added test 'copyright' to check source files copyright and LICENSE
[1.916s] -- Added test 'cppcheck' to perform static code analysis on C / C++ code
[1.916s] -- Configured cppcheck include dirs: /home/user/ws_offboard_control/src/px4_ros_com/include;$<BUILD_INTERFACE:/home/user/ws_offboard_control/src/px4_ros_com/include/px4_ros_com>
[1.916s] -- Configured cppcheck exclude dirs and/or files: 
[1.920s] -- Added test 'cpplint' to check C / C++ code against the Google style
[1.921s] -- Configured cpplint exclude dirs and/or files: 
[1.921s] -- Added test 'flake8' to check Python code syntax and style conventions
[1.923s] -- Added test 'lint_cmake' to check CMake code style
[1.924s] -- Added test 'pep257' to check Python code against some of the docstring style conventions in PEP 257
[1.928s] -- Added test 'uncrustify' to check C / C++ code style
[1.928s] -- Configured uncrustify additional arguments: 
[1.929s] -- Added test 'xmllint' to check XML markup files
[1.931s] -- Configuring done
[1.975s] -- Generating done
[1.977s] -- Build files have been written to: /home/user/ws_offboard_control/build/px4_ros_com
[1.985s] Invoked command in '/home/user/ws_offboard_control/build/px4_ros_com' returned '0': AMENT_PREFIX_PATH=/home/user/ws_offboard_control/install/px4_msgs:${AMENT_PREFIX_PATH} CMAKE_PREFIX_PATH=/home/user/ws_offboard_control/install/px4_msgs:/home/user/ros2_ws/install/my_robot_description:/opt/ros/humble LD_LIBRARY_PATH=/home/user/ws_offboard_control/install/px4_msgs/lib:${LD_LIBRARY_PATH} PS1=(px4-venv) \[\e]0;\u@\h: \w\a\]${debian_chroot:+($debian_chroot)}\[\033[01;32m\]\u@\h\[\033[00m\]:\[\033[01;34m\]\w\[\033[00m\]\$ PYTHONPATH=/home/user/ws_offboard_control/install/px4_msgs/lib/python3.10/site-packages:${PYTHONPATH} VIRTUAL_ENV_PROMPT=(px4-venv) /usr/bin/cmake /home/user/ws_offboard_control/src/px4_ros_com -DCMAKE_INSTALL_PREFIX=/home/user/ws_offboard_control/install/px4_ros_com
[1.986s] Invoking command in '/home/user/ws_offboard_control/build/px4_ros_com': AMENT_PREFIX_PATH=/home/user/ws_offboard_control/install/px4_msgs:${AMENT_PREFIX_PATH} CMAKE_PREFIX_PATH=/home/user/ws_offboard_control/install/px4_msgs:/home/user/ros2_ws/install/my_robot_description:/opt/ros/humble LD_LIBRARY_PATH=/home/user/ws_offboard_control/install/px4_msgs/lib:${LD_LIBRARY_PATH} PS1=(px4-venv) \[\e]0;\u@\h: \w\a\]${debian_chroot:+($debian_chroot)}\[\033[01;32m\]\u@\h\[\033[00m\]:\[\033[01;34m\]\w\[\033[00m\]\$ PYTHONPATH=/home/user/ws_offboard_control/install/px4_msgs/lib/python3.10/site-packages:${PYTHONPATH} VIRTUAL_ENV_PROMPT=(px4-venv) /usr/bin/cmake --build /home/user/ws_offboard_control/build/px4_ros_com -- -j12 -l12
[2.029s] [ 25%] [32mBuilding CXX object CMakeFiles/offboard_control.dir/src/examples/offboard/offboard_control.cpp.o[0m
[2.029s] [ 25%] [32mBuilding CXX object CMakeFiles/offboard_control_srv.dir/src/examples/offboard/offboard_control_srv.cpp.o[0m
[2.030s] [ 25%] [32mBuilding CXX object CMakeFiles/debug_vect_advertiser.dir/src/examples/advertisers/debug_vect_advertiser.cpp.o[0m
[2.030s] [ 33%] [32mBuilding CXX object CMakeFiles/frame_transforms.dir/src/lib/frame_transforms.cpp.o[0m
[2.030s] [ 41%] [32mBuilding CXX object CMakeFiles/sensor_combined_listener.dir/src/examples/listeners/sensor_combined_listener.cpp.o[0m
[2.033s] [ 50%] [32mBuilding CXX object CMakeFiles/vehicle_gps_position_listener.dir/src/examples/listeners/vehicle_gps_position_listener.cpp.o[0m
[2.037s] [ 50%] Built target ament_cmake_python_copy_px4_ros_com
[2.213s] running egg_info
[2.213s] creating px4_ros_com.egg-info
[2.213s] writing px4_ros_com.egg-info/PKG-INFO
[2.214s] writing dependency_links to px4_ros_com.egg-info/dependency_links.txt
[2.214s] writing top-level names to px4_ros_com.egg-info/top_level.txt
[2.214s] writing manifest file 'px4_ros_com.egg-info/SOURCES.txt'
[2.215s] reading manifest file 'px4_ros_com.egg-info/SOURCES.txt'
[2.216s] writing manifest file 'px4_ros_com.egg-info/SOURCES.txt'
[2.239s] [ 50%] Built target ament_cmake_python_build_px4_ros_com_egg
[6.170s] [ 58%] [32m[1mLinking CXX executable debug_vect_advertiser[0m
[6.378s] [ 58%] Built target debug_vect_advertiser
[6.868s] [ 66%] [32m[1mLinking CXX executable offboard_control[0m
[7.099s] [ 66%] Built target offboard_control
[7.625s] [ 75%] [32m[1mLinking CXX executable offboard_control_srv[0m
[7.839s] [ 75%] Built target offboard_control_srv
[8.661s] [ 83%] [32m[1mLinking CXX shared library libframe_transforms.so[0m
[8.881s] [ 83%] Built target frame_transforms
[9.943s] [100%] [32m[1mLinking CXX executable sensor_combined_listener[0m
[9.943s] [100%] [32m[1mLinking CXX executable vehicle_gps_position_listener[0m
[10.263s] [100%] Built target vehicle_gps_position_listener
[10.272s] [100%] Built target sensor_combined_listener
[10.282s] Invoked command in '/home/user/ws_offboard_control/build/px4_ros_com' returned '0': AMENT_PREFIX_PATH=/home/user/ws_offboard_control/install/px4_msgs:${AMENT_PREFIX_PATH} CMAKE_PREFIX_PATH=/home/user/ws_offboard_control/install/px4_msgs:/home/user/ros2_ws/install/my_robot_description:/opt/ros/humble LD_LIBRARY_PATH=/home/user/ws_offboard_control/install/px4_msgs/lib:${LD_LIBRARY_PATH} PS1=(px4-venv) \[\e]0;\u@\h: \w\a\]${debian_chroot:+($debian_chroot)}\[\033[01;32m\]\u@\h\[\033[00m\]:\[\033[01;34m\]\w\[\033[00m\]\$ PYTHONPATH=/home/user/ws_offboard_control/install/px4_msgs/lib/python3.10/site-packages:${PYTHONPATH} VIRTUAL_ENV_PROMPT=(px4-venv) /usr/bin/cmake --build /home/user/ws_offboard_control/build/px4_ros_com -- -j12 -l12
[10.315s] Invoking command in '/home/user/ws_offboard_control/build/px4_ros_com': AMENT_PREFIX_PATH=/home/user/ws_offboard_control/install/px4_msgs:${AMENT_PREFIX_PATH} CMAKE_PREFIX_PATH=/home/user/ws_offboard_control/install/px4_msgs:/home/user/ros2_ws/install/my_robot_description:/opt/ros/humble LD_LIBRARY_PATH=/home/user/ws_offboard_control/install/px4_msgs/lib:${LD_LIBRARY_PATH} PS1=(px4-venv) \[\e]0;\u@\h: \w\a\]${debian_chroot:+($debian_chroot)}\[\033[01;32m\]\u@\h\[\033[00m\]:\[\033[01;34m\]\w\[\033[00m\]\$ PYTHONPATH=/home/user/ws_offboard_control/install/px4_msgs/lib/python3.10/site-packages:${PYTHONPATH} VIRTUAL_ENV_PROMPT=(px4-venv) /usr/bin/cmake --install /home/user/ws_offboard_control/build/px4_ros_com
[10.321s] -- Install configuration: ""
[10.321s] -- Installing: /home/user/ws_offboard_control/install/px4_ros_com/lib/px4_ros_com/sensor_combined_listener
[10.325s] -- Set runtime path of "/home/user/ws_offboard_control/install/px4_ros_com/lib/px4_ros_com/sensor_combined_listener" to ""
[10.325s] -- Installing: /home/user/ws_offboard_control/install/px4_ros_com/lib/px4_ros_com/vehicle_gps_position_listener
[10.328s] -- Set runtime path of "/home/user/ws_offboard_control/install/px4_ros_com/lib/px4_ros_com/vehicle_gps_position_listener" to ""
[10.328s] -- Installing: /home/user/ws_offboard_control/install/px4_ros_com/lib/px4_ros_com/debug_vect_advertiser
[10.329s] -- Set runtime path of "/home/user/ws_offboard_control/install/px4_ros_com/lib/px4_ros_com/debug_vect_advertiser" to ""
[10.329s] -- Installing: /home/user/ws_offboard_control/install/px4_ros_com/lib/px4_ros_com/offboard_control
[10.330s] -- Set runtime path of "/home/user/ws_offboard_control/install/px4_ros_com/lib/px4_ros_com/offboard_control" to ""
[10.330s] -- Installing: /home/user/ws_offboard_control/install/px4_ros_com/lib/px4_ros_com/offboard_control_srv
[10.332s] -- Set runtime path of "/home/user/ws_offboard_control/install/px4_ros_com/lib/px4_ros_com/offboard_control_srv" to ""
[10.332s] -- Installing: /home/user/ws_offboard_control/install/px4_ros_com/share/px4_ros_com/environment/library_path.sh
[10.332s] -- Installing: /home/user/ws_offboard_control/install/px4_ros_com/share/px4_ros_com/environment/library_path.dsv
[10.332s] -- Installing: /home/user/ws_offboard_control/install/px4_ros_com/include/px4_ros_com
[10.332s] -- Installing: /home/user/ws_offboard_control/install/px4_ros_com/include/px4_ros_com/frame_transforms.h
[10.332s] -- Installing: /home/user/ws_offboard_control/install/px4_ros_com/lib/libframe_transforms.so
[10.336s] -- Set runtime path of "/home/user/ws_offboard_control/install/px4_ros_com/lib/libframe_transforms.so" to ""
[10.336s] -- Installing: /home/user/ws_offboard_control/install/px4_ros_com/share/px4_ros_com//launch
[10.336s] -- Installing: /home/user/ws_offboard_control/install/px4_ros_com/share/px4_ros_com//launch/offboard_control_launch.yaml
[10.337s] -- Installing: /home/user/ws_offboard_control/install/px4_ros_com/share/px4_ros_com//launch/sensor_combined_listener.launch.py
[10.337s] -- Installing: /home/user/ws_offboard_control/install/px4_ros_com/share/px4_ros_com//test
[10.337s] -- Installing: /home/user/ws_offboard_control/install/px4_ros_com/share/px4_ros_com//test/pipeline_io_test.py
[10.337s] -- Installing: /home/user/ws_offboard_control/install/px4_ros_com/share/px4_ros_com//test/test_output.py
[10.337s] -- Installing: /home/user/ws_offboard_control/install/px4_ros_com/share/px4_ros_com//test/test_input.py
[10.337s] -- Installing: /home/user/ws_offboard_control/install/px4_ros_com/share/px4_ros_com//test/__init__.py
[10.337s] -- Installing: /home/user/ws_offboard_control/install/px4_ros_com/share/px4_ros_com/environment/pythonpath.sh
[10.337s] -- Installing: /home/user/ws_offboard_control/install/px4_ros_com/share/px4_ros_com/environment/pythonpath.dsv
[10.337s] -- Installing: /home/user/ws_offboard_control/install/px4_ros_com/lib/python3.10/site-packages/px4_ros_com-0.1.0-py3.10.egg-info
[10.337s] -- Installing: /home/user/ws_offboard_control/install/px4_ros_com/lib/python3.10/site-packages/px4_ros_com-0.1.0-py3.10.egg-info/SOURCES.txt
[10.338s] -- Installing: /home/user/ws_offboard_control/install/px4_ros_com/lib/python3.10/site-packages/px4_ros_com-0.1.0-py3.10.egg-info/dependency_links.txt
[10.338s] -- Installing: /home/user/ws_offboard_control/install/px4_ros_com/lib/python3.10/site-packages/px4_ros_com-0.1.0-py3.10.egg-info/top_level.txt
[10.338s] -- Installing: /home/user/ws_offboard_control/install/px4_ros_com/lib/python3.10/site-packages/px4_ros_com-0.1.0-py3.10.egg-info/PKG-INFO
[10.338s] -- Installing: /home/user/ws_offboard_control/install/px4_ros_com/lib/python3.10/site-packages/px4_ros_com
[10.338s] -- Installing: /home/user/ws_offboard_control/install/px4_ros_com/lib/python3.10/site-packages/px4_ros_com/module_to_import.py
[10.338s] -- Installing: /home/user/ws_offboard_control/install/px4_ros_com/lib/python3.10/site-packages/px4_ros_com/__init__.py
[10.363s] Listing '/home/user/ws_offboard_control/install/px4_ros_com/lib/python3.10/site-packages/px4_ros_com'...
[10.363s] Compiling '/home/user/ws_offboard_control/install/px4_ros_com/lib/python3.10/site-packages/px4_ros_com/__init__.py'...
[10.363s] Compiling '/home/user/ws_offboard_control/install/px4_ros_com/lib/python3.10/site-packages/px4_ros_com/module_to_import.py'...
[10.366s] -- Installing: /home/user/ws_offboard_control/install/px4_ros_com/lib/px4_ros_com/offboard_control.py
[10.367s] -- Installing: /home/user/ws_offboard_control/install/px4_ros_com/share/ament_index/resource_index/package_run_dependencies/px4_ros_com
[10.367s] -- Installing: /home/user/ws_offboard_control/install/px4_ros_com/share/ament_index/resource_index/parent_prefix_path/px4_ros_com
[10.367s] -- Installing: /home/user/ws_offboard_control/install/px4_ros_com/share/px4_ros_com/environment/ament_prefix_path.sh
[10.367s] -- Installing: /home/user/ws_offboard_control/install/px4_ros_com/share/px4_ros_com/environment/ament_prefix_path.dsv
[10.367s] -- Installing: /home/user/ws_offboard_control/install/px4_ros_com/share/px4_ros_com/environment/path.sh
[10.367s] -- Installing: /home/user/ws_offboard_control/install/px4_ros_com/share/px4_ros_com/environment/path.dsv
[10.367s] -- Installing: /home/user/ws_offboard_control/install/px4_ros_com/share/px4_ros_com/local_setup.bash
[10.367s] -- Installing: /home/user/ws_offboard_control/install/px4_ros_com/share/px4_ros_com/local_setup.sh
[10.367s] -- Installing: /home/user/ws_offboard_control/install/px4_ros_com/share/px4_ros_com/local_setup.zsh
[10.368s] -- Installing: /home/user/ws_offboard_control/install/px4_ros_com/share/px4_ros_com/local_setup.dsv
[10.368s] -- Installing: /home/user/ws_offboard_control/install/px4_ros_com/share/px4_ros_com/package.dsv
[10.368s] -- Installing: /home/user/ws_offboard_control/install/px4_ros_com/share/ament_index/resource_index/packages/px4_ros_com
[10.368s] -- Installing: /home/user/ws_offboard_control/install/px4_ros_com/share/px4_ros_com/cmake/export_frame_transformsExport.cmake
[10.368s] -- Installing: /home/user/ws_offboard_control/install/px4_ros_com/share/px4_ros_com/cmake/export_frame_transformsExport-noconfig.cmake
[10.368s] -- Installing: /home/user/ws_offboard_control/install/px4_ros_com/share/px4_ros_com/cmake/ament_cmake_export_dependencies-extras.cmake
[10.368s] -- Installing: /home/user/ws_offboard_control/install/px4_ros_com/share/px4_ros_com/cmake/ament_cmake_export_targets-extras.cmake
[10.368s] -- Installing: /home/user/ws_offboard_control/install/px4_ros_com/share/px4_ros_com/cmake/ament_cmake_export_include_directories-extras.cmake
[10.369s] -- Installing: /home/user/ws_offboard_control/install/px4_ros_com/share/px4_ros_com/cmake/ament_cmake_export_libraries-extras.cmake
[10.369s] -- Installing: /home/user/ws_offboard_control/install/px4_ros_com/share/px4_ros_com/cmake/px4_ros_comConfig.cmake
[10.369s] -- Installing: /home/user/ws_offboard_control/install/px4_ros_com/share/px4_ros_com/cmake/px4_ros_comConfig-version.cmake
[10.369s] -- Installing: /home/user/ws_offboard_control/install/px4_ros_com/share/px4_ros_com/package.xml
[10.371s] Invoked command in '/home/user/ws_offboard_control/build/px4_ros_com' returned '0': AMENT_PREFIX_PATH=/home/user/ws_offboard_control/install/px4_msgs:${AMENT_PREFIX_PATH} CMAKE_PREFIX_PATH=/home/user/ws_offboard_control/install/px4_msgs:/home/user/ros2_ws/install/my_robot_description:/opt/ros/humble LD_LIBRARY_PATH=/home/user/ws_offboard_control/install/px4_msgs/lib:${LD_LIBRARY_PATH} PS1=(px4-venv) \[\e]0;\u@\h: \w\a\]${debian_chroot:+($debian_chroot)}\[\033[01;32m\]\u@\h\[\033[00m\]:\[\033[01;34m\]\w\[\033[00m\]\$ PYTHONPATH=/home/user/ws_offboard_control/install/px4_msgs/lib/python3.10/site-packages:${PYTHONPATH} VIRTUAL_ENV_PROMPT=(px4-venv) /usr/bin/cmake --install /home/user/ws_offboard_control/build/px4_ros_com
