[0.816s] Invoking command in '/home/user/ros2_px4_offboard_example_ws/src/ROS2_PX4_Offboard_Example/px4_offboard': AMENT_PREFIX_PATH=/home/user/ros2_px4_offboard_example_ws/install/px4_msgs:${AMENT_PREFIX_PATH} CMAKE_PREFIX_PATH=/home/user/ros2_px4_offboard_example_ws/install/px4_msgs:${CMAKE_PREFIX_PATH} LD_LIBRARY_PATH=/home/user/ros2_px4_offboard_example_ws/install/px4_msgs/lib:${LD_LIBRARY_PATH} PYTHONPATH=/home/user/ros2_px4_offboard_example_ws/build/px4_offboard/prefix_override:/home/user/ros2_px4_offboard_example_ws/install/px4_offboard/lib/python3.10/site-packages:/home/user/ros2_px4_offboard_example_ws/install/px4_msgs/local/lib/python3.10/dist-packages:${PYTHONPATH} /usr/bin/python3 -W ignore:setup.py install is deprecated setup.py egg_info --egg-base ../../../build/px4_offboard build --build-base /home/user/ros2_px4_offboard_example_ws/build/px4_offboard/build install --record /home/user/ros2_px4_offboard_example_ws/build/px4_offboard/install.log --single-version-externally-managed install_data
[1.025s] running egg_info
[1.038s] writing ../../../build/px4_offboard/px4_offboard.egg-info/PKG-INFO
[1.038s] writing dependency_links to ../../../build/px4_offboard/px4_offboard.egg-info/dependency_links.txt
[1.039s] writing entry points to ../../../build/px4_offboard/px4_offboard.egg-info/entry_points.txt
[1.039s] writing requirements to ../../../build/px4_offboard/px4_offboard.egg-info/requires.txt
[1.039s] writing top-level names to ../../../build/px4_offboard/px4_offboard.egg-info/top_level.txt
[1.066s] reading manifest file '../../../build/px4_offboard/px4_offboard.egg-info/SOURCES.txt'
[1.066s] adding license file 'LICENSE'
[1.067s] writing manifest file '../../../build/px4_offboard/px4_offboard.egg-info/SOURCES.txt'
[1.067s] running build
[1.067s] running build_py
[1.067s] copying px4_offboard/velocity_control.py -> /home/user/ros2_px4_offboard_example_ws/build/px4_offboard/build/lib/px4_offboard
[1.068s] copying px4_offboard/control.py -> /home/user/ros2_px4_offboard_example_ws/build/px4_offboard/build/lib/px4_offboard
[1.068s] copying px4_offboard/processes.py -> /home/user/ros2_px4_offboard_example_ws/build/px4_offboard/build/lib/px4_offboard
[1.068s] copying px4_offboard/visualizer.py -> /home/user/ros2_px4_offboard_example_ws/build/px4_offboard/build/lib/px4_offboard
[1.068s] copying px4_offboard/__init__.py -> /home/user/ros2_px4_offboard_example_ws/build/px4_offboard/build/lib/px4_offboard
[1.068s] running install
[1.073s] running install_lib
[1.087s] running install_data
[1.087s] copying resource/px4_offboard -> /home/user/ros2_px4_offboard_example_ws/install/px4_offboard/share/ament_index/resource_index/packages
[1.088s] copying resource/visualize.rviz -> /home/user/ros2_px4_offboard_example_ws/install/px4_offboard/share/ament_index/resource_index/packages
[1.088s] copying package.xml -> /home/user/ros2_px4_offboard_example_ws/install/px4_offboard/share/px4_offboard
[1.088s] copying launch/offboard_velocity_control.launch.py -> /home/user/ros2_px4_offboard_example_ws/install/px4_offboard/share/px4_offboard
[1.088s] copying resource/visualize.rviz -> /home/user/ros2_px4_offboard_example_ws/install/px4_offboard/share/px4_offboard
[1.088s] running install_egg_info
[1.102s] removing '/home/user/ros2_px4_offboard_example_ws/install/px4_offboard/lib/python3.10/site-packages/px4_offboard-0.0.0-py3.10.egg-info' (and everything under it)
[1.103s] Copying ../../../build/px4_offboard/px4_offboard.egg-info to /home/user/ros2_px4_offboard_example_ws/install/px4_offboard/lib/python3.10/site-packages/px4_offboard-0.0.0-py3.10.egg-info
[1.103s] running install_scripts
[1.225s] Installing control script to /home/user/ros2_px4_offboard_example_ws/install/px4_offboard/lib/px4_offboard
[1.225s] Installing offboard_control script to /home/user/ros2_px4_offboard_example_ws/install/px4_offboard/lib/px4_offboard
[1.225s] Installing processes script to /home/user/ros2_px4_offboard_example_ws/install/px4_offboard/lib/px4_offboard
[1.226s] Installing velocity_control script to /home/user/ros2_px4_offboard_example_ws/install/px4_offboard/lib/px4_offboard
[1.226s] Installing visualizer script to /home/user/ros2_px4_offboard_example_ws/install/px4_offboard/lib/px4_offboard
[1.226s] writing list of installed files to '/home/user/ros2_px4_offboard_example_ws/build/px4_offboard/install.log'
[1.251s] Invoked command in '/home/user/ros2_px4_offboard_example_ws/src/ROS2_PX4_Offboard_Example/px4_offboard' returned '0': AMENT_PREFIX_PATH=/home/user/ros2_px4_offboard_example_ws/install/px4_msgs:${AMENT_PREFIX_PATH} CMAKE_PREFIX_PATH=/home/user/ros2_px4_offboard_example_ws/install/px4_msgs:${CMAKE_PREFIX_PATH} LD_LIBRARY_PATH=/home/user/ros2_px4_offboard_example_ws/install/px4_msgs/lib:${LD_LIBRARY_PATH} PYTHONPATH=/home/user/ros2_px4_offboard_example_ws/build/px4_offboard/prefix_override:/home/user/ros2_px4_offboard_example_ws/install/px4_offboard/lib/python3.10/site-packages:/home/user/ros2_px4_offboard_example_ws/install/px4_msgs/local/lib/python3.10/dist-packages:${PYTHONPATH} /usr/bin/python3 -W ignore:setup.py install is deprecated setup.py egg_info --egg-base ../../../build/px4_offboard build --build-base /home/user/ros2_px4_offboard_example_ws/build/px4_offboard/build install --record /home/user/ros2_px4_offboard_example_ws/build/px4_offboard/install.log --single-version-externally-managed install_data
