[0.007s] Invoking command in '/home/user/ws_offboard_control/build/px4_msgs': CMAKE_PREFIX_PATH=${CMAKE_PREFIX_PATH}:/opt/ros/humble PS1=(px4-venv) \[\e]0;\u@\h: \w\a\]${debian_chroot:+($debian_chroot)}\[\033[01;32m\]\u@\h\[\033[00m\]:\[\033[01;34m\]\w\[\033[00m\]\$ VIRTUAL_ENV_PROMPT=(px4-venv) /usr/bin/cmake /home/user/ws_offboard_control/src/px4_msgs -DCMAKE_INSTALL_PREFIX=/home/user/ws_offboard_control/install/px4_msgs
[0.018s] -- Found ament_cmake: 1.3.9 (/opt/ros/humble/share/ament_cmake/cmake)
[0.118s] -- Found builtin_interfaces: 1.2.1 (/opt/ros/humble/share/builtin_interfaces/cmake)
[0.139s] -- Found rosidl_generator_c: 3.1.5 (/opt/ros/humble/share/rosidl_generator_c/cmake)
[0.141s] -- Found rosidl_adapter: 3.1.5 (/opt/ros/humble/share/rosidl_adapter/cmake)
[0.146s] -- Found rosidl_generator_cpp: 3.1.5 (/opt/ros/humble/share/rosidl_generator_cpp/cmake)
[0.156s] -- Using all available rosidl_typesupport_c: rosidl_typesupport_fastrtps_c;rosidl_typesupport_introspection_c
[0.172s] -- Using all available rosidl_typesupport_cpp: rosidl_typesupport_fastrtps_cpp;rosidl_typesupport_introspection_cpp
[0.185s] -- Found rosidl_default_generators: 1.2.0 (/opt/ros/humble/share/rosidl_default_generators/cmake)
[1.548s] Traceback (most recent call last):
[1.548s]   File "/opt/ros/humble/share/ament_cmake_core/cmake/core/package_xml_2_cmake.py", line 22, in <module>
[1.548s]     from catkin_pkg.package import parse_package_string
[1.548s] ModuleNotFoundError: No module named 'catkin_pkg'
[1.550s] [31mCMake Error at /opt/ros/humble/share/ament_cmake_core/cmake/core/ament_package_xml.cmake:95 (message):
[1.550s]   execute_process(/home/user/px4-venv/bin/python3
[1.550s]   /opt/ros/humble/share/ament_cmake_core/cmake/core/package_xml_2_cmake.py
[1.551s]   /home/user/ws_offboard_control/src/px4_msgs/package.xml
[1.551s]   /home/user/ws_offboard_control/build/px4_msgs/ament_cmake_core/package.cmake)
[1.551s]   returned error code 1
[1.551s] Call Stack (most recent call first):
[1.551s]   /opt/ros/humble/share/ament_cmake_core/cmake/core/ament_package_xml.cmake:49 (_ament_package_xml)
[1.551s]   /opt/ros/humble/share/rosidl_cmake/cmake/rosidl_generate_interfaces.cmake:226 (ament_package_xml)
[1.551s]   CMakeLists.txt:28 (rosidl_generate_interfaces)
[1.551s] 
[1.551s] [0m
[1.551s] -- Configuring incomplete, errors occurred!
[1.551s] See also "/home/user/ws_offboard_control/build/px4_msgs/CMakeFiles/CMakeOutput.log".
[1.556s] Invoked command in '/home/user/ws_offboard_control/build/px4_msgs' returned '1': CMAKE_PREFIX_PATH=${CMAKE_PREFIX_PATH}:/opt/ros/humble PS1=(px4-venv) \[\e]0;\u@\h: \w\a\]${debian_chroot:+($debian_chroot)}\[\033[01;32m\]\u@\h\[\033[00m\]:\[\033[01;34m\]\w\[\033[00m\]\$ VIRTUAL_ENV_PROMPT=(px4-venv) /usr/bin/cmake /home/user/ws_offboard_control/src/px4_msgs -DCMAKE_INSTALL_PREFIX=/home/user/ws_offboard_control/install/px4_msgs
