[1.875s] Invoking command in '/home/user/ros2_px4_offboard_example_ws/src/ROS2_PX4_Offboard_Example/px4_offboard': AMENT_PREFIX_PATH=/home/user/ros2_px4_offboard_example_ws/install/px4_msgs:${AMENT_PREFIX_PATH} CMAKE_PREFIX_PATH=/home/user/ros2_px4_offboard_example_ws/install/px4_msgs:${CMAKE_PREFIX_PATH} LD_LIBRARY_PATH=/home/user/ros2_px4_offboard_example_ws/install/px4_msgs/lib:${LD_LIBRARY_PATH} PYTHONPATH=/home/user/ros2_px4_offboard_example_ws/build/px4_offboard/prefix_override:/home/user/ros2_px4_offboard_example_ws/install/px4_offboard/lib/python3.10/site-packages:/home/user/ros2_px4_offboard_example_ws/install/px4_msgs/local/lib/python3.10/dist-packages:${PYTHONPATH} /usr/bin/python3 -W ignore:setup.py install is deprecated setup.py egg_info --egg-base ../../../build/px4_offboard build --build-base /home/user/ros2_px4_offboard_example_ws/build/px4_offboard/build install --record /home/user/ros2_px4_offboard_example_ws/build/px4_offboard/install.log --single-version-externally-managed install_data
[2.076s] running egg_info
[2.088s] writing ../../../build/px4_offboard/px4_offboard.egg-info/PKG-INFO
[2.089s] writing dependency_links to ../../../build/px4_offboard/px4_offboard.egg-info/dependency_links.txt
[2.089s] writing entry points to ../../../build/px4_offboard/px4_offboard.egg-info/entry_points.txt
[2.089s] writing requirements to ../../../build/px4_offboard/px4_offboard.egg-info/requires.txt
[2.089s] writing top-level names to ../../../build/px4_offboard/px4_offboard.egg-info/top_level.txt
[2.116s] reading manifest file '../../../build/px4_offboard/px4_offboard.egg-info/SOURCES.txt'
[2.132s] adding license file 'LICENSE'
[2.133s] writing manifest file '../../../build/px4_offboard/px4_offboard.egg-info/SOURCES.txt'
[2.133s] running build
[2.133s] running build_py
[2.133s] copying px4_offboard/velocity_control.py -> /home/user/ros2_px4_offboard_example_ws/build/px4_offboard/build/lib/px4_offboard
[2.133s] copying px4_offboard/control.py -> /home/user/ros2_px4_offboard_example_ws/build/px4_offboard/build/lib/px4_offboard
[2.134s] copying px4_offboard/processes.py -> /home/user/ros2_px4_offboard_example_ws/build/px4_offboard/build/lib/px4_offboard
[2.134s] copying px4_offboard/visualizer.py -> /home/user/ros2_px4_offboard_example_ws/build/px4_offboard/build/lib/px4_offboard
[2.134s] copying px4_offboard/__init__.py -> /home/user/ros2_px4_offboard_example_ws/build/px4_offboard/build/lib/px4_offboard
[2.134s] running install
[2.139s] running install_lib
[2.153s] running install_data
[2.153s] copying resource/px4_offboard -> /home/user/ros2_px4_offboard_example_ws/install/px4_offboard/share/ament_index/resource_index/packages
[2.153s] copying resource/visualize.rviz -> /home/user/ros2_px4_offboard_example_ws/install/px4_offboard/share/ament_index/resource_index/packages
[2.166s] copying package.xml -> /home/user/ros2_px4_offboard_example_ws/install/px4_offboard/share/px4_offboard
[2.166s] copying launch/offboard_velocity_control.launch.py -> /home/user/ros2_px4_offboard_example_ws/install/px4_offboard/share/px4_offboard
[2.167s] copying resource/visualize.rviz -> /home/user/ros2_px4_offboard_example_ws/install/px4_offboard/share/px4_offboard
[2.167s] running install_egg_info
[2.181s] removing '/home/user/ros2_px4_offboard_example_ws/install/px4_offboard/lib/python3.10/site-packages/px4_offboard-0.0.0-py3.10.egg-info' (and everything under it)
[2.185s] Copying ../../../build/px4_offboard/px4_offboard.egg-info to /home/user/ros2_px4_offboard_example_ws/install/px4_offboard/lib/python3.10/site-packages/px4_offboard-0.0.0-py3.10.egg-info
[2.215s] running install_scripts
[2.332s] Installing control script to /home/user/ros2_px4_offboard_example_ws/install/px4_offboard/lib/px4_offboard
[2.332s] Installing offboard_control script to /home/user/ros2_px4_offboard_example_ws/install/px4_offboard/lib/px4_offboard
[2.332s] Installing processes script to /home/user/ros2_px4_offboard_example_ws/install/px4_offboard/lib/px4_offboard
[2.333s] Installing velocity_control script to /home/user/ros2_px4_offboard_example_ws/install/px4_offboard/lib/px4_offboard
[2.333s] Installing visualizer script to /home/user/ros2_px4_offboard_example_ws/install/px4_offboard/lib/px4_offboard
[2.333s] writing list of installed files to '/home/user/ros2_px4_offboard_example_ws/build/px4_offboard/install.log'
[2.352s] Invoked command in '/home/user/ros2_px4_offboard_example_ws/src/ROS2_PX4_Offboard_Example/px4_offboard' returned '0': AMENT_PREFIX_PATH=/home/user/ros2_px4_offboard_example_ws/install/px4_msgs:${AMENT_PREFIX_PATH} CMAKE_PREFIX_PATH=/home/user/ros2_px4_offboard_example_ws/install/px4_msgs:${CMAKE_PREFIX_PATH} LD_LIBRARY_PATH=/home/user/ros2_px4_offboard_example_ws/install/px4_msgs/lib:${LD_LIBRARY_PATH} PYTHONPATH=/home/user/ros2_px4_offboard_example_ws/build/px4_offboard/prefix_override:/home/user/ros2_px4_offboard_example_ws/install/px4_offboard/lib/python3.10/site-packages:/home/user/ros2_px4_offboard_example_ws/install/px4_msgs/local/lib/python3.10/dist-packages:${PYTHONPATH} /usr/bin/python3 -W ignore:setup.py install is deprecated setup.py egg_info --egg-base ../../../build/px4_offboard build --build-base /home/user/ros2_px4_offboard_example_ws/build/px4_offboard/build install --record /home/user/ros2_px4_offboard_example_ws/build/px4_offboard/install.log --single-version-externally-managed install_data
