[0.232s] DEBUG:colcon:Command line arguments: ['/usr/bin/colcon', 'build']
[0.232s] DEBUG:colcon:Parsed command line arguments: Namespace(log_base=None, log_level=None, verb_name='build', build_base='build', install_base='install', merge_install=False, symlink_install=False, test_result_base=None, continue_on_error=False, executor='parallel', parallel_workers=12, event_handlers=None, ignore_user_meta=False, metas=['./colcon.meta'], base_paths=['.'], packages_ignore=None, packages_ignore_regex=None, paths=None, packages_up_to=None, packages_up_to_regex=None, packages_above=None, packages_above_and_dependencies=None, packages_above_depth=None, packages_select_by_dep=None, packages_skip_by_dep=None, packages_skip_up_to=None, packages_select_build_failed=False, packages_skip_build_finished=False, packages_select_test_failures=False, packages_skip_test_passed=False, packages_select=None, packages_skip=None, packages_select_regex=None, packages_skip_regex=None, packages_start=None, packages_end=None, allow_overriding=[], cmake_args=None, cmake_target=None, cmake_target_skip_unavailable=False, cmake_clean_cache=False, cmake_clean_first=False, cmake_force_configure=False, ament_cmake_args=None, catkin_cmake_args=None, catkin_skip_building_tests=False, mixin_files=None, mixin=None, verb_parser=<colcon_mixin.mixin.mixin_argument.MixinArgumentDecorator object at 0x721d9df42230>, verb_extension=<colcon_core.verb.build.BuildVerb object at 0x721d9df419c0>, main=<bound method BuildVerb.main of <colcon_core.verb.build.BuildVerb object at 0x721d9df419c0>>, mixin_verb=('build',))
[0.490s] Level 1:colcon.colcon_core.package_discovery:discover_packages(colcon_meta) check parameters
[0.491s] Level 1:colcon.colcon_core.package_discovery:discover_packages(recursive) check parameters
[0.491s] Level 1:colcon.colcon_core.package_discovery:discover_packages(ignore) check parameters
[0.491s] Level 1:colcon.colcon_core.package_discovery:discover_packages(path) check parameters
[0.491s] Level 1:colcon.colcon_core.package_discovery:discover_packages(colcon_meta) discover
[0.491s] Level 1:colcon.colcon_core.package_discovery:discover_packages(recursive) discover
[0.491s] INFO:colcon.colcon_core.package_discovery:Crawling recursively for packages in '/home/user/ros2_px4_offboard_example_ws/src'
[0.491s] Level 1:colcon.colcon_core.package_identification:_identify(.) by extensions ['ignore', 'ignore_ament_install']
[0.491s] Level 1:colcon.colcon_core.package_identification:_identify(.) by extension 'ignore'
[0.491s] Level 1:colcon.colcon_core.package_identification:_identify(.) by extension 'ignore_ament_install'
[0.491s] Level 1:colcon.colcon_core.package_identification:_identify(.) by extensions ['colcon_pkg']
[0.491s] Level 1:colcon.colcon_core.package_identification:_identify(.) by extension 'colcon_pkg'
[0.491s] Level 1:colcon.colcon_core.package_identification:_identify(.) by extensions ['colcon_meta']
[0.491s] Level 1:colcon.colcon_core.package_identification:_identify(.) by extension 'colcon_meta'
[0.491s] Level 1:colcon.colcon_core.package_identification:_identify(.) by extensions ['ros']
[0.491s] Level 1:colcon.colcon_core.package_identification:_identify(.) by extension 'ros'
[0.525s] Level 1:colcon.colcon_core.package_identification:_identify(.) by extensions ['cmake', 'python']
[0.525s] Level 1:colcon.colcon_core.package_identification:_identify(.) by extension 'cmake'
[0.525s] Level 1:colcon.colcon_core.package_identification:_identify(.) by extension 'python'
[0.526s] Level 1:colcon.colcon_core.package_identification:_identify(.) by extensions ['python_setup_py']
[0.526s] Level 1:colcon.colcon_core.package_identification:_identify(.) by extension 'python_setup_py'
[0.526s] Level 1:colcon.colcon_core.package_identification:_identify(ROS2_PX4_Offboard_Example) by extensions ['ignore', 'ignore_ament_install']
[0.526s] Level 1:colcon.colcon_core.package_identification:_identify(ROS2_PX4_Offboard_Example) by extension 'ignore'
[0.526s] Level 1:colcon.colcon_core.package_identification:_identify(ROS2_PX4_Offboard_Example) by extension 'ignore_ament_install'
[0.526s] Level 1:colcon.colcon_core.package_identification:_identify(ROS2_PX4_Offboard_Example) by extensions ['colcon_pkg']
[0.526s] Level 1:colcon.colcon_core.package_identification:_identify(ROS2_PX4_Offboard_Example) by extension 'colcon_pkg'
[0.526s] Level 1:colcon.colcon_core.package_identification:_identify(ROS2_PX4_Offboard_Example) by extensions ['colcon_meta']
[0.526s] Level 1:colcon.colcon_core.package_identification:_identify(ROS2_PX4_Offboard_Example) by extension 'colcon_meta'
[0.526s] Level 1:colcon.colcon_core.package_identification:_identify(ROS2_PX4_Offboard_Example) by extensions ['ros']
[0.526s] Level 1:colcon.colcon_core.package_identification:_identify(ROS2_PX4_Offboard_Example) by extension 'ros'
[0.526s] Level 1:colcon.colcon_core.package_identification:_identify(ROS2_PX4_Offboard_Example) by extensions ['cmake', 'python']
[0.526s] Level 1:colcon.colcon_core.package_identification:_identify(ROS2_PX4_Offboard_Example) by extension 'cmake'
[0.526s] Level 1:colcon.colcon_core.package_identification:_identify(ROS2_PX4_Offboard_Example) by extension 'python'
[0.526s] Level 1:colcon.colcon_core.package_identification:_identify(ROS2_PX4_Offboard_Example) by extensions ['python_setup_py']
[0.526s] Level 1:colcon.colcon_core.package_identification:_identify(ROS2_PX4_Offboard_Example) by extension 'python_setup_py'
[0.526s] Level 1:colcon.colcon_core.package_identification:_identify(ROS2_PX4_Offboard_Example/px4_offboard) by extensions ['ignore', 'ignore_ament_install']
[0.527s] Level 1:colcon.colcon_core.package_identification:_identify(ROS2_PX4_Offboard_Example/px4_offboard) by extension 'ignore'
[0.527s] Level 1:colcon.colcon_core.package_identification:_identify(ROS2_PX4_Offboard_Example/px4_offboard) by extension 'ignore_ament_install'
[0.527s] Level 1:colcon.colcon_core.package_identification:_identify(ROS2_PX4_Offboard_Example/px4_offboard) by extensions ['colcon_pkg']
[0.527s] Level 1:colcon.colcon_core.package_identification:_identify(ROS2_PX4_Offboard_Example/px4_offboard) by extension 'colcon_pkg'
[0.527s] Level 1:colcon.colcon_core.package_identification:_identify(ROS2_PX4_Offboard_Example/px4_offboard) by extensions ['colcon_meta']
[0.527s] Level 1:colcon.colcon_core.package_identification:_identify(ROS2_PX4_Offboard_Example/px4_offboard) by extension 'colcon_meta'
[0.527s] Level 1:colcon.colcon_core.package_identification:_identify(ROS2_PX4_Offboard_Example/px4_offboard) by extensions ['ros']
[0.527s] Level 1:colcon.colcon_core.package_identification:_identify(ROS2_PX4_Offboard_Example/px4_offboard) by extension 'ros'
[0.566s] DEBUG:colcon.colcon_core.package_identification:Package 'ROS2_PX4_Offboard_Example/px4_offboard' with type 'ros.ament_python' and name 'px4_offboard'
[0.566s] Level 1:colcon.colcon_core.package_identification:_identify(build) by extensions ['ignore', 'ignore_ament_install']
[0.566s] Level 1:colcon.colcon_core.package_identification:_identify(build) by extension 'ignore'
[0.566s] Level 1:colcon.colcon_core.package_identification:_identify(build) ignored
[0.566s] Level 1:colcon.colcon_core.package_identification:_identify(install) by extensions ['ignore', 'ignore_ament_install']
[0.567s] Level 1:colcon.colcon_core.package_identification:_identify(install) by extension 'ignore'
[0.567s] Level 1:colcon.colcon_core.package_identification:_identify(install) ignored
[0.567s] Level 1:colcon.colcon_core.package_identification:_identify(log) by extensions ['ignore', 'ignore_ament_install']
[0.567s] Level 1:colcon.colcon_core.package_identification:_identify(log) by extension 'ignore'
[0.567s] Level 1:colcon.colcon_core.package_identification:_identify(log) ignored
[0.567s] Level 1:colcon.colcon_core.package_identification:_identify(px4_msgs) by extensions ['ignore', 'ignore_ament_install']
[0.567s] Level 1:colcon.colcon_core.package_identification:_identify(px4_msgs) by extension 'ignore'
[0.567s] Level 1:colcon.colcon_core.package_identification:_identify(px4_msgs) by extension 'ignore_ament_install'
[0.567s] Level 1:colcon.colcon_core.package_identification:_identify(px4_msgs) by extensions ['colcon_pkg']
[0.567s] Level 1:colcon.colcon_core.package_identification:_identify(px4_msgs) by extension 'colcon_pkg'
[0.567s] Level 1:colcon.colcon_core.package_identification:_identify(px4_msgs) by extensions ['colcon_meta']
[0.567s] Level 1:colcon.colcon_core.package_identification:_identify(px4_msgs) by extension 'colcon_meta'
[0.567s] Level 1:colcon.colcon_core.package_identification:_identify(px4_msgs) by extensions ['ros']
[0.567s] Level 1:colcon.colcon_core.package_identification:_identify(px4_msgs) by extension 'ros'
[0.583s] DEBUG:colcon.colcon_core.package_identification:Package 'px4_msgs' with type 'ros.ament_cmake' and name 'px4_msgs'
[0.583s] Level 1:colcon.colcon_core.package_discovery:discover_packages(recursive) using defaults
[0.583s] Level 1:colcon.colcon_core.package_discovery:discover_packages(ignore) discover
[0.583s] Level 1:colcon.colcon_core.package_discovery:discover_packages(ignore) using defaults
[0.583s] Level 1:colcon.colcon_core.package_discovery:discover_packages(path) discover
[0.583s] Level 1:colcon.colcon_core.package_discovery:discover_packages(path) using defaults
[0.683s] Level 1:colcon.colcon_core.package_discovery:discover_packages(prefix_path) check parameters
[0.683s] Level 1:colcon.colcon_core.package_discovery:discover_packages(prefix_path) discover
[0.746s] DEBUG:colcon.colcon_installed_package_information.package_discovery:Found 1 installed packages in /home/user/ros2_ws/install
[0.769s] DEBUG:colcon.colcon_installed_package_information.package_discovery:Found 283 installed packages in /opt/ros/humble
[0.775s] Level 1:colcon.colcon_core.package_discovery:discover_packages(prefix_path) using defaults
[0.867s] Level 5:colcon.colcon_core.verb:set package 'px4_msgs' build argument 'cmake_args' from command line to 'None'
[0.867s] Level 5:colcon.colcon_core.verb:set package 'px4_msgs' build argument 'cmake_target' from command line to 'None'
[0.867s] Level 5:colcon.colcon_core.verb:set package 'px4_msgs' build argument 'cmake_target_skip_unavailable' from command line to 'False'
[0.867s] Level 5:colcon.colcon_core.verb:set package 'px4_msgs' build argument 'cmake_clean_cache' from command line to 'False'
[0.867s] Level 5:colcon.colcon_core.verb:set package 'px4_msgs' build argument 'cmake_clean_first' from command line to 'False'
[0.867s] Level 5:colcon.colcon_core.verb:set package 'px4_msgs' build argument 'cmake_force_configure' from command line to 'False'
[0.867s] Level 5:colcon.colcon_core.verb:set package 'px4_msgs' build argument 'ament_cmake_args' from command line to 'None'
[0.867s] Level 5:colcon.colcon_core.verb:set package 'px4_msgs' build argument 'catkin_cmake_args' from command line to 'None'
[0.867s] Level 5:colcon.colcon_core.verb:set package 'px4_msgs' build argument 'catkin_skip_building_tests' from command line to 'False'
[0.867s] DEBUG:colcon.colcon_core.verb:Building package 'px4_msgs' with the following arguments: {'ament_cmake_args': None, 'build_base': '/home/user/ros2_px4_offboard_example_ws/src/build/px4_msgs', 'catkin_cmake_args': None, 'catkin_skip_building_tests': False, 'cmake_args': None, 'cmake_clean_cache': False, 'cmake_clean_first': False, 'cmake_force_configure': False, 'cmake_target': None, 'cmake_target_skip_unavailable': False, 'install_base': '/home/user/ros2_px4_offboard_example_ws/src/install/px4_msgs', 'merge_install': False, 'path': '/home/user/ros2_px4_offboard_example_ws/src/px4_msgs', 'symlink_install': False, 'test_result_base': None}
[0.868s] Level 5:colcon.colcon_core.verb:set package 'px4_offboard' build argument 'cmake_args' from command line to 'None'
[0.868s] Level 5:colcon.colcon_core.verb:set package 'px4_offboard' build argument 'cmake_target' from command line to 'None'
[0.868s] Level 5:colcon.colcon_core.verb:set package 'px4_offboard' build argument 'cmake_target_skip_unavailable' from command line to 'False'
[0.868s] Level 5:colcon.colcon_core.verb:set package 'px4_offboard' build argument 'cmake_clean_cache' from command line to 'False'
[0.868s] Level 5:colcon.colcon_core.verb:set package 'px4_offboard' build argument 'cmake_clean_first' from command line to 'False'
[0.868s] Level 5:colcon.colcon_core.verb:set package 'px4_offboard' build argument 'cmake_force_configure' from command line to 'False'
[0.868s] Level 5:colcon.colcon_core.verb:set package 'px4_offboard' build argument 'ament_cmake_args' from command line to 'None'
[0.868s] Level 5:colcon.colcon_core.verb:set package 'px4_offboard' build argument 'catkin_cmake_args' from command line to 'None'
[0.868s] Level 5:colcon.colcon_core.verb:set package 'px4_offboard' build argument 'catkin_skip_building_tests' from command line to 'False'
[0.868s] DEBUG:colcon.colcon_core.verb:Building package 'px4_offboard' with the following arguments: {'ament_cmake_args': None, 'build_base': '/home/user/ros2_px4_offboard_example_ws/src/build/px4_offboard', 'catkin_cmake_args': None, 'catkin_skip_building_tests': False, 'cmake_args': None, 'cmake_clean_cache': False, 'cmake_clean_first': False, 'cmake_force_configure': False, 'cmake_target': None, 'cmake_target_skip_unavailable': False, 'install_base': '/home/user/ros2_px4_offboard_example_ws/src/install/px4_offboard', 'merge_install': False, 'path': '/home/user/ros2_px4_offboard_example_ws/src/ROS2_PX4_Offboard_Example/px4_offboard', 'symlink_install': False, 'test_result_base': None}
[0.868s] INFO:colcon.colcon_core.executor:Executing jobs using 'parallel' executor
[0.869s] DEBUG:colcon.colcon_parallel_executor.executor.parallel:run_until_complete
[0.869s] INFO:colcon.colcon_ros.task.ament_cmake.build:Building ROS package in '/home/user/ros2_px4_offboard_example_ws/src/px4_msgs' with build type 'ament_cmake'
[0.869s] INFO:colcon.colcon_cmake.task.cmake.build:Building CMake package in '/home/user/ros2_px4_offboard_example_ws/src/px4_msgs'
[0.895s] INFO:colcon.colcon_core.plugin_system:Skipping extension 'colcon_core.shell.bat': Not used on non-Windows systems
[0.895s] INFO:colcon.colcon_core.shell:Skip shell extension 'powershell' for command environment: Not usable outside of PowerShell
[0.895s] DEBUG:colcon.colcon_core.shell:Skip shell extension 'dsv' for command environment
[0.935s] DEBUG:colcon.colcon_core.event_handler.log_command:Invoking command in '/home/user/ros2_px4_offboard_example_ws/src/build/px4_msgs': CMAKE_PREFIX_PATH=${CMAKE_PREFIX_PATH}:/opt/ros/humble /usr/bin/cmake /home/user/ros2_px4_offboard_example_ws/src/px4_msgs -DCMAKE_INSTALL_PREFIX=/home/user/ros2_px4_offboard_example_ws/src/install/px4_msgs
[6.353s] DEBUG:colcon.colcon_core.event_handler.log_command:Invoked command in '/home/user/ros2_px4_offboard_example_ws/src/build/px4_msgs' returned '0': CMAKE_PREFIX_PATH=${CMAKE_PREFIX_PATH}:/opt/ros/humble /usr/bin/cmake /home/user/ros2_px4_offboard_example_ws/src/px4_msgs -DCMAKE_INSTALL_PREFIX=/home/user/ros2_px4_offboard_example_ws/src/install/px4_msgs
[6.355s] DEBUG:colcon.colcon_core.event_handler.log_command:Invoking command in '/home/user/ros2_px4_offboard_example_ws/src/build/px4_msgs': CMAKE_PREFIX_PATH=${CMAKE_PREFIX_PATH}:/opt/ros/humble /usr/bin/cmake --build /home/user/ros2_px4_offboard_example_ws/src/build/px4_msgs -- -j12 -l12
[185.678s] DEBUG:colcon.colcon_core.event_handler.log_command:Invoked command in '/home/user/ros2_px4_offboard_example_ws/src/build/px4_msgs' returned '0': CMAKE_PREFIX_PATH=${CMAKE_PREFIX_PATH}:/opt/ros/humble /usr/bin/cmake --build /home/user/ros2_px4_offboard_example_ws/src/build/px4_msgs -- -j12 -l12
[193.961s] DEBUG:colcon.colcon_core.event_handler.log_command:Invoking command in '/home/user/ros2_px4_offboard_example_ws/src/build/px4_msgs': CMAKE_PREFIX_PATH=${CMAKE_PREFIX_PATH}:/opt/ros/humble /usr/bin/cmake --install /home/user/ros2_px4_offboard_example_ws/src/build/px4_msgs
[194.958s] Level 1:colcon.colcon_core.environment:create_environment_scripts_only(px4_msgs)
[194.959s] DEBUG:colcon.colcon_core.event_handler.log_command:Invoked command in '/home/user/ros2_px4_offboard_example_ws/src/build/px4_msgs' returned '0': CMAKE_PREFIX_PATH=${CMAKE_PREFIX_PATH}:/opt/ros/humble /usr/bin/cmake --install /home/user/ros2_px4_offboard_example_ws/src/build/px4_msgs
[194.988s] Level 1:colcon.colcon_core.environment:checking '/home/user/ros2_px4_offboard_example_ws/src/install/px4_msgs' for CMake module files
[194.989s] Level 1:colcon.colcon_core.environment:checking '/home/user/ros2_px4_offboard_example_ws/src/install/px4_msgs' for CMake config files
[194.993s] Level 1:colcon.colcon_core.shell:create_environment_hook('px4_msgs', 'cmake_prefix_path')
[194.993s] INFO:colcon.colcon_core.shell:Creating environment hook '/home/user/ros2_px4_offboard_example_ws/src/install/px4_msgs/share/px4_msgs/hook/cmake_prefix_path.ps1'
[195.001s] INFO:colcon.colcon_core.shell:Creating environment descriptor '/home/user/ros2_px4_offboard_example_ws/src/install/px4_msgs/share/px4_msgs/hook/cmake_prefix_path.dsv'
[195.015s] INFO:colcon.colcon_core.shell:Creating environment hook '/home/user/ros2_px4_offboard_example_ws/src/install/px4_msgs/share/px4_msgs/hook/cmake_prefix_path.sh'
[195.017s] Level 1:colcon.colcon_core.environment:checking '/home/user/ros2_px4_offboard_example_ws/src/install/px4_msgs/lib'
[195.017s] Level 1:colcon.colcon_core.shell:create_environment_hook('px4_msgs', 'ld_library_path_lib')
[195.017s] INFO:colcon.colcon_core.shell:Creating environment hook '/home/user/ros2_px4_offboard_example_ws/src/install/px4_msgs/share/px4_msgs/hook/ld_library_path_lib.ps1'
[195.017s] INFO:colcon.colcon_core.shell:Creating environment descriptor '/home/user/ros2_px4_offboard_example_ws/src/install/px4_msgs/share/px4_msgs/hook/ld_library_path_lib.dsv'
[195.018s] INFO:colcon.colcon_core.shell:Creating environment hook '/home/user/ros2_px4_offboard_example_ws/src/install/px4_msgs/share/px4_msgs/hook/ld_library_path_lib.sh'
[195.018s] Level 1:colcon.colcon_core.environment:checking '/home/user/ros2_px4_offboard_example_ws/src/install/px4_msgs/bin'
[195.018s] Level 1:colcon.colcon_core.environment:checking '/home/user/ros2_px4_offboard_example_ws/src/install/px4_msgs/lib/pkgconfig/px4_msgs.pc'
[195.018s] Level 1:colcon.colcon_core.environment:checking '/home/user/ros2_px4_offboard_example_ws/src/install/px4_msgs/lib/python3.10/site-packages'
[195.018s] Level 1:colcon.colcon_core.environment:checking '/home/user/ros2_px4_offboard_example_ws/src/install/px4_msgs/bin'
[195.019s] INFO:colcon.colcon_core.shell:Creating package script '/home/user/ros2_px4_offboard_example_ws/src/install/px4_msgs/share/px4_msgs/package.ps1'
[195.019s] INFO:colcon.colcon_core.shell:Creating package descriptor '/home/user/ros2_px4_offboard_example_ws/src/install/px4_msgs/share/px4_msgs/package.dsv'
[195.020s] INFO:colcon.colcon_core.shell:Creating package script '/home/user/ros2_px4_offboard_example_ws/src/install/px4_msgs/share/px4_msgs/package.sh'
[195.021s] INFO:colcon.colcon_core.shell:Creating package script '/home/user/ros2_px4_offboard_example_ws/src/install/px4_msgs/share/px4_msgs/package.bash'
[195.029s] INFO:colcon.colcon_core.shell:Creating package script '/home/user/ros2_px4_offboard_example_ws/src/install/px4_msgs/share/px4_msgs/package.zsh'
[195.042s] Level 1:colcon.colcon_core.environment:create_file_with_runtime_dependencies(/home/user/ros2_px4_offboard_example_ws/src/install/px4_msgs/share/colcon-core/packages/px4_msgs)
[204.517s] Level 1:colcon.colcon_core.environment:create_environment_scripts_only(px4_msgs)
[204.517s] Level 1:colcon.colcon_core.environment:checking '/home/user/ros2_px4_offboard_example_ws/src/install/px4_msgs' for CMake module files
[204.518s] Level 1:colcon.colcon_core.environment:checking '/home/user/ros2_px4_offboard_example_ws/src/install/px4_msgs' for CMake config files
[204.522s] Level 1:colcon.colcon_core.shell:create_environment_hook('px4_msgs', 'cmake_prefix_path')
[204.522s] INFO:colcon.colcon_core.shell:Creating environment hook '/home/user/ros2_px4_offboard_example_ws/src/install/px4_msgs/share/px4_msgs/hook/cmake_prefix_path.ps1'
[204.522s] INFO:colcon.colcon_core.shell:Creating environment descriptor '/home/user/ros2_px4_offboard_example_ws/src/install/px4_msgs/share/px4_msgs/hook/cmake_prefix_path.dsv'
[204.523s] INFO:colcon.colcon_core.shell:Creating environment hook '/home/user/ros2_px4_offboard_example_ws/src/install/px4_msgs/share/px4_msgs/hook/cmake_prefix_path.sh'
[204.523s] Level 1:colcon.colcon_core.environment:checking '/home/user/ros2_px4_offboard_example_ws/src/install/px4_msgs/lib'
[204.523s] Level 1:colcon.colcon_core.shell:create_environment_hook('px4_msgs', 'ld_library_path_lib')
[204.523s] INFO:colcon.colcon_core.shell:Creating environment hook '/home/user/ros2_px4_offboard_example_ws/src/install/px4_msgs/share/px4_msgs/hook/ld_library_path_lib.ps1'
[204.524s] INFO:colcon.colcon_core.shell:Creating environment descriptor '/home/user/ros2_px4_offboard_example_ws/src/install/px4_msgs/share/px4_msgs/hook/ld_library_path_lib.dsv'
[204.524s] INFO:colcon.colcon_core.shell:Creating environment hook '/home/user/ros2_px4_offboard_example_ws/src/install/px4_msgs/share/px4_msgs/hook/ld_library_path_lib.sh'
[204.525s] Level 1:colcon.colcon_core.environment:checking '/home/user/ros2_px4_offboard_example_ws/src/install/px4_msgs/bin'
[204.525s] Level 1:colcon.colcon_core.environment:checking '/home/user/ros2_px4_offboard_example_ws/src/install/px4_msgs/lib/pkgconfig/px4_msgs.pc'
[204.525s] Level 1:colcon.colcon_core.environment:checking '/home/user/ros2_px4_offboard_example_ws/src/install/px4_msgs/lib/python3.10/site-packages'
[204.525s] Level 1:colcon.colcon_core.environment:checking '/home/user/ros2_px4_offboard_example_ws/src/install/px4_msgs/bin'
[204.526s] INFO:colcon.colcon_core.shell:Creating package script '/home/user/ros2_px4_offboard_example_ws/src/install/px4_msgs/share/px4_msgs/package.ps1'
[204.526s] INFO:colcon.colcon_core.shell:Creating package descriptor '/home/user/ros2_px4_offboard_example_ws/src/install/px4_msgs/share/px4_msgs/package.dsv'
[204.527s] INFO:colcon.colcon_core.shell:Creating package script '/home/user/ros2_px4_offboard_example_ws/src/install/px4_msgs/share/px4_msgs/package.sh'
[204.527s] INFO:colcon.colcon_core.shell:Creating package script '/home/user/ros2_px4_offboard_example_ws/src/install/px4_msgs/share/px4_msgs/package.bash'
[204.527s] INFO:colcon.colcon_core.shell:Creating package script '/home/user/ros2_px4_offboard_example_ws/src/install/px4_msgs/share/px4_msgs/package.zsh'
[204.528s] Level 1:colcon.colcon_core.environment:create_file_with_runtime_dependencies(/home/user/ros2_px4_offboard_example_ws/src/install/px4_msgs/share/colcon-core/packages/px4_msgs)
[204.528s] INFO:colcon.colcon_ros.task.ament_python.build:Building ROS package in '/home/user/ros2_px4_offboard_example_ws/src/ROS2_PX4_Offboard_Example/px4_offboard' with build type 'ament_python'
[204.528s] Level 1:colcon.colcon_core.shell:create_environment_hook('px4_offboard', 'ament_prefix_path')
[204.528s] INFO:colcon.colcon_core.shell:Creating environment hook '/home/user/ros2_px4_offboard_example_ws/src/install/px4_offboard/share/px4_offboard/hook/ament_prefix_path.ps1'
[204.529s] INFO:colcon.colcon_core.shell:Creating environment descriptor '/home/user/ros2_px4_offboard_example_ws/src/install/px4_offboard/share/px4_offboard/hook/ament_prefix_path.dsv'
[204.529s] INFO:colcon.colcon_core.shell:Creating environment hook '/home/user/ros2_px4_offboard_example_ws/src/install/px4_offboard/share/px4_offboard/hook/ament_prefix_path.sh'
[204.529s] INFO:colcon.colcon_core.shell:Skip shell extension 'powershell' for command environment: Not usable outside of PowerShell
[204.529s] DEBUG:colcon.colcon_core.shell:Skip shell extension 'dsv' for command environment
[204.899s] INFO:colcon.colcon_core.task.python.build:Building Python package in '/home/user/ros2_px4_offboard_example_ws/src/ROS2_PX4_Offboard_Example/px4_offboard'
[204.899s] INFO:colcon.colcon_core.shell:Skip shell extension 'powershell' for command environment: Not usable outside of PowerShell
[204.899s] DEBUG:colcon.colcon_core.shell:Skip shell extension 'dsv' for command environment
[207.869s] DEBUG:colcon.colcon_core.event_handler.log_command:Invoking command in '/home/user/ros2_px4_offboard_example_ws/src/ROS2_PX4_Offboard_Example/px4_offboard': AMENT_PREFIX_PATH=/home/user/ros2_px4_offboard_example_ws/src/install/px4_msgs:${AMENT_PREFIX_PATH} CMAKE_PREFIX_PATH=/home/user/ros2_px4_offboard_example_ws/src/install/px4_msgs:${CMAKE_PREFIX_PATH} LD_LIBRARY_PATH=/home/user/ros2_px4_offboard_example_ws/src/install/px4_msgs/lib:${LD_LIBRARY_PATH} PYTHONPATH=/home/user/ros2_px4_offboard_example_ws/src/build/px4_offboard/prefix_override:/home/user/ros2_px4_offboard_example_ws/src/install/px4_offboard/lib/python3.10/site-packages:/home/user/ros2_px4_offboard_example_ws/src/install/px4_msgs/local/lib/python3.10/dist-packages:${PYTHONPATH} /usr/bin/python3 -W ignore:setup.py install is deprecated setup.py egg_info --egg-base ../../build/px4_offboard build --build-base /home/user/ros2_px4_offboard_example_ws/src/build/px4_offboard/build install --record /home/user/ros2_px4_offboard_example_ws/src/build/px4_offboard/install.log --single-version-externally-managed install_data
[208.369s] Level 1:colcon.colcon_core.environment:checking '/home/user/ros2_px4_offboard_example_ws/src/install/px4_offboard' for CMake module files
[208.369s] DEBUG:colcon.colcon_core.event_handler.log_command:Invoked command in '/home/user/ros2_px4_offboard_example_ws/src/ROS2_PX4_Offboard_Example/px4_offboard' returned '0': AMENT_PREFIX_PATH=/home/user/ros2_px4_offboard_example_ws/src/install/px4_msgs:${AMENT_PREFIX_PATH} CMAKE_PREFIX_PATH=/home/user/ros2_px4_offboard_example_ws/src/install/px4_msgs:${CMAKE_PREFIX_PATH} LD_LIBRARY_PATH=/home/user/ros2_px4_offboard_example_ws/src/install/px4_msgs/lib:${LD_LIBRARY_PATH} PYTHONPATH=/home/user/ros2_px4_offboard_example_ws/src/build/px4_offboard/prefix_override:/home/user/ros2_px4_offboard_example_ws/src/install/px4_offboard/lib/python3.10/site-packages:/home/user/ros2_px4_offboard_example_ws/src/install/px4_msgs/local/lib/python3.10/dist-packages:${PYTHONPATH} /usr/bin/python3 -W ignore:setup.py install is deprecated setup.py egg_info --egg-base ../../build/px4_offboard build --build-base /home/user/ros2_px4_offboard_example_ws/src/build/px4_offboard/build install --record /home/user/ros2_px4_offboard_example_ws/src/build/px4_offboard/install.log --single-version-externally-managed install_data
[208.370s] Level 1:colcon.colcon_core.environment:checking '/home/user/ros2_px4_offboard_example_ws/src/install/px4_offboard' for CMake config files
[208.370s] Level 1:colcon.colcon_core.environment:checking '/home/user/ros2_px4_offboard_example_ws/src/install/px4_offboard/lib'
[208.370s] Level 1:colcon.colcon_core.environment:checking '/home/user/ros2_px4_offboard_example_ws/src/install/px4_offboard/bin'
[208.370s] Level 1:colcon.colcon_core.environment:checking '/home/user/ros2_px4_offboard_example_ws/src/install/px4_offboard/lib/pkgconfig/px4_offboard.pc'
[208.370s] Level 1:colcon.colcon_core.environment:checking '/home/user/ros2_px4_offboard_example_ws/src/install/px4_offboard/lib/python3.10/site-packages'
[208.371s] Level 1:colcon.colcon_core.shell:create_environment_hook('px4_offboard', 'pythonpath')
[208.371s] INFO:colcon.colcon_core.shell:Creating environment hook '/home/user/ros2_px4_offboard_example_ws/src/install/px4_offboard/share/px4_offboard/hook/pythonpath.ps1'
[208.371s] INFO:colcon.colcon_core.shell:Creating environment descriptor '/home/user/ros2_px4_offboard_example_ws/src/install/px4_offboard/share/px4_offboard/hook/pythonpath.dsv'
[208.371s] INFO:colcon.colcon_core.shell:Creating environment hook '/home/user/ros2_px4_offboard_example_ws/src/install/px4_offboard/share/px4_offboard/hook/pythonpath.sh'
[208.372s] Level 1:colcon.colcon_core.environment:checking '/home/user/ros2_px4_offboard_example_ws/src/install/px4_offboard/bin'
[208.372s] Level 1:colcon.colcon_core.environment:create_environment_scripts_only(px4_offboard)
[208.372s] INFO:colcon.colcon_core.shell:Creating package script '/home/user/ros2_px4_offboard_example_ws/src/install/px4_offboard/share/px4_offboard/package.ps1'
[208.372s] INFO:colcon.colcon_core.shell:Creating package descriptor '/home/user/ros2_px4_offboard_example_ws/src/install/px4_offboard/share/px4_offboard/package.dsv'
[208.372s] INFO:colcon.colcon_core.shell:Creating package script '/home/user/ros2_px4_offboard_example_ws/src/install/px4_offboard/share/px4_offboard/package.sh'
[208.373s] INFO:colcon.colcon_core.shell:Creating package script '/home/user/ros2_px4_offboard_example_ws/src/install/px4_offboard/share/px4_offboard/package.bash'
[208.373s] INFO:colcon.colcon_core.shell:Creating package script '/home/user/ros2_px4_offboard_example_ws/src/install/px4_offboard/share/px4_offboard/package.zsh'
[208.373s] Level 1:colcon.colcon_core.environment:create_file_with_runtime_dependencies(/home/user/ros2_px4_offboard_example_ws/src/install/px4_offboard/share/colcon-core/packages/px4_offboard)
[208.373s] DEBUG:colcon.colcon_parallel_executor.executor.parallel:closing loop
[208.374s] DEBUG:colcon.colcon_parallel_executor.executor.parallel:loop closed
[208.374s] DEBUG:colcon.colcon_parallel_executor.executor.parallel:run_until_complete finished with '0'
[208.374s] DEBUG:colcon.colcon_core.event_reactor:joining thread
[208.438s] INFO:colcon.colcon_core.plugin_system:Skipping extension 'colcon_notification.desktop_notification.terminal_notifier': Not used on non-Darwin systems
[208.438s] INFO:colcon.colcon_core.plugin_system:Skipping extension 'colcon_notification.desktop_notification.win32': Not used on non-Windows systems
[208.438s] INFO:colcon.colcon_notification.desktop_notification:Sending desktop notification using 'notify2'
[208.447s] DEBUG:colcon.colcon_core.event_reactor:joined thread
[208.448s] INFO:colcon.colcon_core.shell:Creating prefix script '/home/user/ros2_px4_offboard_example_ws/src/install/local_setup.ps1'
[208.457s] INFO:colcon.colcon_core.shell:Creating prefix util module '/home/user/ros2_px4_offboard_example_ws/src/install/_local_setup_util_ps1.py'
[208.472s] INFO:colcon.colcon_core.shell:Creating prefix chain script '/home/user/ros2_px4_offboard_example_ws/src/install/setup.ps1'
[208.473s] INFO:colcon.colcon_core.shell:Creating prefix script '/home/user/ros2_px4_offboard_example_ws/src/install/local_setup.sh'
[208.475s] INFO:colcon.colcon_core.shell:Creating prefix util module '/home/user/ros2_px4_offboard_example_ws/src/install/_local_setup_util_sh.py'
[208.475s] INFO:colcon.colcon_core.shell:Creating prefix chain script '/home/user/ros2_px4_offboard_example_ws/src/install/setup.sh'
[208.476s] INFO:colcon.colcon_core.shell:Creating prefix script '/home/user/ros2_px4_offboard_example_ws/src/install/local_setup.bash'
[208.484s] INFO:colcon.colcon_core.shell:Creating prefix chain script '/home/user/ros2_px4_offboard_example_ws/src/install/setup.bash'
[208.486s] INFO:colcon.colcon_core.shell:Creating prefix script '/home/user/ros2_px4_offboard_example_ws/src/install/local_setup.zsh'
[208.497s] INFO:colcon.colcon_core.shell:Creating prefix chain script '/home/user/ros2_px4_offboard_example_ws/src/install/setup.zsh'
