[0.262s] Invoking command in '/home/inlab22/Documents/automated_planogram_compliance/build/my_robot_description': CMAKE_PREFIX_PATH=/opt/ros/humble PS1=(.venv) \[\e]0;\u@\h: \w\a\]${debian_chroot:+($debian_chroot)}\[\033[01;32m\]\u@\h\[\033[00m\]:\[\033[01;34m\]\w\[\033[00m\]\$ VIRTUAL_ENV_PROMPT=(.venv) /usr/bin/cmake /home/inlab22/Documents/automated_planogram_compliance/simulations/ros2_ws/src/my_robot_description -DCMAKE_INSTALL_PREFIX=/home/inlab22/Documents/automated_planogram_compliance/install/my_robot_description
[0.337s] -- The C compiler identification is GNU 11.4.0
[0.387s] -- The CXX compiler identification is GNU 11.4.0
[0.395s] -- Detecting C compiler ABI info
[0.458s] -- Detecting C compiler ABI info - done
[0.468s] -- Check for working C compiler: /usr/bin/cc - skipped
[0.468s] -- Detecting C compile features
[0.468s] -- Detecting C compile features - done
[0.471s] -- Detecting CXX compiler ABI info
[0.542s] -- Detecting CXX compiler ABI info - done
[0.556s] -- Check for working CXX compiler: /usr/bin/c++ - skipped
[0.556s] -- Detecting CXX compile features
[0.557s] -- Detecting CXX compile features - done
[0.560s] -- Found ament_cmake: 1.3.9 (/opt/ros/humble/share/ament_cmake/cmake)
[0.890s] -- Found Python3: /home/inlab22/Documents/automated_planogram_compliance/.venv/bin/python3 (found version "3.10.12") found components: Interpreter 
[1.118s] -- Found ament_lint_auto: 0.12.11 (/opt/ros/humble/share/ament_lint_auto/cmake)
[2.108s] -- Added test 'lint_cmake' to check CMake code style
[2.110s] -- Added test 'xmllint' to check XML markup files
[2.146s] -- Configuring done
[2.149s] -- Generating done
[2.150s] -- Build files have been written to: /home/inlab22/Documents/automated_planogram_compliance/build/my_robot_description
[2.155s] Invoked command in '/home/inlab22/Documents/automated_planogram_compliance/build/my_robot_description' returned '0': CMAKE_PREFIX_PATH=/opt/ros/humble PS1=(.venv) \[\e]0;\u@\h: \w\a\]${debian_chroot:+($debian_chroot)}\[\033[01;32m\]\u@\h\[\033[00m\]:\[\033[01;34m\]\w\[\033[00m\]\$ VIRTUAL_ENV_PROMPT=(.venv) /usr/bin/cmake /home/inlab22/Documents/automated_planogram_compliance/simulations/ros2_ws/src/my_robot_description -DCMAKE_INSTALL_PREFIX=/home/inlab22/Documents/automated_planogram_compliance/install/my_robot_description
[2.156s] Invoking command in '/home/inlab22/Documents/automated_planogram_compliance/build/my_robot_description': CMAKE_PREFIX_PATH=/opt/ros/humble PS1=(.venv) \[\e]0;\u@\h: \w\a\]${debian_chroot:+($debian_chroot)}\[\033[01;32m\]\u@\h\[\033[00m\]:\[\033[01;34m\]\w\[\033[00m\]\$ VIRTUAL_ENV_PROMPT=(.venv) /usr/bin/cmake --build /home/inlab22/Documents/automated_planogram_compliance/build/my_robot_description -- -j12 -l12
[2.189s] Invoked command in '/home/inlab22/Documents/automated_planogram_compliance/build/my_robot_description' returned '0': CMAKE_PREFIX_PATH=/opt/ros/humble PS1=(.venv) \[\e]0;\u@\h: \w\a\]${debian_chroot:+($debian_chroot)}\[\033[01;32m\]\u@\h\[\033[00m\]:\[\033[01;34m\]\w\[\033[00m\]\$ VIRTUAL_ENV_PROMPT=(.venv) /usr/bin/cmake --build /home/inlab22/Documents/automated_planogram_compliance/build/my_robot_description -- -j12 -l12
[2.216s] Invoking command in '/home/inlab22/Documents/automated_planogram_compliance/build/my_robot_description': CMAKE_PREFIX_PATH=/opt/ros/humble PS1=(.venv) \[\e]0;\u@\h: \w\a\]${debian_chroot:+($debian_chroot)}\[\033[01;32m\]\u@\h\[\033[00m\]:\[\033[01;34m\]\w\[\033[00m\]\$ VIRTUAL_ENV_PROMPT=(.venv) /usr/bin/cmake --install /home/inlab22/Documents/automated_planogram_compliance/build/my_robot_description
[2.223s] -- Install configuration: ""
[2.223s] -- Installing: /home/inlab22/Documents/automated_planogram_compliance/install/my_robot_description/share/my_robot_description//urdf
[2.223s] -- Installing: /home/inlab22/Documents/automated_planogram_compliance/install/my_robot_description/share/my_robot_description//urdf/my_robot.urdf
[2.257s] -- Installing: /home/inlab22/Documents/automated_planogram_compliance/install/my_robot_description/share/my_robot_description//launch
[2.257s] -- Installing: /home/inlab22/Documents/automated_planogram_compliance/install/my_robot_description/share/my_robot_description//launch/sensor_launch.gzlaunch
[2.278s] -- Installing: /home/inlab22/Documents/automated_planogram_compliance/install/my_robot_description/share/my_robot_description//launch/display.launch.xml
[2.300s] -- Installing: /home/inlab22/Documents/automated_planogram_compliance/install/my_robot_description/share/my_robot_description//rviz
[2.300s] -- Installing: /home/inlab22/Documents/automated_planogram_compliance/install/my_robot_description/share/my_robot_description//rviz/urdf_config.rviz
[2.400s] -- Installing: /home/inlab22/Documents/automated_planogram_compliance/install/my_robot_description/share/my_robot_description//sdf
[2.401s] -- Installing: /home/inlab22/Documents/automated_planogram_compliance/install/my_robot_description/share/my_robot_description//sdf/beer.sdf
[2.401s] -- Installing: /home/inlab22/Documents/automated_planogram_compliance/install/my_robot_description/share/my_robot_description//sdf/drone.sdf
[2.534s] -- Installing: /home/inlab22/Documents/automated_planogram_compliance/install/my_robot_description/share/my_robot_description//sdf/robot_build.sdf
[2.656s] -- Installing: /home/inlab22/Documents/automated_planogram_compliance/install/my_robot_description/share/my_robot_description//sdf/world.sdf
[2.657s] -- Installing: /home/inlab22/Documents/automated_planogram_compliance/install/my_robot_description/share/ament_index/resource_index/package_run_dependencies/my_robot_description
[2.657s] -- Installing: /home/inlab22/Documents/automated_planogram_compliance/install/my_robot_description/share/ament_index/resource_index/parent_prefix_path/my_robot_description
[2.657s] -- Installing: /home/inlab22/Documents/automated_planogram_compliance/install/my_robot_description/share/my_robot_description/environment/ament_prefix_path.sh
[2.657s] -- Installing: /home/inlab22/Documents/automated_planogram_compliance/install/my_robot_description/share/my_robot_description/environment/ament_prefix_path.dsv
[2.657s] -- Installing: /home/inlab22/Documents/automated_planogram_compliance/install/my_robot_description/share/my_robot_description/environment/path.sh
[2.658s] -- Installing: /home/inlab22/Documents/automated_planogram_compliance/install/my_robot_description/share/my_robot_description/environment/path.dsv
[2.658s] -- Installing: /home/inlab22/Documents/automated_planogram_compliance/install/my_robot_description/share/my_robot_description/local_setup.bash
[2.658s] -- Installing: /home/inlab22/Documents/automated_planogram_compliance/install/my_robot_description/share/my_robot_description/local_setup.sh
[2.658s] -- Installing: /home/inlab22/Documents/automated_planogram_compliance/install/my_robot_description/share/my_robot_description/local_setup.zsh
[2.658s] -- Installing: /home/inlab22/Documents/automated_planogram_compliance/install/my_robot_description/share/my_robot_description/local_setup.dsv
[2.658s] -- Installing: /home/inlab22/Documents/automated_planogram_compliance/install/my_robot_description/share/my_robot_description/package.dsv
[2.658s] -- Installing: /home/inlab22/Documents/automated_planogram_compliance/install/my_robot_description/share/ament_index/resource_index/packages/my_robot_description
[2.659s] -- Installing: /home/inlab22/Documents/automated_planogram_compliance/install/my_robot_description/share/my_robot_description/cmake/my_robot_descriptionConfig.cmake
[2.659s] -- Installing: /home/inlab22/Documents/automated_planogram_compliance/install/my_robot_description/share/my_robot_description/cmake/my_robot_descriptionConfig-version.cmake
[2.659s] -- Installing: /home/inlab22/Documents/automated_planogram_compliance/install/my_robot_description/share/my_robot_description/package.xml
[2.661s] Invoked command in '/home/inlab22/Documents/automated_planogram_compliance/build/my_robot_description' returned '0': CMAKE_PREFIX_PATH=/opt/ros/humble PS1=(.venv) \[\e]0;\u@\h: \w\a\]${debian_chroot:+($debian_chroot)}\[\033[01;32m\]\u@\h\[\033[00m\]:\[\033[01;34m\]\w\[\033[00m\]\$ VIRTUAL_ENV_PROMPT=(.venv) /usr/bin/cmake --install /home/inlab22/Documents/automated_planogram_compliance/build/my_robot_description
