[0.008s] Invoking command in '/home/user/ws_sensor_combined/build/px4_ros_com': AMENT_PREFIX_PATH=/home/user/ws_sensor_combined/install/px4_msgs:${AMENT_PREFIX_PATH} CMAKE_PREFIX_PATH=/home/user/ws_sensor_combined/install/px4_msgs:/home/user/ros2_ws/install/my_robot_description:/opt/ros/humble LD_LIBRARY_PATH=/home/user/ws_sensor_combined/install/px4_msgs/lib:${LD_LIBRARY_PATH} PYTHONPATH=/home/user/ws_sensor_combined/install/px4_msgs/local/lib/python3.10/dist-packages:${PYTHONPATH} /usr/bin/cmake /home/user/ws_sensor_combined/src/px4_ros_com -DCMAKE_INSTALL_PREFIX=/home/user/ws_sensor_combined/install/px4_ros_com
[0.107s] -- The C compiler identification is GNU 11.4.0
[0.193s] -- The CXX compiler identification is GNU 11.4.0
[0.205s] -- Detecting C compiler ABI info
[0.316s] -- Detecting C compiler ABI info - done
[0.332s] -- Check for working C compiler: /usr/bin/cc - skipped
[0.332s] -- Detecting C compile features
[0.333s] -- Detecting C compile features - done
[0.337s] -- Detecting CXX compiler ABI info
[0.457s] -- Detecting CXX compiler ABI info - done
[0.468s] -- Check for working CXX compiler: /usr/bin/c++ - skipped
[0.469s] -- Detecting CXX compile features
[0.470s] -- Detecting CXX compile features - done
[0.474s] -- Found ament_cmake: 1.3.9 (/opt/ros/humble/share/ament_cmake/cmake)
[1.100s] -- Found Python3: /usr/bin/python3 (found version "3.10.12") found components: Interpreter 
[1.218s] -- Found builtin_interfaces: 1.2.1 (/opt/ros/humble/share/builtin_interfaces/cmake)
[1.282s] -- Found rosidl_generator_c: 3.1.5 (/opt/ros/humble/share/rosidl_generator_c/cmake)
[1.287s] -- Found rosidl_adapter: 3.1.5 (/opt/ros/humble/share/rosidl_adapter/cmake)
[1.298s] -- Found rosidl_generator_cpp: 3.1.5 (/opt/ros/humble/share/rosidl_generator_cpp/cmake)
[1.318s] -- Using all available rosidl_typesupport_c: rosidl_typesupport_fastrtps_c;rosidl_typesupport_introspection_c
[1.345s] -- Using all available rosidl_typesupport_cpp: rosidl_typesupport_fastrtps_cpp;rosidl_typesupport_introspection_cpp
[1.392s] -- Found eigen3_cmake_module: 0.1.1 (/opt/ros/humble/share/eigen3_cmake_module/cmake)
[1.470s] -- Found Eigen3: TRUE (found version "3.4.0") 
[1.493s] -- Found geometry_msgs: 4.2.3 (/opt/ros/humble/share/geometry_msgs/cmake)
[1.679s] -- Found px4_msgs: 2.0.1 (/home/user/ws_sensor_combined/install/px4_msgs/share/px4_msgs/cmake)
[1.752s] -- Found rclcpp: 16.0.9 (/opt/ros/humble/share/rclcpp/cmake)
[1.986s] -- Found rmw_implementation_cmake: 6.1.2 (/opt/ros/humble/share/rmw_implementation_cmake/cmake)
[2.004s] -- Found rmw_fastrtps_cpp: 6.2.6 (/opt/ros/humble/share/rmw_fastrtps_cpp/cmake)
[2.296s] -- Found OpenSSL: /usr/lib/x86_64-linux-gnu/libcrypto.so (found version "3.0.2")  
[2.345s] -- Found FastRTPS: /opt/ros/humble/include  
[2.428s] -- Using RMW implementation 'rmw_fastrtps_cpp' as default
[2.490s] -- Looking for pthread.h
[2.587s] -- Looking for pthread.h - found
[2.588s] -- Performing Test CMAKE_HAVE_LIBC_PTHREAD
[2.695s] -- Performing Test CMAKE_HAVE_LIBC_PTHREAD - Success
[2.697s] -- Found Threads: TRUE  
[3.030s] -- Found sensor_msgs: 4.2.3 (/opt/ros/humble/share/sensor_msgs/cmake)
[3.204s] -- Found rclpy: 3.3.13 (/opt/ros/humble/share/rclpy/cmake)
[3.228s] -- Found ament_lint_auto: 0.12.11 (/opt/ros/humble/share/ament_lint_auto/cmake)
[3.423s] -- Added test 'copyright' to check source files copyright and LICENSE
[3.431s] -- Added test 'cppcheck' to perform static code analysis on C / C++ code
[3.432s] -- Configured cppcheck include dirs: /home/user/ws_sensor_combined/src/px4_ros_com/include;$<BUILD_INTERFACE:/home/user/ws_sensor_combined/src/px4_ros_com/include/px4_ros_com>
[3.432s] -- Configured cppcheck exclude dirs and/or files: 
[3.447s] -- Added test 'cpplint' to check C / C++ code against the Google style
[3.447s] -- Configured cpplint exclude dirs and/or files: 
[3.451s] -- Added test 'flake8' to check Python code syntax and style conventions
[3.455s] -- Added test 'lint_cmake' to check CMake code style
[3.464s] -- Added test 'pep257' to check Python code against some of the docstring style conventions in PEP 257
[3.475s] -- Added test 'uncrustify' to check C / C++ code style
[3.475s] -- Configured uncrustify additional arguments: 
[3.477s] -- Added test 'xmllint' to check XML markup files
[3.480s] -- Configuring done
[3.546s] -- Generating done
[3.552s] -- Build files have been written to: /home/user/ws_sensor_combined/build/px4_ros_com
[3.569s] Invoked command in '/home/user/ws_sensor_combined/build/px4_ros_com' returned '0': AMENT_PREFIX_PATH=/home/user/ws_sensor_combined/install/px4_msgs:${AMENT_PREFIX_PATH} CMAKE_PREFIX_PATH=/home/user/ws_sensor_combined/install/px4_msgs:/home/user/ros2_ws/install/my_robot_description:/opt/ros/humble LD_LIBRARY_PATH=/home/user/ws_sensor_combined/install/px4_msgs/lib:${LD_LIBRARY_PATH} PYTHONPATH=/home/user/ws_sensor_combined/install/px4_msgs/local/lib/python3.10/dist-packages:${PYTHONPATH} /usr/bin/cmake /home/user/ws_sensor_combined/src/px4_ros_com -DCMAKE_INSTALL_PREFIX=/home/user/ws_sensor_combined/install/px4_ros_com
[3.570s] Invoking command in '/home/user/ws_sensor_combined/build/px4_ros_com': AMENT_PREFIX_PATH=/home/user/ws_sensor_combined/install/px4_msgs:${AMENT_PREFIX_PATH} CMAKE_PREFIX_PATH=/home/user/ws_sensor_combined/install/px4_msgs:/home/user/ros2_ws/install/my_robot_description:/opt/ros/humble LD_LIBRARY_PATH=/home/user/ws_sensor_combined/install/px4_msgs/lib:${LD_LIBRARY_PATH} PYTHONPATH=/home/user/ws_sensor_combined/install/px4_msgs/local/lib/python3.10/dist-packages:${PYTHONPATH} /usr/bin/cmake --build /home/user/ws_sensor_combined/build/px4_ros_com -- -j12 -l12
[3.662s] [ 16%] [32mBuilding CXX object CMakeFiles/sensor_combined_listener.dir/src/examples/listeners/sensor_combined_listener.cpp.o[0m
[3.662s] [ 25%] [32mBuilding CXX object CMakeFiles/offboard_control_srv.dir/src/examples/offboard/offboard_control_srv.cpp.o[0m
[3.663s] [ 25%] [32mBuilding CXX object CMakeFiles/vehicle_gps_position_listener.dir/src/examples/listeners/vehicle_gps_position_listener.cpp.o[0m
[3.664s] [ 33%] [32mBuilding CXX object CMakeFiles/debug_vect_advertiser.dir/src/examples/advertisers/debug_vect_advertiser.cpp.o[0m
[3.664s] [ 41%] [32mBuilding CXX object CMakeFiles/offboard_control.dir/src/examples/offboard/offboard_control.cpp.o[0m
[3.666s] [ 50%] [32mBuilding CXX object CMakeFiles/frame_transforms.dir/src/lib/frame_transforms.cpp.o[0m
[3.681s] [ 50%] Built target ament_cmake_python_copy_px4_ros_com
[4.114s] running egg_info
[4.116s] creating px4_ros_com.egg-info
[4.146s] writing px4_ros_com.egg-info/PKG-INFO
[4.147s] writing dependency_links to px4_ros_com.egg-info/dependency_links.txt
[4.148s] writing top-level names to px4_ros_com.egg-info/top_level.txt
[4.148s] writing manifest file 'px4_ros_com.egg-info/SOURCES.txt'
[4.239s] reading manifest file 'px4_ros_com.egg-info/SOURCES.txt'
[4.240s] writing manifest file 'px4_ros_com.egg-info/SOURCES.txt'
[4.299s] [ 50%] Built target ament_cmake_python_build_px4_ros_com_egg
[18.947s] [ 58%] [32m[1mLinking CXX executable debug_vect_advertiser[0m
[21.034s] [ 66%] [32m[1mLinking CXX executable offboard_control[0m
[21.094s] [ 66%] Built target debug_vect_advertiser
[21.970s] [ 66%] Built target offboard_control
[22.951s] [ 75%] [32m[1mLinking CXX executable offboard_control_srv[0m
[23.716s] [ 75%] Built target offboard_control_srv
[25.229s] [ 83%] [32m[1mLinking CXX shared library libframe_transforms.so[0m
[26.226s] [ 83%] Built target frame_transforms
[27.785s] [ 91%] [32m[1mLinking CXX executable sensor_combined_listener[0m
[27.846s] [100%] [32m[1mLinking CXX executable vehicle_gps_position_listener[0m
[28.798s] [100%] Built target sensor_combined_listener
[28.884s] [100%] Built target vehicle_gps_position_listener
[28.897s] Invoked command in '/home/user/ws_sensor_combined/build/px4_ros_com' returned '0': AMENT_PREFIX_PATH=/home/user/ws_sensor_combined/install/px4_msgs:${AMENT_PREFIX_PATH} CMAKE_PREFIX_PATH=/home/user/ws_sensor_combined/install/px4_msgs:/home/user/ros2_ws/install/my_robot_description:/opt/ros/humble LD_LIBRARY_PATH=/home/user/ws_sensor_combined/install/px4_msgs/lib:${LD_LIBRARY_PATH} PYTHONPATH=/home/user/ws_sensor_combined/install/px4_msgs/local/lib/python3.10/dist-packages:${PYTHONPATH} /usr/bin/cmake --build /home/user/ws_sensor_combined/build/px4_ros_com -- -j12 -l12
[28.970s] Invoking command in '/home/user/ws_sensor_combined/build/px4_ros_com': AMENT_PREFIX_PATH=/home/user/ws_sensor_combined/install/px4_msgs:${AMENT_PREFIX_PATH} CMAKE_PREFIX_PATH=/home/user/ws_sensor_combined/install/px4_msgs:/home/user/ros2_ws/install/my_robot_description:/opt/ros/humble LD_LIBRARY_PATH=/home/user/ws_sensor_combined/install/px4_msgs/lib:${LD_LIBRARY_PATH} PYTHONPATH=/home/user/ws_sensor_combined/install/px4_msgs/local/lib/python3.10/dist-packages:${PYTHONPATH} /usr/bin/cmake --install /home/user/ws_sensor_combined/build/px4_ros_com
[28.986s] -- Install configuration: ""
[28.987s] -- Installing: /home/user/ws_sensor_combined/install/px4_ros_com/lib/px4_ros_com/sensor_combined_listener
[28.993s] -- Set runtime path of "/home/user/ws_sensor_combined/install/px4_ros_com/lib/px4_ros_com/sensor_combined_listener" to ""
[28.993s] -- Installing: /home/user/ws_sensor_combined/install/px4_ros_com/lib/px4_ros_com/vehicle_gps_position_listener
[28.998s] -- Set runtime path of "/home/user/ws_sensor_combined/install/px4_ros_com/lib/px4_ros_com/vehicle_gps_position_listener" to ""
[28.998s] -- Installing: /home/user/ws_sensor_combined/install/px4_ros_com/lib/px4_ros_com/debug_vect_advertiser
[29.000s] -- Set runtime path of "/home/user/ws_sensor_combined/install/px4_ros_com/lib/px4_ros_com/debug_vect_advertiser" to ""
[29.001s] -- Installing: /home/user/ws_sensor_combined/install/px4_ros_com/lib/px4_ros_com/offboard_control
[29.004s] -- Set runtime path of "/home/user/ws_sensor_combined/install/px4_ros_com/lib/px4_ros_com/offboard_control" to ""
[29.004s] -- Installing: /home/user/ws_sensor_combined/install/px4_ros_com/lib/px4_ros_com/offboard_control_srv
[29.007s] -- Set runtime path of "/home/user/ws_sensor_combined/install/px4_ros_com/lib/px4_ros_com/offboard_control_srv" to ""
[29.008s] -- Installing: /home/user/ws_sensor_combined/install/px4_ros_com/share/px4_ros_com/environment/library_path.sh
[29.008s] -- Installing: /home/user/ws_sensor_combined/install/px4_ros_com/share/px4_ros_com/environment/library_path.dsv
[29.008s] -- Installing: /home/user/ws_sensor_combined/install/px4_ros_com/include/px4_ros_com
[29.023s] -- Installing: /home/user/ws_sensor_combined/install/px4_ros_com/include/px4_ros_com/frame_transforms.h
[29.032s] -- Installing: /home/user/ws_sensor_combined/install/px4_ros_com/lib/libframe_transforms.so
[29.039s] -- Set runtime path of "/home/user/ws_sensor_combined/install/px4_ros_com/lib/libframe_transforms.so" to ""
[29.039s] -- Installing: /home/user/ws_sensor_combined/install/px4_ros_com/share/px4_ros_com//launch
[29.039s] -- Installing: /home/user/ws_sensor_combined/install/px4_ros_com/share/px4_ros_com//launch/offboard_control_launch.yaml
[29.040s] -- Installing: /home/user/ws_sensor_combined/install/px4_ros_com/share/px4_ros_com//launch/sensor_combined_listener.launch.py
[29.040s] -- Installing: /home/user/ws_sensor_combined/install/px4_ros_com/share/px4_ros_com//test
[29.040s] -- Installing: /home/user/ws_sensor_combined/install/px4_ros_com/share/px4_ros_com//test/pipeline_io_test.py
[29.040s] -- Installing: /home/user/ws_sensor_combined/install/px4_ros_com/share/px4_ros_com//test/test_output.py
[29.040s] -- Installing: /home/user/ws_sensor_combined/install/px4_ros_com/share/px4_ros_com//test/test_input.py
[29.041s] -- Installing: /home/user/ws_sensor_combined/install/px4_ros_com/share/px4_ros_com//test/__init__.py
[29.041s] -- Installing: /home/user/ws_sensor_combined/install/px4_ros_com/share/px4_ros_com/environment/pythonpath.sh
[29.041s] -- Installing: /home/user/ws_sensor_combined/install/px4_ros_com/share/px4_ros_com/environment/pythonpath.dsv
[29.041s] -- Installing: /home/user/ws_sensor_combined/install/px4_ros_com/local/lib/python3.10/dist-packages/px4_ros_com-0.1.0-py3.10.egg-info
[29.042s] -- Installing: /home/user/ws_sensor_combined/install/px4_ros_com/local/lib/python3.10/dist-packages/px4_ros_com-0.1.0-py3.10.egg-info/SOURCES.txt
[29.042s] -- Installing: /home/user/ws_sensor_combined/install/px4_ros_com/local/lib/python3.10/dist-packages/px4_ros_com-0.1.0-py3.10.egg-info/dependency_links.txt
[29.042s] -- Installing: /home/user/ws_sensor_combined/install/px4_ros_com/local/lib/python3.10/dist-packages/px4_ros_com-0.1.0-py3.10.egg-info/top_level.txt
[29.042s] -- Installing: /home/user/ws_sensor_combined/install/px4_ros_com/local/lib/python3.10/dist-packages/px4_ros_com-0.1.0-py3.10.egg-info/PKG-INFO
[29.042s] -- Installing: /home/user/ws_sensor_combined/install/px4_ros_com/local/lib/python3.10/dist-packages/px4_ros_com
[29.042s] -- Installing: /home/user/ws_sensor_combined/install/px4_ros_com/local/lib/python3.10/dist-packages/px4_ros_com/module_to_import.py
[29.043s] -- Installing: /home/user/ws_sensor_combined/install/px4_ros_com/local/lib/python3.10/dist-packages/px4_ros_com/__init__.py
[29.160s] Listing '/home/user/ws_sensor_combined/install/px4_ros_com/local/lib/python3.10/dist-packages/px4_ros_com'...
[29.160s] Compiling '/home/user/ws_sensor_combined/install/px4_ros_com/local/lib/python3.10/dist-packages/px4_ros_com/__init__.py'...
[29.160s] Compiling '/home/user/ws_sensor_combined/install/px4_ros_com/local/lib/python3.10/dist-packages/px4_ros_com/module_to_import.py'...
[29.167s] -- Installing: /home/user/ws_sensor_combined/install/px4_ros_com/lib/px4_ros_com/offboard_control.py
[29.168s] -- Installing: /home/user/ws_sensor_combined/install/px4_ros_com/share/ament_index/resource_index/package_run_dependencies/px4_ros_com
[29.168s] -- Installing: /home/user/ws_sensor_combined/install/px4_ros_com/share/ament_index/resource_index/parent_prefix_path/px4_ros_com
[29.168s] -- Installing: /home/user/ws_sensor_combined/install/px4_ros_com/share/px4_ros_com/environment/ament_prefix_path.sh
[29.168s] -- Installing: /home/user/ws_sensor_combined/install/px4_ros_com/share/px4_ros_com/environment/ament_prefix_path.dsv
[29.169s] -- Installing: /home/user/ws_sensor_combined/install/px4_ros_com/share/px4_ros_com/environment/path.sh
[29.169s] -- Installing: /home/user/ws_sensor_combined/install/px4_ros_com/share/px4_ros_com/environment/path.dsv
[29.169s] -- Installing: /home/user/ws_sensor_combined/install/px4_ros_com/share/px4_ros_com/local_setup.bash
[29.169s] -- Installing: /home/user/ws_sensor_combined/install/px4_ros_com/share/px4_ros_com/local_setup.sh
[29.169s] -- Installing: /home/user/ws_sensor_combined/install/px4_ros_com/share/px4_ros_com/local_setup.zsh
[29.169s] -- Installing: /home/user/ws_sensor_combined/install/px4_ros_com/share/px4_ros_com/local_setup.dsv
[29.169s] -- Installing: /home/user/ws_sensor_combined/install/px4_ros_com/share/px4_ros_com/package.dsv
[29.169s] -- Installing: /home/user/ws_sensor_combined/install/px4_ros_com/share/ament_index/resource_index/packages/px4_ros_com
[29.170s] -- Installing: /home/user/ws_sensor_combined/install/px4_ros_com/share/px4_ros_com/cmake/export_frame_transformsExport.cmake
[29.170s] -- Installing: /home/user/ws_sensor_combined/install/px4_ros_com/share/px4_ros_com/cmake/export_frame_transformsExport-noconfig.cmake
[29.170s] -- Installing: /home/user/ws_sensor_combined/install/px4_ros_com/share/px4_ros_com/cmake/ament_cmake_export_dependencies-extras.cmake
[29.170s] -- Installing: /home/user/ws_sensor_combined/install/px4_ros_com/share/px4_ros_com/cmake/ament_cmake_export_targets-extras.cmake
[29.170s] -- Installing: /home/user/ws_sensor_combined/install/px4_ros_com/share/px4_ros_com/cmake/ament_cmake_export_include_directories-extras.cmake
[29.170s] -- Installing: /home/user/ws_sensor_combined/install/px4_ros_com/share/px4_ros_com/cmake/ament_cmake_export_libraries-extras.cmake
[29.171s] -- Installing: /home/user/ws_sensor_combined/install/px4_ros_com/share/px4_ros_com/cmake/px4_ros_comConfig.cmake
[29.171s] -- Installing: /home/user/ws_sensor_combined/install/px4_ros_com/share/px4_ros_com/cmake/px4_ros_comConfig-version.cmake
[29.171s] -- Installing: /home/user/ws_sensor_combined/install/px4_ros_com/share/px4_ros_com/package.xml
[29.174s] Invoked command in '/home/user/ws_sensor_combined/build/px4_ros_com' returned '0': AMENT_PREFIX_PATH=/home/user/ws_sensor_combined/install/px4_msgs:${AMENT_PREFIX_PATH} CMAKE_PREFIX_PATH=/home/user/ws_sensor_combined/install/px4_msgs:/home/user/ros2_ws/install/my_robot_description:/opt/ros/humble LD_LIBRARY_PATH=/home/user/ws_sensor_combined/install/px4_msgs/lib:${LD_LIBRARY_PATH} PYTHONPATH=/home/user/ws_sensor_combined/install/px4_msgs/local/lib/python3.10/dist-packages:${PYTHONPATH} /usr/bin/cmake --install /home/user/ws_sensor_combined/build/px4_ros_com
