[0.009s] Invoking command in '/home/user/ros2_ws/build/my_robot_description': CMAKE_PREFIX_PATH=/opt/ros/humble /usr/bin/cmake /home/user/ros2_ws/src/my_robot_description -DCMAKE_INSTALL_PREFIX=/home/user/ros2_ws/install/my_robot_description
[0.018s] -- Found ament_cmake: 1.3.9 (/opt/ros/humble/share/ament_cmake/cmake)
[0.109s] -- Override CMake install command with custom implementation using symlinks instead of copying resources
[0.115s] -- Found ament_lint_auto: 0.12.11 (/opt/ros/humble/share/ament_lint_auto/cmake)
[0.170s] -- Added test 'lint_cmake' to check CMake code style
[0.171s] -- Added test 'xmllint' to check XML markup files
[0.171s] -- Configuring done
[0.174s] -- Generating done
[0.174s] -- Build files have been written to: /home/user/ros2_ws/build/my_robot_description
[0.177s] Invoked command in '/home/user/ros2_ws/build/my_robot_description' returned '0': CMAKE_PREFIX_PATH=/opt/ros/humble /usr/bin/cmake /home/user/ros2_ws/src/my_robot_description -DCMAKE_INSTALL_PREFIX=/home/user/ros2_ws/install/my_robot_description
[0.178s] Invoking command in '/home/user/ros2_ws/build/my_robot_description': CMAKE_PREFIX_PATH=/opt/ros/humble /usr/bin/cmake --build /home/user/ros2_ws/build/my_robot_description -- -j12 -l12
[0.207s] Invoked command in '/home/user/ros2_ws/build/my_robot_description' returned '0': CMAKE_PREFIX_PATH=/opt/ros/humble /usr/bin/cmake --build /home/user/ros2_ws/build/my_robot_description -- -j12 -l12
[0.233s] Invoking command in '/home/user/ros2_ws/build/my_robot_description': CMAKE_PREFIX_PATH=/opt/ros/humble /usr/bin/cmake --install /home/user/ros2_ws/build/my_robot_description
[0.241s] -- Install configuration: ""
[0.241s] -- Execute custom install script
[0.242s] -- Up-to-date symlink: /home/user/ros2_ws/install/my_robot_description/share/my_robot_description//urdf/my_robot.urdf
[0.242s] [31mCMake Error at ament_cmake_symlink_install/ament_cmake_symlink_install.cmake:100 (message):
[0.242s]   ament_cmake_symlink_install_directory() can't find
[0.242s]   '/home/user/ros2_ws/src/my_robot_description/launch'
[0.242s] Call Stack (most recent call first):
[0.242s]   ament_cmake_symlink_install/ament_cmake_symlink_install.cmake:314 (ament_cmake_symlink_install_directory)
[0.242s]   cmake_install.cmake:46 (include)
[0.242s] 
[0.242s] [0m
[0.243s] Invoked command in '/home/user/ros2_ws/build/my_robot_description' returned '1': CMAKE_PREFIX_PATH=/opt/ros/humble /usr/bin/cmake --install /home/user/ros2_ws/build/my_robot_description
