[0.081s] DEBUG:colcon:Command line arguments: ['/usr/bin/colcon', 'build']
[0.081s] DEBUG:colcon:Parsed command line arguments: Namespace(log_base=None, log_level=None, verb_name='build', build_base='build', install_base='install', merge_install=False, symlink_install=False, test_result_base=None, continue_on_error=False, executor='parallel', parallel_workers=24, event_handlers=None, ignore_user_meta=False, metas=['./colcon.meta'], base_paths=['.'], packages_ignore=None, packages_ignore_regex=None, paths=None, packages_up_to=None, packages_up_to_regex=None, packages_above=None, packages_above_and_dependencies=None, packages_above_depth=None, packages_select_by_dep=None, packages_skip_by_dep=None, packages_skip_up_to=None, packages_select_build_failed=False, packages_skip_build_finished=False, packages_select_test_failures=False, packages_skip_test_passed=False, packages_select=None, packages_skip=None, packages_select_regex=None, packages_skip_regex=None, packages_start=None, packages_end=None, allow_overriding=[], cmake_args=None, cmake_target=None, cmake_target_skip_unavailable=False, cmake_clean_cache=False, cmake_clean_first=False, cmake_force_configure=False, ament_cmake_args=None, catkin_cmake_args=None, catkin_skip_building_tests=False, mixin_files=None, mixin=None, verb_parser=<colcon_mixin.mixin.mixin_argument.MixinArgumentDecorator object at 0x7ff3b3c35de0>, verb_extension=<colcon_core.verb.build.BuildVerb object at 0x7ff3b3c358a0>, main=<bound method BuildVerb.main of <colcon_core.verb.build.BuildVerb object at 0x7ff3b3c358a0>>, mixin_verb=('build',))
[0.209s] Level 1:colcon.colcon_core.package_discovery:discover_packages(colcon_meta) check parameters
[0.209s] Level 1:colcon.colcon_core.package_discovery:discover_packages(recursive) check parameters
[0.209s] Level 1:colcon.colcon_core.package_discovery:discover_packages(ignore) check parameters
[0.209s] Level 1:colcon.colcon_core.package_discovery:discover_packages(path) check parameters
[0.209s] Level 1:colcon.colcon_core.package_discovery:discover_packages(colcon_meta) discover
[0.209s] Level 1:colcon.colcon_core.package_discovery:discover_packages(recursive) discover
[0.209s] INFO:colcon.colcon_core.package_discovery:Crawling recursively for packages in '/home/inlab22/Documents/automated_planogram_compliance-1/simulations/PX4-Autopilot'
[0.209s] Level 1:colcon.colcon_core.package_identification:_identify(.) by extensions ['ignore', 'ignore_ament_install']
[0.209s] Level 1:colcon.colcon_core.package_identification:_identify(.) by extension 'ignore'
[0.210s] Level 1:colcon.colcon_core.package_identification:_identify(.) by extension 'ignore_ament_install'
[0.210s] Level 1:colcon.colcon_core.package_identification:_identify(.) by extensions ['colcon_pkg']
[0.210s] Level 1:colcon.colcon_core.package_identification:_identify(.) by extension 'colcon_pkg'
[0.210s] Level 1:colcon.colcon_core.package_identification:_identify(.) by extensions ['colcon_meta']
[0.210s] Level 1:colcon.colcon_core.package_identification:_identify(.) by extension 'colcon_meta'
[0.210s] Level 1:colcon.colcon_core.package_identification:_identify(.) by extensions ['ros']
[0.210s] Level 1:colcon.colcon_core.package_identification:_identify(.) by extension 'ros'
[0.219s] DEBUG:colcon.colcon_core.package_identification:Package '.' with type 'ros.ament_cmake' and name 'px4'
[0.219s] Level 1:colcon.colcon_core.package_discovery:discover_packages(recursive) using defaults
[0.220s] Level 1:colcon.colcon_core.package_discovery:discover_packages(ignore) discover
[0.220s] Level 1:colcon.colcon_core.package_discovery:discover_packages(ignore) using defaults
[0.220s] Level 1:colcon.colcon_core.package_discovery:discover_packages(path) discover
[0.220s] Level 1:colcon.colcon_core.package_discovery:discover_packages(path) using defaults
[0.234s] Level 1:colcon.colcon_core.package_discovery:discover_packages(prefix_path) check parameters
[0.234s] Level 1:colcon.colcon_core.package_discovery:discover_packages(prefix_path) discover
[0.235s] DEBUG:colcon.colcon_installed_package_information.package_discovery:Found 5 installed packages in /home/inlab22/Documents/automated_planogram_compliance-1/install
[0.236s] DEBUG:colcon.colcon_installed_package_information.package_discovery:Found 283 installed packages in /opt/ros/humble
[0.244s] Level 1:colcon.colcon_core.package_discovery:discover_packages(prefix_path) using defaults
[0.273s] Level 5:colcon.colcon_core.verb:set package 'px4' build argument 'cmake_args' from command line to 'None'
[0.274s] Level 5:colcon.colcon_core.verb:set package 'px4' build argument 'cmake_target' from command line to 'None'
[0.274s] Level 5:colcon.colcon_core.verb:set package 'px4' build argument 'cmake_target_skip_unavailable' from command line to 'False'
[0.274s] Level 5:colcon.colcon_core.verb:set package 'px4' build argument 'cmake_clean_cache' from command line to 'False'
[0.274s] Level 5:colcon.colcon_core.verb:set package 'px4' build argument 'cmake_clean_first' from command line to 'False'
[0.274s] Level 5:colcon.colcon_core.verb:set package 'px4' build argument 'cmake_force_configure' from command line to 'False'
[0.274s] Level 5:colcon.colcon_core.verb:set package 'px4' build argument 'ament_cmake_args' from command line to 'None'
[0.274s] Level 5:colcon.colcon_core.verb:set package 'px4' build argument 'catkin_cmake_args' from command line to 'None'
[0.274s] Level 5:colcon.colcon_core.verb:set package 'px4' build argument 'catkin_skip_building_tests' from command line to 'False'
[0.274s] DEBUG:colcon.colcon_core.verb:Building package 'px4' with the following arguments: {'ament_cmake_args': None, 'build_base': '/home/inlab22/Documents/automated_planogram_compliance-1/simulations/PX4-Autopilot/build/px4', 'catkin_cmake_args': None, 'catkin_skip_building_tests': False, 'cmake_args': None, 'cmake_clean_cache': False, 'cmake_clean_first': False, 'cmake_force_configure': False, 'cmake_target': None, 'cmake_target_skip_unavailable': False, 'install_base': '/home/inlab22/Documents/automated_planogram_compliance-1/simulations/PX4-Autopilot/install/px4', 'merge_install': False, 'path': '/home/inlab22/Documents/automated_planogram_compliance-1/simulations/PX4-Autopilot', 'symlink_install': False, 'test_result_base': None}
[0.274s] INFO:colcon.colcon_core.executor:Executing jobs using 'parallel' executor
[0.275s] DEBUG:colcon.colcon_parallel_executor.executor.parallel:run_until_complete
[0.275s] INFO:colcon.colcon_ros.task.ament_cmake.build:Building ROS package in '/home/inlab22/Documents/automated_planogram_compliance-1/simulations/PX4-Autopilot' with build type 'ament_cmake'
[0.275s] INFO:colcon.colcon_cmake.task.cmake.build:Building CMake package in '/home/inlab22/Documents/automated_planogram_compliance-1/simulations/PX4-Autopilot'
[0.276s] INFO:colcon.colcon_core.plugin_system:Skipping extension 'colcon_core.shell.bat': Not used on non-Windows systems
[0.277s] INFO:colcon.colcon_core.shell:Skip shell extension 'powershell' for command environment: Not usable outside of PowerShell
[0.277s] DEBUG:colcon.colcon_core.shell:Skip shell extension 'dsv' for command environment
[0.284s] DEBUG:colcon.colcon_core.event_handler.log_command:Invoking command in '/home/inlab22/Documents/automated_planogram_compliance-1/simulations/PX4-Autopilot/build/px4': CMAKE_PREFIX_PATH=${CMAKE_PREFIX_PATH}:/home/inlab22/Documents/automated_planogram_compliance-1/install/item_spawner:/opt/ros/humble /usr/bin/cmake /home/inlab22/Documents/automated_planogram_compliance-1/simulations/PX4-Autopilot -DCMAKE_INSTALL_PREFIX=/home/inlab22/Documents/automated_planogram_compliance-1/simulations/PX4-Autopilot/install/px4
[8.223s] DEBUG:colcon.colcon_core.event_handler.log_command:Invoked command in '/home/inlab22/Documents/automated_planogram_compliance-1/simulations/PX4-Autopilot/build/px4' returned '0': CMAKE_PREFIX_PATH=${CMAKE_PREFIX_PATH}:/home/inlab22/Documents/automated_planogram_compliance-1/install/item_spawner:/opt/ros/humble /usr/bin/cmake /home/inlab22/Documents/automated_planogram_compliance-1/simulations/PX4-Autopilot -DCMAKE_INSTALL_PREFIX=/home/inlab22/Documents/automated_planogram_compliance-1/simulations/PX4-Autopilot/install/px4
[8.226s] DEBUG:colcon.colcon_core.event_handler.log_command:Invoking command in '/home/inlab22/Documents/automated_planogram_compliance-1/simulations/PX4-Autopilot/build/px4': CMAKE_PREFIX_PATH=${CMAKE_PREFIX_PATH}:/home/inlab22/Documents/automated_planogram_compliance-1/install/item_spawner:/opt/ros/humble /usr/bin/cmake --build /home/inlab22/Documents/automated_planogram_compliance-1/simulations/PX4-Autopilot/build/px4 -- -j24 -l24
[141.559s] DEBUG:colcon.colcon_core.event_handler.log_command:Invoked command in '/home/inlab22/Documents/automated_planogram_compliance-1/simulations/PX4-Autopilot/build/px4' returned '0': CMAKE_PREFIX_PATH=${CMAKE_PREFIX_PATH}:/home/inlab22/Documents/automated_planogram_compliance-1/install/item_spawner:/opt/ros/humble /usr/bin/cmake --build /home/inlab22/Documents/automated_planogram_compliance-1/simulations/PX4-Autopilot/build/px4 -- -j24 -l24
[141.703s] DEBUG:colcon.colcon_core.event_handler.log_command:Invoking command in '/home/inlab22/Documents/automated_planogram_compliance-1/simulations/PX4-Autopilot/build/px4': CMAKE_PREFIX_PATH=${CMAKE_PREFIX_PATH}:/home/inlab22/Documents/automated_planogram_compliance-1/install/item_spawner:/opt/ros/humble /usr/bin/cmake --install /home/inlab22/Documents/automated_planogram_compliance-1/simulations/PX4-Autopilot/build/px4
[142.891s] Level 1:colcon.colcon_core.environment:create_environment_scripts_only(px4)
[142.892s] DEBUG:colcon.colcon_core.event_handler.log_command:Invoked command in '/home/inlab22/Documents/automated_planogram_compliance-1/simulations/PX4-Autopilot/build/px4' returned '0': CMAKE_PREFIX_PATH=${CMAKE_PREFIX_PATH}:/home/inlab22/Documents/automated_planogram_compliance-1/install/item_spawner:/opt/ros/humble /usr/bin/cmake --install /home/inlab22/Documents/automated_planogram_compliance-1/simulations/PX4-Autopilot/build/px4
[142.895s] Level 1:colcon.colcon_core.environment:checking '/home/inlab22/Documents/automated_planogram_compliance-1/simulations/PX4-Autopilot/install/px4' for CMake module files
[142.895s] Level 1:colcon.colcon_core.environment:checking '/home/inlab22/Documents/automated_planogram_compliance-1/simulations/PX4-Autopilot/install/px4' for CMake config files
[142.897s] Level 1:colcon.colcon_core.shell:create_environment_hook('px4', 'cmake_prefix_path')
[142.897s] INFO:colcon.colcon_core.shell:Creating environment hook '/home/inlab22/Documents/automated_planogram_compliance-1/simulations/PX4-Autopilot/install/px4/share/px4/hook/cmake_prefix_path.ps1'
[142.898s] INFO:colcon.colcon_core.shell:Creating environment descriptor '/home/inlab22/Documents/automated_planogram_compliance-1/simulations/PX4-Autopilot/install/px4/share/px4/hook/cmake_prefix_path.dsv'
[142.898s] INFO:colcon.colcon_core.shell:Creating environment hook '/home/inlab22/Documents/automated_planogram_compliance-1/simulations/PX4-Autopilot/install/px4/share/px4/hook/cmake_prefix_path.sh'
[142.899s] Level 1:colcon.colcon_core.environment:checking '/home/inlab22/Documents/automated_planogram_compliance-1/simulations/PX4-Autopilot/install/px4/lib'
[142.899s] Level 1:colcon.colcon_core.shell:create_environment_hook('px4', 'ld_library_path_lib')
[142.900s] INFO:colcon.colcon_core.shell:Creating environment hook '/home/inlab22/Documents/automated_planogram_compliance-1/simulations/PX4-Autopilot/install/px4/share/px4/hook/ld_library_path_lib.ps1'
[142.900s] INFO:colcon.colcon_core.shell:Creating environment descriptor '/home/inlab22/Documents/automated_planogram_compliance-1/simulations/PX4-Autopilot/install/px4/share/px4/hook/ld_library_path_lib.dsv'
[142.900s] INFO:colcon.colcon_core.shell:Creating environment hook '/home/inlab22/Documents/automated_planogram_compliance-1/simulations/PX4-Autopilot/install/px4/share/px4/hook/ld_library_path_lib.sh'
[142.901s] Level 1:colcon.colcon_core.environment:checking '/home/inlab22/Documents/automated_planogram_compliance-1/simulations/PX4-Autopilot/install/px4/bin'
[142.901s] Level 1:colcon.colcon_core.environment:checking '/home/inlab22/Documents/automated_planogram_compliance-1/simulations/PX4-Autopilot/install/px4/lib/pkgconfig/px4.pc'
[142.901s] Level 1:colcon.colcon_core.environment:checking '/home/inlab22/Documents/automated_planogram_compliance-1/simulations/PX4-Autopilot/install/px4/lib/python3.10/site-packages'
[142.902s] Level 1:colcon.colcon_core.environment:checking '/home/inlab22/Documents/automated_planogram_compliance-1/simulations/PX4-Autopilot/install/px4/bin'
[142.902s] INFO:colcon.colcon_core.shell:Creating package script '/home/inlab22/Documents/automated_planogram_compliance-1/simulations/PX4-Autopilot/install/px4/share/px4/package.ps1'
[142.903s] INFO:colcon.colcon_core.shell:Creating package descriptor '/home/inlab22/Documents/automated_planogram_compliance-1/simulations/PX4-Autopilot/install/px4/share/px4/package.dsv'
[142.904s] INFO:colcon.colcon_core.shell:Creating package script '/home/inlab22/Documents/automated_planogram_compliance-1/simulations/PX4-Autopilot/install/px4/share/px4/package.sh'
[142.905s] INFO:colcon.colcon_core.shell:Creating package script '/home/inlab22/Documents/automated_planogram_compliance-1/simulations/PX4-Autopilot/install/px4/share/px4/package.bash'
[142.906s] INFO:colcon.colcon_core.shell:Creating package script '/home/inlab22/Documents/automated_planogram_compliance-1/simulations/PX4-Autopilot/install/px4/share/px4/package.zsh'
[142.907s] Level 1:colcon.colcon_core.environment:create_file_with_runtime_dependencies(/home/inlab22/Documents/automated_planogram_compliance-1/simulations/PX4-Autopilot/install/px4/share/colcon-core/packages/px4)
[143.098s] Level 1:colcon.colcon_core.environment:create_environment_scripts_only(px4)
[143.098s] Level 1:colcon.colcon_core.environment:checking '/home/inlab22/Documents/automated_planogram_compliance-1/simulations/PX4-Autopilot/install/px4' for CMake module files
[143.098s] Level 1:colcon.colcon_core.environment:checking '/home/inlab22/Documents/automated_planogram_compliance-1/simulations/PX4-Autopilot/install/px4' for CMake config files
[143.100s] Level 1:colcon.colcon_core.shell:create_environment_hook('px4', 'cmake_prefix_path')
[143.100s] INFO:colcon.colcon_core.shell:Creating environment hook '/home/inlab22/Documents/automated_planogram_compliance-1/simulations/PX4-Autopilot/install/px4/share/px4/hook/cmake_prefix_path.ps1'
[143.100s] INFO:colcon.colcon_core.shell:Creating environment descriptor '/home/inlab22/Documents/automated_planogram_compliance-1/simulations/PX4-Autopilot/install/px4/share/px4/hook/cmake_prefix_path.dsv'
[143.101s] INFO:colcon.colcon_core.shell:Creating environment hook '/home/inlab22/Documents/automated_planogram_compliance-1/simulations/PX4-Autopilot/install/px4/share/px4/hook/cmake_prefix_path.sh'
[143.101s] Level 1:colcon.colcon_core.environment:checking '/home/inlab22/Documents/automated_planogram_compliance-1/simulations/PX4-Autopilot/install/px4/lib'
[143.102s] Level 1:colcon.colcon_core.shell:create_environment_hook('px4', 'ld_library_path_lib')
[143.102s] INFO:colcon.colcon_core.shell:Creating environment hook '/home/inlab22/Documents/automated_planogram_compliance-1/simulations/PX4-Autopilot/install/px4/share/px4/hook/ld_library_path_lib.ps1'
[143.102s] INFO:colcon.colcon_core.shell:Creating environment descriptor '/home/inlab22/Documents/automated_planogram_compliance-1/simulations/PX4-Autopilot/install/px4/share/px4/hook/ld_library_path_lib.dsv'
[143.103s] INFO:colcon.colcon_core.shell:Creating environment hook '/home/inlab22/Documents/automated_planogram_compliance-1/simulations/PX4-Autopilot/install/px4/share/px4/hook/ld_library_path_lib.sh'
[143.103s] Level 1:colcon.colcon_core.environment:checking '/home/inlab22/Documents/automated_planogram_compliance-1/simulations/PX4-Autopilot/install/px4/bin'
[143.103s] Level 1:colcon.colcon_core.environment:checking '/home/inlab22/Documents/automated_planogram_compliance-1/simulations/PX4-Autopilot/install/px4/lib/pkgconfig/px4.pc'
[143.103s] Level 1:colcon.colcon_core.environment:checking '/home/inlab22/Documents/automated_planogram_compliance-1/simulations/PX4-Autopilot/install/px4/lib/python3.10/site-packages'
[143.104s] Level 1:colcon.colcon_core.environment:checking '/home/inlab22/Documents/automated_planogram_compliance-1/simulations/PX4-Autopilot/install/px4/bin'
[143.104s] INFO:colcon.colcon_core.shell:Creating package script '/home/inlab22/Documents/automated_planogram_compliance-1/simulations/PX4-Autopilot/install/px4/share/px4/package.ps1'
[143.104s] INFO:colcon.colcon_core.shell:Creating package descriptor '/home/inlab22/Documents/automated_planogram_compliance-1/simulations/PX4-Autopilot/install/px4/share/px4/package.dsv'
[143.105s] INFO:colcon.colcon_core.shell:Creating package script '/home/inlab22/Documents/automated_planogram_compliance-1/simulations/PX4-Autopilot/install/px4/share/px4/package.sh'
[143.105s] INFO:colcon.colcon_core.shell:Creating package script '/home/inlab22/Documents/automated_planogram_compliance-1/simulations/PX4-Autopilot/install/px4/share/px4/package.bash'
[143.106s] INFO:colcon.colcon_core.shell:Creating package script '/home/inlab22/Documents/automated_planogram_compliance-1/simulations/PX4-Autopilot/install/px4/share/px4/package.zsh'
[143.106s] Level 1:colcon.colcon_core.environment:create_file_with_runtime_dependencies(/home/inlab22/Documents/automated_planogram_compliance-1/simulations/PX4-Autopilot/install/px4/share/colcon-core/packages/px4)
[143.107s] DEBUG:colcon.colcon_parallel_executor.executor.parallel:closing loop
[143.107s] DEBUG:colcon.colcon_parallel_executor.executor.parallel:loop closed
[143.107s] DEBUG:colcon.colcon_parallel_executor.executor.parallel:run_until_complete finished with '0'
[143.107s] DEBUG:colcon.colcon_core.event_reactor:joining thread
[143.129s] INFO:colcon.colcon_core.plugin_system:Skipping extension 'colcon_notification.desktop_notification.terminal_notifier': Not used on non-Darwin systems
[143.129s] INFO:colcon.colcon_core.plugin_system:Skipping extension 'colcon_notification.desktop_notification.win32': Not used on non-Windows systems
[143.129s] INFO:colcon.colcon_notification.desktop_notification:Sending desktop notification using 'notify2'
[143.140s] DEBUG:colcon.colcon_core.event_reactor:joined thread
[143.140s] INFO:colcon.colcon_core.shell:Creating prefix script '/home/inlab22/Documents/automated_planogram_compliance-1/simulations/PX4-Autopilot/install/local_setup.ps1'
[143.141s] INFO:colcon.colcon_core.shell:Creating prefix util module '/home/inlab22/Documents/automated_planogram_compliance-1/simulations/PX4-Autopilot/install/_local_setup_util_ps1.py'
[143.143s] INFO:colcon.colcon_core.shell:Creating prefix chain script '/home/inlab22/Documents/automated_planogram_compliance-1/simulations/PX4-Autopilot/install/setup.ps1'
[143.144s] INFO:colcon.colcon_core.shell:Creating prefix script '/home/inlab22/Documents/automated_planogram_compliance-1/simulations/PX4-Autopilot/install/local_setup.sh'
[143.145s] INFO:colcon.colcon_core.shell:Creating prefix util module '/home/inlab22/Documents/automated_planogram_compliance-1/simulations/PX4-Autopilot/install/_local_setup_util_sh.py'
[143.145s] INFO:colcon.colcon_core.shell:Creating prefix chain script '/home/inlab22/Documents/automated_planogram_compliance-1/simulations/PX4-Autopilot/install/setup.sh'
[143.146s] INFO:colcon.colcon_core.shell:Creating prefix script '/home/inlab22/Documents/automated_planogram_compliance-1/simulations/PX4-Autopilot/install/local_setup.bash'
[143.147s] INFO:colcon.colcon_core.shell:Creating prefix chain script '/home/inlab22/Documents/automated_planogram_compliance-1/simulations/PX4-Autopilot/install/setup.bash'
[143.148s] INFO:colcon.colcon_core.shell:Creating prefix script '/home/inlab22/Documents/automated_planogram_compliance-1/simulations/PX4-Autopilot/install/local_setup.zsh'
[143.149s] INFO:colcon.colcon_core.shell:Creating prefix chain script '/home/inlab22/Documents/automated_planogram_compliance-1/simulations/PX4-Autopilot/install/setup.zsh'
