[0.455s] Invoking command in '/home/inlab22/Documents/automated_planogram_compliance-1/simulations/my_drone_simulation': PS1=(.venv) \[\e]0;\u@\h: \w\a\]${debian_chroot:+($debian_chroot)}\[\033[01;32m\]\u@\h\[\033[00m\]:\[\033[01;34m\]\w\[\033[00m\]\$ PYTHONPATH=/home/inlab22/Documents/automated_planogram_compliance-1/simulations/my_drone_simulation/build/my_drone_simulation/prefix_override:/usr/lib/python3/dist-packages/colcon_core/task/python/colcon_distutils_commands:/home/inlab22/Documents/automated_planogram_compliance-1/simulations/my_drone_simulation/install/my_drone_simulation/lib/python3.10/site-packages:${PYTHONPATH} VIRTUAL_ENV_PROMPT=(.venv) /usr/bin/python3 -W ignore:setup.py install is deprecated setup.py egg_info --egg-base build/my_drone_simulation build --build-base /home/inlab22/Documents/automated_planogram_compliance-1/simulations/my_drone_simulation/build/my_drone_simulation/build install --record /home/inlab22/Documents/automated_planogram_compliance-1/simulations/my_drone_simulation/build/my_drone_simulation/install.log --single-version-externally-managed install_data
[0.627s] running egg_info
[0.628s] writing build/my_drone_simulation/my_drone_simulation.egg-info/PKG-INFO
[0.628s] writing dependency_links to build/my_drone_simulation/my_drone_simulation.egg-info/dependency_links.txt
[0.628s] writing entry points to build/my_drone_simulation/my_drone_simulation.egg-info/entry_points.txt
[0.628s] writing requirements to build/my_drone_simulation/my_drone_simulation.egg-info/requires.txt
[0.628s] writing top-level names to build/my_drone_simulation/my_drone_simulation.egg-info/top_level.txt
[0.629s] reading manifest file 'build/my_drone_simulation/my_drone_simulation.egg-info/SOURCES.txt'
[0.630s] writing manifest file 'build/my_drone_simulation/my_drone_simulation.egg-info/SOURCES.txt'
[0.630s] running build
[0.630s] running build_py
[0.630s] running install
[0.631s] running install_lib
[0.631s] running install_data
[0.631s] running install_egg_info
[0.632s] removing '/home/inlab22/Documents/automated_planogram_compliance-1/simulations/my_drone_simulation/install/my_drone_simulation/lib/python3.10/site-packages/my_drone_simulation-0.0.0-py3.10.egg-info' (and everything under it)
[0.633s] Copying build/my_drone_simulation/my_drone_simulation.egg-info to /home/inlab22/Documents/automated_planogram_compliance-1/simulations/my_drone_simulation/install/my_drone_simulation/lib/python3.10/site-packages/my_drone_simulation-0.0.0-py3.10.egg-info
[0.633s] running install_scripts
[0.648s] writing list of installed files to '/home/inlab22/Documents/automated_planogram_compliance-1/simulations/my_drone_simulation/build/my_drone_simulation/install.log'
[0.662s] Invoked command in '/home/inlab22/Documents/automated_planogram_compliance-1/simulations/my_drone_simulation' returned '0': PS1=(.venv) \[\e]0;\u@\h: \w\a\]${debian_chroot:+($debian_chroot)}\[\033[01;32m\]\u@\h\[\033[00m\]:\[\033[01;34m\]\w\[\033[00m\]\$ PYTHONPATH=/home/inlab22/Documents/automated_planogram_compliance-1/simulations/my_drone_simulation/build/my_drone_simulation/prefix_override:/usr/lib/python3/dist-packages/colcon_core/task/python/colcon_distutils_commands:/home/inlab22/Documents/automated_planogram_compliance-1/simulations/my_drone_simulation/install/my_drone_simulation/lib/python3.10/site-packages:${PYTHONPATH} VIRTUAL_ENV_PROMPT=(.venv) /usr/bin/python3 -W ignore:setup.py install is deprecated setup.py egg_info --egg-base build/my_drone_simulation build --build-base /home/inlab22/Documents/automated_planogram_compliance-1/simulations/my_drone_simulation/build/my_drone_simulation/build install --record /home/inlab22/Documents/automated_planogram_compliance-1/simulations/my_drone_simulation/build/my_drone_simulation/install.log --single-version-externally-managed install_data
