[0.082s] DEBUG:colcon:Command line arguments: ['/usr/bin/colcon', 'build']
[0.083s] DEBUG:colcon:Parsed command line arguments: Namespace(log_base=None, log_level=None, verb_name='build', build_base='build', install_base='install', merge_install=False, symlink_install=False, test_result_base=None, continue_on_error=False, executor='parallel', parallel_workers=24, event_handlers=None, ignore_user_meta=False, metas=['./colcon.meta'], base_paths=['.'], packages_ignore=None, packages_ignore_regex=None, paths=None, packages_up_to=None, packages_up_to_regex=None, packages_above=None, packages_above_and_dependencies=None, packages_above_depth=None, packages_select_by_dep=None, packages_skip_by_dep=None, packages_skip_up_to=None, packages_select_build_failed=False, packages_skip_build_finished=False, packages_select_test_failures=False, packages_skip_test_passed=False, packages_select=None, packages_skip=None, packages_select_regex=None, packages_skip_regex=None, packages_start=None, packages_end=None, allow_overriding=[], cmake_args=None, cmake_target=None, cmake_target_skip_unavailable=False, cmake_clean_cache=False, cmake_clean_first=False, cmake_force_configure=False, ament_cmake_args=None, catkin_cmake_args=None, catkin_skip_building_tests=False, mixin_files=None, mixin=None, verb_parser=<colcon_mixin.mixin.mixin_argument.MixinArgumentDecorator object at 0x7531f8d45ed0>, verb_extension=<colcon_core.verb.build.BuildVerb object at 0x7531f8d45990>, main=<bound method BuildVerb.main of <colcon_core.verb.build.BuildVerb object at 0x7531f8d45990>>, mixin_verb=('build',))
[0.242s] Level 1:colcon.colcon_core.package_discovery:discover_packages(colcon_meta) check parameters
[0.242s] Level 1:colcon.colcon_core.package_discovery:discover_packages(recursive) check parameters
[0.242s] Level 1:colcon.colcon_core.package_discovery:discover_packages(ignore) check parameters
[0.242s] Level 1:colcon.colcon_core.package_discovery:discover_packages(path) check parameters
[0.242s] Level 1:colcon.colcon_core.package_discovery:discover_packages(colcon_meta) discover
[0.243s] Level 1:colcon.colcon_core.package_discovery:discover_packages(recursive) discover
[0.243s] INFO:colcon.colcon_core.package_discovery:Crawling recursively for packages in '/home/inlab22/Documents/automated_planogram_compliance-1/simulations/my_drone_simulation'
[0.243s] Level 1:colcon.colcon_core.package_identification:_identify(.) by extensions ['ignore', 'ignore_ament_install']
[0.243s] Level 1:colcon.colcon_core.package_identification:_identify(.) by extension 'ignore'
[0.243s] Level 1:colcon.colcon_core.package_identification:_identify(.) by extension 'ignore_ament_install'
[0.243s] Level 1:colcon.colcon_core.package_identification:_identify(.) by extensions ['colcon_pkg']
[0.243s] Level 1:colcon.colcon_core.package_identification:_identify(.) by extension 'colcon_pkg'
[0.243s] Level 1:colcon.colcon_core.package_identification:_identify(.) by extensions ['colcon_meta']
[0.243s] Level 1:colcon.colcon_core.package_identification:_identify(.) by extension 'colcon_meta'
[0.243s] Level 1:colcon.colcon_core.package_identification:_identify(.) by extensions ['ros']
[0.243s] Level 1:colcon.colcon_core.package_identification:_identify(.) by extension 'ros'
[0.252s] DEBUG:colcon.colcon_core.package_identification:Package '.' with type 'ros.ament_python' and name 'my_drone_simulation'
[0.252s] Level 1:colcon.colcon_core.package_discovery:discover_packages(recursive) using defaults
[0.252s] Level 1:colcon.colcon_core.package_discovery:discover_packages(ignore) discover
[0.252s] Level 1:colcon.colcon_core.package_discovery:discover_packages(ignore) using defaults
[0.252s] Level 1:colcon.colcon_core.package_discovery:discover_packages(path) discover
[0.252s] Level 1:colcon.colcon_core.package_discovery:discover_packages(path) using defaults
[0.269s] Level 1:colcon.colcon_core.package_discovery:discover_packages(prefix_path) check parameters
[0.269s] Level 1:colcon.colcon_core.package_discovery:discover_packages(prefix_path) discover
[0.271s] DEBUG:colcon.colcon_installed_package_information.package_discovery:Found 283 installed packages in /opt/ros/humble
[0.279s] Level 1:colcon.colcon_core.package_discovery:discover_packages(prefix_path) using defaults
[0.307s] Level 5:colcon.colcon_core.verb:set package 'my_drone_simulation' build argument 'cmake_args' from command line to 'None'
[0.307s] Level 5:colcon.colcon_core.verb:set package 'my_drone_simulation' build argument 'cmake_target' from command line to 'None'
[0.307s] Level 5:colcon.colcon_core.verb:set package 'my_drone_simulation' build argument 'cmake_target_skip_unavailable' from command line to 'False'
[0.307s] Level 5:colcon.colcon_core.verb:set package 'my_drone_simulation' build argument 'cmake_clean_cache' from command line to 'False'
[0.307s] Level 5:colcon.colcon_core.verb:set package 'my_drone_simulation' build argument 'cmake_clean_first' from command line to 'False'
[0.307s] Level 5:colcon.colcon_core.verb:set package 'my_drone_simulation' build argument 'cmake_force_configure' from command line to 'False'
[0.307s] Level 5:colcon.colcon_core.verb:set package 'my_drone_simulation' build argument 'ament_cmake_args' from command line to 'None'
[0.307s] Level 5:colcon.colcon_core.verb:set package 'my_drone_simulation' build argument 'catkin_cmake_args' from command line to 'None'
[0.307s] Level 5:colcon.colcon_core.verb:set package 'my_drone_simulation' build argument 'catkin_skip_building_tests' from command line to 'False'
[0.307s] DEBUG:colcon.colcon_core.verb:Building package 'my_drone_simulation' with the following arguments: {'ament_cmake_args': None, 'build_base': '/home/inlab22/Documents/automated_planogram_compliance-1/simulations/my_drone_simulation/build/my_drone_simulation', 'catkin_cmake_args': None, 'catkin_skip_building_tests': False, 'cmake_args': None, 'cmake_clean_cache': False, 'cmake_clean_first': False, 'cmake_force_configure': False, 'cmake_target': None, 'cmake_target_skip_unavailable': False, 'install_base': '/home/inlab22/Documents/automated_planogram_compliance-1/simulations/my_drone_simulation/install/my_drone_simulation', 'merge_install': False, 'path': '/home/inlab22/Documents/automated_planogram_compliance-1/simulations/my_drone_simulation', 'symlink_install': False, 'test_result_base': None}
[0.307s] INFO:colcon.colcon_core.executor:Executing jobs using 'parallel' executor
[0.308s] DEBUG:colcon.colcon_parallel_executor.executor.parallel:run_until_complete
[0.308s] INFO:colcon.colcon_ros.task.ament_python.build:Building ROS package in '/home/inlab22/Documents/automated_planogram_compliance-1/simulations/my_drone_simulation' with build type 'ament_python'
[0.309s] Level 1:colcon.colcon_core.shell:create_environment_hook('my_drone_simulation', 'ament_prefix_path')
[0.310s] INFO:colcon.colcon_core.plugin_system:Skipping extension 'colcon_core.shell.bat': Not used on non-Windows systems
[0.310s] INFO:colcon.colcon_core.shell:Creating environment hook '/home/inlab22/Documents/automated_planogram_compliance-1/simulations/my_drone_simulation/install/my_drone_simulation/share/my_drone_simulation/hook/ament_prefix_path.ps1'
[0.311s] INFO:colcon.colcon_core.shell:Creating environment descriptor '/home/inlab22/Documents/automated_planogram_compliance-1/simulations/my_drone_simulation/install/my_drone_simulation/share/my_drone_simulation/hook/ament_prefix_path.dsv'
[0.311s] INFO:colcon.colcon_core.shell:Creating environment hook '/home/inlab22/Documents/automated_planogram_compliance-1/simulations/my_drone_simulation/install/my_drone_simulation/share/my_drone_simulation/hook/ament_prefix_path.sh'
[0.311s] INFO:colcon.colcon_core.shell:Skip shell extension 'powershell' for command environment: Not usable outside of PowerShell
[0.312s] DEBUG:colcon.colcon_core.shell:Skip shell extension 'dsv' for command environment
[0.504s] INFO:colcon.colcon_core.task.python.build:Building Python package in '/home/inlab22/Documents/automated_planogram_compliance-1/simulations/my_drone_simulation'
[0.504s] INFO:colcon.colcon_core.shell:Skip shell extension 'powershell' for command environment: Not usable outside of PowerShell
[0.504s] DEBUG:colcon.colcon_core.shell:Skip shell extension 'dsv' for command environment
[0.765s] DEBUG:colcon.colcon_core.event_handler.log_command:Invoking command in '/home/inlab22/Documents/automated_planogram_compliance-1/simulations/my_drone_simulation': PS1=(.venv) \[\e]0;\u@\h: \w\a\]${debian_chroot:+($debian_chroot)}\[\033[01;32m\]\u@\h\[\033[00m\]:\[\033[01;34m\]\w\[\033[00m\]\$ PYTHONPATH=/home/inlab22/Documents/automated_planogram_compliance-1/simulations/my_drone_simulation/build/my_drone_simulation/prefix_override:/usr/lib/python3/dist-packages/colcon_core/task/python/colcon_distutils_commands:/home/inlab22/Documents/automated_planogram_compliance-1/simulations/my_drone_simulation/install/my_drone_simulation/lib/python3.10/site-packages:${PYTHONPATH} VIRTUAL_ENV_PROMPT=(.venv) /usr/bin/python3 -W ignore:setup.py install is deprecated setup.py egg_info --egg-base build/my_drone_simulation build --build-base /home/inlab22/Documents/automated_planogram_compliance-1/simulations/my_drone_simulation/build/my_drone_simulation/build install --record /home/inlab22/Documents/automated_planogram_compliance-1/simulations/my_drone_simulation/build/my_drone_simulation/install.log --single-version-externally-managed install_data
[0.972s] DEBUG:colcon.colcon_core.event_handler.log_command:Invoked command in '/home/inlab22/Documents/automated_planogram_compliance-1/simulations/my_drone_simulation' returned '0': PS1=(.venv) \[\e]0;\u@\h: \w\a\]${debian_chroot:+($debian_chroot)}\[\033[01;32m\]\u@\h\[\033[00m\]:\[\033[01;34m\]\w\[\033[00m\]\$ PYTHONPATH=/home/inlab22/Documents/automated_planogram_compliance-1/simulations/my_drone_simulation/build/my_drone_simulation/prefix_override:/usr/lib/python3/dist-packages/colcon_core/task/python/colcon_distutils_commands:/home/inlab22/Documents/automated_planogram_compliance-1/simulations/my_drone_simulation/install/my_drone_simulation/lib/python3.10/site-packages:${PYTHONPATH} VIRTUAL_ENV_PROMPT=(.venv) /usr/bin/python3 -W ignore:setup.py install is deprecated setup.py egg_info --egg-base build/my_drone_simulation build --build-base /home/inlab22/Documents/automated_planogram_compliance-1/simulations/my_drone_simulation/build/my_drone_simulation/build install --record /home/inlab22/Documents/automated_planogram_compliance-1/simulations/my_drone_simulation/build/my_drone_simulation/install.log --single-version-externally-managed install_data
[0.977s] Level 1:colcon.colcon_core.environment:checking '/home/inlab22/Documents/automated_planogram_compliance-1/simulations/my_drone_simulation/install/my_drone_simulation' for CMake module files
[0.977s] Level 1:colcon.colcon_core.environment:checking '/home/inlab22/Documents/automated_planogram_compliance-1/simulations/my_drone_simulation/install/my_drone_simulation' for CMake config files
[0.978s] Level 1:colcon.colcon_core.environment:checking '/home/inlab22/Documents/automated_planogram_compliance-1/simulations/my_drone_simulation/install/my_drone_simulation/lib'
[0.979s] Level 1:colcon.colcon_core.environment:checking '/home/inlab22/Documents/automated_planogram_compliance-1/simulations/my_drone_simulation/install/my_drone_simulation/bin'
[0.979s] Level 1:colcon.colcon_core.environment:checking '/home/inlab22/Documents/automated_planogram_compliance-1/simulations/my_drone_simulation/install/my_drone_simulation/lib/pkgconfig/my_drone_simulation.pc'
[0.979s] Level 1:colcon.colcon_core.environment:checking '/home/inlab22/Documents/automated_planogram_compliance-1/simulations/my_drone_simulation/install/my_drone_simulation/lib/python3.10/site-packages'
[0.979s] Level 1:colcon.colcon_core.shell:create_environment_hook('my_drone_simulation', 'pythonpath')
[0.979s] INFO:colcon.colcon_core.shell:Creating environment hook '/home/inlab22/Documents/automated_planogram_compliance-1/simulations/my_drone_simulation/install/my_drone_simulation/share/my_drone_simulation/hook/pythonpath.ps1'
[0.980s] INFO:colcon.colcon_core.shell:Creating environment descriptor '/home/inlab22/Documents/automated_planogram_compliance-1/simulations/my_drone_simulation/install/my_drone_simulation/share/my_drone_simulation/hook/pythonpath.dsv'
[0.980s] INFO:colcon.colcon_core.shell:Creating environment hook '/home/inlab22/Documents/automated_planogram_compliance-1/simulations/my_drone_simulation/install/my_drone_simulation/share/my_drone_simulation/hook/pythonpath.sh'
[0.981s] Level 1:colcon.colcon_core.environment:checking '/home/inlab22/Documents/automated_planogram_compliance-1/simulations/my_drone_simulation/install/my_drone_simulation/bin'
[0.981s] Level 1:colcon.colcon_core.environment:create_environment_scripts_only(my_drone_simulation)
[0.982s] INFO:colcon.colcon_core.shell:Creating package script '/home/inlab22/Documents/automated_planogram_compliance-1/simulations/my_drone_simulation/install/my_drone_simulation/share/my_drone_simulation/package.ps1'
[0.983s] INFO:colcon.colcon_core.shell:Creating package descriptor '/home/inlab22/Documents/automated_planogram_compliance-1/simulations/my_drone_simulation/install/my_drone_simulation/share/my_drone_simulation/package.dsv'
[0.983s] INFO:colcon.colcon_core.shell:Creating package script '/home/inlab22/Documents/automated_planogram_compliance-1/simulations/my_drone_simulation/install/my_drone_simulation/share/my_drone_simulation/package.sh'
[0.984s] INFO:colcon.colcon_core.shell:Creating package script '/home/inlab22/Documents/automated_planogram_compliance-1/simulations/my_drone_simulation/install/my_drone_simulation/share/my_drone_simulation/package.bash'
[0.986s] INFO:colcon.colcon_core.shell:Creating package script '/home/inlab22/Documents/automated_planogram_compliance-1/simulations/my_drone_simulation/install/my_drone_simulation/share/my_drone_simulation/package.zsh'
[0.986s] Level 1:colcon.colcon_core.environment:create_file_with_runtime_dependencies(/home/inlab22/Documents/automated_planogram_compliance-1/simulations/my_drone_simulation/install/my_drone_simulation/share/colcon-core/packages/my_drone_simulation)
[0.987s] DEBUG:colcon.colcon_parallel_executor.executor.parallel:closing loop
[0.987s] DEBUG:colcon.colcon_parallel_executor.executor.parallel:loop closed
[0.987s] DEBUG:colcon.colcon_parallel_executor.executor.parallel:run_until_complete finished with '0'
[0.987s] DEBUG:colcon.colcon_core.event_reactor:joining thread
[0.996s] INFO:colcon.colcon_core.plugin_system:Skipping extension 'colcon_notification.desktop_notification.terminal_notifier': Not used on non-Darwin systems
[0.996s] INFO:colcon.colcon_core.plugin_system:Skipping extension 'colcon_notification.desktop_notification.win32': Not used on non-Windows systems
[0.996s] INFO:colcon.colcon_notification.desktop_notification:Sending desktop notification using 'notify2'
[1.012s] DEBUG:colcon.colcon_core.event_reactor:joined thread
[1.012s] INFO:colcon.colcon_core.shell:Creating prefix script '/home/inlab22/Documents/automated_planogram_compliance-1/simulations/my_drone_simulation/install/local_setup.ps1'
[1.013s] INFO:colcon.colcon_core.shell:Creating prefix util module '/home/inlab22/Documents/automated_planogram_compliance-1/simulations/my_drone_simulation/install/_local_setup_util_ps1.py'
[1.015s] INFO:colcon.colcon_core.shell:Creating prefix chain script '/home/inlab22/Documents/automated_planogram_compliance-1/simulations/my_drone_simulation/install/setup.ps1'
[1.016s] INFO:colcon.colcon_core.shell:Creating prefix script '/home/inlab22/Documents/automated_planogram_compliance-1/simulations/my_drone_simulation/install/local_setup.sh'
[1.017s] INFO:colcon.colcon_core.shell:Creating prefix util module '/home/inlab22/Documents/automated_planogram_compliance-1/simulations/my_drone_simulation/install/_local_setup_util_sh.py'
[1.018s] INFO:colcon.colcon_core.shell:Creating prefix chain script '/home/inlab22/Documents/automated_planogram_compliance-1/simulations/my_drone_simulation/install/setup.sh'
[1.019s] INFO:colcon.colcon_core.shell:Creating prefix script '/home/inlab22/Documents/automated_planogram_compliance-1/simulations/my_drone_simulation/install/local_setup.bash'
[1.019s] INFO:colcon.colcon_core.shell:Creating prefix chain script '/home/inlab22/Documents/automated_planogram_compliance-1/simulations/my_drone_simulation/install/setup.bash'
[1.021s] INFO:colcon.colcon_core.shell:Creating prefix script '/home/inlab22/Documents/automated_planogram_compliance-1/simulations/my_drone_simulation/install/local_setup.zsh'
[1.021s] INFO:colcon.colcon_core.shell:Creating prefix chain script '/home/inlab22/Documents/automated_planogram_compliance-1/simulations/my_drone_simulation/install/setup.zsh'
