[0.707s] DEBUG:colcon:Command line arguments: ['/usr/bin/colcon', 'build']
[0.707s] DEBUG:colcon:Parsed command line arguments: Namespace(log_base=None, log_level=None, verb_name='build', build_base='build', install_base='install', merge_install=False, symlink_install=False, test_result_base=None, continue_on_error=False, executor='parallel', parallel_workers=12, event_handlers=None, ignore_user_meta=False, metas=['./colcon.meta'], base_paths=['.'], packages_ignore=None, packages_ignore_regex=None, paths=None, packages_up_to=None, packages_up_to_regex=None, packages_above=None, packages_above_and_dependencies=None, packages_above_depth=None, packages_select_by_dep=None, packages_skip_by_dep=None, packages_skip_up_to=None, packages_select_build_failed=False, packages_skip_build_finished=False, packages_select_test_failures=False, packages_skip_test_passed=False, packages_select=None, packages_skip=None, packages_select_regex=None, packages_skip_regex=None, packages_start=None, packages_end=None, allow_overriding=[], cmake_args=None, cmake_target=None, cmake_target_skip_unavailable=False, cmake_clean_cache=False, cmake_clean_first=False, cmake_force_configure=False, ament_cmake_args=None, catkin_cmake_args=None, catkin_skip_building_tests=False, mixin_files=None, mixin=None, verb_parser=<colcon_mixin.mixin.mixin_argument.MixinArgumentDecorator object at 0x789f1da3a230>, verb_extension=<colcon_core.verb.build.BuildVerb object at 0x789f1da399c0>, main=<bound method BuildVerb.main of <colcon_core.verb.build.BuildVerb object at 0x789f1da399c0>>, mixin_verb=('build',))
[0.892s] Level 1:colcon.colcon_core.package_discovery:discover_packages(colcon_meta) check parameters
[0.892s] Level 1:colcon.colcon_core.package_discovery:discover_packages(recursive) check parameters
[0.892s] Level 1:colcon.colcon_core.package_discovery:discover_packages(ignore) check parameters
[0.893s] Level 1:colcon.colcon_core.package_discovery:discover_packages(path) check parameters
[0.893s] Level 1:colcon.colcon_core.package_discovery:discover_packages(colcon_meta) discover
[0.893s] Level 1:colcon.colcon_core.package_discovery:discover_packages(recursive) discover
[0.893s] INFO:colcon.colcon_core.package_discovery:Crawling recursively for packages in '/home/user/ros2_px4_offboard_example_ws'
[0.894s] Level 1:colcon.colcon_core.package_identification:_identify(.) by extensions ['ignore', 'ignore_ament_install']
[0.894s] Level 1:colcon.colcon_core.package_identification:_identify(.) by extension 'ignore'
[0.894s] Level 1:colcon.colcon_core.package_identification:_identify(.) by extension 'ignore_ament_install'
[0.895s] Level 1:colcon.colcon_core.package_identification:_identify(.) by extensions ['colcon_pkg']
[0.895s] Level 1:colcon.colcon_core.package_identification:_identify(.) by extension 'colcon_pkg'
[0.895s] Level 1:colcon.colcon_core.package_identification:_identify(.) by extensions ['colcon_meta']
[0.895s] Level 1:colcon.colcon_core.package_identification:_identify(.) by extension 'colcon_meta'
[0.895s] Level 1:colcon.colcon_core.package_identification:_identify(.) by extensions ['ros']
[0.895s] Level 1:colcon.colcon_core.package_identification:_identify(.) by extension 'ros'
[0.978s] Level 1:colcon.colcon_core.package_identification:_identify(.) by extensions ['cmake', 'python']
[0.978s] Level 1:colcon.colcon_core.package_identification:_identify(.) by extension 'cmake'
[0.979s] Level 1:colcon.colcon_core.package_identification:_identify(.) by extension 'python'
[0.979s] Level 1:colcon.colcon_core.package_identification:_identify(.) by extensions ['python_setup_py']
[0.979s] Level 1:colcon.colcon_core.package_identification:_identify(.) by extension 'python_setup_py'
[0.979s] Level 1:colcon.colcon_core.package_identification:_identify(build) by extensions ['ignore', 'ignore_ament_install']
[0.979s] Level 1:colcon.colcon_core.package_identification:_identify(build) by extension 'ignore'
[0.979s] Level 1:colcon.colcon_core.package_identification:_identify(build) ignored
[0.979s] Level 1:colcon.colcon_core.package_identification:_identify(install) by extensions ['ignore', 'ignore_ament_install']
[0.980s] Level 1:colcon.colcon_core.package_identification:_identify(install) by extension 'ignore'
[0.980s] Level 1:colcon.colcon_core.package_identification:_identify(install) ignored
[0.980s] Level 1:colcon.colcon_core.package_identification:_identify(log) by extensions ['ignore', 'ignore_ament_install']
[0.980s] Level 1:colcon.colcon_core.package_identification:_identify(log) by extension 'ignore'
[0.980s] Level 1:colcon.colcon_core.package_identification:_identify(log) ignored
[0.980s] Level 1:colcon.colcon_core.package_identification:_identify(src) by extensions ['ignore', 'ignore_ament_install']
[0.980s] Level 1:colcon.colcon_core.package_identification:_identify(src) by extension 'ignore'
[0.980s] Level 1:colcon.colcon_core.package_identification:_identify(src) by extension 'ignore_ament_install'
[0.981s] Level 1:colcon.colcon_core.package_identification:_identify(src) by extensions ['colcon_pkg']
[0.981s] Level 1:colcon.colcon_core.package_identification:_identify(src) by extension 'colcon_pkg'
[0.981s] Level 1:colcon.colcon_core.package_identification:_identify(src) by extensions ['colcon_meta']
[0.981s] Level 1:colcon.colcon_core.package_identification:_identify(src) by extension 'colcon_meta'
[0.981s] Level 1:colcon.colcon_core.package_identification:_identify(src) by extensions ['ros']
[0.981s] Level 1:colcon.colcon_core.package_identification:_identify(src) by extension 'ros'
[0.981s] Level 1:colcon.colcon_core.package_identification:_identify(src) by extensions ['cmake', 'python']
[0.981s] Level 1:colcon.colcon_core.package_identification:_identify(src) by extension 'cmake'
[0.981s] Level 1:colcon.colcon_core.package_identification:_identify(src) by extension 'python'
[0.981s] Level 1:colcon.colcon_core.package_identification:_identify(src) by extensions ['python_setup_py']
[0.981s] Level 1:colcon.colcon_core.package_identification:_identify(src) by extension 'python_setup_py'
[0.981s] Level 1:colcon.colcon_core.package_identification:_identify(src/ROS2_PX4_Offboard_Example) by extensions ['ignore', 'ignore_ament_install']
[0.982s] Level 1:colcon.colcon_core.package_identification:_identify(src/ROS2_PX4_Offboard_Example) by extension 'ignore'
[0.982s] Level 1:colcon.colcon_core.package_identification:_identify(src/ROS2_PX4_Offboard_Example) by extension 'ignore_ament_install'
[0.982s] Level 1:colcon.colcon_core.package_identification:_identify(src/ROS2_PX4_Offboard_Example) by extensions ['colcon_pkg']
[0.982s] Level 1:colcon.colcon_core.package_identification:_identify(src/ROS2_PX4_Offboard_Example) by extension 'colcon_pkg'
[0.982s] Level 1:colcon.colcon_core.package_identification:_identify(src/ROS2_PX4_Offboard_Example) by extensions ['colcon_meta']
[0.982s] Level 1:colcon.colcon_core.package_identification:_identify(src/ROS2_PX4_Offboard_Example) by extension 'colcon_meta'
[0.982s] Level 1:colcon.colcon_core.package_identification:_identify(src/ROS2_PX4_Offboard_Example) by extensions ['ros']
[0.982s] Level 1:colcon.colcon_core.package_identification:_identify(src/ROS2_PX4_Offboard_Example) by extension 'ros'
[0.982s] Level 1:colcon.colcon_core.package_identification:_identify(src/ROS2_PX4_Offboard_Example) by extensions ['cmake', 'python']
[0.982s] Level 1:colcon.colcon_core.package_identification:_identify(src/ROS2_PX4_Offboard_Example) by extension 'cmake'
[0.982s] Level 1:colcon.colcon_core.package_identification:_identify(src/ROS2_PX4_Offboard_Example) by extension 'python'
[0.982s] Level 1:colcon.colcon_core.package_identification:_identify(src/ROS2_PX4_Offboard_Example) by extensions ['python_setup_py']
[0.982s] Level 1:colcon.colcon_core.package_identification:_identify(src/ROS2_PX4_Offboard_Example) by extension 'python_setup_py'
[0.983s] Level 1:colcon.colcon_core.package_identification:_identify(src/ROS2_PX4_Offboard_Example/px4_offboard) by extensions ['ignore', 'ignore_ament_install']
[0.983s] Level 1:colcon.colcon_core.package_identification:_identify(src/ROS2_PX4_Offboard_Example/px4_offboard) by extension 'ignore'
[0.983s] Level 1:colcon.colcon_core.package_identification:_identify(src/ROS2_PX4_Offboard_Example/px4_offboard) by extension 'ignore_ament_install'
[0.983s] Level 1:colcon.colcon_core.package_identification:_identify(src/ROS2_PX4_Offboard_Example/px4_offboard) by extensions ['colcon_pkg']
[0.983s] Level 1:colcon.colcon_core.package_identification:_identify(src/ROS2_PX4_Offboard_Example/px4_offboard) by extension 'colcon_pkg'
[0.983s] Level 1:colcon.colcon_core.package_identification:_identify(src/ROS2_PX4_Offboard_Example/px4_offboard) by extensions ['colcon_meta']
[0.983s] Level 1:colcon.colcon_core.package_identification:_identify(src/ROS2_PX4_Offboard_Example/px4_offboard) by extension 'colcon_meta'
[0.983s] Level 1:colcon.colcon_core.package_identification:_identify(src/ROS2_PX4_Offboard_Example/px4_offboard) by extensions ['ros']
[0.983s] Level 1:colcon.colcon_core.package_identification:_identify(src/ROS2_PX4_Offboard_Example/px4_offboard) by extension 'ros'
[0.996s] DEBUG:colcon.colcon_core.package_identification:Package 'src/ROS2_PX4_Offboard_Example/px4_offboard' with type 'ros.ament_python' and name 'px4_offboard'
[0.996s] Level 1:colcon.colcon_core.package_identification:_identify(src/build) by extensions ['ignore', 'ignore_ament_install']
[0.996s] Level 1:colcon.colcon_core.package_identification:_identify(src/build) by extension 'ignore'
[0.997s] Level 1:colcon.colcon_core.package_identification:_identify(src/build) ignored
[0.997s] Level 1:colcon.colcon_core.package_identification:_identify(src/install) by extensions ['ignore', 'ignore_ament_install']
[0.997s] Level 1:colcon.colcon_core.package_identification:_identify(src/install) by extension 'ignore'
[0.997s] Level 1:colcon.colcon_core.package_identification:_identify(src/install) ignored
[0.997s] Level 1:colcon.colcon_core.package_identification:_identify(src/log) by extensions ['ignore', 'ignore_ament_install']
[0.997s] Level 1:colcon.colcon_core.package_identification:_identify(src/log) by extension 'ignore'
[0.997s] Level 1:colcon.colcon_core.package_identification:_identify(src/log) ignored
[0.997s] Level 1:colcon.colcon_core.package_identification:_identify(src/px4_msgs) by extensions ['ignore', 'ignore_ament_install']
[0.997s] Level 1:colcon.colcon_core.package_identification:_identify(src/px4_msgs) by extension 'ignore'
[0.997s] Level 1:colcon.colcon_core.package_identification:_identify(src/px4_msgs) by extension 'ignore_ament_install'
[0.997s] Level 1:colcon.colcon_core.package_identification:_identify(src/px4_msgs) by extensions ['colcon_pkg']
[0.998s] Level 1:colcon.colcon_core.package_identification:_identify(src/px4_msgs) by extension 'colcon_pkg'
[0.998s] Level 1:colcon.colcon_core.package_identification:_identify(src/px4_msgs) by extensions ['colcon_meta']
[0.998s] Level 1:colcon.colcon_core.package_identification:_identify(src/px4_msgs) by extension 'colcon_meta'
[0.998s] Level 1:colcon.colcon_core.package_identification:_identify(src/px4_msgs) by extensions ['ros']
[0.998s] Level 1:colcon.colcon_core.package_identification:_identify(src/px4_msgs) by extension 'ros'
[0.999s] DEBUG:colcon.colcon_core.package_identification:Package 'src/px4_msgs' with type 'ros.ament_cmake' and name 'px4_msgs'
[0.999s] Level 1:colcon.colcon_core.package_discovery:discover_packages(recursive) using defaults
[0.999s] Level 1:colcon.colcon_core.package_discovery:discover_packages(ignore) discover
[0.999s] Level 1:colcon.colcon_core.package_discovery:discover_packages(ignore) using defaults
[0.999s] Level 1:colcon.colcon_core.package_discovery:discover_packages(path) discover
[0.999s] Level 1:colcon.colcon_core.package_discovery:discover_packages(path) using defaults
[1.067s] Level 1:colcon.colcon_core.package_discovery:discover_packages(prefix_path) check parameters
[1.067s] Level 1:colcon.colcon_core.package_discovery:discover_packages(prefix_path) discover
[1.097s] DEBUG:colcon.colcon_installed_package_information.package_discovery:Found 1 installed packages in /home/user/ros2_ws/install
[1.099s] DEBUG:colcon.colcon_installed_package_information.package_discovery:Found 283 installed packages in /opt/ros/humble
[1.100s] Level 1:colcon.colcon_core.package_discovery:discover_packages(prefix_path) using defaults
[1.208s] Level 5:colcon.colcon_core.verb:set package 'px4_msgs' build argument 'cmake_args' from command line to 'None'
[1.208s] Level 5:colcon.colcon_core.verb:set package 'px4_msgs' build argument 'cmake_target' from command line to 'None'
[1.208s] Level 5:colcon.colcon_core.verb:set package 'px4_msgs' build argument 'cmake_target_skip_unavailable' from command line to 'False'
[1.208s] Level 5:colcon.colcon_core.verb:set package 'px4_msgs' build argument 'cmake_clean_cache' from command line to 'False'
[1.208s] Level 5:colcon.colcon_core.verb:set package 'px4_msgs' build argument 'cmake_clean_first' from command line to 'False'
[1.209s] Level 5:colcon.colcon_core.verb:set package 'px4_msgs' build argument 'cmake_force_configure' from command line to 'False'
[1.209s] Level 5:colcon.colcon_core.verb:set package 'px4_msgs' build argument 'ament_cmake_args' from command line to 'None'
[1.209s] Level 5:colcon.colcon_core.verb:set package 'px4_msgs' build argument 'catkin_cmake_args' from command line to 'None'
[1.209s] Level 5:colcon.colcon_core.verb:set package 'px4_msgs' build argument 'catkin_skip_building_tests' from command line to 'False'
[1.209s] DEBUG:colcon.colcon_core.verb:Building package 'px4_msgs' with the following arguments: {'ament_cmake_args': None, 'build_base': '/home/user/ros2_px4_offboard_example_ws/build/px4_msgs', 'catkin_cmake_args': None, 'catkin_skip_building_tests': False, 'cmake_args': None, 'cmake_clean_cache': False, 'cmake_clean_first': False, 'cmake_force_configure': False, 'cmake_target': None, 'cmake_target_skip_unavailable': False, 'install_base': '/home/user/ros2_px4_offboard_example_ws/install/px4_msgs', 'merge_install': False, 'path': '/home/user/ros2_px4_offboard_example_ws/src/px4_msgs', 'symlink_install': False, 'test_result_base': None}
[1.209s] Level 5:colcon.colcon_core.verb:set package 'px4_offboard' build argument 'cmake_args' from command line to 'None'
[1.209s] Level 5:colcon.colcon_core.verb:set package 'px4_offboard' build argument 'cmake_target' from command line to 'None'
[1.209s] Level 5:colcon.colcon_core.verb:set package 'px4_offboard' build argument 'cmake_target_skip_unavailable' from command line to 'False'
[1.209s] Level 5:colcon.colcon_core.verb:set package 'px4_offboard' build argument 'cmake_clean_cache' from command line to 'False'
[1.209s] Level 5:colcon.colcon_core.verb:set package 'px4_offboard' build argument 'cmake_clean_first' from command line to 'False'
[1.209s] Level 5:colcon.colcon_core.verb:set package 'px4_offboard' build argument 'cmake_force_configure' from command line to 'False'
[1.209s] Level 5:colcon.colcon_core.verb:set package 'px4_offboard' build argument 'ament_cmake_args' from command line to 'None'
[1.209s] Level 5:colcon.colcon_core.verb:set package 'px4_offboard' build argument 'catkin_cmake_args' from command line to 'None'
[1.209s] Level 5:colcon.colcon_core.verb:set package 'px4_offboard' build argument 'catkin_skip_building_tests' from command line to 'False'
[1.209s] DEBUG:colcon.colcon_core.verb:Building package 'px4_offboard' with the following arguments: {'ament_cmake_args': None, 'build_base': '/home/user/ros2_px4_offboard_example_ws/build/px4_offboard', 'catkin_cmake_args': None, 'catkin_skip_building_tests': False, 'cmake_args': None, 'cmake_clean_cache': False, 'cmake_clean_first': False, 'cmake_force_configure': False, 'cmake_target': None, 'cmake_target_skip_unavailable': False, 'install_base': '/home/user/ros2_px4_offboard_example_ws/install/px4_offboard', 'merge_install': False, 'path': '/home/user/ros2_px4_offboard_example_ws/src/ROS2_PX4_Offboard_Example/px4_offboard', 'symlink_install': False, 'test_result_base': None}
[1.209s] INFO:colcon.colcon_core.executor:Executing jobs using 'parallel' executor
[1.210s] DEBUG:colcon.colcon_parallel_executor.executor.parallel:run_until_complete
[1.211s] INFO:colcon.colcon_ros.task.ament_cmake.build:Building ROS package in '/home/user/ros2_px4_offboard_example_ws/src/px4_msgs' with build type 'ament_cmake'
[1.211s] INFO:colcon.colcon_cmake.task.cmake.build:Building CMake package in '/home/user/ros2_px4_offboard_example_ws/src/px4_msgs'
[1.233s] INFO:colcon.colcon_core.plugin_system:Skipping extension 'colcon_core.shell.bat': Not used on non-Windows systems
[1.234s] INFO:colcon.colcon_core.shell:Skip shell extension 'powershell' for command environment: Not usable outside of PowerShell
[1.234s] DEBUG:colcon.colcon_core.shell:Skip shell extension 'dsv' for command environment
[1.280s] DEBUG:colcon.colcon_core.event_handler.log_command:Invoking command in '/home/user/ros2_px4_offboard_example_ws/build/px4_msgs': CMAKE_PREFIX_PATH=${CMAKE_PREFIX_PATH}:/opt/ros/humble /usr/bin/cmake --build /home/user/ros2_px4_offboard_example_ws/build/px4_msgs -- -j12 -l12
[2.289s] DEBUG:colcon.colcon_core.event_handler.log_command:Invoked command in '/home/user/ros2_px4_offboard_example_ws/build/px4_msgs' returned '0': CMAKE_PREFIX_PATH=${CMAKE_PREFIX_PATH}:/opt/ros/humble /usr/bin/cmake --build /home/user/ros2_px4_offboard_example_ws/build/px4_msgs -- -j12 -l12
[15.634s] DEBUG:colcon.colcon_core.event_handler.log_command:Invoking command in '/home/user/ros2_px4_offboard_example_ws/build/px4_msgs': CMAKE_PREFIX_PATH=${CMAKE_PREFIX_PATH}:/opt/ros/humble /usr/bin/cmake --install /home/user/ros2_px4_offboard_example_ws/build/px4_msgs
[15.977s] Level 1:colcon.colcon_core.environment:create_environment_scripts_only(px4_msgs)
[15.992s] DEBUG:colcon.colcon_core.event_handler.log_command:Invoked command in '/home/user/ros2_px4_offboard_example_ws/build/px4_msgs' returned '0': CMAKE_PREFIX_PATH=${CMAKE_PREFIX_PATH}:/opt/ros/humble /usr/bin/cmake --install /home/user/ros2_px4_offboard_example_ws/build/px4_msgs
[16.002s] Level 1:colcon.colcon_core.environment:checking '/home/user/ros2_px4_offboard_example_ws/install/px4_msgs' for CMake module files
[16.002s] Level 1:colcon.colcon_core.environment:checking '/home/user/ros2_px4_offboard_example_ws/install/px4_msgs' for CMake config files
[16.006s] Level 1:colcon.colcon_core.shell:create_environment_hook('px4_msgs', 'cmake_prefix_path')
[16.006s] INFO:colcon.colcon_core.shell:Creating environment hook '/home/user/ros2_px4_offboard_example_ws/install/px4_msgs/share/px4_msgs/hook/cmake_prefix_path.ps1'
[16.015s] INFO:colcon.colcon_core.shell:Creating environment descriptor '/home/user/ros2_px4_offboard_example_ws/install/px4_msgs/share/px4_msgs/hook/cmake_prefix_path.dsv'
[16.029s] INFO:colcon.colcon_core.shell:Creating environment hook '/home/user/ros2_px4_offboard_example_ws/install/px4_msgs/share/px4_msgs/hook/cmake_prefix_path.sh'
[16.031s] Level 1:colcon.colcon_core.environment:checking '/home/user/ros2_px4_offboard_example_ws/install/px4_msgs/lib'
[16.031s] Level 1:colcon.colcon_core.shell:create_environment_hook('px4_msgs', 'ld_library_path_lib')
[16.031s] INFO:colcon.colcon_core.shell:Creating environment hook '/home/user/ros2_px4_offboard_example_ws/install/px4_msgs/share/px4_msgs/hook/ld_library_path_lib.ps1'
[16.031s] INFO:colcon.colcon_core.shell:Creating environment descriptor '/home/user/ros2_px4_offboard_example_ws/install/px4_msgs/share/px4_msgs/hook/ld_library_path_lib.dsv'
[16.032s] INFO:colcon.colcon_core.shell:Creating environment hook '/home/user/ros2_px4_offboard_example_ws/install/px4_msgs/share/px4_msgs/hook/ld_library_path_lib.sh'
[16.032s] Level 1:colcon.colcon_core.environment:checking '/home/user/ros2_px4_offboard_example_ws/install/px4_msgs/bin'
[16.032s] Level 1:colcon.colcon_core.environment:checking '/home/user/ros2_px4_offboard_example_ws/install/px4_msgs/lib/pkgconfig/px4_msgs.pc'
[16.032s] Level 1:colcon.colcon_core.environment:checking '/home/user/ros2_px4_offboard_example_ws/install/px4_msgs/lib/python3.10/site-packages'
[16.032s] Level 1:colcon.colcon_core.environment:checking '/home/user/ros2_px4_offboard_example_ws/install/px4_msgs/bin'
[16.033s] INFO:colcon.colcon_core.shell:Creating package script '/home/user/ros2_px4_offboard_example_ws/install/px4_msgs/share/px4_msgs/package.ps1'
[16.033s] INFO:colcon.colcon_core.shell:Creating package descriptor '/home/user/ros2_px4_offboard_example_ws/install/px4_msgs/share/px4_msgs/package.dsv'
[16.034s] INFO:colcon.colcon_core.shell:Creating package script '/home/user/ros2_px4_offboard_example_ws/install/px4_msgs/share/px4_msgs/package.sh'
[16.035s] INFO:colcon.colcon_core.shell:Creating package script '/home/user/ros2_px4_offboard_example_ws/install/px4_msgs/share/px4_msgs/package.bash'
[16.043s] INFO:colcon.colcon_core.shell:Creating package script '/home/user/ros2_px4_offboard_example_ws/install/px4_msgs/share/px4_msgs/package.zsh'
[16.055s] Level 1:colcon.colcon_core.environment:create_file_with_runtime_dependencies(/home/user/ros2_px4_offboard_example_ws/install/px4_msgs/share/colcon-core/packages/px4_msgs)
[23.142s] Level 1:colcon.colcon_core.environment:create_environment_scripts_only(px4_msgs)
[23.143s] Level 1:colcon.colcon_core.environment:checking '/home/user/ros2_px4_offboard_example_ws/install/px4_msgs' for CMake module files
[23.146s] Level 1:colcon.colcon_core.environment:checking '/home/user/ros2_px4_offboard_example_ws/install/px4_msgs' for CMake config files
[23.161s] Level 1:colcon.colcon_core.shell:create_environment_hook('px4_msgs', 'cmake_prefix_path')
[23.162s] INFO:colcon.colcon_core.shell:Creating environment hook '/home/user/ros2_px4_offboard_example_ws/install/px4_msgs/share/px4_msgs/hook/cmake_prefix_path.ps1'
[23.163s] INFO:colcon.colcon_core.shell:Creating environment descriptor '/home/user/ros2_px4_offboard_example_ws/install/px4_msgs/share/px4_msgs/hook/cmake_prefix_path.dsv'
[23.163s] INFO:colcon.colcon_core.shell:Creating environment hook '/home/user/ros2_px4_offboard_example_ws/install/px4_msgs/share/px4_msgs/hook/cmake_prefix_path.sh'
[23.164s] Level 1:colcon.colcon_core.environment:checking '/home/user/ros2_px4_offboard_example_ws/install/px4_msgs/lib'
[23.164s] Level 1:colcon.colcon_core.shell:create_environment_hook('px4_msgs', 'ld_library_path_lib')
[23.165s] INFO:colcon.colcon_core.shell:Creating environment hook '/home/user/ros2_px4_offboard_example_ws/install/px4_msgs/share/px4_msgs/hook/ld_library_path_lib.ps1'
[23.165s] INFO:colcon.colcon_core.shell:Creating environment descriptor '/home/user/ros2_px4_offboard_example_ws/install/px4_msgs/share/px4_msgs/hook/ld_library_path_lib.dsv'
[23.166s] INFO:colcon.colcon_core.shell:Creating environment hook '/home/user/ros2_px4_offboard_example_ws/install/px4_msgs/share/px4_msgs/hook/ld_library_path_lib.sh'
[23.166s] Level 1:colcon.colcon_core.environment:checking '/home/user/ros2_px4_offboard_example_ws/install/px4_msgs/bin'
[23.166s] Level 1:colcon.colcon_core.environment:checking '/home/user/ros2_px4_offboard_example_ws/install/px4_msgs/lib/pkgconfig/px4_msgs.pc'
[23.167s] Level 1:colcon.colcon_core.environment:checking '/home/user/ros2_px4_offboard_example_ws/install/px4_msgs/lib/python3.10/site-packages'
[23.167s] Level 1:colcon.colcon_core.environment:checking '/home/user/ros2_px4_offboard_example_ws/install/px4_msgs/bin'
[23.168s] INFO:colcon.colcon_core.shell:Creating package script '/home/user/ros2_px4_offboard_example_ws/install/px4_msgs/share/px4_msgs/package.ps1'
[23.169s] INFO:colcon.colcon_core.shell:Creating package descriptor '/home/user/ros2_px4_offboard_example_ws/install/px4_msgs/share/px4_msgs/package.dsv'
[23.169s] INFO:colcon.colcon_core.shell:Creating package script '/home/user/ros2_px4_offboard_example_ws/install/px4_msgs/share/px4_msgs/package.sh'
[23.170s] INFO:colcon.colcon_core.shell:Creating package script '/home/user/ros2_px4_offboard_example_ws/install/px4_msgs/share/px4_msgs/package.bash'
[23.171s] INFO:colcon.colcon_core.shell:Creating package script '/home/user/ros2_px4_offboard_example_ws/install/px4_msgs/share/px4_msgs/package.zsh'
[23.171s] Level 1:colcon.colcon_core.environment:create_file_with_runtime_dependencies(/home/user/ros2_px4_offboard_example_ws/install/px4_msgs/share/colcon-core/packages/px4_msgs)
[23.172s] INFO:colcon.colcon_ros.task.ament_python.build:Building ROS package in '/home/user/ros2_px4_offboard_example_ws/src/ROS2_PX4_Offboard_Example/px4_offboard' with build type 'ament_python'
[23.172s] Level 1:colcon.colcon_core.shell:create_environment_hook('px4_offboard', 'ament_prefix_path')
[23.172s] INFO:colcon.colcon_core.shell:Creating environment hook '/home/user/ros2_px4_offboard_example_ws/install/px4_offboard/share/px4_offboard/hook/ament_prefix_path.ps1'
[23.173s] INFO:colcon.colcon_core.shell:Creating environment descriptor '/home/user/ros2_px4_offboard_example_ws/install/px4_offboard/share/px4_offboard/hook/ament_prefix_path.dsv'
[23.174s] INFO:colcon.colcon_core.shell:Creating environment hook '/home/user/ros2_px4_offboard_example_ws/install/px4_offboard/share/px4_offboard/hook/ament_prefix_path.sh'
[23.174s] INFO:colcon.colcon_core.shell:Skip shell extension 'powershell' for command environment: Not usable outside of PowerShell
[23.174s] DEBUG:colcon.colcon_core.shell:Skip shell extension 'dsv' for command environment
[23.353s] INFO:colcon.colcon_core.task.python.build:Building Python package in '/home/user/ros2_px4_offboard_example_ws/src/ROS2_PX4_Offboard_Example/px4_offboard'
[23.353s] INFO:colcon.colcon_core.shell:Skip shell extension 'powershell' for command environment: Not usable outside of PowerShell
[23.353s] DEBUG:colcon.colcon_core.shell:Skip shell extension 'dsv' for command environment
[23.990s] DEBUG:colcon.colcon_core.event_handler.log_command:Invoking command in '/home/user/ros2_px4_offboard_example_ws/src/ROS2_PX4_Offboard_Example/px4_offboard': AMENT_PREFIX_PATH=/home/user/ros2_px4_offboard_example_ws/install/px4_msgs:${AMENT_PREFIX_PATH} CMAKE_PREFIX_PATH=/home/user/ros2_px4_offboard_example_ws/install/px4_msgs:${CMAKE_PREFIX_PATH} LD_LIBRARY_PATH=/home/user/ros2_px4_offboard_example_ws/install/px4_msgs/lib:${LD_LIBRARY_PATH} PYTHONPATH=/home/user/ros2_px4_offboard_example_ws/build/px4_offboard/prefix_override:/home/user/ros2_px4_offboard_example_ws/install/px4_offboard/lib/python3.10/site-packages:/home/user/ros2_px4_offboard_example_ws/install/px4_msgs/local/lib/python3.10/dist-packages:${PYTHONPATH} /usr/bin/python3 -W ignore:setup.py install is deprecated setup.py egg_info --egg-base ../../../build/px4_offboard build --build-base /home/user/ros2_px4_offboard_example_ws/build/px4_offboard/build install --record /home/user/ros2_px4_offboard_example_ws/build/px4_offboard/install.log --single-version-externally-managed install_data
[24.424s] Level 1:colcon.colcon_core.environment:checking '/home/user/ros2_px4_offboard_example_ws/install/px4_offboard' for CMake module files
[24.425s] DEBUG:colcon.colcon_core.event_handler.log_command:Invoked command in '/home/user/ros2_px4_offboard_example_ws/src/ROS2_PX4_Offboard_Example/px4_offboard' returned '0': AMENT_PREFIX_PATH=/home/user/ros2_px4_offboard_example_ws/install/px4_msgs:${AMENT_PREFIX_PATH} CMAKE_PREFIX_PATH=/home/user/ros2_px4_offboard_example_ws/install/px4_msgs:${CMAKE_PREFIX_PATH} LD_LIBRARY_PATH=/home/user/ros2_px4_offboard_example_ws/install/px4_msgs/lib:${LD_LIBRARY_PATH} PYTHONPATH=/home/user/ros2_px4_offboard_example_ws/build/px4_offboard/prefix_override:/home/user/ros2_px4_offboard_example_ws/install/px4_offboard/lib/python3.10/site-packages:/home/user/ros2_px4_offboard_example_ws/install/px4_msgs/local/lib/python3.10/dist-packages:${PYTHONPATH} /usr/bin/python3 -W ignore:setup.py install is deprecated setup.py egg_info --egg-base ../../../build/px4_offboard build --build-base /home/user/ros2_px4_offboard_example_ws/build/px4_offboard/build install --record /home/user/ros2_px4_offboard_example_ws/build/px4_offboard/install.log --single-version-externally-managed install_data
[24.425s] Level 1:colcon.colcon_core.environment:checking '/home/user/ros2_px4_offboard_example_ws/install/px4_offboard' for CMake config files
[24.425s] Level 1:colcon.colcon_core.environment:checking '/home/user/ros2_px4_offboard_example_ws/install/px4_offboard/lib'
[24.425s] Level 1:colcon.colcon_core.environment:checking '/home/user/ros2_px4_offboard_example_ws/install/px4_offboard/bin'
[24.425s] Level 1:colcon.colcon_core.environment:checking '/home/user/ros2_px4_offboard_example_ws/install/px4_offboard/lib/pkgconfig/px4_offboard.pc'
[24.426s] Level 1:colcon.colcon_core.environment:checking '/home/user/ros2_px4_offboard_example_ws/install/px4_offboard/lib/python3.10/site-packages'
[24.426s] Level 1:colcon.colcon_core.shell:create_environment_hook('px4_offboard', 'pythonpath')
[24.426s] INFO:colcon.colcon_core.shell:Creating environment hook '/home/user/ros2_px4_offboard_example_ws/install/px4_offboard/share/px4_offboard/hook/pythonpath.ps1'
[24.426s] INFO:colcon.colcon_core.shell:Creating environment descriptor '/home/user/ros2_px4_offboard_example_ws/install/px4_offboard/share/px4_offboard/hook/pythonpath.dsv'
[24.426s] INFO:colcon.colcon_core.shell:Creating environment hook '/home/user/ros2_px4_offboard_example_ws/install/px4_offboard/share/px4_offboard/hook/pythonpath.sh'
[24.427s] Level 1:colcon.colcon_core.environment:checking '/home/user/ros2_px4_offboard_example_ws/install/px4_offboard/bin'
[24.427s] Level 1:colcon.colcon_core.environment:create_environment_scripts_only(px4_offboard)
[24.427s] INFO:colcon.colcon_core.shell:Creating package script '/home/user/ros2_px4_offboard_example_ws/install/px4_offboard/share/px4_offboard/package.ps1'
[24.428s] INFO:colcon.colcon_core.shell:Creating package descriptor '/home/user/ros2_px4_offboard_example_ws/install/px4_offboard/share/px4_offboard/package.dsv'
[24.428s] INFO:colcon.colcon_core.shell:Creating package script '/home/user/ros2_px4_offboard_example_ws/install/px4_offboard/share/px4_offboard/package.sh'
[24.428s] INFO:colcon.colcon_core.shell:Creating package script '/home/user/ros2_px4_offboard_example_ws/install/px4_offboard/share/px4_offboard/package.bash'
[24.428s] INFO:colcon.colcon_core.shell:Creating package script '/home/user/ros2_px4_offboard_example_ws/install/px4_offboard/share/px4_offboard/package.zsh'
[24.429s] Level 1:colcon.colcon_core.environment:create_file_with_runtime_dependencies(/home/user/ros2_px4_offboard_example_ws/install/px4_offboard/share/colcon-core/packages/px4_offboard)
[24.429s] DEBUG:colcon.colcon_parallel_executor.executor.parallel:closing loop
[24.429s] DEBUG:colcon.colcon_parallel_executor.executor.parallel:loop closed
[24.429s] DEBUG:colcon.colcon_parallel_executor.executor.parallel:run_until_complete finished with '0'
[24.429s] DEBUG:colcon.colcon_core.event_reactor:joining thread
[24.490s] INFO:colcon.colcon_core.plugin_system:Skipping extension 'colcon_notification.desktop_notification.terminal_notifier': Not used on non-Darwin systems
[24.490s] INFO:colcon.colcon_core.plugin_system:Skipping extension 'colcon_notification.desktop_notification.win32': Not used on non-Windows systems
[24.490s] INFO:colcon.colcon_notification.desktop_notification:Sending desktop notification using 'notify2'
[24.500s] DEBUG:colcon.colcon_core.event_reactor:joined thread
[24.501s] INFO:colcon.colcon_core.shell:Creating prefix script '/home/user/ros2_px4_offboard_example_ws/install/local_setup.ps1'
[24.521s] INFO:colcon.colcon_core.shell:Creating prefix util module '/home/user/ros2_px4_offboard_example_ws/install/_local_setup_util_ps1.py'
[24.535s] INFO:colcon.colcon_core.shell:Creating prefix chain script '/home/user/ros2_px4_offboard_example_ws/install/setup.ps1'
[24.537s] INFO:colcon.colcon_core.shell:Creating prefix script '/home/user/ros2_px4_offboard_example_ws/install/local_setup.sh'
[24.542s] INFO:colcon.colcon_core.shell:Creating prefix util module '/home/user/ros2_px4_offboard_example_ws/install/_local_setup_util_sh.py'
[24.543s] INFO:colcon.colcon_core.shell:Creating prefix chain script '/home/user/ros2_px4_offboard_example_ws/install/setup.sh'
[24.545s] INFO:colcon.colcon_core.shell:Creating prefix script '/home/user/ros2_px4_offboard_example_ws/install/local_setup.bash'
[24.555s] INFO:colcon.colcon_core.shell:Creating prefix chain script '/home/user/ros2_px4_offboard_example_ws/install/setup.bash'
[24.557s] INFO:colcon.colcon_core.shell:Creating prefix script '/home/user/ros2_px4_offboard_example_ws/install/local_setup.zsh'
[24.577s] INFO:colcon.colcon_core.shell:Creating prefix chain script '/home/user/ros2_px4_offboard_example_ws/install/setup.zsh'
