[0.448s] DEBUG:colcon:Command line arguments: ['/usr/bin/colcon', 'build']
[0.448s] DEBUG:colcon:Parsed command line arguments: Namespace(log_base=None, log_level=None, verb_name='build', build_base='build', install_base='install', merge_install=False, symlink_install=False, test_result_base=None, continue_on_error=False, executor='parallel', parallel_workers=12, event_handlers=None, ignore_user_meta=False, metas=['./colcon.meta'], base_paths=['.'], packages_ignore=None, packages_ignore_regex=None, paths=None, packages_up_to=None, packages_up_to_regex=None, packages_above=None, packages_above_and_dependencies=None, packages_above_depth=None, packages_select_by_dep=None, packages_skip_by_dep=None, packages_skip_up_to=None, packages_select_build_failed=False, packages_skip_build_finished=False, packages_select_test_failures=False, packages_skip_test_passed=False, packages_select=None, packages_skip=None, packages_select_regex=None, packages_skip_regex=None, packages_start=None, packages_end=None, allow_overriding=[], cmake_args=None, cmake_target=None, cmake_target_skip_unavailable=False, cmake_clean_cache=False, cmake_clean_first=False, cmake_force_configure=False, ament_cmake_args=None, catkin_cmake_args=None, catkin_skip_building_tests=False, mixin_files=None, mixin=None, verb_parser=<colcon_mixin.mixin.mixin_argument.MixinArgumentDecorator object at 0x7d4112c3a890>, verb_extension=<colcon_core.verb.build.BuildVerb object at 0x7d4112c3a020>, main=<bound method BuildVerb.main of <colcon_core.verb.build.BuildVerb object at 0x7d4112c3a020>>, mixin_verb=('build',))
[0.537s] Level 1:colcon.colcon_core.package_discovery:discover_packages(colcon_meta) check parameters
[0.538s] Level 1:colcon.colcon_core.package_discovery:discover_packages(recursive) check parameters
[0.538s] Level 1:colcon.colcon_core.package_discovery:discover_packages(ignore) check parameters
[0.538s] Level 1:colcon.colcon_core.package_discovery:discover_packages(path) check parameters
[0.538s] Level 1:colcon.colcon_core.package_discovery:discover_packages(colcon_meta) discover
[0.538s] Level 1:colcon.colcon_core.package_discovery:discover_packages(recursive) discover
[0.538s] INFO:colcon.colcon_core.package_discovery:Crawling recursively for packages in '/home/user/ws_offboard_control'
[0.538s] Level 1:colcon.colcon_core.package_identification:_identify(.) by extensions ['ignore', 'ignore_ament_install']
[0.538s] Level 1:colcon.colcon_core.package_identification:_identify(.) by extension 'ignore'
[0.538s] Level 1:colcon.colcon_core.package_identification:_identify(.) by extension 'ignore_ament_install'
[0.538s] Level 1:colcon.colcon_core.package_identification:_identify(.) by extensions ['colcon_pkg']
[0.538s] Level 1:colcon.colcon_core.package_identification:_identify(.) by extension 'colcon_pkg'
[0.538s] Level 1:colcon.colcon_core.package_identification:_identify(.) by extensions ['colcon_meta']
[0.538s] Level 1:colcon.colcon_core.package_identification:_identify(.) by extension 'colcon_meta'
[0.538s] Level 1:colcon.colcon_core.package_identification:_identify(.) by extensions ['ros']
[0.538s] Level 1:colcon.colcon_core.package_identification:_identify(.) by extension 'ros'
[0.580s] Level 1:colcon.colcon_core.package_identification:_identify(.) by extensions ['cmake', 'python']
[0.580s] Level 1:colcon.colcon_core.package_identification:_identify(.) by extension 'cmake'
[0.580s] Level 1:colcon.colcon_core.package_identification:_identify(.) by extension 'python'
[0.580s] Level 1:colcon.colcon_core.package_identification:_identify(.) by extensions ['python_setup_py']
[0.580s] Level 1:colcon.colcon_core.package_identification:_identify(.) by extension 'python_setup_py'
[0.580s] Level 1:colcon.colcon_core.package_identification:_identify(build) by extensions ['ignore', 'ignore_ament_install']
[0.580s] Level 1:colcon.colcon_core.package_identification:_identify(build) by extension 'ignore'
[0.580s] Level 1:colcon.colcon_core.package_identification:_identify(build) ignored
[0.580s] Level 1:colcon.colcon_core.package_identification:_identify(install) by extensions ['ignore', 'ignore_ament_install']
[0.580s] Level 1:colcon.colcon_core.package_identification:_identify(install) by extension 'ignore'
[0.580s] Level 1:colcon.colcon_core.package_identification:_identify(install) ignored
[0.580s] Level 1:colcon.colcon_core.package_identification:_identify(log) by extensions ['ignore', 'ignore_ament_install']
[0.580s] Level 1:colcon.colcon_core.package_identification:_identify(log) by extension 'ignore'
[0.580s] Level 1:colcon.colcon_core.package_identification:_identify(log) ignored
[0.580s] Level 1:colcon.colcon_core.package_identification:_identify(src) by extensions ['ignore', 'ignore_ament_install']
[0.580s] Level 1:colcon.colcon_core.package_identification:_identify(src) by extension 'ignore'
[0.580s] Level 1:colcon.colcon_core.package_identification:_identify(src) by extension 'ignore_ament_install'
[0.581s] Level 1:colcon.colcon_core.package_identification:_identify(src) by extensions ['colcon_pkg']
[0.581s] Level 1:colcon.colcon_core.package_identification:_identify(src) by extension 'colcon_pkg'
[0.581s] Level 1:colcon.colcon_core.package_identification:_identify(src) by extensions ['colcon_meta']
[0.581s] Level 1:colcon.colcon_core.package_identification:_identify(src) by extension 'colcon_meta'
[0.581s] Level 1:colcon.colcon_core.package_identification:_identify(src) by extensions ['ros']
[0.581s] Level 1:colcon.colcon_core.package_identification:_identify(src) by extension 'ros'
[0.581s] Level 1:colcon.colcon_core.package_identification:_identify(src) by extensions ['cmake', 'python']
[0.581s] Level 1:colcon.colcon_core.package_identification:_identify(src) by extension 'cmake'
[0.581s] Level 1:colcon.colcon_core.package_identification:_identify(src) by extension 'python'
[0.581s] Level 1:colcon.colcon_core.package_identification:_identify(src) by extensions ['python_setup_py']
[0.581s] Level 1:colcon.colcon_core.package_identification:_identify(src) by extension 'python_setup_py'
[0.581s] Level 1:colcon.colcon_core.package_identification:_identify(src/px4_msgs) by extensions ['ignore', 'ignore_ament_install']
[0.581s] Level 1:colcon.colcon_core.package_identification:_identify(src/px4_msgs) by extension 'ignore'
[0.581s] Level 1:colcon.colcon_core.package_identification:_identify(src/px4_msgs) by extension 'ignore_ament_install'
[0.581s] Level 1:colcon.colcon_core.package_identification:_identify(src/px4_msgs) by extensions ['colcon_pkg']
[0.581s] Level 1:colcon.colcon_core.package_identification:_identify(src/px4_msgs) by extension 'colcon_pkg'
[0.581s] Level 1:colcon.colcon_core.package_identification:_identify(src/px4_msgs) by extensions ['colcon_meta']
[0.581s] Level 1:colcon.colcon_core.package_identification:_identify(src/px4_msgs) by extension 'colcon_meta'
[0.581s] Level 1:colcon.colcon_core.package_identification:_identify(src/px4_msgs) by extensions ['ros']
[0.581s] Level 1:colcon.colcon_core.package_identification:_identify(src/px4_msgs) by extension 'ros'
[0.592s] DEBUG:colcon.colcon_core.package_identification:Package 'src/px4_msgs' with type 'ros.ament_cmake' and name 'px4_msgs'
[0.592s] Level 1:colcon.colcon_core.package_identification:_identify(src/px4_ros_com) by extensions ['ignore', 'ignore_ament_install']
[0.592s] Level 1:colcon.colcon_core.package_identification:_identify(src/px4_ros_com) by extension 'ignore'
[0.592s] Level 1:colcon.colcon_core.package_identification:_identify(src/px4_ros_com) by extension 'ignore_ament_install'
[0.592s] Level 1:colcon.colcon_core.package_identification:_identify(src/px4_ros_com) by extensions ['colcon_pkg']
[0.592s] Level 1:colcon.colcon_core.package_identification:_identify(src/px4_ros_com) by extension 'colcon_pkg'
[0.592s] Level 1:colcon.colcon_core.package_identification:_identify(src/px4_ros_com) by extensions ['colcon_meta']
[0.592s] Level 1:colcon.colcon_core.package_identification:_identify(src/px4_ros_com) by extension 'colcon_meta'
[0.592s] Level 1:colcon.colcon_core.package_identification:_identify(src/px4_ros_com) by extensions ['ros']
[0.592s] Level 1:colcon.colcon_core.package_identification:_identify(src/px4_ros_com) by extension 'ros'
[0.593s] DEBUG:colcon.colcon_core.package_identification:Package 'src/px4_ros_com' with type 'ros.ament_cmake' and name 'px4_ros_com'
[0.593s] Level 1:colcon.colcon_core.package_discovery:discover_packages(recursive) using defaults
[0.593s] Level 1:colcon.colcon_core.package_discovery:discover_packages(ignore) discover
[0.593s] Level 1:colcon.colcon_core.package_discovery:discover_packages(ignore) using defaults
[0.593s] Level 1:colcon.colcon_core.package_discovery:discover_packages(path) discover
[0.593s] Level 1:colcon.colcon_core.package_discovery:discover_packages(path) using defaults
[0.667s] Level 1:colcon.colcon_core.package_discovery:discover_packages(prefix_path) check parameters
[0.667s] Level 1:colcon.colcon_core.package_discovery:discover_packages(prefix_path) discover
[0.670s] DEBUG:colcon.colcon_installed_package_information.package_discovery:Found 1 installed packages in /home/user/ros2_ws/install
[0.673s] DEBUG:colcon.colcon_installed_package_information.package_discovery:Found 295 installed packages in /opt/ros/humble
[0.676s] Level 1:colcon.colcon_core.package_discovery:discover_packages(prefix_path) using defaults
[0.721s] Level 5:colcon.colcon_core.verb:set package 'px4_msgs' build argument 'cmake_args' from command line to 'None'
[0.721s] Level 5:colcon.colcon_core.verb:set package 'px4_msgs' build argument 'cmake_target' from command line to 'None'
[0.721s] Level 5:colcon.colcon_core.verb:set package 'px4_msgs' build argument 'cmake_target_skip_unavailable' from command line to 'False'
[0.721s] Level 5:colcon.colcon_core.verb:set package 'px4_msgs' build argument 'cmake_clean_cache' from command line to 'False'
[0.721s] Level 5:colcon.colcon_core.verb:set package 'px4_msgs' build argument 'cmake_clean_first' from command line to 'False'
[0.721s] Level 5:colcon.colcon_core.verb:set package 'px4_msgs' build argument 'cmake_force_configure' from command line to 'False'
[0.721s] Level 5:colcon.colcon_core.verb:set package 'px4_msgs' build argument 'ament_cmake_args' from command line to 'None'
[0.721s] Level 5:colcon.colcon_core.verb:set package 'px4_msgs' build argument 'catkin_cmake_args' from command line to 'None'
[0.721s] Level 5:colcon.colcon_core.verb:set package 'px4_msgs' build argument 'catkin_skip_building_tests' from command line to 'False'
[0.721s] DEBUG:colcon.colcon_core.verb:Building package 'px4_msgs' with the following arguments: {'ament_cmake_args': None, 'build_base': '/home/user/ws_offboard_control/build/px4_msgs', 'catkin_cmake_args': None, 'catkin_skip_building_tests': False, 'cmake_args': None, 'cmake_clean_cache': False, 'cmake_clean_first': False, 'cmake_force_configure': False, 'cmake_target': None, 'cmake_target_skip_unavailable': False, 'install_base': '/home/user/ws_offboard_control/install/px4_msgs', 'merge_install': False, 'path': '/home/user/ws_offboard_control/src/px4_msgs', 'symlink_install': False, 'test_result_base': None}
[0.721s] Level 5:colcon.colcon_core.verb:set package 'px4_ros_com' build argument 'cmake_args' from command line to 'None'
[0.721s] Level 5:colcon.colcon_core.verb:set package 'px4_ros_com' build argument 'cmake_target' from command line to 'None'
[0.721s] Level 5:colcon.colcon_core.verb:set package 'px4_ros_com' build argument 'cmake_target_skip_unavailable' from command line to 'False'
[0.721s] Level 5:colcon.colcon_core.verb:set package 'px4_ros_com' build argument 'cmake_clean_cache' from command line to 'False'
[0.721s] Level 5:colcon.colcon_core.verb:set package 'px4_ros_com' build argument 'cmake_clean_first' from command line to 'False'
[0.721s] Level 5:colcon.colcon_core.verb:set package 'px4_ros_com' build argument 'cmake_force_configure' from command line to 'False'
[0.721s] Level 5:colcon.colcon_core.verb:set package 'px4_ros_com' build argument 'ament_cmake_args' from command line to 'None'
[0.721s] Level 5:colcon.colcon_core.verb:set package 'px4_ros_com' build argument 'catkin_cmake_args' from command line to 'None'
[0.721s] Level 5:colcon.colcon_core.verb:set package 'px4_ros_com' build argument 'catkin_skip_building_tests' from command line to 'False'
[0.722s] DEBUG:colcon.colcon_core.verb:Building package 'px4_ros_com' with the following arguments: {'ament_cmake_args': None, 'build_base': '/home/user/ws_offboard_control/build/px4_ros_com', 'catkin_cmake_args': None, 'catkin_skip_building_tests': False, 'cmake_args': None, 'cmake_clean_cache': False, 'cmake_clean_first': False, 'cmake_force_configure': False, 'cmake_target': None, 'cmake_target_skip_unavailable': False, 'install_base': '/home/user/ws_offboard_control/install/px4_ros_com', 'merge_install': False, 'path': '/home/user/ws_offboard_control/src/px4_ros_com', 'symlink_install': False, 'test_result_base': None}
[0.722s] INFO:colcon.colcon_core.executor:Executing jobs using 'parallel' executor
[0.723s] DEBUG:colcon.colcon_parallel_executor.executor.parallel:run_until_complete
[0.723s] INFO:colcon.colcon_ros.task.ament_cmake.build:Building ROS package in '/home/user/ws_offboard_control/src/px4_msgs' with build type 'ament_cmake'
[0.723s] INFO:colcon.colcon_cmake.task.cmake.build:Building CMake package in '/home/user/ws_offboard_control/src/px4_msgs'
[0.725s] INFO:colcon.colcon_core.plugin_system:Skipping extension 'colcon_core.shell.bat': Not used on non-Windows systems
[0.725s] INFO:colcon.colcon_core.shell:Skip shell extension 'powershell' for command environment: Not usable outside of PowerShell
[0.725s] DEBUG:colcon.colcon_core.shell:Skip shell extension 'dsv' for command environment
[0.750s] DEBUG:colcon.colcon_core.event_handler.log_command:Invoking command in '/home/user/ws_offboard_control/build/px4_msgs': CMAKE_PREFIX_PATH=${CMAKE_PREFIX_PATH}:/opt/ros/humble PS1=(px4-venv) \[\e]0;\u@\h: \w\a\]${debian_chroot:+($debian_chroot)}\[\033[01;32m\]\u@\h\[\033[00m\]:\[\033[01;34m\]\w\[\033[00m\]\$ VIRTUAL_ENV_PROMPT=(px4-venv) /usr/bin/cmake --build /home/user/ws_offboard_control/build/px4_msgs -- -j12 -l12
[167.505s] DEBUG:colcon.colcon_core.event_handler.log_command:Invoked command in '/home/user/ws_offboard_control/build/px4_msgs' returned '0': CMAKE_PREFIX_PATH=${CMAKE_PREFIX_PATH}:/opt/ros/humble PS1=(px4-venv) \[\e]0;\u@\h: \w\a\]${debian_chroot:+($debian_chroot)}\[\033[01;32m\]\u@\h\[\033[00m\]:\[\033[01;34m\]\w\[\033[00m\]\$ VIRTUAL_ENV_PROMPT=(px4-venv) /usr/bin/cmake --build /home/user/ws_offboard_control/build/px4_msgs -- -j12 -l12
[176.249s] DEBUG:colcon.colcon_core.event_handler.log_command:Invoking command in '/home/user/ws_offboard_control/build/px4_msgs': CMAKE_PREFIX_PATH=${CMAKE_PREFIX_PATH}:/opt/ros/humble PS1=(px4-venv) \[\e]0;\u@\h: \w\a\]${debian_chroot:+($debian_chroot)}\[\033[01;32m\]\u@\h\[\033[00m\]:\[\033[01;34m\]\w\[\033[00m\]\$ VIRTUAL_ENV_PROMPT=(px4-venv) /usr/bin/cmake --install /home/user/ws_offboard_control/build/px4_msgs
[177.262s] Level 1:colcon.colcon_core.environment:create_environment_scripts_only(px4_msgs)
[177.262s] DEBUG:colcon.colcon_core.event_handler.log_command:Invoked command in '/home/user/ws_offboard_control/build/px4_msgs' returned '0': CMAKE_PREFIX_PATH=${CMAKE_PREFIX_PATH}:/opt/ros/humble PS1=(px4-venv) \[\e]0;\u@\h: \w\a\]${debian_chroot:+($debian_chroot)}\[\033[01;32m\]\u@\h\[\033[00m\]:\[\033[01;34m\]\w\[\033[00m\]\$ VIRTUAL_ENV_PROMPT=(px4-venv) /usr/bin/cmake --install /home/user/ws_offboard_control/build/px4_msgs
[177.264s] Level 1:colcon.colcon_core.environment:checking '/home/user/ws_offboard_control/install/px4_msgs' for CMake module files
[177.265s] Level 1:colcon.colcon_core.environment:checking '/home/user/ws_offboard_control/install/px4_msgs' for CMake config files
[177.269s] Level 1:colcon.colcon_core.shell:create_environment_hook('px4_msgs', 'cmake_prefix_path')
[177.269s] INFO:colcon.colcon_core.shell:Creating environment hook '/home/user/ws_offboard_control/install/px4_msgs/share/px4_msgs/hook/cmake_prefix_path.ps1'
[177.269s] INFO:colcon.colcon_core.shell:Creating environment descriptor '/home/user/ws_offboard_control/install/px4_msgs/share/px4_msgs/hook/cmake_prefix_path.dsv'
[177.270s] INFO:colcon.colcon_core.shell:Creating environment hook '/home/user/ws_offboard_control/install/px4_msgs/share/px4_msgs/hook/cmake_prefix_path.sh'
[177.270s] Level 1:colcon.colcon_core.environment:checking '/home/user/ws_offboard_control/install/px4_msgs/lib'
[177.270s] Level 1:colcon.colcon_core.shell:create_environment_hook('px4_msgs', 'ld_library_path_lib')
[177.271s] INFO:colcon.colcon_core.shell:Creating environment hook '/home/user/ws_offboard_control/install/px4_msgs/share/px4_msgs/hook/ld_library_path_lib.ps1'
[177.271s] INFO:colcon.colcon_core.shell:Creating environment descriptor '/home/user/ws_offboard_control/install/px4_msgs/share/px4_msgs/hook/ld_library_path_lib.dsv'
[177.271s] INFO:colcon.colcon_core.shell:Creating environment hook '/home/user/ws_offboard_control/install/px4_msgs/share/px4_msgs/hook/ld_library_path_lib.sh'
[177.271s] Level 1:colcon.colcon_core.environment:checking '/home/user/ws_offboard_control/install/px4_msgs/bin'
[177.271s] Level 1:colcon.colcon_core.environment:checking '/home/user/ws_offboard_control/install/px4_msgs/lib/pkgconfig/px4_msgs.pc'
[177.272s] Level 1:colcon.colcon_core.environment:checking '/home/user/ws_offboard_control/install/px4_msgs/lib/python3.10/site-packages'
[177.272s] Level 1:colcon.colcon_core.shell:create_environment_hook('px4_msgs', 'pythonpath')
[177.272s] INFO:colcon.colcon_core.shell:Creating environment hook '/home/user/ws_offboard_control/install/px4_msgs/share/px4_msgs/hook/pythonpath.ps1'
[177.272s] INFO:colcon.colcon_core.shell:Creating environment descriptor '/home/user/ws_offboard_control/install/px4_msgs/share/px4_msgs/hook/pythonpath.dsv'
[177.272s] INFO:colcon.colcon_core.shell:Creating environment hook '/home/user/ws_offboard_control/install/px4_msgs/share/px4_msgs/hook/pythonpath.sh'
[177.273s] Level 1:colcon.colcon_core.environment:checking '/home/user/ws_offboard_control/install/px4_msgs/bin'
[177.273s] INFO:colcon.colcon_core.shell:Creating package script '/home/user/ws_offboard_control/install/px4_msgs/share/px4_msgs/package.ps1'
[177.274s] INFO:colcon.colcon_core.shell:Creating package descriptor '/home/user/ws_offboard_control/install/px4_msgs/share/px4_msgs/package.dsv'
[177.274s] INFO:colcon.colcon_core.shell:Creating package script '/home/user/ws_offboard_control/install/px4_msgs/share/px4_msgs/package.sh'
[177.275s] INFO:colcon.colcon_core.shell:Creating package script '/home/user/ws_offboard_control/install/px4_msgs/share/px4_msgs/package.bash'
[177.275s] INFO:colcon.colcon_core.shell:Creating package script '/home/user/ws_offboard_control/install/px4_msgs/share/px4_msgs/package.zsh'
[177.276s] Level 1:colcon.colcon_core.environment:create_file_with_runtime_dependencies(/home/user/ws_offboard_control/install/px4_msgs/share/colcon-core/packages/px4_msgs)
[186.355s] Level 1:colcon.colcon_core.environment:create_environment_scripts_only(px4_msgs)
[186.356s] Level 1:colcon.colcon_core.environment:checking '/home/user/ws_offboard_control/install/px4_msgs' for CMake module files
[186.357s] Level 1:colcon.colcon_core.environment:checking '/home/user/ws_offboard_control/install/px4_msgs' for CMake config files
[186.370s] Level 1:colcon.colcon_core.shell:create_environment_hook('px4_msgs', 'cmake_prefix_path')
[186.371s] INFO:colcon.colcon_core.shell:Creating environment hook '/home/user/ws_offboard_control/install/px4_msgs/share/px4_msgs/hook/cmake_prefix_path.ps1'
[186.373s] INFO:colcon.colcon_core.shell:Creating environment descriptor '/home/user/ws_offboard_control/install/px4_msgs/share/px4_msgs/hook/cmake_prefix_path.dsv'
[186.374s] INFO:colcon.colcon_core.shell:Creating environment hook '/home/user/ws_offboard_control/install/px4_msgs/share/px4_msgs/hook/cmake_prefix_path.sh'
[186.375s] Level 1:colcon.colcon_core.environment:checking '/home/user/ws_offboard_control/install/px4_msgs/lib'
[186.375s] Level 1:colcon.colcon_core.shell:create_environment_hook('px4_msgs', 'ld_library_path_lib')
[186.375s] INFO:colcon.colcon_core.shell:Creating environment hook '/home/user/ws_offboard_control/install/px4_msgs/share/px4_msgs/hook/ld_library_path_lib.ps1'
[186.376s] INFO:colcon.colcon_core.shell:Creating environment descriptor '/home/user/ws_offboard_control/install/px4_msgs/share/px4_msgs/hook/ld_library_path_lib.dsv'
[186.377s] INFO:colcon.colcon_core.shell:Creating environment hook '/home/user/ws_offboard_control/install/px4_msgs/share/px4_msgs/hook/ld_library_path_lib.sh'
[186.377s] Level 1:colcon.colcon_core.environment:checking '/home/user/ws_offboard_control/install/px4_msgs/bin'
[186.377s] Level 1:colcon.colcon_core.environment:checking '/home/user/ws_offboard_control/install/px4_msgs/lib/pkgconfig/px4_msgs.pc'
[186.378s] Level 1:colcon.colcon_core.environment:checking '/home/user/ws_offboard_control/install/px4_msgs/lib/python3.10/site-packages'
[186.378s] Level 1:colcon.colcon_core.shell:create_environment_hook('px4_msgs', 'pythonpath')
[186.378s] INFO:colcon.colcon_core.shell:Creating environment hook '/home/user/ws_offboard_control/install/px4_msgs/share/px4_msgs/hook/pythonpath.ps1'
[186.379s] INFO:colcon.colcon_core.shell:Creating environment descriptor '/home/user/ws_offboard_control/install/px4_msgs/share/px4_msgs/hook/pythonpath.dsv'
[186.379s] INFO:colcon.colcon_core.shell:Creating environment hook '/home/user/ws_offboard_control/install/px4_msgs/share/px4_msgs/hook/pythonpath.sh'
[186.380s] Level 1:colcon.colcon_core.environment:checking '/home/user/ws_offboard_control/install/px4_msgs/bin'
[186.381s] INFO:colcon.colcon_core.shell:Creating package script '/home/user/ws_offboard_control/install/px4_msgs/share/px4_msgs/package.ps1'
[186.381s] INFO:colcon.colcon_core.shell:Creating package descriptor '/home/user/ws_offboard_control/install/px4_msgs/share/px4_msgs/package.dsv'
[186.382s] INFO:colcon.colcon_core.shell:Creating package script '/home/user/ws_offboard_control/install/px4_msgs/share/px4_msgs/package.sh'
[186.383s] INFO:colcon.colcon_core.shell:Creating package script '/home/user/ws_offboard_control/install/px4_msgs/share/px4_msgs/package.bash'
[186.404s] INFO:colcon.colcon_core.shell:Creating package script '/home/user/ws_offboard_control/install/px4_msgs/share/px4_msgs/package.zsh'
[186.405s] Level 1:colcon.colcon_core.environment:create_file_with_runtime_dependencies(/home/user/ws_offboard_control/install/px4_msgs/share/colcon-core/packages/px4_msgs)
[186.405s] INFO:colcon.colcon_ros.task.ament_cmake.build:Building ROS package in '/home/user/ws_offboard_control/src/px4_ros_com' with build type 'ament_cmake'
[186.406s] INFO:colcon.colcon_cmake.task.cmake.build:Building CMake package in '/home/user/ws_offboard_control/src/px4_ros_com'
[186.406s] INFO:colcon.colcon_core.shell:Skip shell extension 'powershell' for command environment: Not usable outside of PowerShell
[186.407s] DEBUG:colcon.colcon_core.shell:Skip shell extension 'dsv' for command environment
[186.471s] DEBUG:colcon.colcon_core.event_handler.log_command:Invoking command in '/home/user/ws_offboard_control/build/px4_ros_com': AMENT_PREFIX_PATH=/home/user/ws_offboard_control/install/px4_msgs:${AMENT_PREFIX_PATH} CMAKE_PREFIX_PATH=/home/user/ws_offboard_control/install/px4_msgs:/home/user/ros2_ws/install/my_robot_description:/opt/ros/humble LD_LIBRARY_PATH=/home/user/ws_offboard_control/install/px4_msgs/lib:${LD_LIBRARY_PATH} PS1=(px4-venv) \[\e]0;\u@\h: \w\a\]${debian_chroot:+($debian_chroot)}\[\033[01;32m\]\u@\h\[\033[00m\]:\[\033[01;34m\]\w\[\033[00m\]\$ PYTHONPATH=/home/user/ws_offboard_control/install/px4_msgs/lib/python3.10/site-packages:${PYTHONPATH} VIRTUAL_ENV_PROMPT=(px4-venv) /usr/bin/cmake /home/user/ws_offboard_control/src/px4_ros_com -DCMAKE_INSTALL_PREFIX=/home/user/ws_offboard_control/install/px4_ros_com
[188.394s] DEBUG:colcon.colcon_core.event_handler.log_command:Invoked command in '/home/user/ws_offboard_control/build/px4_ros_com' returned '0': AMENT_PREFIX_PATH=/home/user/ws_offboard_control/install/px4_msgs:${AMENT_PREFIX_PATH} CMAKE_PREFIX_PATH=/home/user/ws_offboard_control/install/px4_msgs:/home/user/ros2_ws/install/my_robot_description:/opt/ros/humble LD_LIBRARY_PATH=/home/user/ws_offboard_control/install/px4_msgs/lib:${LD_LIBRARY_PATH} PS1=(px4-venv) \[\e]0;\u@\h: \w\a\]${debian_chroot:+($debian_chroot)}\[\033[01;32m\]\u@\h\[\033[00m\]:\[\033[01;34m\]\w\[\033[00m\]\$ PYTHONPATH=/home/user/ws_offboard_control/install/px4_msgs/lib/python3.10/site-packages:${PYTHONPATH} VIRTUAL_ENV_PROMPT=(px4-venv) /usr/bin/cmake /home/user/ws_offboard_control/src/px4_ros_com -DCMAKE_INSTALL_PREFIX=/home/user/ws_offboard_control/install/px4_ros_com
[188.395s] DEBUG:colcon.colcon_core.event_handler.log_command:Invoking command in '/home/user/ws_offboard_control/build/px4_ros_com': AMENT_PREFIX_PATH=/home/user/ws_offboard_control/install/px4_msgs:${AMENT_PREFIX_PATH} CMAKE_PREFIX_PATH=/home/user/ws_offboard_control/install/px4_msgs:/home/user/ros2_ws/install/my_robot_description:/opt/ros/humble LD_LIBRARY_PATH=/home/user/ws_offboard_control/install/px4_msgs/lib:${LD_LIBRARY_PATH} PS1=(px4-venv) \[\e]0;\u@\h: \w\a\]${debian_chroot:+($debian_chroot)}\[\033[01;32m\]\u@\h\[\033[00m\]:\[\033[01;34m\]\w\[\033[00m\]\$ PYTHONPATH=/home/user/ws_offboard_control/install/px4_msgs/lib/python3.10/site-packages:${PYTHONPATH} VIRTUAL_ENV_PROMPT=(px4-venv) /usr/bin/cmake --build /home/user/ws_offboard_control/build/px4_ros_com -- -j12 -l12
[196.691s] DEBUG:colcon.colcon_core.event_handler.log_command:Invoked command in '/home/user/ws_offboard_control/build/px4_ros_com' returned '0': AMENT_PREFIX_PATH=/home/user/ws_offboard_control/install/px4_msgs:${AMENT_PREFIX_PATH} CMAKE_PREFIX_PATH=/home/user/ws_offboard_control/install/px4_msgs:/home/user/ros2_ws/install/my_robot_description:/opt/ros/humble LD_LIBRARY_PATH=/home/user/ws_offboard_control/install/px4_msgs/lib:${LD_LIBRARY_PATH} PS1=(px4-venv) \[\e]0;\u@\h: \w\a\]${debian_chroot:+($debian_chroot)}\[\033[01;32m\]\u@\h\[\033[00m\]:\[\033[01;34m\]\w\[\033[00m\]\$ PYTHONPATH=/home/user/ws_offboard_control/install/px4_msgs/lib/python3.10/site-packages:${PYTHONPATH} VIRTUAL_ENV_PROMPT=(px4-venv) /usr/bin/cmake --build /home/user/ws_offboard_control/build/px4_ros_com -- -j12 -l12
[196.724s] DEBUG:colcon.colcon_core.event_handler.log_command:Invoking command in '/home/user/ws_offboard_control/build/px4_ros_com': AMENT_PREFIX_PATH=/home/user/ws_offboard_control/install/px4_msgs:${AMENT_PREFIX_PATH} CMAKE_PREFIX_PATH=/home/user/ws_offboard_control/install/px4_msgs:/home/user/ros2_ws/install/my_robot_description:/opt/ros/humble LD_LIBRARY_PATH=/home/user/ws_offboard_control/install/px4_msgs/lib:${LD_LIBRARY_PATH} PS1=(px4-venv) \[\e]0;\u@\h: \w\a\]${debian_chroot:+($debian_chroot)}\[\033[01;32m\]\u@\h\[\033[00m\]:\[\033[01;34m\]\w\[\033[00m\]\$ PYTHONPATH=/home/user/ws_offboard_control/install/px4_msgs/lib/python3.10/site-packages:${PYTHONPATH} VIRTUAL_ENV_PROMPT=(px4-venv) /usr/bin/cmake --install /home/user/ws_offboard_control/build/px4_ros_com
[196.780s] Level 1:colcon.colcon_core.environment:create_environment_scripts_only(px4_ros_com)
[196.780s] DEBUG:colcon.colcon_core.event_handler.log_command:Invoked command in '/home/user/ws_offboard_control/build/px4_ros_com' returned '0': AMENT_PREFIX_PATH=/home/user/ws_offboard_control/install/px4_msgs:${AMENT_PREFIX_PATH} CMAKE_PREFIX_PATH=/home/user/ws_offboard_control/install/px4_msgs:/home/user/ros2_ws/install/my_robot_description:/opt/ros/humble LD_LIBRARY_PATH=/home/user/ws_offboard_control/install/px4_msgs/lib:${LD_LIBRARY_PATH} PS1=(px4-venv) \[\e]0;\u@\h: \w\a\]${debian_chroot:+($debian_chroot)}\[\033[01;32m\]\u@\h\[\033[00m\]:\[\033[01;34m\]\w\[\033[00m\]\$ PYTHONPATH=/home/user/ws_offboard_control/install/px4_msgs/lib/python3.10/site-packages:${PYTHONPATH} VIRTUAL_ENV_PROMPT=(px4-venv) /usr/bin/cmake --install /home/user/ws_offboard_control/build/px4_ros_com
[196.780s] Level 1:colcon.colcon_core.environment:checking '/home/user/ws_offboard_control/install/px4_ros_com' for CMake module files
[196.781s] Level 1:colcon.colcon_core.environment:checking '/home/user/ws_offboard_control/install/px4_ros_com' for CMake config files
[196.781s] Level 1:colcon.colcon_core.shell:create_environment_hook('px4_ros_com', 'cmake_prefix_path')
[196.781s] INFO:colcon.colcon_core.shell:Creating environment hook '/home/user/ws_offboard_control/install/px4_ros_com/share/px4_ros_com/hook/cmake_prefix_path.ps1'
[196.781s] INFO:colcon.colcon_core.shell:Creating environment descriptor '/home/user/ws_offboard_control/install/px4_ros_com/share/px4_ros_com/hook/cmake_prefix_path.dsv'
[196.781s] INFO:colcon.colcon_core.shell:Creating environment hook '/home/user/ws_offboard_control/install/px4_ros_com/share/px4_ros_com/hook/cmake_prefix_path.sh'
[196.782s] Level 1:colcon.colcon_core.environment:checking '/home/user/ws_offboard_control/install/px4_ros_com/lib'
[196.782s] Level 1:colcon.colcon_core.shell:create_environment_hook('px4_ros_com', 'ld_library_path_lib')
[196.782s] INFO:colcon.colcon_core.shell:Creating environment hook '/home/user/ws_offboard_control/install/px4_ros_com/share/px4_ros_com/hook/ld_library_path_lib.ps1'
[196.782s] INFO:colcon.colcon_core.shell:Creating environment descriptor '/home/user/ws_offboard_control/install/px4_ros_com/share/px4_ros_com/hook/ld_library_path_lib.dsv'
[196.783s] INFO:colcon.colcon_core.shell:Creating environment hook '/home/user/ws_offboard_control/install/px4_ros_com/share/px4_ros_com/hook/ld_library_path_lib.sh'
[196.783s] Level 1:colcon.colcon_core.environment:checking '/home/user/ws_offboard_control/install/px4_ros_com/bin'
[196.783s] Level 1:colcon.colcon_core.environment:checking '/home/user/ws_offboard_control/install/px4_ros_com/lib/pkgconfig/px4_ros_com.pc'
[196.783s] Level 1:colcon.colcon_core.environment:checking '/home/user/ws_offboard_control/install/px4_ros_com/lib/python3.10/site-packages'
[196.783s] Level 1:colcon.colcon_core.shell:create_environment_hook('px4_ros_com', 'pythonpath')
[196.783s] INFO:colcon.colcon_core.shell:Creating environment hook '/home/user/ws_offboard_control/install/px4_ros_com/share/px4_ros_com/hook/pythonpath.ps1'
[196.783s] INFO:colcon.colcon_core.shell:Creating environment descriptor '/home/user/ws_offboard_control/install/px4_ros_com/share/px4_ros_com/hook/pythonpath.dsv'
[196.784s] INFO:colcon.colcon_core.shell:Creating environment hook '/home/user/ws_offboard_control/install/px4_ros_com/share/px4_ros_com/hook/pythonpath.sh'
[196.784s] Level 1:colcon.colcon_core.environment:checking '/home/user/ws_offboard_control/install/px4_ros_com/bin'
[196.784s] INFO:colcon.colcon_core.shell:Creating package script '/home/user/ws_offboard_control/install/px4_ros_com/share/px4_ros_com/package.ps1'
[196.785s] INFO:colcon.colcon_core.shell:Creating package descriptor '/home/user/ws_offboard_control/install/px4_ros_com/share/px4_ros_com/package.dsv'
[196.785s] INFO:colcon.colcon_core.shell:Creating package script '/home/user/ws_offboard_control/install/px4_ros_com/share/px4_ros_com/package.sh'
[196.785s] INFO:colcon.colcon_core.shell:Creating package script '/home/user/ws_offboard_control/install/px4_ros_com/share/px4_ros_com/package.bash'
[196.786s] INFO:colcon.colcon_core.shell:Creating package script '/home/user/ws_offboard_control/install/px4_ros_com/share/px4_ros_com/package.zsh'
[196.786s] Level 1:colcon.colcon_core.environment:create_file_with_runtime_dependencies(/home/user/ws_offboard_control/install/px4_ros_com/share/colcon-core/packages/px4_ros_com)
[196.821s] Level 1:colcon.colcon_core.environment:create_environment_scripts_only(px4_ros_com)
[196.821s] Level 1:colcon.colcon_core.environment:checking '/home/user/ws_offboard_control/install/px4_ros_com' for CMake module files
[196.822s] Level 1:colcon.colcon_core.environment:checking '/home/user/ws_offboard_control/install/px4_ros_com' for CMake config files
[196.822s] Level 1:colcon.colcon_core.shell:create_environment_hook('px4_ros_com', 'cmake_prefix_path')
[196.823s] INFO:colcon.colcon_core.shell:Creating environment hook '/home/user/ws_offboard_control/install/px4_ros_com/share/px4_ros_com/hook/cmake_prefix_path.ps1'
[196.823s] INFO:colcon.colcon_core.shell:Creating environment descriptor '/home/user/ws_offboard_control/install/px4_ros_com/share/px4_ros_com/hook/cmake_prefix_path.dsv'
[196.823s] INFO:colcon.colcon_core.shell:Creating environment hook '/home/user/ws_offboard_control/install/px4_ros_com/share/px4_ros_com/hook/cmake_prefix_path.sh'
[196.824s] Level 1:colcon.colcon_core.environment:checking '/home/user/ws_offboard_control/install/px4_ros_com/lib'
[196.824s] Level 1:colcon.colcon_core.shell:create_environment_hook('px4_ros_com', 'ld_library_path_lib')
[196.824s] INFO:colcon.colcon_core.shell:Creating environment hook '/home/user/ws_offboard_control/install/px4_ros_com/share/px4_ros_com/hook/ld_library_path_lib.ps1'
[196.824s] INFO:colcon.colcon_core.shell:Creating environment descriptor '/home/user/ws_offboard_control/install/px4_ros_com/share/px4_ros_com/hook/ld_library_path_lib.dsv'
[196.825s] INFO:colcon.colcon_core.shell:Creating environment hook '/home/user/ws_offboard_control/install/px4_ros_com/share/px4_ros_com/hook/ld_library_path_lib.sh'
[196.825s] Level 1:colcon.colcon_core.environment:checking '/home/user/ws_offboard_control/install/px4_ros_com/bin'
[196.825s] Level 1:colcon.colcon_core.environment:checking '/home/user/ws_offboard_control/install/px4_ros_com/lib/pkgconfig/px4_ros_com.pc'
[196.825s] Level 1:colcon.colcon_core.environment:checking '/home/user/ws_offboard_control/install/px4_ros_com/lib/python3.10/site-packages'
[196.825s] Level 1:colcon.colcon_core.shell:create_environment_hook('px4_ros_com', 'pythonpath')
[196.825s] INFO:colcon.colcon_core.shell:Creating environment hook '/home/user/ws_offboard_control/install/px4_ros_com/share/px4_ros_com/hook/pythonpath.ps1'
[196.826s] INFO:colcon.colcon_core.shell:Creating environment descriptor '/home/user/ws_offboard_control/install/px4_ros_com/share/px4_ros_com/hook/pythonpath.dsv'
[196.826s] INFO:colcon.colcon_core.shell:Creating environment hook '/home/user/ws_offboard_control/install/px4_ros_com/share/px4_ros_com/hook/pythonpath.sh'
[196.826s] Level 1:colcon.colcon_core.environment:checking '/home/user/ws_offboard_control/install/px4_ros_com/bin'
[196.827s] INFO:colcon.colcon_core.shell:Creating package script '/home/user/ws_offboard_control/install/px4_ros_com/share/px4_ros_com/package.ps1'
[196.827s] INFO:colcon.colcon_core.shell:Creating package descriptor '/home/user/ws_offboard_control/install/px4_ros_com/share/px4_ros_com/package.dsv'
[196.828s] INFO:colcon.colcon_core.shell:Creating package script '/home/user/ws_offboard_control/install/px4_ros_com/share/px4_ros_com/package.sh'
[196.828s] INFO:colcon.colcon_core.shell:Creating package script '/home/user/ws_offboard_control/install/px4_ros_com/share/px4_ros_com/package.bash'
[196.829s] INFO:colcon.colcon_core.shell:Creating package script '/home/user/ws_offboard_control/install/px4_ros_com/share/px4_ros_com/package.zsh'
[196.829s] Level 1:colcon.colcon_core.environment:create_file_with_runtime_dependencies(/home/user/ws_offboard_control/install/px4_ros_com/share/colcon-core/packages/px4_ros_com)
[196.829s] DEBUG:colcon.colcon_parallel_executor.executor.parallel:closing loop
[196.829s] DEBUG:colcon.colcon_parallel_executor.executor.parallel:loop closed
[196.829s] DEBUG:colcon.colcon_parallel_executor.executor.parallel:run_until_complete finished with '0'
[196.830s] DEBUG:colcon.colcon_core.event_reactor:joining thread
[196.834s] INFO:colcon.colcon_core.plugin_system:Skipping extension 'colcon_notification.desktop_notification.terminal_notifier': Not used on non-Darwin systems
[196.834s] INFO:colcon.colcon_core.plugin_system:Skipping extension 'colcon_notification.desktop_notification.win32': Not used on non-Windows systems
[196.834s] INFO:colcon.colcon_notification.desktop_notification:Sending desktop notification using 'notify2'
[196.845s] DEBUG:colcon.colcon_core.event_reactor:joined thread
[196.845s] INFO:colcon.colcon_core.shell:Creating prefix script '/home/user/ws_offboard_control/install/local_setup.ps1'
[196.846s] INFO:colcon.colcon_core.shell:Creating prefix util module '/home/user/ws_offboard_control/install/_local_setup_util_ps1.py'
[196.847s] INFO:colcon.colcon_core.shell:Creating prefix chain script '/home/user/ws_offboard_control/install/setup.ps1'
[196.848s] INFO:colcon.colcon_core.shell:Creating prefix script '/home/user/ws_offboard_control/install/local_setup.sh'
[196.848s] INFO:colcon.colcon_core.shell:Creating prefix util module '/home/user/ws_offboard_control/install/_local_setup_util_sh.py'
[196.849s] INFO:colcon.colcon_core.shell:Creating prefix chain script '/home/user/ws_offboard_control/install/setup.sh'
[196.850s] INFO:colcon.colcon_core.shell:Creating prefix script '/home/user/ws_offboard_control/install/local_setup.bash'
[196.850s] INFO:colcon.colcon_core.shell:Creating prefix chain script '/home/user/ws_offboard_control/install/setup.bash'
[196.851s] INFO:colcon.colcon_core.shell:Creating prefix script '/home/user/ws_offboard_control/install/local_setup.zsh'
[196.851s] INFO:colcon.colcon_core.shell:Creating prefix chain script '/home/user/ws_offboard_control/install/setup.zsh'
