[0.008s] Invoking command in '/home/user/ws_offboard_control/build/px4_msgs': CMAKE_PREFIX_PATH=${CMAKE_PREFIX_PATH}:/opt/ros/humble PS1=(px4-venv) \[\e]0;\u@\h: \w\a\]${debian_chroot:+($debian_chroot)}\[\033[01;32m\]\u@\h\[\033[00m\]:\[\033[01;34m\]\w\[\033[00m\]\$ VIRTUAL_ENV_PROMPT=(px4-venv) /usr/bin/cmake /home/user/ws_offboard_control/src/px4_msgs -DCMAKE_INSTALL_PREFIX=/home/user/ws_offboard_control/install/px4_msgs
[0.099s] -- The C compiler identification is GNU 11.4.0
[0.174s] -- The CXX compiler identification is GNU 11.4.0
[0.182s] -- Detecting C compiler ABI info
[0.240s] -- Detecting C compiler ABI info - done
[0.247s] -- Check for working C compiler: /usr/bin/cc - skipped
[0.247s] -- Detecting C compile features
[0.263s] -- Detecting C compile features - done
[0.266s] -- Detecting CXX compiler ABI info
[0.357s] -- Detecting CXX compiler ABI info - done
[0.365s] -- Check for working CXX compiler: /usr/bin/c++ - skipped
[0.365s] -- Detecting CXX compile features
[0.365s] -- Detecting CXX compile features - done
[0.428s] -- Found ament_cmake: 1.3.9 (/opt/ros/humble/share/ament_cmake/cmake)
[0.669s] -- Found Python3: /home/user/px4-venv/bin/python3 (found version "3.10.12") found components: Interpreter 
[0.942s] -- Found builtin_interfaces: 1.2.1 (/opt/ros/humble/share/builtin_interfaces/cmake)
[1.113s] -- Found rosidl_generator_c: 3.1.5 (/opt/ros/humble/share/rosidl_generator_c/cmake)
[1.160s] -- Found rosidl_adapter: 3.1.5 (/opt/ros/humble/share/rosidl_adapter/cmake)
[1.261s] -- Found rosidl_generator_cpp: 3.1.5 (/opt/ros/humble/share/rosidl_generator_cpp/cmake)
[1.357s] -- Using all available rosidl_typesupport_c: rosidl_typesupport_fastrtps_c;rosidl_typesupport_introspection_c
[1.404s] -- Using all available rosidl_typesupport_cpp: rosidl_typesupport_fastrtps_cpp;rosidl_typesupport_introspection_cpp
[1.460s] -- Found rosidl_default_generators: 1.2.0 (/opt/ros/humble/share/rosidl_default_generators/cmake)
[1.777s] [31mCMake Error at /opt/ros/humble/share/rosidl_adapter/cmake/rosidl_adapt_interfaces.cmake:59 (message):
[1.777s]   execute_process(/home/user/px4-venv/bin/python3 -m rosidl_adapter
[1.777s]   --package-name px4_msgs --arguments-file
[1.777s]   /home/user/ws_offboard_control/build/px4_msgs/rosidl_adapter__arguments__px4_msgs.json
[1.777s]   --output-dir
[1.778s]   /home/user/ws_offboard_control/build/px4_msgs/rosidl_adapter/px4_msgs
[1.778s]   --output-file
[1.778s]   /home/user/ws_offboard_control/build/px4_msgs/rosidl_adapter/px4_msgs.idls)
[1.778s]   returned error code 1:
[1.778s] 
[1.778s]   Traceback (most recent call last):
[1.778s] 
[1.778s]     File "/usr/lib/python3.10/runpy.py", line 196, in _run_module_as_main
[1.778s]       return _run_code(code, main_globals, None,
[1.778s]     File "/usr/lib/python3.10/runpy.py", line 86, in _run_code
[1.778s]       exec(code, run_globals)
[1.778s]     File "/opt/ros/humble/local/lib/python3.10/dist-packages/rosidl_adapter/__main__.py", line 19, in <module>
[1.778s]       sys.exit(main())
[1.778s]     File "/opt/ros/humble/local/lib/python3.10/dist-packages/rosidl_adapter/main.py", line 53, in main
[1.778s]       abs_idl_file = convert_to_idl(
[1.778s]     File "/opt/ros/humble/local/lib/python3.10/dist-packages/rosidl_adapter/__init__.py", line 18, in convert_to_idl
[1.778s]       from rosidl_adapter.msg import convert_msg_to_idl
[1.778s]     File "/opt/ros/humble/local/lib/python3.10/dist-packages/rosidl_adapter/msg/__init__.py", line 16, in <module>
[1.778s]       from rosidl_adapter.resource import expand_template
[1.779s]     File "/opt/ros/humble/local/lib/python3.10/dist-packages/rosidl_adapter/resource/__init__.py", line 19, in <module>
[1.779s]       import em
[1.779s] 
[1.779s]   ModuleNotFoundError: No module named 'em'
[1.779s] 
[1.779s] Call Stack (most recent call first):
[1.779s]   /opt/ros/humble/share/rosidl_cmake/cmake/rosidl_generate_interfaces.cmake:130 (rosidl_adapt_interfaces)
[1.779s]   CMakeLists.txt:28 (rosidl_generate_interfaces)
[1.779s] 
[1.779s] [0m
[1.779s] -- Configuring incomplete, errors occurred!
[1.779s] See also "/home/user/ws_offboard_control/build/px4_msgs/CMakeFiles/CMakeOutput.log".
[1.784s] Invoked command in '/home/user/ws_offboard_control/build/px4_msgs' returned '1': CMAKE_PREFIX_PATH=${CMAKE_PREFIX_PATH}:/opt/ros/humble PS1=(px4-venv) \[\e]0;\u@\h: \w\a\]${debian_chroot:+($debian_chroot)}\[\033[01;32m\]\u@\h\[\033[00m\]:\[\033[01;34m\]\w\[\033[00m\]\$ VIRTUAL_ENV_PROMPT=(px4-venv) /usr/bin/cmake /home/user/ws_offboard_control/src/px4_msgs -DCMAKE_INSTALL_PREFIX=/home/user/ws_offboard_control/install/px4_msgs
