[2.841s] Invoking command in '/home/inlab22/Documents/automated_planogram_compliance/simulations/udacidrone': PS1=(.venv) \[\e]0;\u@\h: \w\a\]${debian_chroot:+($debian_chroot)}\[\033[01;32m\]\u@\h\[\033[00m\]:\[\033[01;34m\]\w\[\033[00m\]\$ PYTHONPATH=/home/inlab22/Documents/automated_planogram_compliance/build/udacidrone/prefix_override:/usr/lib/python3/dist-packages/colcon_core/task/python/colcon_distutils_commands:/home/inlab22/Documents/automated_planogram_compliance/install/udacidrone/lib/python3.10/site-packages:${PYTHONPATH} VIRTUAL_ENV_PROMPT=(.venv) /usr/bin/python3 -W ignore:setup.py install is deprecated setup.py egg_info --egg-base ../../build/udacidrone build --build-base /home/inlab22/Documents/automated_planogram_compliance/build/udacidrone/build install --record /home/inlab22/Documents/automated_planogram_compliance/build/udacidrone/install.log --single-version-externally-managed
[2.858s] /home/inlab22/Documents/automated_planogram_compliance/simulations/udacidrone/setup.py:25: SyntaxWarning: "is not" with a literal. Did you mean "!="?
[2.858s]   ] + (['uvloop==0.9.1'] if platform.system() is not 'Windows' else []),
[3.085s] running egg_info
[3.086s] creating ../../build/udacidrone/udacidrone.egg-info
[3.086s] writing ../../build/udacidrone/udacidrone.egg-info/PKG-INFO
[3.086s] writing dependency_links to ../../build/udacidrone/udacidrone.egg-info/dependency_links.txt
[3.086s] writing requirements to ../../build/udacidrone/udacidrone.egg-info/requires.txt
[3.086s] writing top-level names to ../../build/udacidrone/udacidrone.egg-info/top_level.txt
[3.086s] writing manifest file '../../build/udacidrone/udacidrone.egg-info/SOURCES.txt'
[3.089s] reading manifest file '../../build/udacidrone/udacidrone.egg-info/SOURCES.txt'
[3.090s] writing manifest file '../../build/udacidrone/udacidrone.egg-info/SOURCES.txt'
[3.090s] running build
[3.090s] running build_py
[3.090s] creating /home/inlab22/Documents/automated_planogram_compliance/build/udacidrone/build
[3.090s] creating /home/inlab22/Documents/automated_planogram_compliance/build/udacidrone/build/lib
[3.090s] creating /home/inlab22/Documents/automated_planogram_compliance/build/udacidrone/build/lib/udacidrone
[3.091s] copying udacidrone/frame_utils.py -> /home/inlab22/Documents/automated_planogram_compliance/build/udacidrone/build/lib/udacidrone
[3.091s] copying udacidrone/__init__.py -> /home/inlab22/Documents/automated_planogram_compliance/build/udacidrone/build/lib/udacidrone
[3.126s] copying udacidrone/drone.py -> /home/inlab22/Documents/automated_planogram_compliance/build/udacidrone/build/lib/udacidrone
[3.282s] creating /home/inlab22/Documents/automated_planogram_compliance/build/udacidrone/build/lib/udacidrone/logging
[3.283s] copying udacidrone/logging/logger.py -> /home/inlab22/Documents/automated_planogram_compliance/build/udacidrone/build/lib/udacidrone/logging
[3.405s] copying udacidrone/logging/__init__.py -> /home/inlab22/Documents/automated_planogram_compliance/build/udacidrone/build/lib/udacidrone/logging
[3.405s] creating /home/inlab22/Documents/automated_planogram_compliance/build/udacidrone/build/lib/udacidrone/messaging
[3.406s] copying udacidrone/messaging/message_ids.py -> /home/inlab22/Documents/automated_planogram_compliance/build/udacidrone/build/lib/udacidrone/messaging
[3.406s] copying udacidrone/messaging/__init__.py -> /home/inlab22/Documents/automated_planogram_compliance/build/udacidrone/build/lib/udacidrone/messaging
[3.406s] creating /home/inlab22/Documents/automated_planogram_compliance/build/udacidrone/build/lib/udacidrone/connection
[3.406s] copying udacidrone/connection/mavlink_utils.py -> /home/inlab22/Documents/automated_planogram_compliance/build/udacidrone/build/lib/udacidrone/connection
[3.427s] copying udacidrone/connection/connection.py -> /home/inlab22/Documents/automated_planogram_compliance/build/udacidrone/build/lib/udacidrone/connection
[3.427s] copying udacidrone/connection/websocket_connection.py -> /home/inlab22/Documents/automated_planogram_compliance/build/udacidrone/build/lib/udacidrone/connection
[3.504s] copying udacidrone/connection/__init__.py -> /home/inlab22/Documents/automated_planogram_compliance/build/udacidrone/build/lib/udacidrone/connection
[3.505s] copying udacidrone/connection/mavlink_connection.py -> /home/inlab22/Documents/automated_planogram_compliance/build/udacidrone/build/lib/udacidrone/connection
[3.582s] copying udacidrone/connection/crazyflie_connection.py -> /home/inlab22/Documents/automated_planogram_compliance/build/udacidrone/build/lib/udacidrone/connection
[3.605s] copying udacidrone/connection/message_types.py -> /home/inlab22/Documents/automated_planogram_compliance/build/udacidrone/build/lib/udacidrone/connection
[3.649s] running install
[3.649s] running install_lib
[3.650s] creating /home/inlab22/Documents/automated_planogram_compliance/install/udacidrone/lib/python3.10/site-packages/udacidrone
[3.650s] creating /home/inlab22/Documents/automated_planogram_compliance/install/udacidrone/lib/python3.10/site-packages/udacidrone/logging
[3.650s] copying /home/inlab22/Documents/automated_planogram_compliance/build/udacidrone/build/lib/udacidrone/logging/logger.py -> /home/inlab22/Documents/automated_planogram_compliance/install/udacidrone/lib/python3.10/site-packages/udacidrone/logging
[3.651s] copying /home/inlab22/Documents/automated_planogram_compliance/build/udacidrone/build/lib/udacidrone/logging/__init__.py -> /home/inlab22/Documents/automated_planogram_compliance/install/udacidrone/lib/python3.10/site-packages/udacidrone/logging
[3.651s] copying /home/inlab22/Documents/automated_planogram_compliance/build/udacidrone/build/lib/udacidrone/frame_utils.py -> /home/inlab22/Documents/automated_planogram_compliance/install/udacidrone/lib/python3.10/site-packages/udacidrone
[3.651s] copying /home/inlab22/Documents/automated_planogram_compliance/build/udacidrone/build/lib/udacidrone/__init__.py -> /home/inlab22/Documents/automated_planogram_compliance/install/udacidrone/lib/python3.10/site-packages/udacidrone
[3.651s] creating /home/inlab22/Documents/automated_planogram_compliance/install/udacidrone/lib/python3.10/site-packages/udacidrone/messaging
[3.651s] copying /home/inlab22/Documents/automated_planogram_compliance/build/udacidrone/build/lib/udacidrone/messaging/message_ids.py -> /home/inlab22/Documents/automated_planogram_compliance/install/udacidrone/lib/python3.10/site-packages/udacidrone/messaging
[3.651s] copying /home/inlab22/Documents/automated_planogram_compliance/build/udacidrone/build/lib/udacidrone/messaging/__init__.py -> /home/inlab22/Documents/automated_planogram_compliance/install/udacidrone/lib/python3.10/site-packages/udacidrone/messaging
[3.651s] creating /home/inlab22/Documents/automated_planogram_compliance/install/udacidrone/lib/python3.10/site-packages/udacidrone/connection
[3.651s] copying /home/inlab22/Documents/automated_planogram_compliance/build/udacidrone/build/lib/udacidrone/connection/mavlink_utils.py -> /home/inlab22/Documents/automated_planogram_compliance/install/udacidrone/lib/python3.10/site-packages/udacidrone/connection
[3.651s] copying /home/inlab22/Documents/automated_planogram_compliance/build/udacidrone/build/lib/udacidrone/connection/connection.py -> /home/inlab22/Documents/automated_planogram_compliance/install/udacidrone/lib/python3.10/site-packages/udacidrone/connection
[3.651s] copying /home/inlab22/Documents/automated_planogram_compliance/build/udacidrone/build/lib/udacidrone/connection/websocket_connection.py -> /home/inlab22/Documents/automated_planogram_compliance/install/udacidrone/lib/python3.10/site-packages/udacidrone/connection
[3.651s] copying /home/inlab22/Documents/automated_planogram_compliance/build/udacidrone/build/lib/udacidrone/connection/__init__.py -> /home/inlab22/Documents/automated_planogram_compliance/install/udacidrone/lib/python3.10/site-packages/udacidrone/connection
[3.651s] copying /home/inlab22/Documents/automated_planogram_compliance/build/udacidrone/build/lib/udacidrone/connection/mavlink_connection.py -> /home/inlab22/Documents/automated_planogram_compliance/install/udacidrone/lib/python3.10/site-packages/udacidrone/connection
[3.651s] copying /home/inlab22/Documents/automated_planogram_compliance/build/udacidrone/build/lib/udacidrone/connection/crazyflie_connection.py -> /home/inlab22/Documents/automated_planogram_compliance/install/udacidrone/lib/python3.10/site-packages/udacidrone/connection
[3.652s] copying /home/inlab22/Documents/automated_planogram_compliance/build/udacidrone/build/lib/udacidrone/connection/message_types.py -> /home/inlab22/Documents/automated_planogram_compliance/install/udacidrone/lib/python3.10/site-packages/udacidrone/connection
[3.652s] copying /home/inlab22/Documents/automated_planogram_compliance/build/udacidrone/build/lib/udacidrone/drone.py -> /home/inlab22/Documents/automated_planogram_compliance/install/udacidrone/lib/python3.10/site-packages/udacidrone
[3.652s] byte-compiling /home/inlab22/Documents/automated_planogram_compliance/install/udacidrone/lib/python3.10/site-packages/udacidrone/logging/logger.py to logger.cpython-310.pyc
[3.653s] byte-compiling /home/inlab22/Documents/automated_planogram_compliance/install/udacidrone/lib/python3.10/site-packages/udacidrone/logging/__init__.py to __init__.cpython-310.pyc
[3.653s] byte-compiling /home/inlab22/Documents/automated_planogram_compliance/install/udacidrone/lib/python3.10/site-packages/udacidrone/frame_utils.py to frame_utils.cpython-310.pyc
[3.653s] byte-compiling /home/inlab22/Documents/automated_planogram_compliance/install/udacidrone/lib/python3.10/site-packages/udacidrone/__init__.py to __init__.cpython-310.pyc
[3.653s] byte-compiling /home/inlab22/Documents/automated_planogram_compliance/install/udacidrone/lib/python3.10/site-packages/udacidrone/messaging/message_ids.py to message_ids.cpython-310.pyc
[3.654s] byte-compiling /home/inlab22/Documents/automated_planogram_compliance/install/udacidrone/lib/python3.10/site-packages/udacidrone/messaging/__init__.py to __init__.cpython-310.pyc
[3.654s] byte-compiling /home/inlab22/Documents/automated_planogram_compliance/install/udacidrone/lib/python3.10/site-packages/udacidrone/connection/mavlink_utils.py to mavlink_utils.cpython-310.pyc
[3.654s] byte-compiling /home/inlab22/Documents/automated_planogram_compliance/install/udacidrone/lib/python3.10/site-packages/udacidrone/connection/connection.py to connection.cpython-310.pyc
[3.655s] byte-compiling /home/inlab22/Documents/automated_planogram_compliance/install/udacidrone/lib/python3.10/site-packages/udacidrone/connection/websocket_connection.py to websocket_connection.cpython-310.pyc
[3.656s] /home/inlab22/Documents/automated_planogram_compliance/install/udacidrone/lib/python3.10/site-packages/udacidrone/connection/websocket_connection.py:21: SyntaxWarning: "is not" with a literal. Did you mean "!="?
[3.656s]   if platform.system() is not 'Windows':
[3.657s] byte-compiling /home/inlab22/Documents/automated_planogram_compliance/install/udacidrone/lib/python3.10/site-packages/udacidrone/connection/__init__.py to __init__.cpython-310.pyc
[3.657s] byte-compiling /home/inlab22/Documents/automated_planogram_compliance/install/udacidrone/lib/python3.10/site-packages/udacidrone/connection/mavlink_connection.py to mavlink_connection.cpython-310.pyc
[3.658s] /home/inlab22/Documents/automated_planogram_compliance/install/udacidrone/lib/python3.10/site-packages/udacidrone/connection/mavlink_connection.py:54: SyntaxWarning: "is not" with a literal. Did you mean "!="?
[3.658s]   if device is not "":
[3.659s] byte-compiling /home/inlab22/Documents/automated_planogram_compliance/install/udacidrone/lib/python3.10/site-packages/udacidrone/connection/crazyflie_connection.py to crazyflie_connection.cpython-310.pyc
[3.661s] byte-compiling /home/inlab22/Documents/automated_planogram_compliance/install/udacidrone/lib/python3.10/site-packages/udacidrone/connection/message_types.py to message_types.cpython-310.pyc
[3.663s] byte-compiling /home/inlab22/Documents/automated_planogram_compliance/install/udacidrone/lib/python3.10/site-packages/udacidrone/drone.py to drone.cpython-310.pyc
[3.664s] running install_egg_info
[3.665s] Copying ../../build/udacidrone/udacidrone.egg-info to /home/inlab22/Documents/automated_planogram_compliance/install/udacidrone/lib/python3.10/site-packages/udacidrone-0.3.5-py3.10.egg-info
[3.666s] running install_scripts
[3.683s] writing list of installed files to '/home/inlab22/Documents/automated_planogram_compliance/build/udacidrone/install.log'
[3.701s] Invoked command in '/home/inlab22/Documents/automated_planogram_compliance/simulations/udacidrone' returned '0': PS1=(.venv) \[\e]0;\u@\h: \w\a\]${debian_chroot:+($debian_chroot)}\[\033[01;32m\]\u@\h\[\033[00m\]:\[\033[01;34m\]\w\[\033[00m\]\$ PYTHONPATH=/home/inlab22/Documents/automated_planogram_compliance/build/udacidrone/prefix_override:/usr/lib/python3/dist-packages/colcon_core/task/python/colcon_distutils_commands:/home/inlab22/Documents/automated_planogram_compliance/install/udacidrone/lib/python3.10/site-packages:${PYTHONPATH} VIRTUAL_ENV_PROMPT=(.venv) /usr/bin/python3 -W ignore:setup.py install is deprecated setup.py egg_info --egg-base ../../build/udacidrone build --build-base /home/inlab22/Documents/automated_planogram_compliance/build/udacidrone/build install --record /home/inlab22/Documents/automated_planogram_compliance/build/udacidrone/install.log --single-version-externally-managed
