[0.015s] Invoking command in '/home/inlab22/Documents/automated_planogram_compliance/simulations/build/my_robot_description': CMAKE_PREFIX_PATH=/opt/ros/humble PS1=(.venv) \[\e]0;\u@\h: \w\a\]${debian_chroot:+($debian_chroot)}\[\033[01;32m\]\u@\h\[\033[00m\]:\[\033[01;34m\]\w\[\033[00m\]\$ VIRTUAL_ENV_PROMPT=(.venv) /usr/bin/cmake /home/inlab22/Documents/automated_planogram_compliance/simulations/ros2_ws/src/my_robot_description -DCMAKE_INSTALL_PREFIX=/home/inlab22/Documents/automated_planogram_compliance/simulations/install/my_robot_description
[0.071s] -- The C compiler identification is GNU 11.4.0
[0.148s] -- The CXX compiler identification is GNU 11.4.0
[0.155s] -- Detecting C compiler ABI info
[0.228s] -- Detecting C compiler ABI info - done
[0.237s] -- Check for working C compiler: /usr/bin/cc - skipped
[0.237s] -- Detecting C compile features
[0.238s] -- Detecting C compile features - done
[0.240s] -- Detecting CXX compiler ABI info
[0.312s] -- Detecting CXX compiler ABI info - done
[0.319s] -- Check for working CXX compiler: /usr/bin/c++ - skipped
[0.319s] -- Detecting CXX compile features
[0.320s] -- Detecting CXX compile features - done
[0.322s] -- Found ament_cmake: 1.3.9 (/opt/ros/humble/share/ament_cmake/cmake)
[0.675s] -- Found Python3: /home/inlab22/Documents/automated_planogram_compliance/.venv/bin/python3 (found version "3.10.12") found components: Interpreter 
[0.753s] -- Found ament_lint_auto: 0.12.11 (/opt/ros/humble/share/ament_lint_auto/cmake)
[0.840s] -- Added test 'lint_cmake' to check CMake code style
[0.841s] -- Added test 'xmllint' to check XML markup files
[0.842s] -- Configuring done
[0.845s] -- Generating done
[0.845s] -- Build files have been written to: /home/inlab22/Documents/automated_planogram_compliance/simulations/build/my_robot_description
[0.850s] Invoked command in '/home/inlab22/Documents/automated_planogram_compliance/simulations/build/my_robot_description' returned '0': CMAKE_PREFIX_PATH=/opt/ros/humble PS1=(.venv) \[\e]0;\u@\h: \w\a\]${debian_chroot:+($debian_chroot)}\[\033[01;32m\]\u@\h\[\033[00m\]:\[\033[01;34m\]\w\[\033[00m\]\$ VIRTUAL_ENV_PROMPT=(.venv) /usr/bin/cmake /home/inlab22/Documents/automated_planogram_compliance/simulations/ros2_ws/src/my_robot_description -DCMAKE_INSTALL_PREFIX=/home/inlab22/Documents/automated_planogram_compliance/simulations/install/my_robot_description
[0.852s] Invoking command in '/home/inlab22/Documents/automated_planogram_compliance/simulations/build/my_robot_description': CMAKE_PREFIX_PATH=/opt/ros/humble PS1=(.venv) \[\e]0;\u@\h: \w\a\]${debian_chroot:+($debian_chroot)}\[\033[01;32m\]\u@\h\[\033[00m\]:\[\033[01;34m\]\w\[\033[00m\]\$ VIRTUAL_ENV_PROMPT=(.venv) /usr/bin/cmake --build /home/inlab22/Documents/automated_planogram_compliance/simulations/build/my_robot_description -- -j12 -l12
[0.886s] Invoked command in '/home/inlab22/Documents/automated_planogram_compliance/simulations/build/my_robot_description' returned '0': CMAKE_PREFIX_PATH=/opt/ros/humble PS1=(.venv) \[\e]0;\u@\h: \w\a\]${debian_chroot:+($debian_chroot)}\[\033[01;32m\]\u@\h\[\033[00m\]:\[\033[01;34m\]\w\[\033[00m\]\$ VIRTUAL_ENV_PROMPT=(.venv) /usr/bin/cmake --build /home/inlab22/Documents/automated_planogram_compliance/simulations/build/my_robot_description -- -j12 -l12
[0.968s] Invoking command in '/home/inlab22/Documents/automated_planogram_compliance/simulations/build/my_robot_description': CMAKE_PREFIX_PATH=/opt/ros/humble PS1=(.venv) \[\e]0;\u@\h: \w\a\]${debian_chroot:+($debian_chroot)}\[\033[01;32m\]\u@\h\[\033[00m\]:\[\033[01;34m\]\w\[\033[00m\]\$ VIRTUAL_ENV_PROMPT=(.venv) /usr/bin/cmake --install /home/inlab22/Documents/automated_planogram_compliance/simulations/build/my_robot_description
[0.975s] -- Install configuration: ""
[0.976s] -- Installing: /home/inlab22/Documents/automated_planogram_compliance/simulations/install/my_robot_description/share/my_robot_description//urdf
[0.976s] -- Installing: /home/inlab22/Documents/automated_planogram_compliance/simulations/install/my_robot_description/share/my_robot_description//urdf/my_robot.urdf
[0.976s] -- Installing: /home/inlab22/Documents/automated_planogram_compliance/simulations/install/my_robot_description/share/my_robot_description//launch
[0.976s] -- Installing: /home/inlab22/Documents/automated_planogram_compliance/simulations/install/my_robot_description/share/my_robot_description//launch/sensor_launch.gzlaunch
[0.976s] -- Installing: /home/inlab22/Documents/automated_planogram_compliance/simulations/install/my_robot_description/share/my_robot_description//launch/display.launch.xml
[0.976s] -- Installing: /home/inlab22/Documents/automated_planogram_compliance/simulations/install/my_robot_description/share/my_robot_description//rviz
[0.976s] -- Installing: /home/inlab22/Documents/automated_planogram_compliance/simulations/install/my_robot_description/share/my_robot_description//rviz/urdf_config.rviz
[0.977s] -- Installing: /home/inlab22/Documents/automated_planogram_compliance/simulations/install/my_robot_description/share/my_robot_description//sdf
[0.977s] -- Installing: /home/inlab22/Documents/automated_planogram_compliance/simulations/install/my_robot_description/share/my_robot_description//sdf/beer.sdf
[0.977s] -- Installing: /home/inlab22/Documents/automated_planogram_compliance/simulations/install/my_robot_description/share/my_robot_description//sdf/drone.sdf
[0.977s] -- Installing: /home/inlab22/Documents/automated_planogram_compliance/simulations/install/my_robot_description/share/my_robot_description//sdf/robot_build.sdf
[0.977s] -- Installing: /home/inlab22/Documents/automated_planogram_compliance/simulations/install/my_robot_description/share/my_robot_description//sdf/world.sdf
[0.977s] -- Installing: /home/inlab22/Documents/automated_planogram_compliance/simulations/install/my_robot_description/share/ament_index/resource_index/package_run_dependencies/my_robot_description
[0.977s] -- Installing: /home/inlab22/Documents/automated_planogram_compliance/simulations/install/my_robot_description/share/ament_index/resource_index/parent_prefix_path/my_robot_description
[0.977s] -- Installing: /home/inlab22/Documents/automated_planogram_compliance/simulations/install/my_robot_description/share/my_robot_description/environment/ament_prefix_path.sh
[0.978s] -- Installing: /home/inlab22/Documents/automated_planogram_compliance/simulations/install/my_robot_description/share/my_robot_description/environment/ament_prefix_path.dsv
[0.978s] -- Installing: /home/inlab22/Documents/automated_planogram_compliance/simulations/install/my_robot_description/share/my_robot_description/environment/path.sh
[0.978s] -- Installing: /home/inlab22/Documents/automated_planogram_compliance/simulations/install/my_robot_description/share/my_robot_description/environment/path.dsv
[0.978s] -- Installing: /home/inlab22/Documents/automated_planogram_compliance/simulations/install/my_robot_description/share/my_robot_description/local_setup.bash
[0.978s] -- Installing: /home/inlab22/Documents/automated_planogram_compliance/simulations/install/my_robot_description/share/my_robot_description/local_setup.sh
[0.978s] -- Installing: /home/inlab22/Documents/automated_planogram_compliance/simulations/install/my_robot_description/share/my_robot_description/local_setup.zsh
[0.978s] -- Installing: /home/inlab22/Documents/automated_planogram_compliance/simulations/install/my_robot_description/share/my_robot_description/local_setup.dsv
[0.978s] -- Installing: /home/inlab22/Documents/automated_planogram_compliance/simulations/install/my_robot_description/share/my_robot_description/package.dsv
[0.979s] -- Installing: /home/inlab22/Documents/automated_planogram_compliance/simulations/install/my_robot_description/share/ament_index/resource_index/packages/my_robot_description
[0.979s] -- Installing: /home/inlab22/Documents/automated_planogram_compliance/simulations/install/my_robot_description/share/my_robot_description/cmake/my_robot_descriptionConfig.cmake
[0.979s] -- Installing: /home/inlab22/Documents/automated_planogram_compliance/simulations/install/my_robot_description/share/my_robot_description/cmake/my_robot_descriptionConfig-version.cmake
[0.979s] -- Installing: /home/inlab22/Documents/automated_planogram_compliance/simulations/install/my_robot_description/share/my_robot_description/package.xml
[0.981s] Invoked command in '/home/inlab22/Documents/automated_planogram_compliance/simulations/build/my_robot_description' returned '0': CMAKE_PREFIX_PATH=/opt/ros/humble PS1=(.venv) \[\e]0;\u@\h: \w\a\]${debian_chroot:+($debian_chroot)}\[\033[01;32m\]\u@\h\[\033[00m\]:\[\033[01;34m\]\w\[\033[00m\]\$ VIRTUAL_ENV_PROMPT=(.venv) /usr/bin/cmake --install /home/inlab22/Documents/automated_planogram_compliance/simulations/build/my_robot_description
