[0.835s] Invoking command in '/home/user/ros2_px4_offboard_example_ws/src/ROS2_PX4_Offboard_Example/px4_offboard': AMENT_PREFIX_PATH=/home/user/ros2_px4_offboard_example_ws/install/px4_msgs:${AMENT_PREFIX_PATH} CMAKE_PREFIX_PATH=/home/user/ros2_px4_offboard_example_ws/install/px4_msgs:${CMAKE_PREFIX_PATH} LD_LIBRARY_PATH=/home/user/ros2_px4_offboard_example_ws/install/px4_msgs/lib:${LD_LIBRARY_PATH} PYTHONPATH=/home/user/ros2_px4_offboard_example_ws/build/px4_offboard/prefix_override:/home/user/ros2_px4_offboard_example_ws/install/px4_offboard/lib/python3.10/site-packages:/home/user/ros2_px4_offboard_example_ws/install/px4_msgs/local/lib/python3.10/dist-packages:${PYTHONPATH} /usr/bin/python3 -W ignore:setup.py install is deprecated setup.py egg_info --egg-base ../../../build/px4_offboard build --build-base /home/user/ros2_px4_offboard_example_ws/build/px4_offboard/build install --record /home/user/ros2_px4_offboard_example_ws/build/px4_offboard/install.log --single-version-externally-managed install_data
[1.114s] running egg_info
[1.129s] writing ../../../build/px4_offboard/px4_offboard.egg-info/PKG-INFO
[1.130s] writing dependency_links to ../../../build/px4_offboard/px4_offboard.egg-info/dependency_links.txt
[1.130s] writing entry points to ../../../build/px4_offboard/px4_offboard.egg-info/entry_points.txt
[1.130s] writing requirements to ../../../build/px4_offboard/px4_offboard.egg-info/requires.txt
[1.130s] writing top-level names to ../../../build/px4_offboard/px4_offboard.egg-info/top_level.txt
[1.164s] reading manifest file '../../../build/px4_offboard/px4_offboard.egg-info/SOURCES.txt'
[1.164s] adding license file 'LICENSE'
[1.165s] writing manifest file '../../../build/px4_offboard/px4_offboard.egg-info/SOURCES.txt'
[1.165s] running build
[1.165s] running build_py
[1.165s] copying px4_offboard/velocity_control.py -> /home/user/ros2_px4_offboard_example_ws/build/px4_offboard/build/lib/px4_offboard
[1.165s] copying px4_offboard/control.py -> /home/user/ros2_px4_offboard_example_ws/build/px4_offboard/build/lib/px4_offboard
[1.165s] copying px4_offboard/processes.py -> /home/user/ros2_px4_offboard_example_ws/build/px4_offboard/build/lib/px4_offboard
[1.165s] copying px4_offboard/visualizer.py -> /home/user/ros2_px4_offboard_example_ws/build/px4_offboard/build/lib/px4_offboard
[1.166s] copying px4_offboard/__init__.py -> /home/user/ros2_px4_offboard_example_ws/build/px4_offboard/build/lib/px4_offboard
[1.166s] running install
[1.171s] running install_lib
[1.186s] copying /home/user/ros2_px4_offboard_example_ws/build/px4_offboard/build/lib/px4_offboard/control.py -> /home/user/ros2_px4_offboard_example_ws/install/px4_offboard/lib/python3.10/site-packages/px4_offboard
[1.187s] byte-compiling /home/user/ros2_px4_offboard_example_ws/install/px4_offboard/lib/python3.10/site-packages/px4_offboard/control.py to control.cpython-310.pyc
[1.188s] running install_data
[1.188s] copying resource/px4_offboard -> /home/user/ros2_px4_offboard_example_ws/install/px4_offboard/share/ament_index/resource_index/packages
[1.189s] copying resource/visualize.rviz -> /home/user/ros2_px4_offboard_example_ws/install/px4_offboard/share/ament_index/resource_index/packages
[1.189s] copying package.xml -> /home/user/ros2_px4_offboard_example_ws/install/px4_offboard/share/px4_offboard
[1.189s] copying launch/offboard_velocity_control.launch.py -> /home/user/ros2_px4_offboard_example_ws/install/px4_offboard/share/px4_offboard
[1.189s] copying resource/visualize.rviz -> /home/user/ros2_px4_offboard_example_ws/install/px4_offboard/share/px4_offboard
[1.190s] running install_egg_info
[1.208s] removing '/home/user/ros2_px4_offboard_example_ws/install/px4_offboard/lib/python3.10/site-packages/px4_offboard-0.0.0-py3.10.egg-info' (and everything under it)
[1.208s] Copying ../../../build/px4_offboard/px4_offboard.egg-info to /home/user/ros2_px4_offboard_example_ws/install/px4_offboard/lib/python3.10/site-packages/px4_offboard-0.0.0-py3.10.egg-info
[1.209s] running install_scripts
[1.354s] Installing control script to /home/user/ros2_px4_offboard_example_ws/install/px4_offboard/lib/px4_offboard
[1.354s] Installing offboard_control script to /home/user/ros2_px4_offboard_example_ws/install/px4_offboard/lib/px4_offboard
[1.355s] Installing processes script to /home/user/ros2_px4_offboard_example_ws/install/px4_offboard/lib/px4_offboard
[1.355s] Installing velocity_control script to /home/user/ros2_px4_offboard_example_ws/install/px4_offboard/lib/px4_offboard
[1.355s] Installing visualizer script to /home/user/ros2_px4_offboard_example_ws/install/px4_offboard/lib/px4_offboard
[1.356s] writing list of installed files to '/home/user/ros2_px4_offboard_example_ws/build/px4_offboard/install.log'
[1.389s] Invoked command in '/home/user/ros2_px4_offboard_example_ws/src/ROS2_PX4_Offboard_Example/px4_offboard' returned '0': AMENT_PREFIX_PATH=/home/user/ros2_px4_offboard_example_ws/install/px4_msgs:${AMENT_PREFIX_PATH} CMAKE_PREFIX_PATH=/home/user/ros2_px4_offboard_example_ws/install/px4_msgs:${CMAKE_PREFIX_PATH} LD_LIBRARY_PATH=/home/user/ros2_px4_offboard_example_ws/install/px4_msgs/lib:${LD_LIBRARY_PATH} PYTHONPATH=/home/user/ros2_px4_offboard_example_ws/build/px4_offboard/prefix_override:/home/user/ros2_px4_offboard_example_ws/install/px4_offboard/lib/python3.10/site-packages:/home/user/ros2_px4_offboard_example_ws/install/px4_msgs/local/lib/python3.10/dist-packages:${PYTHONPATH} /usr/bin/python3 -W ignore:setup.py install is deprecated setup.py egg_info --egg-base ../../../build/px4_offboard build --build-base /home/user/ros2_px4_offboard_example_ws/build/px4_offboard/build install --record /home/user/ros2_px4_offboard_example_ws/build/px4_offboard/install.log --single-version-externally-managed install_data
