[0.635s] Invoking command in '/home/user/ros2_px4_offboard_example_ws/src/ROS2_PX4_Offboard_Example/px4_offboard': AMENT_PREFIX_PATH=/home/user/ros2_px4_offboard_example_ws/install/px4_msgs:${AMENT_PREFIX_PATH} CMAKE_PREFIX_PATH=/home/user/ros2_px4_offboard_example_ws/install/px4_msgs:${CMAKE_PREFIX_PATH} LD_LIBRARY_PATH=/home/user/ros2_px4_offboard_example_ws/install/px4_msgs/lib:${LD_LIBRARY_PATH} PYTHONPATH=/home/user/ros2_px4_offboard_example_ws/build/px4_offboard/prefix_override:/home/user/ros2_px4_offboard_example_ws/install/px4_offboard/lib/python3.10/site-packages:/home/user/ros2_px4_offboard_example_ws/install/px4_msgs/local/lib/python3.10/dist-packages:${PYTHONPATH} /usr/bin/python3 -W ignore:setup.py install is deprecated setup.py egg_info --egg-base ../../../build/px4_offboard build --build-base /home/user/ros2_px4_offboard_example_ws/build/px4_offboard/build install --record /home/user/ros2_px4_offboard_example_ws/build/px4_offboard/install.log --single-version-externally-managed install_data
[0.835s] running egg_info
[0.848s] writing ../../../build/px4_offboard/px4_offboard.egg-info/PKG-INFO
[0.848s] writing dependency_links to ../../../build/px4_offboard/px4_offboard.egg-info/dependency_links.txt
[0.849s] writing entry points to ../../../build/px4_offboard/px4_offboard.egg-info/entry_points.txt
[0.849s] writing requirements to ../../../build/px4_offboard/px4_offboard.egg-info/requires.txt
[0.849s] writing top-level names to ../../../build/px4_offboard/px4_offboard.egg-info/top_level.txt
[0.875s] reading manifest file '../../../build/px4_offboard/px4_offboard.egg-info/SOURCES.txt'
[0.876s] adding license file 'LICENSE'
[0.876s] writing manifest file '../../../build/px4_offboard/px4_offboard.egg-info/SOURCES.txt'
[0.877s] running build
[0.877s] running build_py
[0.877s] copying px4_offboard/velocity_control.py -> /home/user/ros2_px4_offboard_example_ws/build/px4_offboard/build/lib/px4_offboard
[0.877s] copying px4_offboard/control.py -> /home/user/ros2_px4_offboard_example_ws/build/px4_offboard/build/lib/px4_offboard
[0.877s] copying px4_offboard/processes.py -> /home/user/ros2_px4_offboard_example_ws/build/px4_offboard/build/lib/px4_offboard
[0.878s] copying px4_offboard/visualizer.py -> /home/user/ros2_px4_offboard_example_ws/build/px4_offboard/build/lib/px4_offboard
[0.878s] copying px4_offboard/__init__.py -> /home/user/ros2_px4_offboard_example_ws/build/px4_offboard/build/lib/px4_offboard
[0.878s] running install
[0.882s] running install_lib
[0.896s] running install_data
[0.896s] copying resource/px4_offboard -> /home/user/ros2_px4_offboard_example_ws/install/px4_offboard/share/ament_index/resource_index/packages
[0.896s] copying resource/visualize.rviz -> /home/user/ros2_px4_offboard_example_ws/install/px4_offboard/share/ament_index/resource_index/packages
[0.896s] copying package.xml -> /home/user/ros2_px4_offboard_example_ws/install/px4_offboard/share/px4_offboard
[0.897s] copying launch/offboard_velocity_control.launch.py -> /home/user/ros2_px4_offboard_example_ws/install/px4_offboard/share/px4_offboard
[0.897s] copying resource/visualize.rviz -> /home/user/ros2_px4_offboard_example_ws/install/px4_offboard/share/px4_offboard
[0.897s] running install_egg_info
[0.911s] removing '/home/user/ros2_px4_offboard_example_ws/install/px4_offboard/lib/python3.10/site-packages/px4_offboard-0.0.0-py3.10.egg-info' (and everything under it)
[0.911s] Copying ../../../build/px4_offboard/px4_offboard.egg-info to /home/user/ros2_px4_offboard_example_ws/install/px4_offboard/lib/python3.10/site-packages/px4_offboard-0.0.0-py3.10.egg-info
[0.911s] running install_scripts
[1.028s] Installing control script to /home/user/ros2_px4_offboard_example_ws/install/px4_offboard/lib/px4_offboard
[1.028s] Installing offboard_control script to /home/user/ros2_px4_offboard_example_ws/install/px4_offboard/lib/px4_offboard
[1.028s] Installing processes script to /home/user/ros2_px4_offboard_example_ws/install/px4_offboard/lib/px4_offboard
[1.029s] Installing velocity_control script to /home/user/ros2_px4_offboard_example_ws/install/px4_offboard/lib/px4_offboard
[1.029s] Installing visualizer script to /home/user/ros2_px4_offboard_example_ws/install/px4_offboard/lib/px4_offboard
[1.029s] writing list of installed files to '/home/user/ros2_px4_offboard_example_ws/build/px4_offboard/install.log'
[1.048s] Invoked command in '/home/user/ros2_px4_offboard_example_ws/src/ROS2_PX4_Offboard_Example/px4_offboard' returned '0': AMENT_PREFIX_PATH=/home/user/ros2_px4_offboard_example_ws/install/px4_msgs:${AMENT_PREFIX_PATH} CMAKE_PREFIX_PATH=/home/user/ros2_px4_offboard_example_ws/install/px4_msgs:${CMAKE_PREFIX_PATH} LD_LIBRARY_PATH=/home/user/ros2_px4_offboard_example_ws/install/px4_msgs/lib:${LD_LIBRARY_PATH} PYTHONPATH=/home/user/ros2_px4_offboard_example_ws/build/px4_offboard/prefix_override:/home/user/ros2_px4_offboard_example_ws/install/px4_offboard/lib/python3.10/site-packages:/home/user/ros2_px4_offboard_example_ws/install/px4_msgs/local/lib/python3.10/dist-packages:${PYTHONPATH} /usr/bin/python3 -W ignore:setup.py install is deprecated setup.py egg_info --egg-base ../../../build/px4_offboard build --build-base /home/user/ros2_px4_offboard_example_ws/build/px4_offboard/build install --record /home/user/ros2_px4_offboard_example_ws/build/px4_offboard/install.log --single-version-externally-managed install_data
